-- The C compiler identification is GNU 13.3.0
-- The CXX compiler identification is GNU 13.3.0
-- Detecting C compiler ABI info
-- Detecting C compiler ABI info - done
-- Check for working C compiler: /usr/bin/cc - skipped
-- Detecting C compile features
-- Detecting C compile features - done
-- Detecting CXX compiler ABI info
-- Detecting CXX compiler ABI info - done
-- Check for working CXX compiler: /usr/bin/c++ - skipped
-- Detecting CXX compile features
-- Detecting CXX compile features - done
-- Found ament_cmake: 2.5.5 (/opt/ros/jazzy/share/ament_cmake/cmake)
-- Found Python3: /usr/bin/python3 (found version "3.12.3") found components: Interpreter 
-- Override CMake install command with custom implementation using symlinks instead of copying resources
-- Found rosidl_default_generators: 1.6.0 (/opt/ros/jazzy/share/rosidl_default_generators/cmake)
-- Using all available rosidl_typesupport_c: rosidl_typesupport_fastrtps_c;rosidl_typesupport_introspection_c
-- Using all available rosidl_typesupport_cpp: rosidl_typesupport_fastrtps_cpp;rosidl_typesupport_introspection_cpp
-- Found rosidl_adapter: 4.6.7 (/opt/ros/jazzy/share/rosidl_adapter/cmake)
-- Found ament_cmake_ros: 0.12.0 (/opt/ros/jazzy/share/ament_cmake_ros/cmake)
-- Using all available rosidl_typesupport_c: rosidl_typesupport_fastrtps_c;rosidl_typesupport_introspection_c
-- Using all available rosidl_typesupport_cpp: rosidl_typesupport_fastrtps_cpp;rosidl_typesupport_introspection_cpp
-- Found python_cmake_module: 0.11.1 (/opt/ros/jazzy/share/python_cmake_module/cmake)
-- Found PythonExtra: /usr/bin/python3  
-- Found Python3: /usr/bin/python3 (found version "3.12.3") found components: Interpreter Development NumPy Development.Module Development.Embed 
-- Configuring done (7.1s)
-- Generating done (0.0s)
-- Build files have been written to: /home/tdp378/DingoQuadruped/build/dingo_peripheral_msgs
[  2%] [34m[1mGenerating type hashes for ROS interfaces[0m
[  2%] Built target ament_cmake_python_symlink_dingo_peripheral_msgs
running egg_info
creating dingo_peripheral_msgs.egg-info
writing dingo_peripheral_msgs.egg-info/PKG-INFO
writing dependency_links to dingo_peripheral_msgs.egg-info/dependency_links.txt
writing top-level names to dingo_peripheral_msgs.egg-info/top_level.txt
writing manifest file 'dingo_peripheral_msgs.egg-info/SOURCES.txt'
[  2%] Built target dingo_peripheral_msgs__rosidl_generator_type_description
[  5%] [34m[1mGenerating C code for ROS interfaces[0m
[  8%] [34m[1mGenerating C++ code for ROS interfaces[0m
reading manifest file 'dingo_peripheral_msgs.egg-info/SOURCES.txt'
writing manifest file 'dingo_peripheral_msgs.egg-info/SOURCES.txt'
[  8%] Built target ament_cmake_python_build_dingo_peripheral_msgs_egg
[  8%] Built target dingo_peripheral_msgs__cpp
[ 14%] [32mBuilding C object CMakeFiles/dingo_peripheral_msgs__rosidl_generator_c.dir/rosidl_generator_c/dingo_peripheral_msgs/msg/detail/electrical_measurements__type_support.c.o[0m
[ 14%] [32mBuilding C object CMakeFiles/dingo_peripheral_msgs__rosidl_generator_c.dir/rosidl_generator_c/dingo_peripheral_msgs/msg/detail/electrical_measurements__functions.c.o[0m
[ 17%] [32mBuilding C object CMakeFiles/dingo_peripheral_msgs__rosidl_generator_c.dir/rosidl_generator_c/dingo_peripheral_msgs/msg/detail/electrical_measurements__description.c.o[0m
[ 20%] [32m[1mLinking C shared library libdingo_peripheral_msgs__rosidl_generator_c.so[0m
[ 20%] Built target dingo_peripheral_msgs__rosidl_generator_c
[ 35%] [34m[1mGenerating C type support for eProsima Fast-RTPS[0m
[ 35%] [34m[1mGenerating C++ introspection for ROS interfaces[0m
[ 35%] [34m[1mGenerating C++ type support for eProsima Fast-RTPS[0m
[ 35%] [34m[1mGenerating C++ type support dispatch for ROS interfaces[0m
[ 35%] [34m[1mGenerating C introspection for ROS interfaces[0m
[ 38%] [34m[1mGenerating C type support dispatch for ROS interfaces[0m
[ 41%] [32mBuilding C object CMakeFiles/dingo_peripheral_msgs__rosidl_typesupport_introspection_c.dir/rosidl_typesupport_introspection_c/dingo_peripheral_msgs/msg/detail/electrical_measurements__type_support.c.o[0m
[ 44%] [32mBuilding CXX object CMakeFiles/dingo_peripheral_msgs__rosidl_typesupport_c.dir/rosidl_typesupport_c/dingo_peripheral_msgs/msg/electrical_measurements__type_support.cpp.o[0m
[ 47%] [32mBuilding CXX object CMakeFiles/dingo_peripheral_msgs__rosidl_typesupport_introspection_cpp.dir/rosidl_typesupport_introspection_cpp/dingo_peripheral_msgs/msg/detail/electrical_measurements__type_support.cpp.o[0m
[ 50%] [32mBuilding CXX object CMakeFiles/dingo_peripheral_msgs__rosidl_typesupport_fastrtps_cpp.dir/rosidl_typesupport_fastrtps_cpp/dingo_peripheral_msgs/msg/detail/dds_fastrtps/electrical_measurements__type_support.cpp.o[0m
[ 52%] [32mBuilding CXX object CMakeFiles/dingo_peripheral_msgs__rosidl_typesupport_cpp.dir/rosidl_typesupport_cpp/dingo_peripheral_msgs/msg/electrical_measurements__type_support.cpp.o[0m
[ 55%] [32m[1mLinking C shared library libdingo_peripheral_msgs__rosidl_typesupport_introspection_c.so[0m
[ 55%] Built target dingo_peripheral_msgs__rosidl_typesupport_introspection_c
[ 58%] [32mBuilding CXX object CMakeFiles/dingo_peripheral_msgs__rosidl_typesupport_fastrtps_c.dir/rosidl_typesupport_fastrtps_c/dingo_peripheral_msgs/msg/detail/electrical_measurements__type_support_c.cpp.o[0m
[ 61%] [32m[1mLinking CXX shared library libdingo_peripheral_msgs__rosidl_typesupport_c.so[0m
[ 61%] Built target dingo_peripheral_msgs__rosidl_typesupport_c
[ 64%] [32m[1mLinking CXX shared library libdingo_peripheral_msgs__rosidl_typesupport_cpp.so[0m
[ 67%] [32m[1mLinking CXX shared library libdingo_peripheral_msgs__rosidl_typesupport_introspection_cpp.so[0m
[ 67%] Built target dingo_peripheral_msgs__rosidl_typesupport_cpp
[ 67%] Built target dingo_peripheral_msgs__rosidl_typesupport_introspection_cpp
[ 73%] [32m[1mLinking CXX shared library libdingo_peripheral_msgs__rosidl_typesupport_fastrtps_c.so[0m
[ 73%] [32m[1mLinking CXX shared library libdingo_peripheral_msgs__rosidl_typesupport_fastrtps_cpp.so[0m
[ 73%] Built target dingo_peripheral_msgs__rosidl_typesupport_fastrtps_cpp
[ 73%] Built target dingo_peripheral_msgs__rosidl_typesupport_fastrtps_c
[ 73%] Built target dingo_peripheral_msgs
[ 76%] [34m[1mGenerating Python code for ROS interfaces[0m
[ 76%] Built target dingo_peripheral_msgs__py
[ 79%] [32mBuilding C object CMakeFiles/dingo_peripheral_msgs__rosidl_generator_py.dir/rosidl_generator_py/dingo_peripheral_msgs/msg/_electrical_measurements_s.c.o[0m
[ 82%] [32m[1mLinking C shared library libdingo_peripheral_msgs__rosidl_generator_py.so[0m
[ 82%] Built target dingo_peripheral_msgs__rosidl_generator_py
[ 91%] [32mBuilding C object CMakeFiles/dingo_peripheral_msgs_s__rosidl_typesupport_fastrtps_c.dir/rosidl_generator_py/dingo_peripheral_msgs/_dingo_peripheral_msgs_s.ep.rosidl_typesupport_fastrtps_c.c.o[0m
[ 91%] [32mBuilding C object CMakeFiles/dingo_peripheral_msgs_s__rosidl_typesupport_introspection_c.dir/rosidl_generator_py/dingo_peripheral_msgs/_dingo_peripheral_msgs_s.ep.rosidl_typesupport_introspection_c.c.o[0m
[ 91%] [32mBuilding C object CMakeFiles/dingo_peripheral_msgs_s__rosidl_typesupport_c.dir/rosidl_generator_py/dingo_peripheral_msgs/_dingo_peripheral_msgs_s.ep.rosidl_typesupport_c.c.o[0m
[ 94%] [32m[1mLinking C shared module rosidl_generator_py/dingo_peripheral_msgs/dingo_peripheral_msgs_s__rosidl_typesupport_c.so[0m
[ 97%] [32m[1mLinking C shared module rosidl_generator_py/dingo_peripheral_msgs/dingo_peripheral_msgs_s__rosidl_typesupport_introspection_c.so[0m
[100%] [32m[1mLinking C shared module rosidl_generator_py/dingo_peripheral_msgs/dingo_peripheral_msgs_s__rosidl_typesupport_fastrtps_c.so[0m
[100%] Built target dingo_peripheral_msgs_s__rosidl_typesupport_introspection_c
[100%] Built target dingo_peripheral_msgs_s__rosidl_typesupport_c
[100%] Built target dingo_peripheral_msgs_s__rosidl_typesupport_fastrtps_c
-- Install configuration: ""
-- Execute custom install script
-- Symlinking: /home/tdp378/DingoQuadruped/install/dingo_peripheral_msgs/share/ament_index/resource_index/rosidl_interfaces/dingo_peripheral_msgs
-- Symlinking: /home/tdp378/DingoQuadruped/install/dingo_peripheral_msgs/share/dingo_peripheral_msgs/msg/ElectricalMeasurements.json
-- Symlinking: /home/tdp378/DingoQuadruped/install/dingo_peripheral_msgs/include/dingo_peripheral_msgs/dingo_peripheral_msgs/msg/detail/electrical_measurements__functions.h
-- Symlinking: /home/tdp378/DingoQuadruped/install/dingo_peripheral_msgs/include/dingo_peripheral_msgs/dingo_peripheral_msgs/msg/detail/electrical_measurements__struct.h
-- Symlinking: /home/tdp378/DingoQuadruped/install/dingo_peripheral_msgs/include/dingo_peripheral_msgs/dingo_peripheral_msgs/msg/detail/electrical_measurements__type_support.h
-- Symlinking: /home/tdp378/DingoQuadruped/install/dingo_peripheral_msgs/include/dingo_peripheral_msgs/dingo_peripheral_msgs/msg/electrical_measurements.h
-- Symlinking: /home/tdp378/DingoQuadruped/install/dingo_peripheral_msgs/include/dingo_peripheral_msgs/dingo_peripheral_msgs/msg/rosidl_generator_c__visibility_control.h
-- Symlinking: /home/tdp378/DingoQuadruped/install/dingo_peripheral_msgs/share/dingo_peripheral_msgs/environment/library_path.sh
-- Symlinking: /home/tdp378/DingoQuadruped/install/dingo_peripheral_msgs/share/dingo_peripheral_msgs/environment/library_path.dsv
-- Symlinking: /home/tdp378/DingoQuadruped/install/dingo_peripheral_msgs/include/dingo_peripheral_msgs/dingo_peripheral_msgs/msg/detail/electrical_measurements__rosidl_typesupport_fastrtps_c.h
-- Symlinking: /home/tdp378/DingoQuadruped/install/dingo_peripheral_msgs/include/dingo_peripheral_msgs/dingo_peripheral_msgs/msg/rosidl_typesupport_fastrtps_c__visibility_control.h
-- Symlinking: /home/tdp378/DingoQuadruped/install/dingo_peripheral_msgs/include/dingo_peripheral_msgs/dingo_peripheral_msgs/msg/detail/electrical_measurements__rosidl_typesupport_introspection_c.h
-- Symlinking: /home/tdp378/DingoQuadruped/install/dingo_peripheral_msgs/include/dingo_peripheral_msgs/dingo_peripheral_msgs/msg/rosidl_typesupport_introspection_c__visibility_control.h
-- Symlinking: /home/tdp378/DingoQuadruped/install/dingo_peripheral_msgs/include/dingo_peripheral_msgs/dingo_peripheral_msgs/msg/detail/electrical_measurements__builder.hpp
-- Symlinking: /home/tdp378/DingoQuadruped/install/dingo_peripheral_msgs/include/dingo_peripheral_msgs/dingo_peripheral_msgs/msg/detail/electrical_measurements__struct.hpp
-- Symlinking: /home/tdp378/DingoQuadruped/install/dingo_peripheral_msgs/include/dingo_peripheral_msgs/dingo_peripheral_msgs/msg/detail/electrical_measurements__traits.hpp
-- Symlinking: /home/tdp378/DingoQuadruped/install/dingo_peripheral_msgs/include/dingo_peripheral_msgs/dingo_peripheral_msgs/msg/detail/electrical_measurements__type_support.hpp
-- Symlinking: /home/tdp378/DingoQuadruped/install/dingo_peripheral_msgs/include/dingo_peripheral_msgs/dingo_peripheral_msgs/msg/electrical_measurements.hpp
-- Symlinking: /home/tdp378/DingoQuadruped/install/dingo_peripheral_msgs/include/dingo_peripheral_msgs/dingo_peripheral_msgs/msg/rosidl_generator_cpp__visibility_control.hpp
-- Symlinking: /home/tdp378/DingoQuadruped/install/dingo_peripheral_msgs/include/dingo_peripheral_msgs/dingo_peripheral_msgs/msg/detail/electrical_measurements__rosidl_typesupport_fastrtps_cpp.hpp
-- Symlinking: /home/tdp378/DingoQuadruped/install/dingo_peripheral_msgs/include/dingo_peripheral_msgs/dingo_peripheral_msgs/msg/rosidl_typesupport_fastrtps_cpp__visibility_control.h
-- Symlinking: /home/tdp378/DingoQuadruped/install/dingo_peripheral_msgs/include/dingo_peripheral_msgs/dingo_peripheral_msgs/msg/detail/electrical_measurements__rosidl_typesupport_introspection_cpp.hpp
-- Symlinking: /home/tdp378/DingoQuadruped/install/dingo_peripheral_msgs/share/dingo_peripheral_msgs/environment/pythonpath.sh
-- Symlinking: /home/tdp378/DingoQuadruped/install/dingo_peripheral_msgs/share/dingo_peripheral_msgs/environment/pythonpath.dsv
-- Symlinking: /home/tdp378/DingoQuadruped/install/dingo_peripheral_msgs/lib/python3.12/site-packages/dingo_peripheral_msgs-0.0.0-py3.12.egg-info/PKG-INFO
-- Symlinking: /home/tdp378/DingoQuadruped/install/dingo_peripheral_msgs/lib/python3.12/site-packages/dingo_peripheral_msgs-0.0.0-py3.12.egg-info/SOURCES.txt
-- Symlinking: /home/tdp378/DingoQuadruped/install/dingo_peripheral_msgs/lib/python3.12/site-packages/dingo_peripheral_msgs-0.0.0-py3.12.egg-info/dependency_links.txt
-- Symlinking: /home/tdp378/DingoQuadruped/install/dingo_peripheral_msgs/lib/python3.12/site-packages/dingo_peripheral_msgs-0.0.0-py3.12.egg-info/top_level.txt
-- Symlinking: /home/tdp378/DingoQuadruped/install/dingo_peripheral_msgs/lib/python3.12/site-packages/dingo_peripheral_msgs/__init__.py
-- Symlinking: /home/tdp378/DingoQuadruped/install/dingo_peripheral_msgs/lib/python3.12/site-packages/dingo_peripheral_msgs/_dingo_peripheral_msgs_s.ep.rosidl_typesupport_c.c
-- Symlinking: /home/tdp378/DingoQuadruped/install/dingo_peripheral_msgs/lib/python3.12/site-packages/dingo_peripheral_msgs/_dingo_peripheral_msgs_s.ep.rosidl_typesupport_fastrtps_c.c
-- Symlinking: /home/tdp378/DingoQuadruped/install/dingo_peripheral_msgs/lib/python3.12/site-packages/dingo_peripheral_msgs/_dingo_peripheral_msgs_s.ep.rosidl_typesupport_introspection_c.c
-- Symlinking: /home/tdp378/DingoQuadruped/install/dingo_peripheral_msgs/lib/python3.12/site-packages/dingo_peripheral_msgs/dingo_peripheral_msgs_s__rosidl_typesupport_c.so
-- Symlinking: /home/tdp378/DingoQuadruped/install/dingo_peripheral_msgs/lib/python3.12/site-packages/dingo_peripheral_msgs/dingo_peripheral_msgs_s__rosidl_typesupport_fastrtps_c.so
-- Symlinking: /home/tdp378/DingoQuadruped/install/dingo_peripheral_msgs/lib/python3.12/site-packages/dingo_peripheral_msgs/dingo_peripheral_msgs_s__rosidl_typesupport_introspection_c.so
-- Symlinking: /home/tdp378/DingoQuadruped/install/dingo_peripheral_msgs/lib/python3.12/site-packages/dingo_peripheral_msgs/msg/__init__.py
-- Symlinking: /home/tdp378/DingoQuadruped/install/dingo_peripheral_msgs/lib/python3.12/site-packages/dingo_peripheral_msgs/msg/_electrical_measurements.py
-- Symlinking: /home/tdp378/DingoQuadruped/install/dingo_peripheral_msgs/lib/python3.12/site-packages/dingo_peripheral_msgs/msg/_electrical_measurements_s.c
-- Up-to-date symlink: /home/tdp378/DingoQuadruped/install/dingo_peripheral_msgs/lib/python3.12/site-packages/dingo_peripheral_msgs/dingo_peripheral_msgs_s__rosidl_typesupport_fastrtps_c.so
-- Up-to-date symlink: /home/tdp378/DingoQuadruped/install/dingo_peripheral_msgs/lib/python3.12/site-packages/dingo_peripheral_msgs/dingo_peripheral_msgs_s__rosidl_typesupport_introspection_c.so
-- Up-to-date symlink: /home/tdp378/DingoQuadruped/install/dingo_peripheral_msgs/lib/python3.12/site-packages/dingo_peripheral_msgs/dingo_peripheral_msgs_s__rosidl_typesupport_c.so
-- Symlinking: /home/tdp378/DingoQuadruped/install/dingo_peripheral_msgs/share/dingo_peripheral_msgs/msg/ElectricalMeasurements.idl
-- Symlinking: /home/tdp378/DingoQuadruped/install/dingo_peripheral_msgs/share/dingo_peripheral_msgs/msg/ElectricalMeasurements.msg
-- Symlinking: /home/tdp378/DingoQuadruped/install/dingo_peripheral_msgs/share/ament_index/resource_index/package_run_dependencies/dingo_peripheral_msgs
-- Symlinking: /home/tdp378/DingoQuadruped/install/dingo_peripheral_msgs/share/ament_index/resource_index/parent_prefix_path/dingo_peripheral_msgs
-- Symlinking: /home/tdp378/DingoQuadruped/install/dingo_peripheral_msgs/share/dingo_peripheral_msgs/environment/ament_prefix_path.sh
-- Symlinking: /home/tdp378/DingoQuadruped/install/dingo_peripheral_msgs/share/dingo_peripheral_msgs/environment/ament_prefix_path.dsv
-- Symlinking: /home/tdp378/DingoQuadruped/install/dingo_peripheral_msgs/share/dingo_peripheral_msgs/environment/path.sh
-- Symlinking: /home/tdp378/DingoQuadruped/install/dingo_peripheral_msgs/share/dingo_peripheral_msgs/environment/path.dsv
-- Symlinking: /home/tdp378/DingoQuadruped/install/dingo_peripheral_msgs/share/dingo_peripheral_msgs/local_setup.bash
-- Symlinking: /home/tdp378/DingoQuadruped/install/dingo_peripheral_msgs/share/dingo_peripheral_msgs/local_setup.sh
-- Symlinking: /home/tdp378/DingoQuadruped/install/dingo_peripheral_msgs/share/dingo_peripheral_msgs/local_setup.zsh
-- Symlinking: /home/tdp378/DingoQuadruped/install/dingo_peripheral_msgs/share/dingo_peripheral_msgs/local_setup.dsv
-- Symlinking: /home/tdp378/DingoQuadruped/install/dingo_peripheral_msgs/share/dingo_peripheral_msgs/package.dsv
-- Symlinking: /home/tdp378/DingoQuadruped/install/dingo_peripheral_msgs/share/ament_index/resource_index/packages/dingo_peripheral_msgs
-- Symlinking: /home/tdp378/DingoQuadruped/install/dingo_peripheral_msgs/share/dingo_peripheral_msgs/cmake/rosidl_cmake-extras.cmake
-- Symlinking: /home/tdp378/DingoQuadruped/install/dingo_peripheral_msgs/share/dingo_peripheral_msgs/cmake/ament_cmake_export_include_directories-extras.cmake
-- Symlinking: /home/tdp378/DingoQuadruped/install/dingo_peripheral_msgs/share/dingo_peripheral_msgs/cmake/ament_cmake_export_libraries-extras.cmake
-- Symlinking: /home/tdp378/DingoQuadruped/install/dingo_peripheral_msgs/share/dingo_peripheral_msgs/cmake/ament_cmake_export_targets-extras.cmake
-- Symlinking: /home/tdp378/DingoQuadruped/install/dingo_peripheral_msgs/share/dingo_peripheral_msgs/cmake/rosidl_cmake_export_typesupport_targets-extras.cmake
-- Symlinking: /home/tdp378/DingoQuadruped/install/dingo_peripheral_msgs/share/dingo_peripheral_msgs/cmake/ament_cmake_export_dependencies-extras.cmake
-- Symlinking: /home/tdp378/DingoQuadruped/install/dingo_peripheral_msgs/share/dingo_peripheral_msgs/cmake/rosidl_cmake_export_typesupport_libraries-extras.cmake
-- Symlinking: /home/tdp378/DingoQuadruped/install/dingo_peripheral_msgs/share/dingo_peripheral_msgs/cmake/dingo_peripheral_msgsConfig.cmake
-- Symlinking: /home/tdp378/DingoQuadruped/install/dingo_peripheral_msgs/share/dingo_peripheral_msgs/cmake/dingo_peripheral_msgsConfig-version.cmake
-- Symlinking: /home/tdp378/DingoQuadruped/install/dingo_peripheral_msgs/share/dingo_peripheral_msgs/package.xml
-- Installing: /home/tdp378/DingoQuadruped/install/dingo_peripheral_msgs/lib/libdingo_peripheral_msgs__rosidl_generator_c.so
-- Set non-toolchain portion of runtime path of "/home/tdp378/DingoQuadruped/install/dingo_peripheral_msgs/lib/libdingo_peripheral_msgs__rosidl_generator_c.so" to ""
-- Installing: /home/tdp378/DingoQuadruped/install/dingo_peripheral_msgs/lib/libdingo_peripheral_msgs__rosidl_typesupport_fastrtps_c.so
-- Set non-toolchain portion of runtime path of "/home/tdp378/DingoQuadruped/install/dingo_peripheral_msgs/lib/libdingo_peripheral_msgs__rosidl_typesupport_fastrtps_c.so" to ""
-- Installing: /home/tdp378/DingoQuadruped/install/dingo_peripheral_msgs/lib/libdingo_peripheral_msgs__rosidl_typesupport_introspection_c.so
-- Set non-toolchain portion of runtime path of "/home/tdp378/DingoQuadruped/install/dingo_peripheral_msgs/lib/libdingo_peripheral_msgs__rosidl_typesupport_introspection_c.so" to ""
-- Installing: /home/tdp378/DingoQuadruped/install/dingo_peripheral_msgs/lib/libdingo_peripheral_msgs__rosidl_typesupport_c.so
-- Set non-toolchain portion of runtime path of "/home/tdp378/DingoQuadruped/install/dingo_peripheral_msgs/lib/libdingo_peripheral_msgs__rosidl_typesupport_c.so" to ""
-- Installing: /home/tdp378/DingoQuadruped/install/dingo_peripheral_msgs/lib/libdingo_peripheral_msgs__rosidl_typesupport_fastrtps_cpp.so
-- Set non-toolchain portion of runtime path of "/home/tdp378/DingoQuadruped/install/dingo_peripheral_msgs/lib/libdingo_peripheral_msgs__rosidl_typesupport_fastrtps_cpp.so" to ""
-- Installing: /home/tdp378/DingoQuadruped/install/dingo_peripheral_msgs/lib/libdingo_peripheral_msgs__rosidl_typesupport_introspection_cpp.so
-- Set non-toolchain portion of runtime path of "/home/tdp378/DingoQuadruped/install/dingo_peripheral_msgs/lib/libdingo_peripheral_msgs__rosidl_typesupport_introspection_cpp.so" to ""
-- Installing: /home/tdp378/DingoQuadruped/install/dingo_peripheral_msgs/lib/libdingo_peripheral_msgs__rosidl_typesupport_cpp.so
-- Set non-toolchain portion of runtime path of "/home/tdp378/DingoQuadruped/install/dingo_peripheral_msgs/lib/libdingo_peripheral_msgs__rosidl_typesupport_cpp.so" to ""
Listing '/home/tdp378/DingoQuadruped/install/dingo_peripheral_msgs/lib/python3.12/site-packages/dingo_peripheral_msgs'...
Compiling '/home/tdp378/DingoQuadruped/install/dingo_peripheral_msgs/lib/python3.12/site-packages/dingo_peripheral_msgs/__init__.py'...
Listing '/home/tdp378/DingoQuadruped/install/dingo_peripheral_msgs/lib/python3.12/site-packages/dingo_peripheral_msgs/msg'...
Compiling '/home/tdp378/DingoQuadruped/install/dingo_peripheral_msgs/lib/python3.12/site-packages/dingo_peripheral_msgs/msg/__init__.py'...
Compiling '/home/tdp378/DingoQuadruped/install/dingo_peripheral_msgs/lib/python3.12/site-packages/dingo_peripheral_msgs/msg/_electrical_measurements.py'...
-- Installing: /home/tdp378/DingoQuadruped/install/dingo_peripheral_msgs/lib/libdingo_peripheral_msgs__rosidl_generator_py.so
-- Set non-toolchain portion of runtime path of "/home/tdp378/DingoQuadruped/install/dingo_peripheral_msgs/lib/libdingo_peripheral_msgs__rosidl_generator_py.so" to ""
-- Installing: /home/tdp378/DingoQuadruped/install/dingo_peripheral_msgs/share/dingo_peripheral_msgs/cmake/export_dingo_peripheral_msgs__rosidl_generator_cExport.cmake
-- Installing: /home/tdp378/DingoQuadruped/install/dingo_peripheral_msgs/share/dingo_peripheral_msgs/cmake/export_dingo_peripheral_msgs__rosidl_generator_cExport-noconfig.cmake
-- Installing: /home/tdp378/DingoQuadruped/install/dingo_peripheral_msgs/share/dingo_peripheral_msgs/cmake/export_dingo_peripheral_msgs__rosidl_typesupport_fastrtps_cExport.cmake
-- Installing: /home/tdp378/DingoQuadruped/install/dingo_peripheral_msgs/share/dingo_peripheral_msgs/cmake/export_dingo_peripheral_msgs__rosidl_typesupport_fastrtps_cExport-noconfig.cmake
-- Installing: /home/tdp378/DingoQuadruped/install/dingo_peripheral_msgs/share/dingo_peripheral_msgs/cmake/dingo_peripheral_msgs__rosidl_typesupport_introspection_cExport.cmake
-- Installing: /home/tdp378/DingoQuadruped/install/dingo_peripheral_msgs/share/dingo_peripheral_msgs/cmake/dingo_peripheral_msgs__rosidl_typesupport_introspection_cExport-noconfig.cmake
-- Installing: /home/tdp378/DingoQuadruped/install/dingo_peripheral_msgs/share/dingo_peripheral_msgs/cmake/dingo_peripheral_msgs__rosidl_typesupport_cExport.cmake
-- Installing: /home/tdp378/DingoQuadruped/install/dingo_peripheral_msgs/share/dingo_peripheral_msgs/cmake/dingo_peripheral_msgs__rosidl_typesupport_cExport-noconfig.cmake
-- Installing: /home/tdp378/DingoQuadruped/install/dingo_peripheral_msgs/share/dingo_peripheral_msgs/cmake/export_dingo_peripheral_msgs__rosidl_generator_cppExport.cmake
-- Installing: /home/tdp378/DingoQuadruped/install/dingo_peripheral_msgs/share/dingo_peripheral_msgs/cmake/export_dingo_peripheral_msgs__rosidl_typesupport_fastrtps_cppExport.cmake
-- Installing: /home/tdp378/DingoQuadruped/install/dingo_peripheral_msgs/share/dingo_peripheral_msgs/cmake/export_dingo_peripheral_msgs__rosidl_typesupport_fastrtps_cppExport-noconfig.cmake
-- Installing: /home/tdp378/DingoQuadruped/install/dingo_peripheral_msgs/share/dingo_peripheral_msgs/cmake/dingo_peripheral_msgs__rosidl_typesupport_introspection_cppExport.cmake
-- Installing: /home/tdp378/DingoQuadruped/install/dingo_peripheral_msgs/share/dingo_peripheral_msgs/cmake/dingo_peripheral_msgs__rosidl_typesupport_introspection_cppExport-noconfig.cmake
-- Installing: /home/tdp378/DingoQuadruped/install/dingo_peripheral_msgs/share/dingo_peripheral_msgs/cmake/dingo_peripheral_msgs__rosidl_typesupport_cppExport.cmake
-- Installing: /home/tdp378/DingoQuadruped/install/dingo_peripheral_msgs/share/dingo_peripheral_msgs/cmake/dingo_peripheral_msgs__rosidl_typesupport_cppExport-noconfig.cmake
-- Installing: /home/tdp378/DingoQuadruped/install/dingo_peripheral_msgs/share/dingo_peripheral_msgs/cmake/export_dingo_peripheral_msgs__rosidl_generator_pyExport.cmake
-- Installing: /home/tdp378/DingoQuadruped/install/dingo_peripheral_msgs/share/dingo_peripheral_msgs/cmake/export_dingo_peripheral_msgs__rosidl_generator_pyExport-noconfig.cmake
