[0.253s] Invoking command in '/home/tdp378/DingoQuadruped/build/dingo_peripheral_msgs': CMAKE_PREFIX_PATH=${CMAKE_PREFIX_PATH}:/opt/ros/jazzy DEBUGINFOD_URLS=https://debuginfod.ubuntu.com /usr/bin/cmake /home/tdp378/DingoQuadruped/dingo_ws/src/dingo_peripheral_msgs -DAMENT_CMAKE_SYMLINK_INSTALL=1 -DCMAKE_INSTALL_PREFIX=/home/tdp378/DingoQuadruped/install/dingo_peripheral_msgs
[1.358s] -- The C compiler identification is GNU 13.3.0
[2.004s] -- The CXX compiler identification is GNU 13.3.0
[2.198s] -- Detecting C compiler ABI info
[2.623s] -- Detecting C compiler ABI info - done
[2.630s] -- Check for working C compiler: /usr/bin/cc - skipped
[2.640s] -- Detecting C compile features
[2.640s] -- Detecting C compile features - done
[2.685s] -- Detecting CXX compiler ABI info
[3.094s] -- Detecting CXX compiler ABI info - done
[3.100s] -- Check for working CXX compiler: /usr/bin/c++ - skipped
[3.100s] -- Detecting CXX compile features
[3.101s] -- Detecting CXX compile features - done
[3.551s] -- Found ament_cmake: 2.5.5 (/opt/ros/jazzy/share/ament_cmake/cmake)
[3.956s] -- Found Python3: /usr/bin/python3 (found version "3.12.3") found components: Interpreter 
[4.110s] -- Override CMake install command with custom implementation using symlinks instead of copying resources
[4.712s] -- Found rosidl_default_generators: 1.6.0 (/opt/ros/jazzy/share/rosidl_default_generators/cmake)
[4.761s] -- Using all available rosidl_typesupport_c: rosidl_typesupport_fastrtps_c;rosidl_typesupport_introspection_c
[5.182s] -- Using all available rosidl_typesupport_cpp: rosidl_typesupport_fastrtps_cpp;rosidl_typesupport_introspection_cpp
[5.557s] -- Found rosidl_adapter: 4.6.7 (/opt/ros/jazzy/share/rosidl_adapter/cmake)
[6.050s] -- Found ament_cmake_ros: 0.12.0 (/opt/ros/jazzy/share/ament_cmake_ros/cmake)
[6.500s] -- Using all available rosidl_typesupport_c: rosidl_typesupport_fastrtps_c;rosidl_typesupport_introspection_c
[6.877s] -- Using all available rosidl_typesupport_cpp: rosidl_typesupport_fastrtps_cpp;rosidl_typesupport_introspection_cpp
[6.889s] -- Found python_cmake_module: 0.11.1 (/opt/ros/jazzy/share/python_cmake_module/cmake)
[6.978s] -- Found PythonExtra: /usr/bin/python3  
[7.352s] -- Found Python3: /usr/bin/python3 (found version "3.12.3") found components: Interpreter Development NumPy Development.Module Development.Embed 
[7.395s] -- Configuring done (7.1s)
[7.429s] -- Generating done (0.0s)
[7.435s] -- Build files have been written to: /home/tdp378/DingoQuadruped/build/dingo_peripheral_msgs
[7.440s] Invoked command in '/home/tdp378/DingoQuadruped/build/dingo_peripheral_msgs' returned '0': CMAKE_PREFIX_PATH=${CMAKE_PREFIX_PATH}:/opt/ros/jazzy DEBUGINFOD_URLS=https://debuginfod.ubuntu.com /usr/bin/cmake /home/tdp378/DingoQuadruped/dingo_ws/src/dingo_peripheral_msgs -DAMENT_CMAKE_SYMLINK_INSTALL=1 -DCMAKE_INSTALL_PREFIX=/home/tdp378/DingoQuadruped/install/dingo_peripheral_msgs
[7.440s] Invoking command in '/home/tdp378/DingoQuadruped/build/dingo_peripheral_msgs': CMAKE_PREFIX_PATH=${CMAKE_PREFIX_PATH}:/opt/ros/jazzy DEBUGINFOD_URLS=https://debuginfod.ubuntu.com /usr/bin/cmake --build /home/tdp378/DingoQuadruped/build/dingo_peripheral_msgs -- -j16 -l16
[7.474s] [  2%] [34m[1mGenerating type hashes for ROS interfaces[0m
[7.480s] [  2%] Built target ament_cmake_python_symlink_dingo_peripheral_msgs
[7.653s] running egg_info
[7.654s] creating dingo_peripheral_msgs.egg-info
[7.670s] writing dingo_peripheral_msgs.egg-info/PKG-INFO
[7.670s] writing dependency_links to dingo_peripheral_msgs.egg-info/dependency_links.txt
[7.670s] writing top-level names to dingo_peripheral_msgs.egg-info/top_level.txt
[7.670s] writing manifest file 'dingo_peripheral_msgs.egg-info/SOURCES.txt'
[7.697s] [  2%] Built target dingo_peripheral_msgs__rosidl_generator_type_description
[7.705s] [  5%] [34m[1mGenerating C code for ROS interfaces[0m
[7.720s] [  8%] [34m[1mGenerating C++ code for ROS interfaces[0m
[7.725s] reading manifest file 'dingo_peripheral_msgs.egg-info/SOURCES.txt'
[7.726s] writing manifest file 'dingo_peripheral_msgs.egg-info/SOURCES.txt'
[7.761s] [  8%] Built target ament_cmake_python_build_dingo_peripheral_msgs_egg
[7.898s] [  8%] Built target dingo_peripheral_msgs__cpp
[7.911s] [ 14%] [32mBuilding C object CMakeFiles/dingo_peripheral_msgs__rosidl_generator_c.dir/rosidl_generator_c/dingo_peripheral_msgs/msg/detail/electrical_measurements__type_support.c.o[0m
[7.911s] [ 14%] [32mBuilding C object CMakeFiles/dingo_peripheral_msgs__rosidl_generator_c.dir/rosidl_generator_c/dingo_peripheral_msgs/msg/detail/electrical_measurements__functions.c.o[0m
[7.911s] [ 17%] [32mBuilding C object CMakeFiles/dingo_peripheral_msgs__rosidl_generator_c.dir/rosidl_generator_c/dingo_peripheral_msgs/msg/detail/electrical_measurements__description.c.o[0m
[8.422s] [ 20%] [32m[1mLinking C shared library libdingo_peripheral_msgs__rosidl_generator_c.so[0m
[8.445s] [ 20%] Built target dingo_peripheral_msgs__rosidl_generator_c
[8.452s] [ 35%] [34m[1mGenerating C type support for eProsima Fast-RTPS[0m
[8.452s] [ 35%] [34m[1mGenerating C++ introspection for ROS interfaces[0m
[8.453s] [ 35%] [34m[1mGenerating C++ type support for eProsima Fast-RTPS[0m
[8.453s] [ 35%] [34m[1mGenerating C++ type support dispatch for ROS interfaces[0m
[8.453s] [ 35%] [34m[1mGenerating C introspection for ROS interfaces[0m
[8.453s] [ 38%] [34m[1mGenerating C type support dispatch for ROS interfaces[0m
[8.673s] [ 41%] [32mBuilding C object CMakeFiles/dingo_peripheral_msgs__rosidl_typesupport_introspection_c.dir/rosidl_typesupport_introspection_c/dingo_peripheral_msgs/msg/detail/electrical_measurements__type_support.c.o[0m
[8.689s] [ 44%] [32mBuilding CXX object CMakeFiles/dingo_peripheral_msgs__rosidl_typesupport_c.dir/rosidl_typesupport_c/dingo_peripheral_msgs/msg/electrical_measurements__type_support.cpp.o[0m
[8.695s] [ 47%] [32mBuilding CXX object CMakeFiles/dingo_peripheral_msgs__rosidl_typesupport_introspection_cpp.dir/rosidl_typesupport_introspection_cpp/dingo_peripheral_msgs/msg/detail/electrical_measurements__type_support.cpp.o[0m
[8.709s] [ 50%] [32mBuilding CXX object CMakeFiles/dingo_peripheral_msgs__rosidl_typesupport_fastrtps_cpp.dir/rosidl_typesupport_fastrtps_cpp/dingo_peripheral_msgs/msg/detail/dds_fastrtps/electrical_measurements__type_support.cpp.o[0m
[8.730s] [ 52%] [32mBuilding CXX object CMakeFiles/dingo_peripheral_msgs__rosidl_typesupport_cpp.dir/rosidl_typesupport_cpp/dingo_peripheral_msgs/msg/electrical_measurements__type_support.cpp.o[0m
[8.742s] [ 55%] [32m[1mLinking C shared library libdingo_peripheral_msgs__rosidl_typesupport_introspection_c.so[0m
[8.772s] [ 55%] Built target dingo_peripheral_msgs__rosidl_typesupport_introspection_c
[8.774s] [ 58%] [32mBuilding CXX object CMakeFiles/dingo_peripheral_msgs__rosidl_typesupport_fastrtps_c.dir/rosidl_typesupport_fastrtps_c/dingo_peripheral_msgs/msg/detail/electrical_measurements__type_support_c.cpp.o[0m
[9.088s] [ 61%] [32m[1mLinking CXX shared library libdingo_peripheral_msgs__rosidl_typesupport_c.so[0m
[9.116s] [ 61%] Built target dingo_peripheral_msgs__rosidl_typesupport_c
[9.658s] [ 64%] [32m[1mLinking CXX shared library libdingo_peripheral_msgs__rosidl_typesupport_cpp.so[0m
[9.688s] [ 67%] [32m[1mLinking CXX shared library libdingo_peripheral_msgs__rosidl_typesupport_introspection_cpp.so[0m
[9.703s] [ 67%] Built target dingo_peripheral_msgs__rosidl_typesupport_cpp
[9.735s] [ 67%] Built target dingo_peripheral_msgs__rosidl_typesupport_introspection_cpp
[9.891s] [ 73%] [32m[1mLinking CXX shared library libdingo_peripheral_msgs__rosidl_typesupport_fastrtps_c.so[0m
[9.891s] [ 73%] [32m[1mLinking CXX shared library libdingo_peripheral_msgs__rosidl_typesupport_fastrtps_cpp.so[0m
[9.925s] [ 73%] Built target dingo_peripheral_msgs__rosidl_typesupport_fastrtps_cpp
[9.925s] [ 73%] Built target dingo_peripheral_msgs__rosidl_typesupport_fastrtps_c
[9.944s] [ 73%] Built target dingo_peripheral_msgs
[9.964s] [ 76%] [34m[1mGenerating Python code for ROS interfaces[0m
[10.153s] [ 76%] Built target dingo_peripheral_msgs__py
[10.166s] [ 79%] [32mBuilding C object CMakeFiles/dingo_peripheral_msgs__rosidl_generator_py.dir/rosidl_generator_py/dingo_peripheral_msgs/msg/_electrical_measurements_s.c.o[0m
[10.559s] [ 82%] [32m[1mLinking C shared library libdingo_peripheral_msgs__rosidl_generator_py.so[0m
[10.583s] [ 82%] Built target dingo_peripheral_msgs__rosidl_generator_py
[10.596s] [ 91%] [32mBuilding C object CMakeFiles/dingo_peripheral_msgs_s__rosidl_typesupport_fastrtps_c.dir/rosidl_generator_py/dingo_peripheral_msgs/_dingo_peripheral_msgs_s.ep.rosidl_typesupport_fastrtps_c.c.o[0m
[10.596s] [ 91%] [32mBuilding C object CMakeFiles/dingo_peripheral_msgs_s__rosidl_typesupport_introspection_c.dir/rosidl_generator_py/dingo_peripheral_msgs/_dingo_peripheral_msgs_s.ep.rosidl_typesupport_introspection_c.c.o[0m
[10.596s] [ 91%] [32mBuilding C object CMakeFiles/dingo_peripheral_msgs_s__rosidl_typesupport_c.dir/rosidl_generator_py/dingo_peripheral_msgs/_dingo_peripheral_msgs_s.ep.rosidl_typesupport_c.c.o[0m
[10.658s] [ 94%] [32m[1mLinking C shared module rosidl_generator_py/dingo_peripheral_msgs/dingo_peripheral_msgs_s__rosidl_typesupport_c.so[0m
[10.659s] [ 97%] [32m[1mLinking C shared module rosidl_generator_py/dingo_peripheral_msgs/dingo_peripheral_msgs_s__rosidl_typesupport_introspection_c.so[0m
[10.660s] [100%] [32m[1mLinking C shared module rosidl_generator_py/dingo_peripheral_msgs/dingo_peripheral_msgs_s__rosidl_typesupport_fastrtps_c.so[0m
[10.678s] [100%] Built target dingo_peripheral_msgs_s__rosidl_typesupport_introspection_c
[10.678s] [100%] Built target dingo_peripheral_msgs_s__rosidl_typesupport_c
[10.680s] [100%] Built target dingo_peripheral_msgs_s__rosidl_typesupport_fastrtps_c
[10.688s] Invoked command in '/home/tdp378/DingoQuadruped/build/dingo_peripheral_msgs' returned '0': CMAKE_PREFIX_PATH=${CMAKE_PREFIX_PATH}:/opt/ros/jazzy DEBUGINFOD_URLS=https://debuginfod.ubuntu.com /usr/bin/cmake --build /home/tdp378/DingoQuadruped/build/dingo_peripheral_msgs -- -j16 -l16
[10.689s] Invoking command in '/home/tdp378/DingoQuadruped/build/dingo_peripheral_msgs': CMAKE_PREFIX_PATH=${CMAKE_PREFIX_PATH}:/opt/ros/jazzy DEBUGINFOD_URLS=https://debuginfod.ubuntu.com /usr/bin/cmake --install /home/tdp378/DingoQuadruped/build/dingo_peripheral_msgs
[10.694s] -- Install configuration: ""
[10.694s] -- Execute custom install script
[10.694s] -- Symlinking: /home/tdp378/DingoQuadruped/install/dingo_peripheral_msgs/share/ament_index/resource_index/rosidl_interfaces/dingo_peripheral_msgs
[10.700s] -- Symlinking: /home/tdp378/DingoQuadruped/install/dingo_peripheral_msgs/share/dingo_peripheral_msgs/msg/ElectricalMeasurements.json
[10.705s] -- Symlinking: /home/tdp378/DingoQuadruped/install/dingo_peripheral_msgs/include/dingo_peripheral_msgs/dingo_peripheral_msgs/msg/detail/electrical_measurements__functions.h
[10.711s] -- Symlinking: /home/tdp378/DingoQuadruped/install/dingo_peripheral_msgs/include/dingo_peripheral_msgs/dingo_peripheral_msgs/msg/detail/electrical_measurements__struct.h
[10.717s] -- Symlinking: /home/tdp378/DingoQuadruped/install/dingo_peripheral_msgs/include/dingo_peripheral_msgs/dingo_peripheral_msgs/msg/detail/electrical_measurements__type_support.h
[10.723s] -- Symlinking: /home/tdp378/DingoQuadruped/install/dingo_peripheral_msgs/include/dingo_peripheral_msgs/dingo_peripheral_msgs/msg/electrical_measurements.h
[10.728s] -- Symlinking: /home/tdp378/DingoQuadruped/install/dingo_peripheral_msgs/include/dingo_peripheral_msgs/dingo_peripheral_msgs/msg/rosidl_generator_c__visibility_control.h
[10.734s] -- Symlinking: /home/tdp378/DingoQuadruped/install/dingo_peripheral_msgs/share/dingo_peripheral_msgs/environment/library_path.sh
[10.740s] -- Symlinking: /home/tdp378/DingoQuadruped/install/dingo_peripheral_msgs/share/dingo_peripheral_msgs/environment/library_path.dsv
[10.745s] -- Symlinking: /home/tdp378/DingoQuadruped/install/dingo_peripheral_msgs/include/dingo_peripheral_msgs/dingo_peripheral_msgs/msg/detail/electrical_measurements__rosidl_typesupport_fastrtps_c.h
[10.751s] -- Symlinking: /home/tdp378/DingoQuadruped/install/dingo_peripheral_msgs/include/dingo_peripheral_msgs/dingo_peripheral_msgs/msg/rosidl_typesupport_fastrtps_c__visibility_control.h
[10.756s] -- Symlinking: /home/tdp378/DingoQuadruped/install/dingo_peripheral_msgs/include/dingo_peripheral_msgs/dingo_peripheral_msgs/msg/detail/electrical_measurements__rosidl_typesupport_introspection_c.h
[10.762s] -- Symlinking: /home/tdp378/DingoQuadruped/install/dingo_peripheral_msgs/include/dingo_peripheral_msgs/dingo_peripheral_msgs/msg/rosidl_typesupport_introspection_c__visibility_control.h
[10.768s] -- Symlinking: /home/tdp378/DingoQuadruped/install/dingo_peripheral_msgs/include/dingo_peripheral_msgs/dingo_peripheral_msgs/msg/detail/electrical_measurements__builder.hpp
[10.773s] -- Symlinking: /home/tdp378/DingoQuadruped/install/dingo_peripheral_msgs/include/dingo_peripheral_msgs/dingo_peripheral_msgs/msg/detail/electrical_measurements__struct.hpp
[10.778s] -- Symlinking: /home/tdp378/DingoQuadruped/install/dingo_peripheral_msgs/include/dingo_peripheral_msgs/dingo_peripheral_msgs/msg/detail/electrical_measurements__traits.hpp
[10.784s] -- Symlinking: /home/tdp378/DingoQuadruped/install/dingo_peripheral_msgs/include/dingo_peripheral_msgs/dingo_peripheral_msgs/msg/detail/electrical_measurements__type_support.hpp
[10.789s] -- Symlinking: /home/tdp378/DingoQuadruped/install/dingo_peripheral_msgs/include/dingo_peripheral_msgs/dingo_peripheral_msgs/msg/electrical_measurements.hpp
[10.795s] -- Symlinking: /home/tdp378/DingoQuadruped/install/dingo_peripheral_msgs/include/dingo_peripheral_msgs/dingo_peripheral_msgs/msg/rosidl_generator_cpp__visibility_control.hpp
[10.800s] -- Symlinking: /home/tdp378/DingoQuadruped/install/dingo_peripheral_msgs/include/dingo_peripheral_msgs/dingo_peripheral_msgs/msg/detail/electrical_measurements__rosidl_typesupport_fastrtps_cpp.hpp
[10.806s] -- Symlinking: /home/tdp378/DingoQuadruped/install/dingo_peripheral_msgs/include/dingo_peripheral_msgs/dingo_peripheral_msgs/msg/rosidl_typesupport_fastrtps_cpp__visibility_control.h
[10.812s] -- Symlinking: /home/tdp378/DingoQuadruped/install/dingo_peripheral_msgs/include/dingo_peripheral_msgs/dingo_peripheral_msgs/msg/detail/electrical_measurements__rosidl_typesupport_introspection_cpp.hpp
[10.818s] -- Symlinking: /home/tdp378/DingoQuadruped/install/dingo_peripheral_msgs/share/dingo_peripheral_msgs/environment/pythonpath.sh
[10.823s] -- Symlinking: /home/tdp378/DingoQuadruped/install/dingo_peripheral_msgs/share/dingo_peripheral_msgs/environment/pythonpath.dsv
[10.829s] -- Symlinking: /home/tdp378/DingoQuadruped/install/dingo_peripheral_msgs/lib/python3.12/site-packages/dingo_peripheral_msgs-0.0.0-py3.12.egg-info/PKG-INFO
[10.834s] -- Symlinking: /home/tdp378/DingoQuadruped/install/dingo_peripheral_msgs/lib/python3.12/site-packages/dingo_peripheral_msgs-0.0.0-py3.12.egg-info/SOURCES.txt
[10.839s] -- Symlinking: /home/tdp378/DingoQuadruped/install/dingo_peripheral_msgs/lib/python3.12/site-packages/dingo_peripheral_msgs-0.0.0-py3.12.egg-info/dependency_links.txt
[10.845s] -- Symlinking: /home/tdp378/DingoQuadruped/install/dingo_peripheral_msgs/lib/python3.12/site-packages/dingo_peripheral_msgs-0.0.0-py3.12.egg-info/top_level.txt
[10.851s] -- Symlinking: /home/tdp378/DingoQuadruped/install/dingo_peripheral_msgs/lib/python3.12/site-packages/dingo_peripheral_msgs/__init__.py
[10.856s] -- Symlinking: /home/tdp378/DingoQuadruped/install/dingo_peripheral_msgs/lib/python3.12/site-packages/dingo_peripheral_msgs/_dingo_peripheral_msgs_s.ep.rosidl_typesupport_c.c
[10.862s] -- Symlinking: /home/tdp378/DingoQuadruped/install/dingo_peripheral_msgs/lib/python3.12/site-packages/dingo_peripheral_msgs/_dingo_peripheral_msgs_s.ep.rosidl_typesupport_fastrtps_c.c
[10.867s] -- Symlinking: /home/tdp378/DingoQuadruped/install/dingo_peripheral_msgs/lib/python3.12/site-packages/dingo_peripheral_msgs/_dingo_peripheral_msgs_s.ep.rosidl_typesupport_introspection_c.c
[10.873s] -- Symlinking: /home/tdp378/DingoQuadruped/install/dingo_peripheral_msgs/lib/python3.12/site-packages/dingo_peripheral_msgs/dingo_peripheral_msgs_s__rosidl_typesupport_c.so
[10.878s] -- Symlinking: /home/tdp378/DingoQuadruped/install/dingo_peripheral_msgs/lib/python3.12/site-packages/dingo_peripheral_msgs/dingo_peripheral_msgs_s__rosidl_typesupport_fastrtps_c.so
[10.884s] -- Symlinking: /home/tdp378/DingoQuadruped/install/dingo_peripheral_msgs/lib/python3.12/site-packages/dingo_peripheral_msgs/dingo_peripheral_msgs_s__rosidl_typesupport_introspection_c.so
[10.889s] -- Symlinking: /home/tdp378/DingoQuadruped/install/dingo_peripheral_msgs/lib/python3.12/site-packages/dingo_peripheral_msgs/msg/__init__.py
[10.895s] -- Symlinking: /home/tdp378/DingoQuadruped/install/dingo_peripheral_msgs/lib/python3.12/site-packages/dingo_peripheral_msgs/msg/_electrical_measurements.py
[10.900s] -- Symlinking: /home/tdp378/DingoQuadruped/install/dingo_peripheral_msgs/lib/python3.12/site-packages/dingo_peripheral_msgs/msg/_electrical_measurements_s.c
[10.906s] -- Up-to-date symlink: /home/tdp378/DingoQuadruped/install/dingo_peripheral_msgs/lib/python3.12/site-packages/dingo_peripheral_msgs/dingo_peripheral_msgs_s__rosidl_typesupport_fastrtps_c.so
[10.906s] -- Up-to-date symlink: /home/tdp378/DingoQuadruped/install/dingo_peripheral_msgs/lib/python3.12/site-packages/dingo_peripheral_msgs/dingo_peripheral_msgs_s__rosidl_typesupport_introspection_c.so
[10.906s] -- Up-to-date symlink: /home/tdp378/DingoQuadruped/install/dingo_peripheral_msgs/lib/python3.12/site-packages/dingo_peripheral_msgs/dingo_peripheral_msgs_s__rosidl_typesupport_c.so
[10.906s] -- Symlinking: /home/tdp378/DingoQuadruped/install/dingo_peripheral_msgs/share/dingo_peripheral_msgs/msg/ElectricalMeasurements.idl
[10.912s] -- Symlinking: /home/tdp378/DingoQuadruped/install/dingo_peripheral_msgs/share/dingo_peripheral_msgs/msg/ElectricalMeasurements.msg
[10.917s] -- Symlinking: /home/tdp378/DingoQuadruped/install/dingo_peripheral_msgs/share/ament_index/resource_index/package_run_dependencies/dingo_peripheral_msgs
[10.923s] -- Symlinking: /home/tdp378/DingoQuadruped/install/dingo_peripheral_msgs/share/ament_index/resource_index/parent_prefix_path/dingo_peripheral_msgs
[10.929s] -- Symlinking: /home/tdp378/DingoQuadruped/install/dingo_peripheral_msgs/share/dingo_peripheral_msgs/environment/ament_prefix_path.sh
[10.934s] -- Symlinking: /home/tdp378/DingoQuadruped/install/dingo_peripheral_msgs/share/dingo_peripheral_msgs/environment/ament_prefix_path.dsv
[10.940s] -- Symlinking: /home/tdp378/DingoQuadruped/install/dingo_peripheral_msgs/share/dingo_peripheral_msgs/environment/path.sh
[10.945s] -- Symlinking: /home/tdp378/DingoQuadruped/install/dingo_peripheral_msgs/share/dingo_peripheral_msgs/environment/path.dsv
[10.951s] -- Symlinking: /home/tdp378/DingoQuadruped/install/dingo_peripheral_msgs/share/dingo_peripheral_msgs/local_setup.bash
[10.956s] -- Symlinking: /home/tdp378/DingoQuadruped/install/dingo_peripheral_msgs/share/dingo_peripheral_msgs/local_setup.sh
[10.962s] -- Symlinking: /home/tdp378/DingoQuadruped/install/dingo_peripheral_msgs/share/dingo_peripheral_msgs/local_setup.zsh
[10.968s] -- Symlinking: /home/tdp378/DingoQuadruped/install/dingo_peripheral_msgs/share/dingo_peripheral_msgs/local_setup.dsv
[10.973s] -- Symlinking: /home/tdp378/DingoQuadruped/install/dingo_peripheral_msgs/share/dingo_peripheral_msgs/package.dsv
[10.979s] -- Symlinking: /home/tdp378/DingoQuadruped/install/dingo_peripheral_msgs/share/ament_index/resource_index/packages/dingo_peripheral_msgs
[10.985s] -- Symlinking: /home/tdp378/DingoQuadruped/install/dingo_peripheral_msgs/share/dingo_peripheral_msgs/cmake/rosidl_cmake-extras.cmake
[10.990s] -- Symlinking: /home/tdp378/DingoQuadruped/install/dingo_peripheral_msgs/share/dingo_peripheral_msgs/cmake/ament_cmake_export_include_directories-extras.cmake
[10.996s] -- Symlinking: /home/tdp378/DingoQuadruped/install/dingo_peripheral_msgs/share/dingo_peripheral_msgs/cmake/ament_cmake_export_libraries-extras.cmake
[11.001s] -- Symlinking: /home/tdp378/DingoQuadruped/install/dingo_peripheral_msgs/share/dingo_peripheral_msgs/cmake/ament_cmake_export_targets-extras.cmake
[11.007s] -- Symlinking: /home/tdp378/DingoQuadruped/install/dingo_peripheral_msgs/share/dingo_peripheral_msgs/cmake/rosidl_cmake_export_typesupport_targets-extras.cmake
[11.013s] -- Symlinking: /home/tdp378/DingoQuadruped/install/dingo_peripheral_msgs/share/dingo_peripheral_msgs/cmake/ament_cmake_export_dependencies-extras.cmake
[11.018s] -- Symlinking: /home/tdp378/DingoQuadruped/install/dingo_peripheral_msgs/share/dingo_peripheral_msgs/cmake/rosidl_cmake_export_typesupport_libraries-extras.cmake
[11.024s] -- Symlinking: /home/tdp378/DingoQuadruped/install/dingo_peripheral_msgs/share/dingo_peripheral_msgs/cmake/dingo_peripheral_msgsConfig.cmake
[11.030s] -- Symlinking: /home/tdp378/DingoQuadruped/install/dingo_peripheral_msgs/share/dingo_peripheral_msgs/cmake/dingo_peripheral_msgsConfig-version.cmake
[11.035s] -- Symlinking: /home/tdp378/DingoQuadruped/install/dingo_peripheral_msgs/share/dingo_peripheral_msgs/package.xml
[11.041s] -- Installing: /home/tdp378/DingoQuadruped/install/dingo_peripheral_msgs/lib/libdingo_peripheral_msgs__rosidl_generator_c.so
[11.041s] -- Set non-toolchain portion of runtime path of "/home/tdp378/DingoQuadruped/install/dingo_peripheral_msgs/lib/libdingo_peripheral_msgs__rosidl_generator_c.so" to ""
[11.041s] -- Installing: /home/tdp378/DingoQuadruped/install/dingo_peripheral_msgs/lib/libdingo_peripheral_msgs__rosidl_typesupport_fastrtps_c.so
[11.041s] -- Set non-toolchain portion of runtime path of "/home/tdp378/DingoQuadruped/install/dingo_peripheral_msgs/lib/libdingo_peripheral_msgs__rosidl_typesupport_fastrtps_c.so" to ""
[11.041s] -- Installing: /home/tdp378/DingoQuadruped/install/dingo_peripheral_msgs/lib/libdingo_peripheral_msgs__rosidl_typesupport_introspection_c.so
[11.041s] -- Set non-toolchain portion of runtime path of "/home/tdp378/DingoQuadruped/install/dingo_peripheral_msgs/lib/libdingo_peripheral_msgs__rosidl_typesupport_introspection_c.so" to ""
[11.041s] -- Installing: /home/tdp378/DingoQuadruped/install/dingo_peripheral_msgs/lib/libdingo_peripheral_msgs__rosidl_typesupport_c.so
[11.041s] -- Set non-toolchain portion of runtime path of "/home/tdp378/DingoQuadruped/install/dingo_peripheral_msgs/lib/libdingo_peripheral_msgs__rosidl_typesupport_c.so" to ""
[11.041s] -- Installing: /home/tdp378/DingoQuadruped/install/dingo_peripheral_msgs/lib/libdingo_peripheral_msgs__rosidl_typesupport_fastrtps_cpp.so
[11.041s] -- Set non-toolchain portion of runtime path of "/home/tdp378/DingoQuadruped/install/dingo_peripheral_msgs/lib/libdingo_peripheral_msgs__rosidl_typesupport_fastrtps_cpp.so" to ""
[11.042s] -- Installing: /home/tdp378/DingoQuadruped/install/dingo_peripheral_msgs/lib/libdingo_peripheral_msgs__rosidl_typesupport_introspection_cpp.so
[11.042s] -- Set non-toolchain portion of runtime path of "/home/tdp378/DingoQuadruped/install/dingo_peripheral_msgs/lib/libdingo_peripheral_msgs__rosidl_typesupport_introspection_cpp.so" to ""
[11.042s] -- Installing: /home/tdp378/DingoQuadruped/install/dingo_peripheral_msgs/lib/libdingo_peripheral_msgs__rosidl_typesupport_cpp.so
[11.042s] -- Set non-toolchain portion of runtime path of "/home/tdp378/DingoQuadruped/install/dingo_peripheral_msgs/lib/libdingo_peripheral_msgs__rosidl_typesupport_cpp.so" to ""
[11.066s] Listing '/home/tdp378/DingoQuadruped/install/dingo_peripheral_msgs/lib/python3.12/site-packages/dingo_peripheral_msgs'...
[11.066s] Compiling '/home/tdp378/DingoQuadruped/install/dingo_peripheral_msgs/lib/python3.12/site-packages/dingo_peripheral_msgs/__init__.py'...
[11.067s] Listing '/home/tdp378/DingoQuadruped/install/dingo_peripheral_msgs/lib/python3.12/site-packages/dingo_peripheral_msgs/msg'...
[11.067s] Compiling '/home/tdp378/DingoQuadruped/install/dingo_peripheral_msgs/lib/python3.12/site-packages/dingo_peripheral_msgs/msg/__init__.py'...
[11.067s] Compiling '/home/tdp378/DingoQuadruped/install/dingo_peripheral_msgs/lib/python3.12/site-packages/dingo_peripheral_msgs/msg/_electrical_measurements.py'...
[11.070s] -- Installing: /home/tdp378/DingoQuadruped/install/dingo_peripheral_msgs/lib/libdingo_peripheral_msgs__rosidl_generator_py.so
[11.070s] -- Set non-toolchain portion of runtime path of "/home/tdp378/DingoQuadruped/install/dingo_peripheral_msgs/lib/libdingo_peripheral_msgs__rosidl_generator_py.so" to ""
[11.070s] -- Installing: /home/tdp378/DingoQuadruped/install/dingo_peripheral_msgs/share/dingo_peripheral_msgs/cmake/export_dingo_peripheral_msgs__rosidl_generator_cExport.cmake
[11.070s] -- Installing: /home/tdp378/DingoQuadruped/install/dingo_peripheral_msgs/share/dingo_peripheral_msgs/cmake/export_dingo_peripheral_msgs__rosidl_generator_cExport-noconfig.cmake
[11.070s] -- Installing: /home/tdp378/DingoQuadruped/install/dingo_peripheral_msgs/share/dingo_peripheral_msgs/cmake/export_dingo_peripheral_msgs__rosidl_typesupport_fastrtps_cExport.cmake
[11.070s] -- Installing: /home/tdp378/DingoQuadruped/install/dingo_peripheral_msgs/share/dingo_peripheral_msgs/cmake/export_dingo_peripheral_msgs__rosidl_typesupport_fastrtps_cExport-noconfig.cmake
[11.071s] -- Installing: /home/tdp378/DingoQuadruped/install/dingo_peripheral_msgs/share/dingo_peripheral_msgs/cmake/dingo_peripheral_msgs__rosidl_typesupport_introspection_cExport.cmake
[11.071s] -- Installing: /home/tdp378/DingoQuadruped/install/dingo_peripheral_msgs/share/dingo_peripheral_msgs/cmake/dingo_peripheral_msgs__rosidl_typesupport_introspection_cExport-noconfig.cmake
[11.071s] -- Installing: /home/tdp378/DingoQuadruped/install/dingo_peripheral_msgs/share/dingo_peripheral_msgs/cmake/dingo_peripheral_msgs__rosidl_typesupport_cExport.cmake
[11.071s] -- Installing: /home/tdp378/DingoQuadruped/install/dingo_peripheral_msgs/share/dingo_peripheral_msgs/cmake/dingo_peripheral_msgs__rosidl_typesupport_cExport-noconfig.cmake
[11.071s] -- Installing: /home/tdp378/DingoQuadruped/install/dingo_peripheral_msgs/share/dingo_peripheral_msgs/cmake/export_dingo_peripheral_msgs__rosidl_generator_cppExport.cmake
[11.071s] -- Installing: /home/tdp378/DingoQuadruped/install/dingo_peripheral_msgs/share/dingo_peripheral_msgs/cmake/export_dingo_peripheral_msgs__rosidl_typesupport_fastrtps_cppExport.cmake
[11.071s] -- Installing: /home/tdp378/DingoQuadruped/install/dingo_peripheral_msgs/share/dingo_peripheral_msgs/cmake/export_dingo_peripheral_msgs__rosidl_typesupport_fastrtps_cppExport-noconfig.cmake
[11.071s] -- Installing: /home/tdp378/DingoQuadruped/install/dingo_peripheral_msgs/share/dingo_peripheral_msgs/cmake/dingo_peripheral_msgs__rosidl_typesupport_introspection_cppExport.cmake
[11.071s] -- Installing: /home/tdp378/DingoQuadruped/install/dingo_peripheral_msgs/share/dingo_peripheral_msgs/cmake/dingo_peripheral_msgs__rosidl_typesupport_introspection_cppExport-noconfig.cmake
[11.071s] -- Installing: /home/tdp378/DingoQuadruped/install/dingo_peripheral_msgs/share/dingo_peripheral_msgs/cmake/dingo_peripheral_msgs__rosidl_typesupport_cppExport.cmake
[11.071s] -- Installing: /home/tdp378/DingoQuadruped/install/dingo_peripheral_msgs/share/dingo_peripheral_msgs/cmake/dingo_peripheral_msgs__rosidl_typesupport_cppExport-noconfig.cmake
[11.071s] -- Installing: /home/tdp378/DingoQuadruped/install/dingo_peripheral_msgs/share/dingo_peripheral_msgs/cmake/export_dingo_peripheral_msgs__rosidl_generator_pyExport.cmake
[11.071s] -- Installing: /home/tdp378/DingoQuadruped/install/dingo_peripheral_msgs/share/dingo_peripheral_msgs/cmake/export_dingo_peripheral_msgs__rosidl_generator_pyExport-noconfig.cmake
[11.073s] Invoked command in '/home/tdp378/DingoQuadruped/build/dingo_peripheral_msgs' returned '0': CMAKE_PREFIX_PATH=${CMAKE_PREFIX_PATH}:/opt/ros/jazzy DEBUGINFOD_URLS=https://debuginfod.ubuntu.com /usr/bin/cmake --install /home/tdp378/DingoQuadruped/build/dingo_peripheral_msgs
