[0.096s] Invoking command in '/home/tdp378/DingoQuadruped/dingo_ws/build/dingo_control_msgs': CMAKE_PREFIX_PATH=${CMAKE_PREFIX_PATH}:/opt/ros/jazzy DEBUGINFOD_URLS=https://debuginfod.ubuntu.com /usr/bin/cmake --build /home/tdp378/DingoQuadruped/dingo_ws/build/dingo_control_msgs -- -j16 -l16
[0.517s] [  1%] Built target dingo_control_msgs__rosidl_generator_type_description
[0.531s] [  1%] Built target ament_cmake_python_symlink_dingo_control_msgs
[0.574s] [  3%] Built target dingo_control_msgs__cpp
[0.862s] [ 24%] Built target dingo_control_msgs__rosidl_generator_c
[0.925s] [ 51%] Built target dingo_control_msgs__rosidl_typesupport_introspection_cpp
[0.925s] [ 51%] Built target dingo_control_msgs__rosidl_typesupport_introspection_c
[0.925s] [ 51%] Built target dingo_control_msgs__rosidl_typesupport_fastrtps_cpp
[0.940s] [ 61%] Built target dingo_control_msgs__rosidl_typesupport_c
[0.957s] running egg_info
[0.971s] writing dingo_control_msgs.egg-info/PKG-INFO
[0.971s] writing dependency_links to dingo_control_msgs.egg-info/dependency_links.txt
[0.971s] writing top-level names to dingo_control_msgs.egg-info/top_level.txt
[0.992s] [ 72%] Built target dingo_control_msgs__rosidl_typesupport_cpp
[0.992s] [ 79%] Built target dingo_control_msgs__rosidl_typesupport_fastrtps_c
[1.027s] [ 79%] Built target dingo_control_msgs
[1.065s] [ 81%] Built target dingo_control_msgs__py
[1.067s] reading manifest file 'dingo_control_msgs.egg-info/SOURCES.txt'
[1.069s] writing manifest file 'dingo_control_msgs.egg-info/SOURCES.txt'
[1.089s] [ 81%] Built target ament_cmake_python_build_dingo_control_msgs_egg
[1.105s] [ 88%] Built target dingo_control_msgs__rosidl_generator_py
[1.132s] [ 96%] Built target dingo_control_msgs_s__rosidl_typesupport_introspection_c
[1.132s] [ 96%] Built target dingo_control_msgs_s__rosidl_typesupport_fastrtps_c
[1.215s] [100%] Built target dingo_control_msgs_s__rosidl_typesupport_c
[1.223s] Invoked command in '/home/tdp378/DingoQuadruped/dingo_ws/build/dingo_control_msgs' returned '0': CMAKE_PREFIX_PATH=${CMAKE_PREFIX_PATH}:/opt/ros/jazzy DEBUGINFOD_URLS=https://debuginfod.ubuntu.com /usr/bin/cmake --build /home/tdp378/DingoQuadruped/dingo_ws/build/dingo_control_msgs -- -j16 -l16
[1.266s] Invoking command in '/home/tdp378/DingoQuadruped/dingo_ws/build/dingo_control_msgs': CMAKE_PREFIX_PATH=${CMAKE_PREFIX_PATH}:/opt/ros/jazzy DEBUGINFOD_URLS=https://debuginfod.ubuntu.com /usr/bin/cmake --install /home/tdp378/DingoQuadruped/dingo_ws/build/dingo_control_msgs
[1.287s] -- Install configuration: ""
[1.288s] -- Execute custom install script
[1.288s] -- Up-to-date symlink: /home/tdp378/DingoQuadruped/dingo_ws/install/dingo_control_msgs/share/ament_index/resource_index/rosidl_interfaces/dingo_control_msgs
[1.289s] -- Up-to-date symlink: /home/tdp378/DingoQuadruped/dingo_ws/install/dingo_control_msgs/share/dingo_control_msgs/msg/Angle.json
[1.289s] -- Up-to-date symlink: /home/tdp378/DingoQuadruped/dingo_ws/install/dingo_control_msgs/share/dingo_control_msgs/msg/JointSpace.json
[1.289s] -- Up-to-date symlink: /home/tdp378/DingoQuadruped/dingo_ws/install/dingo_control_msgs/share/dingo_control_msgs/msg/TaskSpace.json
[1.289s] -- Up-to-date symlink: /home/tdp378/DingoQuadruped/dingo_ws/install/dingo_control_msgs/include/dingo_control_msgs/dingo_control_msgs/msg/angle.h
[1.289s] -- Up-to-date symlink: /home/tdp378/DingoQuadruped/dingo_ws/install/dingo_control_msgs/include/dingo_control_msgs/dingo_control_msgs/msg/detail/angle__functions.h
[1.290s] -- Up-to-date symlink: /home/tdp378/DingoQuadruped/dingo_ws/install/dingo_control_msgs/include/dingo_control_msgs/dingo_control_msgs/msg/detail/angle__struct.h
[1.290s] -- Up-to-date symlink: /home/tdp378/DingoQuadruped/dingo_ws/install/dingo_control_msgs/include/dingo_control_msgs/dingo_control_msgs/msg/detail/angle__type_support.h
[1.290s] -- Up-to-date symlink: /home/tdp378/DingoQuadruped/dingo_ws/install/dingo_control_msgs/include/dingo_control_msgs/dingo_control_msgs/msg/detail/joint_space__functions.h
[1.290s] -- Up-to-date symlink: /home/tdp378/DingoQuadruped/dingo_ws/install/dingo_control_msgs/include/dingo_control_msgs/dingo_control_msgs/msg/detail/joint_space__struct.h
[1.290s] -- Up-to-date symlink: /home/tdp378/DingoQuadruped/dingo_ws/install/dingo_control_msgs/include/dingo_control_msgs/dingo_control_msgs/msg/detail/joint_space__type_support.h
[1.290s] -- Up-to-date symlink: /home/tdp378/DingoQuadruped/dingo_ws/install/dingo_control_msgs/include/dingo_control_msgs/dingo_control_msgs/msg/detail/task_space__functions.h
[1.290s] -- Up-to-date symlink: /home/tdp378/DingoQuadruped/dingo_ws/install/dingo_control_msgs/include/dingo_control_msgs/dingo_control_msgs/msg/detail/task_space__struct.h
[1.290s] -- Up-to-date symlink: /home/tdp378/DingoQuadruped/dingo_ws/install/dingo_control_msgs/include/dingo_control_msgs/dingo_control_msgs/msg/detail/task_space__type_support.h
[1.290s] -- Up-to-date symlink: /home/tdp378/DingoQuadruped/dingo_ws/install/dingo_control_msgs/include/dingo_control_msgs/dingo_control_msgs/msg/joint_space.h
[1.291s] -- Up-to-date symlink: /home/tdp378/DingoQuadruped/dingo_ws/install/dingo_control_msgs/include/dingo_control_msgs/dingo_control_msgs/msg/rosidl_generator_c__visibility_control.h
[1.291s] -- Up-to-date symlink: /home/tdp378/DingoQuadruped/dingo_ws/install/dingo_control_msgs/include/dingo_control_msgs/dingo_control_msgs/msg/task_space.h
[1.291s] -- Up-to-date symlink: /home/tdp378/DingoQuadruped/dingo_ws/install/dingo_control_msgs/share/dingo_control_msgs/environment/library_path.sh
[1.291s] -- Up-to-date symlink: /home/tdp378/DingoQuadruped/dingo_ws/install/dingo_control_msgs/share/dingo_control_msgs/environment/library_path.dsv
[1.291s] -- Up-to-date symlink: /home/tdp378/DingoQuadruped/dingo_ws/install/dingo_control_msgs/include/dingo_control_msgs/dingo_control_msgs/msg/detail/angle__rosidl_typesupport_fastrtps_c.h
[1.292s] -- Up-to-date symlink: /home/tdp378/DingoQuadruped/dingo_ws/install/dingo_control_msgs/include/dingo_control_msgs/dingo_control_msgs/msg/detail/joint_space__rosidl_typesupport_fastrtps_c.h
[1.292s] -- Up-to-date symlink: /home/tdp378/DingoQuadruped/dingo_ws/install/dingo_control_msgs/include/dingo_control_msgs/dingo_control_msgs/msg/detail/task_space__rosidl_typesupport_fastrtps_c.h
[1.292s] -- Up-to-date symlink: /home/tdp378/DingoQuadruped/dingo_ws/install/dingo_control_msgs/include/dingo_control_msgs/dingo_control_msgs/msg/rosidl_typesupport_fastrtps_c__visibility_control.h
[1.292s] -- Up-to-date symlink: /home/tdp378/DingoQuadruped/dingo_ws/install/dingo_control_msgs/include/dingo_control_msgs/dingo_control_msgs/msg/angle.hpp
[1.292s] -- Up-to-date symlink: /home/tdp378/DingoQuadruped/dingo_ws/install/dingo_control_msgs/include/dingo_control_msgs/dingo_control_msgs/msg/detail/angle__builder.hpp
[1.292s] -- Up-to-date symlink: /home/tdp378/DingoQuadruped/dingo_ws/install/dingo_control_msgs/include/dingo_control_msgs/dingo_control_msgs/msg/detail/angle__struct.hpp
[1.293s] -- Up-to-date symlink: /home/tdp378/DingoQuadruped/dingo_ws/install/dingo_control_msgs/include/dingo_control_msgs/dingo_control_msgs/msg/detail/angle__traits.hpp
[1.293s] -- Up-to-date symlink: /home/tdp378/DingoQuadruped/dingo_ws/install/dingo_control_msgs/include/dingo_control_msgs/dingo_control_msgs/msg/detail/angle__type_support.hpp
[1.293s] -- Up-to-date symlink: /home/tdp378/DingoQuadruped/dingo_ws/install/dingo_control_msgs/include/dingo_control_msgs/dingo_control_msgs/msg/detail/joint_space__builder.hpp
[1.293s] -- Up-to-date symlink: /home/tdp378/DingoQuadruped/dingo_ws/install/dingo_control_msgs/include/dingo_control_msgs/dingo_control_msgs/msg/detail/joint_space__struct.hpp
[1.293s] -- Up-to-date symlink: /home/tdp378/DingoQuadruped/dingo_ws/install/dingo_control_msgs/include/dingo_control_msgs/dingo_control_msgs/msg/detail/joint_space__traits.hpp
[1.293s] -- Up-to-date symlink: /home/tdp378/DingoQuadruped/dingo_ws/install/dingo_control_msgs/include/dingo_control_msgs/dingo_control_msgs/msg/detail/joint_space__type_support.hpp
[1.293s] -- Up-to-date symlink: /home/tdp378/DingoQuadruped/dingo_ws/install/dingo_control_msgs/include/dingo_control_msgs/dingo_control_msgs/msg/detail/task_space__builder.hpp
[1.293s] -- Up-to-date symlink: /home/tdp378/DingoQuadruped/dingo_ws/install/dingo_control_msgs/include/dingo_control_msgs/dingo_control_msgs/msg/detail/task_space__struct.hpp
[1.294s] -- Up-to-date symlink: /home/tdp378/DingoQuadruped/dingo_ws/install/dingo_control_msgs/include/dingo_control_msgs/dingo_control_msgs/msg/detail/task_space__traits.hpp
[1.294s] -- Up-to-date symlink: /home/tdp378/DingoQuadruped/dingo_ws/install/dingo_control_msgs/include/dingo_control_msgs/dingo_control_msgs/msg/detail/task_space__type_support.hpp
[1.294s] -- Up-to-date symlink: /home/tdp378/DingoQuadruped/dingo_ws/install/dingo_control_msgs/include/dingo_control_msgs/dingo_control_msgs/msg/joint_space.hpp
[1.294s] -- Up-to-date symlink: /home/tdp378/DingoQuadruped/dingo_ws/install/dingo_control_msgs/include/dingo_control_msgs/dingo_control_msgs/msg/rosidl_generator_cpp__visibility_control.hpp
[1.294s] -- Up-to-date symlink: /home/tdp378/DingoQuadruped/dingo_ws/install/dingo_control_msgs/include/dingo_control_msgs/dingo_control_msgs/msg/task_space.hpp
[1.295s] -- Up-to-date symlink: /home/tdp378/DingoQuadruped/dingo_ws/install/dingo_control_msgs/include/dingo_control_msgs/dingo_control_msgs/msg/detail/angle__rosidl_typesupport_fastrtps_cpp.hpp
[1.295s] -- Up-to-date symlink: /home/tdp378/DingoQuadruped/dingo_ws/install/dingo_control_msgs/include/dingo_control_msgs/dingo_control_msgs/msg/detail/joint_space__rosidl_typesupport_fastrtps_cpp.hpp
[1.295s] -- Up-to-date symlink: /home/tdp378/DingoQuadruped/dingo_ws/install/dingo_control_msgs/include/dingo_control_msgs/dingo_control_msgs/msg/detail/task_space__rosidl_typesupport_fastrtps_cpp.hpp
[1.295s] -- Up-to-date symlink: /home/tdp378/DingoQuadruped/dingo_ws/install/dingo_control_msgs/include/dingo_control_msgs/dingo_control_msgs/msg/rosidl_typesupport_fastrtps_cpp__visibility_control.h
[1.299s] -- Up-to-date symlink: /home/tdp378/DingoQuadruped/dingo_ws/install/dingo_control_msgs/include/dingo_control_msgs/dingo_control_msgs/msg/detail/angle__rosidl_typesupport_introspection_c.h
[1.299s] -- Up-to-date symlink: /home/tdp378/DingoQuadruped/dingo_ws/install/dingo_control_msgs/include/dingo_control_msgs/dingo_control_msgs/msg/detail/joint_space__rosidl_typesupport_introspection_c.h
[1.299s] -- Up-to-date symlink: /home/tdp378/DingoQuadruped/dingo_ws/install/dingo_control_msgs/include/dingo_control_msgs/dingo_control_msgs/msg/detail/task_space__rosidl_typesupport_introspection_c.h
[1.299s] -- Up-to-date symlink: /home/tdp378/DingoQuadruped/dingo_ws/install/dingo_control_msgs/include/dingo_control_msgs/dingo_control_msgs/msg/rosidl_typesupport_introspection_c__visibility_control.h
[1.299s] -- Up-to-date symlink: /home/tdp378/DingoQuadruped/dingo_ws/install/dingo_control_msgs/include/dingo_control_msgs/dingo_control_msgs/msg/detail/angle__rosidl_typesupport_introspection_cpp.hpp
[1.300s] -- Up-to-date symlink: /home/tdp378/DingoQuadruped/dingo_ws/install/dingo_control_msgs/include/dingo_control_msgs/dingo_control_msgs/msg/detail/joint_space__rosidl_typesupport_introspection_cpp.hpp
[1.300s] -- Up-to-date symlink: /home/tdp378/DingoQuadruped/dingo_ws/install/dingo_control_msgs/include/dingo_control_msgs/dingo_control_msgs/msg/detail/task_space__rosidl_typesupport_introspection_cpp.hpp
[1.300s] -- Up-to-date symlink: /home/tdp378/DingoQuadruped/dingo_ws/install/dingo_control_msgs/share/dingo_control_msgs/environment/pythonpath.sh
[1.300s] -- Up-to-date symlink: /home/tdp378/DingoQuadruped/dingo_ws/install/dingo_control_msgs/share/dingo_control_msgs/environment/pythonpath.dsv
[1.300s] -- Up-to-date symlink: /home/tdp378/DingoQuadruped/dingo_ws/install/dingo_control_msgs/lib/python3.12/site-packages/dingo_control_msgs-0.0.0-py3.12.egg-info/PKG-INFO
[1.300s] -- Up-to-date symlink: /home/tdp378/DingoQuadruped/dingo_ws/install/dingo_control_msgs/lib/python3.12/site-packages/dingo_control_msgs-0.0.0-py3.12.egg-info/SOURCES.txt
[1.300s] -- Up-to-date symlink: /home/tdp378/DingoQuadruped/dingo_ws/install/dingo_control_msgs/lib/python3.12/site-packages/dingo_control_msgs-0.0.0-py3.12.egg-info/dependency_links.txt
[1.300s] -- Up-to-date symlink: /home/tdp378/DingoQuadruped/dingo_ws/install/dingo_control_msgs/lib/python3.12/site-packages/dingo_control_msgs-0.0.0-py3.12.egg-info/top_level.txt
[1.300s] -- Up-to-date symlink: /home/tdp378/DingoQuadruped/dingo_ws/install/dingo_control_msgs/lib/python3.12/site-packages/dingo_control_msgs/__init__.py
[1.300s] -- Up-to-date symlink: /home/tdp378/DingoQuadruped/dingo_ws/install/dingo_control_msgs/lib/python3.12/site-packages/dingo_control_msgs/_dingo_control_msgs_s.ep.rosidl_typesupport_c.c
[1.300s] -- Up-to-date symlink: /home/tdp378/DingoQuadruped/dingo_ws/install/dingo_control_msgs/lib/python3.12/site-packages/dingo_control_msgs/_dingo_control_msgs_s.ep.rosidl_typesupport_fastrtps_c.c
[1.301s] -- Up-to-date symlink: /home/tdp378/DingoQuadruped/dingo_ws/install/dingo_control_msgs/lib/python3.12/site-packages/dingo_control_msgs/_dingo_control_msgs_s.ep.rosidl_typesupport_introspection_c.c
[1.301s] -- Up-to-date symlink: /home/tdp378/DingoQuadruped/dingo_ws/install/dingo_control_msgs/lib/python3.12/site-packages/dingo_control_msgs/dingo_control_msgs_s__rosidl_typesupport_c.so
[1.301s] -- Up-to-date symlink: /home/tdp378/DingoQuadruped/dingo_ws/install/dingo_control_msgs/lib/python3.12/site-packages/dingo_control_msgs/dingo_control_msgs_s__rosidl_typesupport_fastrtps_c.so
[1.301s] -- Up-to-date symlink: /home/tdp378/DingoQuadruped/dingo_ws/install/dingo_control_msgs/lib/python3.12/site-packages/dingo_control_msgs/dingo_control_msgs_s__rosidl_typesupport_introspection_c.so
[1.301s] -- Up-to-date symlink: /home/tdp378/DingoQuadruped/dingo_ws/install/dingo_control_msgs/lib/python3.12/site-packages/dingo_control_msgs/msg/__init__.py
[1.301s] -- Up-to-date symlink: /home/tdp378/DingoQuadruped/dingo_ws/install/dingo_control_msgs/lib/python3.12/site-packages/dingo_control_msgs/msg/_angle.py
[1.301s] -- Up-to-date symlink: /home/tdp378/DingoQuadruped/dingo_ws/install/dingo_control_msgs/lib/python3.12/site-packages/dingo_control_msgs/msg/_angle_s.c
[1.301s] -- Up-to-date symlink: /home/tdp378/DingoQuadruped/dingo_ws/install/dingo_control_msgs/lib/python3.12/site-packages/dingo_control_msgs/msg/_joint_space.py
[1.301s] -- Up-to-date symlink: /home/tdp378/DingoQuadruped/dingo_ws/install/dingo_control_msgs/lib/python3.12/site-packages/dingo_control_msgs/msg/_joint_space_s.c
[1.301s] -- Up-to-date symlink: /home/tdp378/DingoQuadruped/dingo_ws/install/dingo_control_msgs/lib/python3.12/site-packages/dingo_control_msgs/msg/_task_space.py
[1.301s] -- Up-to-date symlink: /home/tdp378/DingoQuadruped/dingo_ws/install/dingo_control_msgs/lib/python3.12/site-packages/dingo_control_msgs/msg/_task_space_s.c
[1.303s] -- Up-to-date symlink: /home/tdp378/DingoQuadruped/dingo_ws/install/dingo_control_msgs/lib/python3.12/site-packages/dingo_control_msgs/dingo_control_msgs_s__rosidl_typesupport_fastrtps_c.so
[1.303s] -- Up-to-date symlink: /home/tdp378/DingoQuadruped/dingo_ws/install/dingo_control_msgs/lib/python3.12/site-packages/dingo_control_msgs/dingo_control_msgs_s__rosidl_typesupport_introspection_c.so
[1.303s] -- Up-to-date symlink: /home/tdp378/DingoQuadruped/dingo_ws/install/dingo_control_msgs/lib/python3.12/site-packages/dingo_control_msgs/dingo_control_msgs_s__rosidl_typesupport_c.so
[1.304s] -- Up-to-date symlink: /home/tdp378/DingoQuadruped/dingo_ws/install/dingo_control_msgs/share/dingo_control_msgs/msg/Angle.idl
[1.304s] -- Up-to-date symlink: /home/tdp378/DingoQuadruped/dingo_ws/install/dingo_control_msgs/share/dingo_control_msgs/msg/JointSpace.idl
[1.304s] -- Up-to-date symlink: /home/tdp378/DingoQuadruped/dingo_ws/install/dingo_control_msgs/share/dingo_control_msgs/msg/TaskSpace.idl
[1.304s] -- Up-to-date symlink: /home/tdp378/DingoQuadruped/dingo_ws/install/dingo_control_msgs/share/dingo_control_msgs/msg/Angle.msg
[1.304s] -- Up-to-date symlink: /home/tdp378/DingoQuadruped/dingo_ws/install/dingo_control_msgs/share/dingo_control_msgs/msg/JointSpace.msg
[1.304s] -- Up-to-date symlink: /home/tdp378/DingoQuadruped/dingo_ws/install/dingo_control_msgs/share/dingo_control_msgs/msg/TaskSpace.msg
[1.305s] -- Up-to-date symlink: /home/tdp378/DingoQuadruped/dingo_ws/install/dingo_control_msgs/share/ament_index/resource_index/package_run_dependencies/dingo_control_msgs
[1.305s] -- Up-to-date symlink: /home/tdp378/DingoQuadruped/dingo_ws/install/dingo_control_msgs/share/ament_index/resource_index/parent_prefix_path/dingo_control_msgs
[1.305s] -- Up-to-date symlink: /home/tdp378/DingoQuadruped/dingo_ws/install/dingo_control_msgs/share/dingo_control_msgs/environment/ament_prefix_path.sh
[1.305s] -- Up-to-date symlink: /home/tdp378/DingoQuadruped/dingo_ws/install/dingo_control_msgs/share/dingo_control_msgs/environment/ament_prefix_path.dsv
[1.305s] -- Up-to-date symlink: /home/tdp378/DingoQuadruped/dingo_ws/install/dingo_control_msgs/share/dingo_control_msgs/environment/path.sh
[1.305s] -- Up-to-date symlink: /home/tdp378/DingoQuadruped/dingo_ws/install/dingo_control_msgs/share/dingo_control_msgs/environment/path.dsv
[1.306s] -- Up-to-date symlink: /home/tdp378/DingoQuadruped/dingo_ws/install/dingo_control_msgs/share/dingo_control_msgs/local_setup.bash
[1.306s] -- Up-to-date symlink: /home/tdp378/DingoQuadruped/dingo_ws/install/dingo_control_msgs/share/dingo_control_msgs/local_setup.sh
[1.306s] -- Up-to-date symlink: /home/tdp378/DingoQuadruped/dingo_ws/install/dingo_control_msgs/share/dingo_control_msgs/local_setup.zsh
[1.306s] -- Up-to-date symlink: /home/tdp378/DingoQuadruped/dingo_ws/install/dingo_control_msgs/share/dingo_control_msgs/local_setup.dsv
[1.306s] -- Symlinking: /home/tdp378/DingoQuadruped/dingo_ws/install/dingo_control_msgs/share/dingo_control_msgs/package.dsv
[1.320s] -- Up-to-date symlink: /home/tdp378/DingoQuadruped/dingo_ws/install/dingo_control_msgs/share/ament_index/resource_index/packages/dingo_control_msgs
[1.320s] -- Up-to-date symlink: /home/tdp378/DingoQuadruped/dingo_ws/install/dingo_control_msgs/share/dingo_control_msgs/cmake/rosidl_cmake-extras.cmake
[1.320s] -- Up-to-date symlink: /home/tdp378/DingoQuadruped/dingo_ws/install/dingo_control_msgs/share/dingo_control_msgs/cmake/ament_cmake_export_dependencies-extras.cmake
[1.320s] -- Up-to-date symlink: /home/tdp378/DingoQuadruped/dingo_ws/install/dingo_control_msgs/share/dingo_control_msgs/cmake/ament_cmake_export_include_directories-extras.cmake
[1.320s] -- Up-to-date symlink: /home/tdp378/DingoQuadruped/dingo_ws/install/dingo_control_msgs/share/dingo_control_msgs/cmake/ament_cmake_export_libraries-extras.cmake
[1.320s] -- Up-to-date symlink: /home/tdp378/DingoQuadruped/dingo_ws/install/dingo_control_msgs/share/dingo_control_msgs/cmake/ament_cmake_export_targets-extras.cmake
[1.320s] -- Up-to-date symlink: /home/tdp378/DingoQuadruped/dingo_ws/install/dingo_control_msgs/share/dingo_control_msgs/cmake/rosidl_cmake_export_typesupport_targets-extras.cmake
[1.320s] -- Up-to-date symlink: /home/tdp378/DingoQuadruped/dingo_ws/install/dingo_control_msgs/share/dingo_control_msgs/cmake/rosidl_cmake_export_typesupport_libraries-extras.cmake
[1.320s] -- Up-to-date symlink: /home/tdp378/DingoQuadruped/dingo_ws/install/dingo_control_msgs/share/dingo_control_msgs/cmake/dingo_control_msgsConfig.cmake
[1.320s] -- Up-to-date symlink: /home/tdp378/DingoQuadruped/dingo_ws/install/dingo_control_msgs/share/dingo_control_msgs/cmake/dingo_control_msgsConfig-version.cmake
[1.320s] -- Up-to-date symlink: /home/tdp378/DingoQuadruped/dingo_ws/install/dingo_control_msgs/share/dingo_control_msgs/package.xml
[1.338s] -- Up-to-date: /home/tdp378/DingoQuadruped/dingo_ws/install/dingo_control_msgs/lib/libdingo_control_msgs__rosidl_generator_c.so
[1.339s] -- Up-to-date: /home/tdp378/DingoQuadruped/dingo_ws/install/dingo_control_msgs/lib/libdingo_control_msgs__rosidl_typesupport_fastrtps_c.so
[1.340s] -- Up-to-date: /home/tdp378/DingoQuadruped/dingo_ws/install/dingo_control_msgs/lib/libdingo_control_msgs__rosidl_typesupport_fastrtps_cpp.so
[1.340s] -- Up-to-date: /home/tdp378/DingoQuadruped/dingo_ws/install/dingo_control_msgs/lib/libdingo_control_msgs__rosidl_typesupport_introspection_c.so
[1.341s] -- Up-to-date: /home/tdp378/DingoQuadruped/dingo_ws/install/dingo_control_msgs/lib/libdingo_control_msgs__rosidl_typesupport_c.so
[1.342s] -- Up-to-date: /home/tdp378/DingoQuadruped/dingo_ws/install/dingo_control_msgs/lib/libdingo_control_msgs__rosidl_typesupport_introspection_cpp.so
[1.342s] -- Up-to-date: /home/tdp378/DingoQuadruped/dingo_ws/install/dingo_control_msgs/lib/libdingo_control_msgs__rosidl_typesupport_cpp.so
[1.370s] Listing '/home/tdp378/DingoQuadruped/dingo_ws/install/dingo_control_msgs/lib/python3.12/site-packages/dingo_control_msgs'...
[1.370s] Listing '/home/tdp378/DingoQuadruped/dingo_ws/install/dingo_control_msgs/lib/python3.12/site-packages/dingo_control_msgs/msg'...
[1.375s] -- Up-to-date: /home/tdp378/DingoQuadruped/dingo_ws/install/dingo_control_msgs/lib/libdingo_control_msgs__rosidl_generator_py.so
[1.375s] -- Up-to-date: /home/tdp378/DingoQuadruped/dingo_ws/install/dingo_control_msgs/share/dingo_control_msgs/cmake/export_dingo_control_msgs__rosidl_generator_cExport.cmake
[1.375s] -- Up-to-date: /home/tdp378/DingoQuadruped/dingo_ws/install/dingo_control_msgs/share/dingo_control_msgs/cmake/export_dingo_control_msgs__rosidl_generator_cExport-noconfig.cmake
[1.379s] -- Up-to-date: /home/tdp378/DingoQuadruped/dingo_ws/install/dingo_control_msgs/share/dingo_control_msgs/cmake/export_dingo_control_msgs__rosidl_typesupport_fastrtps_cExport.cmake
[1.379s] -- Up-to-date: /home/tdp378/DingoQuadruped/dingo_ws/install/dingo_control_msgs/share/dingo_control_msgs/cmake/export_dingo_control_msgs__rosidl_typesupport_fastrtps_cExport-noconfig.cmake
[1.380s] -- Up-to-date: /home/tdp378/DingoQuadruped/dingo_ws/install/dingo_control_msgs/share/dingo_control_msgs/cmake/export_dingo_control_msgs__rosidl_generator_cppExport.cmake
[1.380s] -- Up-to-date: /home/tdp378/DingoQuadruped/dingo_ws/install/dingo_control_msgs/share/dingo_control_msgs/cmake/export_dingo_control_msgs__rosidl_typesupport_fastrtps_cppExport.cmake
[1.380s] -- Up-to-date: /home/tdp378/DingoQuadruped/dingo_ws/install/dingo_control_msgs/share/dingo_control_msgs/cmake/export_dingo_control_msgs__rosidl_typesupport_fastrtps_cppExport-noconfig.cmake
[1.381s] -- Up-to-date: /home/tdp378/DingoQuadruped/dingo_ws/install/dingo_control_msgs/share/dingo_control_msgs/cmake/dingo_control_msgs__rosidl_typesupport_introspection_cExport.cmake
[1.381s] -- Up-to-date: /home/tdp378/DingoQuadruped/dingo_ws/install/dingo_control_msgs/share/dingo_control_msgs/cmake/dingo_control_msgs__rosidl_typesupport_introspection_cExport-noconfig.cmake
[1.381s] -- Up-to-date: /home/tdp378/DingoQuadruped/dingo_ws/install/dingo_control_msgs/share/dingo_control_msgs/cmake/dingo_control_msgs__rosidl_typesupport_cExport.cmake
[1.381s] -- Up-to-date: /home/tdp378/DingoQuadruped/dingo_ws/install/dingo_control_msgs/share/dingo_control_msgs/cmake/dingo_control_msgs__rosidl_typesupport_cExport-noconfig.cmake
[1.381s] -- Up-to-date: /home/tdp378/DingoQuadruped/dingo_ws/install/dingo_control_msgs/share/dingo_control_msgs/cmake/dingo_control_msgs__rosidl_typesupport_introspection_cppExport.cmake
[1.381s] -- Up-to-date: /home/tdp378/DingoQuadruped/dingo_ws/install/dingo_control_msgs/share/dingo_control_msgs/cmake/dingo_control_msgs__rosidl_typesupport_introspection_cppExport-noconfig.cmake
[1.381s] -- Up-to-date: /home/tdp378/DingoQuadruped/dingo_ws/install/dingo_control_msgs/share/dingo_control_msgs/cmake/dingo_control_msgs__rosidl_typesupport_cppExport.cmake
[1.381s] -- Up-to-date: /home/tdp378/DingoQuadruped/dingo_ws/install/dingo_control_msgs/share/dingo_control_msgs/cmake/dingo_control_msgs__rosidl_typesupport_cppExport-noconfig.cmake
[1.382s] -- Up-to-date: /home/tdp378/DingoQuadruped/dingo_ws/install/dingo_control_msgs/share/dingo_control_msgs/cmake/export_dingo_control_msgs__rosidl_generator_pyExport.cmake
[1.382s] -- Up-to-date: /home/tdp378/DingoQuadruped/dingo_ws/install/dingo_control_msgs/share/dingo_control_msgs/cmake/export_dingo_control_msgs__rosidl_generator_pyExport-noconfig.cmake
[1.391s] Invoked command in '/home/tdp378/DingoQuadruped/dingo_ws/build/dingo_control_msgs' returned '0': CMAKE_PREFIX_PATH=${CMAKE_PREFIX_PATH}:/opt/ros/jazzy DEBUGINFOD_URLS=https://debuginfod.ubuntu.com /usr/bin/cmake --install /home/tdp378/DingoQuadruped/dingo_ws/build/dingo_control_msgs
