[0.079s] Invoking command in '/home/tdp378/DingoQuadruped/build/dingo_control_msgs': CMAKE_PREFIX_PATH=${CMAKE_PREFIX_PATH}:/home/tdp378/DingoQuadruped/install/dingo_utilities:/opt/ros/jazzy DEBUGINFOD_URLS=https://debuginfod.ubuntu.com /usr/bin/cmake --build /home/tdp378/DingoQuadruped/build/dingo_control_msgs -- -j16 -l16
[0.309s] [  1%] Built target dingo_control_msgs__rosidl_generator_type_description
[0.309s] [  1%] Built target ament_cmake_python_symlink_dingo_control_msgs
[0.309s] [  3%] Built target dingo_control_msgs__cpp
[0.309s] [ 24%] Built target dingo_control_msgs__rosidl_generator_c
[0.309s] [ 33%] Built target dingo_control_msgs__rosidl_typesupport_fastrtps_c
[0.309s] [ 42%] Built target dingo_control_msgs__rosidl_typesupport_cpp
[0.309s] [ 51%] Built target dingo_control_msgs__rosidl_typesupport_introspection_cpp
[0.309s] [ 61%] Built target dingo_control_msgs__rosidl_typesupport_c
[0.309s] [ 70%] Built target dingo_control_msgs__rosidl_typesupport_fastrtps_cpp
[0.310s] [ 79%] Built target dingo_control_msgs__rosidl_typesupport_introspection_c
[0.310s] [ 79%] Built target dingo_control_msgs
[0.310s] [ 81%] Built target dingo_control_msgs__py
[0.310s] running egg_info
[0.321s] writing dingo_control_msgs.egg-info/PKG-INFO
[0.321s] writing dependency_links to dingo_control_msgs.egg-info/dependency_links.txt
[0.321s] writing top-level names to dingo_control_msgs.egg-info/top_level.txt
[0.361s] [ 88%] Built target dingo_control_msgs__rosidl_generator_py
[0.363s] reading manifest file 'dingo_control_msgs.egg-info/SOURCES.txt'
[0.378s] [100%] Built target dingo_control_msgs_s__rosidl_typesupport_fastrtps_c
[0.378s] [100%] Built target dingo_control_msgs_s__rosidl_typesupport_introspection_c
[0.378s] [100%] Built target dingo_control_msgs_s__rosidl_typesupport_c
[0.403s] writing manifest file 'dingo_control_msgs.egg-info/SOURCES.txt'
[0.422s] [100%] Built target ament_cmake_python_build_dingo_control_msgs_egg
[0.430s] Invoked command in '/home/tdp378/DingoQuadruped/build/dingo_control_msgs' returned '0': CMAKE_PREFIX_PATH=${CMAKE_PREFIX_PATH}:/home/tdp378/DingoQuadruped/install/dingo_utilities:/opt/ros/jazzy DEBUGINFOD_URLS=https://debuginfod.ubuntu.com /usr/bin/cmake --build /home/tdp378/DingoQuadruped/build/dingo_control_msgs -- -j16 -l16
[0.431s] Invoking command in '/home/tdp378/DingoQuadruped/build/dingo_control_msgs': CMAKE_PREFIX_PATH=${CMAKE_PREFIX_PATH}:/home/tdp378/DingoQuadruped/install/dingo_utilities:/opt/ros/jazzy DEBUGINFOD_URLS=https://debuginfod.ubuntu.com /usr/bin/cmake --install /home/tdp378/DingoQuadruped/build/dingo_control_msgs
[0.436s] -- Install configuration: ""
[0.443s] -- Execute custom install script
[0.467s] -- Up-to-date symlink: /home/tdp378/DingoQuadruped/install/dingo_control_msgs/share/ament_index/resource_index/rosidl_interfaces/dingo_control_msgs
[0.467s] -- Up-to-date symlink: /home/tdp378/DingoQuadruped/install/dingo_control_msgs/share/dingo_control_msgs/msg/Angle.json
[0.471s] -- Up-to-date symlink: /home/tdp378/DingoQuadruped/install/dingo_control_msgs/share/dingo_control_msgs/msg/JointSpace.json
[0.483s] -- Up-to-date symlink: /home/tdp378/DingoQuadruped/install/dingo_control_msgs/share/dingo_control_msgs/msg/TaskSpace.json
[0.500s] -- Up-to-date symlink: /home/tdp378/DingoQuadruped/install/dingo_control_msgs/include/dingo_control_msgs/dingo_control_msgs/msg/angle.h
[0.500s] -- Up-to-date symlink: /home/tdp378/DingoQuadruped/install/dingo_control_msgs/include/dingo_control_msgs/dingo_control_msgs/msg/detail/angle__functions.h
[0.500s] -- Up-to-date symlink: /home/tdp378/DingoQuadruped/install/dingo_control_msgs/include/dingo_control_msgs/dingo_control_msgs/msg/detail/angle__struct.h
[0.500s] -- Up-to-date symlink: /home/tdp378/DingoQuadruped/install/dingo_control_msgs/include/dingo_control_msgs/dingo_control_msgs/msg/detail/angle__type_support.h
[0.500s] -- Up-to-date symlink: /home/tdp378/DingoQuadruped/install/dingo_control_msgs/include/dingo_control_msgs/dingo_control_msgs/msg/detail/joint_space__functions.h
[0.501s] -- Up-to-date symlink: /home/tdp378/DingoQuadruped/install/dingo_control_msgs/include/dingo_control_msgs/dingo_control_msgs/msg/detail/joint_space__struct.h
[0.518s] -- Up-to-date symlink: /home/tdp378/DingoQuadruped/install/dingo_control_msgs/include/dingo_control_msgs/dingo_control_msgs/msg/detail/joint_space__type_support.h
[0.518s] -- Up-to-date symlink: /home/tdp378/DingoQuadruped/install/dingo_control_msgs/include/dingo_control_msgs/dingo_control_msgs/msg/detail/task_space__functions.h
[0.518s] -- Up-to-date symlink: /home/tdp378/DingoQuadruped/install/dingo_control_msgs/include/dingo_control_msgs/dingo_control_msgs/msg/detail/task_space__struct.h
[0.518s] -- Up-to-date symlink: /home/tdp378/DingoQuadruped/install/dingo_control_msgs/include/dingo_control_msgs/dingo_control_msgs/msg/detail/task_space__type_support.h
[0.518s] -- Up-to-date symlink: /home/tdp378/DingoQuadruped/install/dingo_control_msgs/include/dingo_control_msgs/dingo_control_msgs/msg/joint_space.h
[0.519s] -- Up-to-date symlink: /home/tdp378/DingoQuadruped/install/dingo_control_msgs/include/dingo_control_msgs/dingo_control_msgs/msg/rosidl_generator_c__visibility_control.h
[0.519s] -- Up-to-date symlink: /home/tdp378/DingoQuadruped/install/dingo_control_msgs/include/dingo_control_msgs/dingo_control_msgs/msg/task_space.h
[0.519s] -- Up-to-date symlink: /home/tdp378/DingoQuadruped/install/dingo_control_msgs/share/dingo_control_msgs/environment/library_path.sh
[0.519s] -- Up-to-date symlink: /home/tdp378/DingoQuadruped/install/dingo_control_msgs/share/dingo_control_msgs/environment/library_path.dsv
[0.537s] -- Up-to-date symlink: /home/tdp378/DingoQuadruped/install/dingo_control_msgs/include/dingo_control_msgs/dingo_control_msgs/msg/detail/angle__rosidl_typesupport_fastrtps_c.h
[0.537s] -- Up-to-date symlink: /home/tdp378/DingoQuadruped/install/dingo_control_msgs/include/dingo_control_msgs/dingo_control_msgs/msg/detail/joint_space__rosidl_typesupport_fastrtps_c.h
[0.537s] -- Up-to-date symlink: /home/tdp378/DingoQuadruped/install/dingo_control_msgs/include/dingo_control_msgs/dingo_control_msgs/msg/detail/task_space__rosidl_typesupport_fastrtps_c.h
[0.537s] -- Up-to-date symlink: /home/tdp378/DingoQuadruped/install/dingo_control_msgs/include/dingo_control_msgs/dingo_control_msgs/msg/rosidl_typesupport_fastrtps_c__visibility_control.h
[0.538s] -- Up-to-date symlink: /home/tdp378/DingoQuadruped/install/dingo_control_msgs/include/dingo_control_msgs/dingo_control_msgs/msg/angle.hpp
[0.538s] -- Up-to-date symlink: /home/tdp378/DingoQuadruped/install/dingo_control_msgs/include/dingo_control_msgs/dingo_control_msgs/msg/detail/angle__builder.hpp
[0.538s] -- Up-to-date symlink: /home/tdp378/DingoQuadruped/install/dingo_control_msgs/include/dingo_control_msgs/dingo_control_msgs/msg/detail/angle__struct.hpp
[0.538s] -- Up-to-date symlink: /home/tdp378/DingoQuadruped/install/dingo_control_msgs/include/dingo_control_msgs/dingo_control_msgs/msg/detail/angle__traits.hpp
[0.542s] -- Up-to-date symlink: /home/tdp378/DingoQuadruped/install/dingo_control_msgs/include/dingo_control_msgs/dingo_control_msgs/msg/detail/angle__type_support.hpp
[0.556s] -- Up-to-date symlink: /home/tdp378/DingoQuadruped/install/dingo_control_msgs/include/dingo_control_msgs/dingo_control_msgs/msg/detail/joint_space__builder.hpp
[0.556s] -- Up-to-date symlink: /home/tdp378/DingoQuadruped/install/dingo_control_msgs/include/dingo_control_msgs/dingo_control_msgs/msg/detail/joint_space__struct.hpp
[0.556s] -- Up-to-date symlink: /home/tdp378/DingoQuadruped/install/dingo_control_msgs/include/dingo_control_msgs/dingo_control_msgs/msg/detail/joint_space__traits.hpp
[0.556s] -- Up-to-date symlink: /home/tdp378/DingoQuadruped/install/dingo_control_msgs/include/dingo_control_msgs/dingo_control_msgs/msg/detail/joint_space__type_support.hpp
[0.556s] -- Up-to-date symlink: /home/tdp378/DingoQuadruped/install/dingo_control_msgs/include/dingo_control_msgs/dingo_control_msgs/msg/detail/task_space__builder.hpp
[0.557s] -- Up-to-date symlink: /home/tdp378/DingoQuadruped/install/dingo_control_msgs/include/dingo_control_msgs/dingo_control_msgs/msg/detail/task_space__struct.hpp
[0.557s] -- Up-to-date symlink: /home/tdp378/DingoQuadruped/install/dingo_control_msgs/include/dingo_control_msgs/dingo_control_msgs/msg/detail/task_space__traits.hpp
[0.557s] -- Up-to-date symlink: /home/tdp378/DingoQuadruped/install/dingo_control_msgs/include/dingo_control_msgs/dingo_control_msgs/msg/detail/task_space__type_support.hpp
[0.557s] -- Up-to-date symlink: /home/tdp378/DingoQuadruped/install/dingo_control_msgs/include/dingo_control_msgs/dingo_control_msgs/msg/joint_space.hpp
[0.557s] -- Up-to-date symlink: /home/tdp378/DingoQuadruped/install/dingo_control_msgs/include/dingo_control_msgs/dingo_control_msgs/msg/rosidl_generator_cpp__visibility_control.hpp
[0.558s] -- Up-to-date symlink: /home/tdp378/DingoQuadruped/install/dingo_control_msgs/include/dingo_control_msgs/dingo_control_msgs/msg/task_space.hpp
[0.558s] -- Up-to-date symlink: /home/tdp378/DingoQuadruped/install/dingo_control_msgs/include/dingo_control_msgs/dingo_control_msgs/msg/detail/angle__rosidl_typesupport_fastrtps_cpp.hpp
[0.567s] -- Up-to-date symlink: /home/tdp378/DingoQuadruped/install/dingo_control_msgs/include/dingo_control_msgs/dingo_control_msgs/msg/detail/joint_space__rosidl_typesupport_fastrtps_cpp.hpp
[0.567s] -- Up-to-date symlink: /home/tdp378/DingoQuadruped/install/dingo_control_msgs/include/dingo_control_msgs/dingo_control_msgs/msg/detail/task_space__rosidl_typesupport_fastrtps_cpp.hpp
[0.567s] -- Up-to-date symlink: /home/tdp378/DingoQuadruped/install/dingo_control_msgs/include/dingo_control_msgs/dingo_control_msgs/msg/rosidl_typesupport_fastrtps_cpp__visibility_control.h
[0.568s] -- Up-to-date symlink: /home/tdp378/DingoQuadruped/install/dingo_control_msgs/include/dingo_control_msgs/dingo_control_msgs/msg/detail/angle__rosidl_typesupport_introspection_c.h
[0.581s] -- Up-to-date symlink: /home/tdp378/DingoQuadruped/install/dingo_control_msgs/include/dingo_control_msgs/dingo_control_msgs/msg/detail/joint_space__rosidl_typesupport_introspection_c.h
[0.581s] -- Up-to-date symlink: /home/tdp378/DingoQuadruped/install/dingo_control_msgs/include/dingo_control_msgs/dingo_control_msgs/msg/detail/task_space__rosidl_typesupport_introspection_c.h
[0.603s] -- Up-to-date symlink: /home/tdp378/DingoQuadruped/install/dingo_control_msgs/include/dingo_control_msgs/dingo_control_msgs/msg/rosidl_typesupport_introspection_c__visibility_control.h
[0.603s] -- Up-to-date symlink: /home/tdp378/DingoQuadruped/install/dingo_control_msgs/include/dingo_control_msgs/dingo_control_msgs/msg/detail/angle__rosidl_typesupport_introspection_cpp.hpp
[0.603s] -- Up-to-date symlink: /home/tdp378/DingoQuadruped/install/dingo_control_msgs/include/dingo_control_msgs/dingo_control_msgs/msg/detail/joint_space__rosidl_typesupport_introspection_cpp.hpp
[0.620s] -- Up-to-date symlink: /home/tdp378/DingoQuadruped/install/dingo_control_msgs/include/dingo_control_msgs/dingo_control_msgs/msg/detail/task_space__rosidl_typesupport_introspection_cpp.hpp
[0.621s] -- Up-to-date symlink: /home/tdp378/DingoQuadruped/install/dingo_control_msgs/share/dingo_control_msgs/environment/pythonpath.sh
[0.621s] -- Up-to-date symlink: /home/tdp378/DingoQuadruped/install/dingo_control_msgs/share/dingo_control_msgs/environment/pythonpath.dsv
[0.624s] -- Up-to-date symlink: /home/tdp378/DingoQuadruped/install/dingo_control_msgs/lib/python3.12/site-packages/dingo_control_msgs-0.0.0-py3.12.egg-info/PKG-INFO
[0.627s] -- Up-to-date symlink: /home/tdp378/DingoQuadruped/install/dingo_control_msgs/lib/python3.12/site-packages/dingo_control_msgs-0.0.0-py3.12.egg-info/SOURCES.txt
[0.627s] -- Up-to-date symlink: /home/tdp378/DingoQuadruped/install/dingo_control_msgs/lib/python3.12/site-packages/dingo_control_msgs-0.0.0-py3.12.egg-info/dependency_links.txt
[0.627s] -- Up-to-date symlink: /home/tdp378/DingoQuadruped/install/dingo_control_msgs/lib/python3.12/site-packages/dingo_control_msgs-0.0.0-py3.12.egg-info/top_level.txt
[0.627s] -- Up-to-date symlink: /home/tdp378/DingoQuadruped/install/dingo_control_msgs/lib/python3.12/site-packages/dingo_control_msgs/__init__.py
[0.628s] -- Up-to-date symlink: /home/tdp378/DingoQuadruped/install/dingo_control_msgs/lib/python3.12/site-packages/dingo_control_msgs/_dingo_control_msgs_s.ep.rosidl_typesupport_c.c
[0.628s] -- Up-to-date symlink: /home/tdp378/DingoQuadruped/install/dingo_control_msgs/lib/python3.12/site-packages/dingo_control_msgs/_dingo_control_msgs_s.ep.rosidl_typesupport_fastrtps_c.c
[0.654s] -- Up-to-date symlink: /home/tdp378/DingoQuadruped/install/dingo_control_msgs/lib/python3.12/site-packages/dingo_control_msgs/_dingo_control_msgs_s.ep.rosidl_typesupport_introspection_c.c
[0.667s] -- Up-to-date symlink: /home/tdp378/DingoQuadruped/install/dingo_control_msgs/lib/python3.12/site-packages/dingo_control_msgs/dingo_control_msgs_s__rosidl_typesupport_c.so
[0.667s] -- Up-to-date symlink: /home/tdp378/DingoQuadruped/install/dingo_control_msgs/lib/python3.12/site-packages/dingo_control_msgs/dingo_control_msgs_s__rosidl_typesupport_fastrtps_c.so
[0.673s] -- Up-to-date symlink: /home/tdp378/DingoQuadruped/install/dingo_control_msgs/lib/python3.12/site-packages/dingo_control_msgs/dingo_control_msgs_s__rosidl_typesupport_introspection_c.so
[0.689s] -- Up-to-date symlink: /home/tdp378/DingoQuadruped/install/dingo_control_msgs/lib/python3.12/site-packages/dingo_control_msgs/msg/__init__.py
[0.705s] -- Up-to-date symlink: /home/tdp378/DingoQuadruped/install/dingo_control_msgs/lib/python3.12/site-packages/dingo_control_msgs/msg/_angle.py
[0.705s] -- Up-to-date symlink: /home/tdp378/DingoQuadruped/install/dingo_control_msgs/lib/python3.12/site-packages/dingo_control_msgs/msg/_angle_s.c
[0.705s] -- Up-to-date symlink: /home/tdp378/DingoQuadruped/install/dingo_control_msgs/lib/python3.12/site-packages/dingo_control_msgs/msg/_joint_space.py
[0.723s] -- Up-to-date symlink: /home/tdp378/DingoQuadruped/install/dingo_control_msgs/lib/python3.12/site-packages/dingo_control_msgs/msg/_joint_space_s.c
[0.723s] -- Up-to-date symlink: /home/tdp378/DingoQuadruped/install/dingo_control_msgs/lib/python3.12/site-packages/dingo_control_msgs/msg/_task_space.py
[0.723s] -- Up-to-date symlink: /home/tdp378/DingoQuadruped/install/dingo_control_msgs/lib/python3.12/site-packages/dingo_control_msgs/msg/_task_space_s.c
[0.724s] -- Up-to-date symlink: /home/tdp378/DingoQuadruped/install/dingo_control_msgs/lib/python3.12/site-packages/dingo_control_msgs/dingo_control_msgs_s__rosidl_typesupport_fastrtps_c.so
[0.724s] -- Up-to-date symlink: /home/tdp378/DingoQuadruped/install/dingo_control_msgs/lib/python3.12/site-packages/dingo_control_msgs/dingo_control_msgs_s__rosidl_typesupport_introspection_c.so
[0.724s] -- Up-to-date symlink: /home/tdp378/DingoQuadruped/install/dingo_control_msgs/lib/python3.12/site-packages/dingo_control_msgs/dingo_control_msgs_s__rosidl_typesupport_c.so
[0.724s] -- Up-to-date symlink: /home/tdp378/DingoQuadruped/install/dingo_control_msgs/share/dingo_control_msgs/msg/Angle.idl
[0.724s] -- Up-to-date symlink: /home/tdp378/DingoQuadruped/install/dingo_control_msgs/share/dingo_control_msgs/msg/JointSpace.idl
[0.732s] -- Up-to-date symlink: /home/tdp378/DingoQuadruped/install/dingo_control_msgs/share/dingo_control_msgs/msg/TaskSpace.idl
[0.733s] -- Up-to-date symlink: /home/tdp378/DingoQuadruped/install/dingo_control_msgs/share/dingo_control_msgs/msg/Angle.msg
[0.734s] -- Up-to-date symlink: /home/tdp378/DingoQuadruped/install/dingo_control_msgs/share/dingo_control_msgs/msg/JointSpace.msg
[0.734s] -- Up-to-date symlink: /home/tdp378/DingoQuadruped/install/dingo_control_msgs/share/dingo_control_msgs/msg/TaskSpace.msg
[0.734s] -- Up-to-date symlink: /home/tdp378/DingoQuadruped/install/dingo_control_msgs/share/ament_index/resource_index/package_run_dependencies/dingo_control_msgs
[0.747s] -- Up-to-date symlink: /home/tdp378/DingoQuadruped/install/dingo_control_msgs/share/ament_index/resource_index/parent_prefix_path/dingo_control_msgs
[0.756s] -- Up-to-date symlink: /home/tdp378/DingoQuadruped/install/dingo_control_msgs/share/dingo_control_msgs/environment/ament_prefix_path.sh
[0.758s] -- Up-to-date symlink: /home/tdp378/DingoQuadruped/install/dingo_control_msgs/share/dingo_control_msgs/environment/ament_prefix_path.dsv
[0.764s] -- Up-to-date symlink: /home/tdp378/DingoQuadruped/install/dingo_control_msgs/share/dingo_control_msgs/environment/path.sh
[0.764s] -- Up-to-date symlink: /home/tdp378/DingoQuadruped/install/dingo_control_msgs/share/dingo_control_msgs/environment/path.dsv
[0.764s] -- Up-to-date symlink: /home/tdp378/DingoQuadruped/install/dingo_control_msgs/share/dingo_control_msgs/local_setup.bash
[0.765s] -- Up-to-date symlink: /home/tdp378/DingoQuadruped/install/dingo_control_msgs/share/dingo_control_msgs/local_setup.sh
[0.765s] -- Up-to-date symlink: /home/tdp378/DingoQuadruped/install/dingo_control_msgs/share/dingo_control_msgs/local_setup.zsh
[0.765s] -- Up-to-date symlink: /home/tdp378/DingoQuadruped/install/dingo_control_msgs/share/dingo_control_msgs/local_setup.dsv
[0.765s] -- Symlinking: /home/tdp378/DingoQuadruped/install/dingo_control_msgs/share/dingo_control_msgs/package.dsv
[0.783s] -- Up-to-date symlink: /home/tdp378/DingoQuadruped/install/dingo_control_msgs/share/ament_index/resource_index/packages/dingo_control_msgs
[0.789s] -- Up-to-date symlink: /home/tdp378/DingoQuadruped/install/dingo_control_msgs/share/dingo_control_msgs/cmake/rosidl_cmake-extras.cmake
[0.789s] -- Up-to-date symlink: /home/tdp378/DingoQuadruped/install/dingo_control_msgs/share/dingo_control_msgs/cmake/ament_cmake_export_dependencies-extras.cmake
[0.789s] -- Up-to-date symlink: /home/tdp378/DingoQuadruped/install/dingo_control_msgs/share/dingo_control_msgs/cmake/ament_cmake_export_include_directories-extras.cmake
[0.789s] -- Up-to-date symlink: /home/tdp378/DingoQuadruped/install/dingo_control_msgs/share/dingo_control_msgs/cmake/ament_cmake_export_libraries-extras.cmake
[0.789s] -- Up-to-date symlink: /home/tdp378/DingoQuadruped/install/dingo_control_msgs/share/dingo_control_msgs/cmake/ament_cmake_export_targets-extras.cmake
[0.790s] -- Up-to-date symlink: /home/tdp378/DingoQuadruped/install/dingo_control_msgs/share/dingo_control_msgs/cmake/rosidl_cmake_export_typesupport_targets-extras.cmake
[0.790s] -- Up-to-date symlink: /home/tdp378/DingoQuadruped/install/dingo_control_msgs/share/dingo_control_msgs/cmake/rosidl_cmake_export_typesupport_libraries-extras.cmake
[0.807s] -- Up-to-date symlink: /home/tdp378/DingoQuadruped/install/dingo_control_msgs/share/dingo_control_msgs/cmake/dingo_control_msgsConfig.cmake
[0.807s] -- Up-to-date symlink: /home/tdp378/DingoQuadruped/install/dingo_control_msgs/share/dingo_control_msgs/cmake/dingo_control_msgsConfig-version.cmake
[0.825s] -- Up-to-date symlink: /home/tdp378/DingoQuadruped/install/dingo_control_msgs/share/dingo_control_msgs/package.xml
[0.843s] -- Up-to-date: /home/tdp378/DingoQuadruped/install/dingo_control_msgs/lib/libdingo_control_msgs__rosidl_generator_c.so
[0.844s] -- Up-to-date: /home/tdp378/DingoQuadruped/install/dingo_control_msgs/lib/libdingo_control_msgs__rosidl_typesupport_fastrtps_c.so
[0.852s] -- Up-to-date: /home/tdp378/DingoQuadruped/install/dingo_control_msgs/lib/libdingo_control_msgs__rosidl_typesupport_fastrtps_cpp.so
[0.853s] -- Up-to-date: /home/tdp378/DingoQuadruped/install/dingo_control_msgs/lib/libdingo_control_msgs__rosidl_typesupport_introspection_c.so
[0.863s] -- Up-to-date: /home/tdp378/DingoQuadruped/install/dingo_control_msgs/lib/libdingo_control_msgs__rosidl_typesupport_c.so
[0.863s] -- Up-to-date: /home/tdp378/DingoQuadruped/install/dingo_control_msgs/lib/libdingo_control_msgs__rosidl_typesupport_introspection_cpp.so
[0.864s] -- Up-to-date: /home/tdp378/DingoQuadruped/install/dingo_control_msgs/lib/libdingo_control_msgs__rosidl_typesupport_cpp.so
[0.904s] Listing '/home/tdp378/DingoQuadruped/install/dingo_control_msgs/lib/python3.12/site-packages/dingo_control_msgs'...
[0.904s] Listing '/home/tdp378/DingoQuadruped/install/dingo_control_msgs/lib/python3.12/site-packages/dingo_control_msgs/msg'...
[0.921s] -- Up-to-date: /home/tdp378/DingoQuadruped/install/dingo_control_msgs/lib/libdingo_control_msgs__rosidl_generator_py.so
[0.922s] -- Up-to-date: /home/tdp378/DingoQuadruped/install/dingo_control_msgs/share/dingo_control_msgs/cmake/export_dingo_control_msgs__rosidl_generator_cExport.cmake
[0.922s] -- Up-to-date: /home/tdp378/DingoQuadruped/install/dingo_control_msgs/share/dingo_control_msgs/cmake/export_dingo_control_msgs__rosidl_generator_cExport-noconfig.cmake
[0.922s] -- Up-to-date: /home/tdp378/DingoQuadruped/install/dingo_control_msgs/share/dingo_control_msgs/cmake/export_dingo_control_msgs__rosidl_typesupport_fastrtps_cExport.cmake
[0.922s] -- Up-to-date: /home/tdp378/DingoQuadruped/install/dingo_control_msgs/share/dingo_control_msgs/cmake/export_dingo_control_msgs__rosidl_typesupport_fastrtps_cExport-noconfig.cmake
[0.922s] -- Up-to-date: /home/tdp378/DingoQuadruped/install/dingo_control_msgs/share/dingo_control_msgs/cmake/export_dingo_control_msgs__rosidl_generator_cppExport.cmake
[0.923s] -- Up-to-date: /home/tdp378/DingoQuadruped/install/dingo_control_msgs/share/dingo_control_msgs/cmake/export_dingo_control_msgs__rosidl_typesupport_fastrtps_cppExport.cmake
[0.923s] -- Up-to-date: /home/tdp378/DingoQuadruped/install/dingo_control_msgs/share/dingo_control_msgs/cmake/export_dingo_control_msgs__rosidl_typesupport_fastrtps_cppExport-noconfig.cmake
[0.923s] -- Up-to-date: /home/tdp378/DingoQuadruped/install/dingo_control_msgs/share/dingo_control_msgs/cmake/dingo_control_msgs__rosidl_typesupport_introspection_cExport.cmake
[0.923s] -- Up-to-date: /home/tdp378/DingoQuadruped/install/dingo_control_msgs/share/dingo_control_msgs/cmake/dingo_control_msgs__rosidl_typesupport_introspection_cExport-noconfig.cmake
[0.923s] -- Up-to-date: /home/tdp378/DingoQuadruped/install/dingo_control_msgs/share/dingo_control_msgs/cmake/dingo_control_msgs__rosidl_typesupport_cExport.cmake
[0.924s] -- Up-to-date: /home/tdp378/DingoQuadruped/install/dingo_control_msgs/share/dingo_control_msgs/cmake/dingo_control_msgs__rosidl_typesupport_cExport-noconfig.cmake
[0.924s] -- Up-to-date: /home/tdp378/DingoQuadruped/install/dingo_control_msgs/share/dingo_control_msgs/cmake/dingo_control_msgs__rosidl_typesupport_introspection_cppExport.cmake
[0.924s] -- Up-to-date: /home/tdp378/DingoQuadruped/install/dingo_control_msgs/share/dingo_control_msgs/cmake/dingo_control_msgs__rosidl_typesupport_introspection_cppExport-noconfig.cmake
[0.924s] -- Up-to-date: /home/tdp378/DingoQuadruped/install/dingo_control_msgs/share/dingo_control_msgs/cmake/dingo_control_msgs__rosidl_typesupport_cppExport.cmake
[0.924s] -- Up-to-date: /home/tdp378/DingoQuadruped/install/dingo_control_msgs/share/dingo_control_msgs/cmake/dingo_control_msgs__rosidl_typesupport_cppExport-noconfig.cmake
[0.929s] -- Up-to-date: /home/tdp378/DingoQuadruped/install/dingo_control_msgs/share/dingo_control_msgs/cmake/export_dingo_control_msgs__rosidl_generator_pyExport.cmake
[0.929s] -- Up-to-date: /home/tdp378/DingoQuadruped/install/dingo_control_msgs/share/dingo_control_msgs/cmake/export_dingo_control_msgs__rosidl_generator_pyExport-noconfig.cmake
[0.930s] Invoked command in '/home/tdp378/DingoQuadruped/build/dingo_control_msgs' returned '0': CMAKE_PREFIX_PATH=${CMAKE_PREFIX_PATH}:/home/tdp378/DingoQuadruped/install/dingo_utilities:/opt/ros/jazzy DEBUGINFOD_URLS=https://debuginfod.ubuntu.com /usr/bin/cmake --install /home/tdp378/DingoQuadruped/build/dingo_control_msgs
