[0.372s] Invoking command in '/home/tdp378/DingoQuadruped/dingo_ws/build/dingo_behaviors': CMAKE_PREFIX_PATH=${CMAKE_PREFIX_PATH}:/home/tdp378/DingoQuadruped/dingo_ws/install/dingo_utilities:/opt/ros/jazzy DEBUGINFOD_URLS=https://debuginfod.ubuntu.com /usr/bin/cmake /home/tdp378/DingoQuadruped/dingo_ws/src/dingo_behaviors -DAMENT_CMAKE_SYMLINK_INSTALL=1 -DCMAKE_INSTALL_PREFIX=/home/tdp378/DingoQuadruped/dingo_ws/install/dingo_behaviors
[0.380s] -- Found ament_cmake: 2.5.5 (/opt/ros/jazzy/share/ament_cmake/cmake)
[0.534s] -- Override CMake install command with custom implementation using symlinks instead of copying resources
[0.604s] -- Configuring done (0.2s)
[0.606s] -- Generating done (0.0s)
[0.626s] -- Build files have been written to: /home/tdp378/DingoQuadruped/dingo_ws/build/dingo_behaviors
[0.630s] Invoked command in '/home/tdp378/DingoQuadruped/dingo_ws/build/dingo_behaviors' returned '0': CMAKE_PREFIX_PATH=${CMAKE_PREFIX_PATH}:/home/tdp378/DingoQuadruped/dingo_ws/install/dingo_utilities:/opt/ros/jazzy DEBUGINFOD_URLS=https://debuginfod.ubuntu.com /usr/bin/cmake /home/tdp378/DingoQuadruped/dingo_ws/src/dingo_behaviors -DAMENT_CMAKE_SYMLINK_INSTALL=1 -DCMAKE_INSTALL_PREFIX=/home/tdp378/DingoQuadruped/dingo_ws/install/dingo_behaviors
[0.632s] Invoking command in '/home/tdp378/DingoQuadruped/dingo_ws/build/dingo_behaviors': CMAKE_PREFIX_PATH=${CMAKE_PREFIX_PATH}:/home/tdp378/DingoQuadruped/dingo_ws/install/dingo_utilities:/opt/ros/jazzy DEBUGINFOD_URLS=https://debuginfod.ubuntu.com /usr/bin/cmake --build /home/tdp378/DingoQuadruped/dingo_ws/build/dingo_behaviors -- -j16 -l16
[0.708s] Invoked command in '/home/tdp378/DingoQuadruped/dingo_ws/build/dingo_behaviors' returned '0': CMAKE_PREFIX_PATH=${CMAKE_PREFIX_PATH}:/home/tdp378/DingoQuadruped/dingo_ws/install/dingo_utilities:/opt/ros/jazzy DEBUGINFOD_URLS=https://debuginfod.ubuntu.com /usr/bin/cmake --build /home/tdp378/DingoQuadruped/dingo_ws/build/dingo_behaviors -- -j16 -l16
[0.709s] Invoking command in '/home/tdp378/DingoQuadruped/dingo_ws/build/dingo_behaviors': CMAKE_PREFIX_PATH=${CMAKE_PREFIX_PATH}:/home/tdp378/DingoQuadruped/dingo_ws/install/dingo_utilities:/opt/ros/jazzy DEBUGINFOD_URLS=https://debuginfod.ubuntu.com /usr/bin/cmake --install /home/tdp378/DingoQuadruped/dingo_ws/build/dingo_behaviors
[0.715s] -- Install configuration: ""
[0.715s] -- Execute custom install script
[0.716s] -- Up-to-date symlink: /home/tdp378/DingoQuadruped/dingo_ws/install/dingo_behaviors/lib/dingo_behaviors/mode_manager.py
[0.716s] -- Up-to-date symlink: /home/tdp378/DingoQuadruped/dingo_ws/install/dingo_behaviors/share/dingo_behaviors/launch/behaviors.launch.py
[0.716s] -- Up-to-date symlink: /home/tdp378/DingoQuadruped/dingo_ws/install/dingo_behaviors/share/dingo_behaviors/config/poses.yaml
[0.716s] -- Up-to-date symlink: /home/tdp378/DingoQuadruped/dingo_ws/install/dingo_behaviors/share/ament_index/resource_index/package_run_dependencies/dingo_behaviors
[0.716s] -- Up-to-date symlink: /home/tdp378/DingoQuadruped/dingo_ws/install/dingo_behaviors/share/ament_index/resource_index/parent_prefix_path/dingo_behaviors
[0.716s] -- Up-to-date symlink: /home/tdp378/DingoQuadruped/dingo_ws/install/dingo_behaviors/share/dingo_behaviors/environment/ament_prefix_path.sh
[0.716s] -- Up-to-date symlink: /home/tdp378/DingoQuadruped/dingo_ws/install/dingo_behaviors/share/dingo_behaviors/environment/ament_prefix_path.dsv
[0.716s] -- Up-to-date symlink: /home/tdp378/DingoQuadruped/dingo_ws/install/dingo_behaviors/share/dingo_behaviors/environment/path.sh
[0.716s] -- Up-to-date symlink: /home/tdp378/DingoQuadruped/dingo_ws/install/dingo_behaviors/share/dingo_behaviors/environment/path.dsv
[0.717s] -- Up-to-date symlink: /home/tdp378/DingoQuadruped/dingo_ws/install/dingo_behaviors/share/dingo_behaviors/local_setup.bash
[0.717s] -- Up-to-date symlink: /home/tdp378/DingoQuadruped/dingo_ws/install/dingo_behaviors/share/dingo_behaviors/local_setup.sh
[0.717s] -- Up-to-date symlink: /home/tdp378/DingoQuadruped/dingo_ws/install/dingo_behaviors/share/dingo_behaviors/local_setup.zsh
[0.717s] -- Up-to-date symlink: /home/tdp378/DingoQuadruped/dingo_ws/install/dingo_behaviors/share/dingo_behaviors/local_setup.dsv
[0.717s] -- Symlinking: /home/tdp378/DingoQuadruped/dingo_ws/install/dingo_behaviors/share/dingo_behaviors/package.dsv
[0.724s] -- Up-to-date symlink: /home/tdp378/DingoQuadruped/dingo_ws/install/dingo_behaviors/share/ament_index/resource_index/packages/dingo_behaviors
[0.724s] -- Up-to-date symlink: /home/tdp378/DingoQuadruped/dingo_ws/install/dingo_behaviors/share/dingo_behaviors/cmake/dingo_behaviorsConfig.cmake
[0.724s] -- Up-to-date symlink: /home/tdp378/DingoQuadruped/dingo_ws/install/dingo_behaviors/share/dingo_behaviors/cmake/dingo_behaviorsConfig-version.cmake
[0.724s] -- Up-to-date symlink: /home/tdp378/DingoQuadruped/dingo_ws/install/dingo_behaviors/share/dingo_behaviors/package.xml
[0.725s] Invoked command in '/home/tdp378/DingoQuadruped/dingo_ws/build/dingo_behaviors' returned '0': CMAKE_PREFIX_PATH=${CMAKE_PREFIX_PATH}:/home/tdp378/DingoQuadruped/dingo_ws/install/dingo_utilities:/opt/ros/jazzy DEBUGINFOD_URLS=https://debuginfod.ubuntu.com /usr/bin/cmake --install /home/tdp378/DingoQuadruped/dingo_ws/build/dingo_behaviors
