[0.145s] Invoking command in '/home/tdp378/DingoQuadruped/dingo_ws/build/dingo_description': CMAKE_PREFIX_PATH=${CMAKE_PREFIX_PATH}:/opt/ros/jazzy DEBUGINFOD_URLS=https://debuginfod.ubuntu.com /usr/bin/cmake /home/tdp378/DingoQuadruped/dingo_ws/src/dingo_description -DAMENT_CMAKE_SYMLINK_INSTALL=1 -DCMAKE_INSTALL_PREFIX=/home/tdp378/DingoQuadruped/dingo_ws/install/dingo_description
[0.183s] -- The C compiler identification is GNU 13.3.0
[0.221s] -- The CXX compiler identification is GNU 13.3.0
[0.232s] -- Detecting C compiler ABI info
[0.290s] -- Detecting C compiler ABI info - done
[0.296s] -- Check for working C compiler: /usr/bin/cc - skipped
[0.296s] -- Detecting C compile features
[0.297s] -- Detecting C compile features - done
[0.303s] -- Detecting CXX compiler ABI info
[0.369s] -- Detecting CXX compiler ABI info - done
[0.377s] -- Check for working CXX compiler: /usr/bin/c++ - skipped
[0.377s] -- Detecting CXX compile features
[0.378s] -- Detecting CXX compile features - done
[0.380s] -- Found ament_cmake: 2.5.5 (/opt/ros/jazzy/share/ament_cmake/cmake)
[0.490s] -- Found Python3: /usr/bin/python3 (found version "3.12.3") found components: Interpreter 
[0.546s] -- Override CMake install command with custom implementation using symlinks instead of copying resources
[0.643s] -- Configuring done (0.5s)
[0.644s] -- Generating done (0.0s)
[0.645s] -- Build files have been written to: /home/tdp378/DingoQuadruped/dingo_ws/build/dingo_description
[0.648s] Invoked command in '/home/tdp378/DingoQuadruped/dingo_ws/build/dingo_description' returned '0': CMAKE_PREFIX_PATH=${CMAKE_PREFIX_PATH}:/opt/ros/jazzy DEBUGINFOD_URLS=https://debuginfod.ubuntu.com /usr/bin/cmake /home/tdp378/DingoQuadruped/dingo_ws/src/dingo_description -DAMENT_CMAKE_SYMLINK_INSTALL=1 -DCMAKE_INSTALL_PREFIX=/home/tdp378/DingoQuadruped/dingo_ws/install/dingo_description
[0.649s] Invoking command in '/home/tdp378/DingoQuadruped/dingo_ws/build/dingo_description': CMAKE_PREFIX_PATH=${CMAKE_PREFIX_PATH}:/opt/ros/jazzy DEBUGINFOD_URLS=https://debuginfod.ubuntu.com /usr/bin/cmake --build /home/tdp378/DingoQuadruped/dingo_ws/build/dingo_description -- -j16 -l16
[0.675s] Invoked command in '/home/tdp378/DingoQuadruped/dingo_ws/build/dingo_description' returned '0': CMAKE_PREFIX_PATH=${CMAKE_PREFIX_PATH}:/opt/ros/jazzy DEBUGINFOD_URLS=https://debuginfod.ubuntu.com /usr/bin/cmake --build /home/tdp378/DingoQuadruped/dingo_ws/build/dingo_description -- -j16 -l16
[0.681s] Invoking command in '/home/tdp378/DingoQuadruped/dingo_ws/build/dingo_description': CMAKE_PREFIX_PATH=${CMAKE_PREFIX_PATH}:/opt/ros/jazzy DEBUGINFOD_URLS=https://debuginfod.ubuntu.com /usr/bin/cmake --install /home/tdp378/DingoQuadruped/dingo_ws/build/dingo_description
[0.688s] -- Install configuration: ""
[0.688s] -- Execute custom install script
[0.688s] -- Symlinking: /home/tdp378/DingoQuadruped/dingo_ws/install/dingo_description/share/dingo_description/config/joint_names_dingo_description.yaml
[0.695s] -- Symlinking: /home/tdp378/DingoQuadruped/dingo_ws/install/dingo_description/share/dingo_description/launch/dingo_rviz.launch.py
[0.701s] -- Symlinking: /home/tdp378/DingoQuadruped/dingo_ws/install/dingo_description/share/dingo_description/launch/dingo_rviz.rviz
[0.707s] -- Symlinking: /home/tdp378/DingoQuadruped/dingo_ws/install/dingo_description/share/dingo_description/launch/dingo_state_publisher.launch.py
[0.714s] -- Symlinking: /home/tdp378/DingoQuadruped/dingo_ws/install/dingo_description/share/dingo_description/meshes/FL1_obj.mtl
[0.720s] -- Symlinking: /home/tdp378/DingoQuadruped/dingo_ws/install/dingo_description/share/dingo_description/meshes/FL1_obj.obj
[0.727s] -- Symlinking: /home/tdp378/DingoQuadruped/dingo_ws/install/dingo_description/share/dingo_description/meshes/FL_link1.STL
[0.733s] -- Symlinking: /home/tdp378/DingoQuadruped/dingo_ws/install/dingo_description/share/dingo_description/meshes/FL_link1.dae
[0.739s] -- Symlinking: /home/tdp378/DingoQuadruped/dingo_ws/install/dingo_description/share/dingo_description/meshes/FL_link2.STL
[0.745s] -- Symlinking: /home/tdp378/DingoQuadruped/dingo_ws/install/dingo_description/share/dingo_description/meshes/FL_link3.STL
[0.751s] -- Symlinking: /home/tdp378/DingoQuadruped/dingo_ws/install/dingo_description/share/dingo_description/meshes/FL_link4.STL
[0.757s] -- Symlinking: /home/tdp378/DingoQuadruped/dingo_ws/install/dingo_description/share/dingo_description/meshes/FR1_obj.mtl
[0.763s] -- Symlinking: /home/tdp378/DingoQuadruped/dingo_ws/install/dingo_description/share/dingo_description/meshes/FR1_obj.obj
[0.770s] -- Symlinking: /home/tdp378/DingoQuadruped/dingo_ws/install/dingo_description/share/dingo_description/meshes/FR_link1.STL
[0.776s] -- Symlinking: /home/tdp378/DingoQuadruped/dingo_ws/install/dingo_description/share/dingo_description/meshes/FR_link1.dae
[0.782s] -- Symlinking: /home/tdp378/DingoQuadruped/dingo_ws/install/dingo_description/share/dingo_description/meshes/FR_link2.STL
[0.788s] -- Symlinking: /home/tdp378/DingoQuadruped/dingo_ws/install/dingo_description/share/dingo_description/meshes/FR_link3.STL
[0.794s] -- Symlinking: /home/tdp378/DingoQuadruped/dingo_ws/install/dingo_description/share/dingo_description/meshes/FR_link4.STL
[0.801s] -- Symlinking: /home/tdp378/DingoQuadruped/dingo_ws/install/dingo_description/share/dingo_description/meshes/L2_obj.mtl
[0.807s] -- Symlinking: /home/tdp378/DingoQuadruped/dingo_ws/install/dingo_description/share/dingo_description/meshes/L2_obj.obj
[0.814s] -- Symlinking: /home/tdp378/DingoQuadruped/dingo_ws/install/dingo_description/share/dingo_description/meshes/L3_obj.mtl
[0.823s] -- Symlinking: /home/tdp378/DingoQuadruped/dingo_ws/install/dingo_description/share/dingo_description/meshes/L3_obj.obj
[0.826s] -- Symlinking: /home/tdp378/DingoQuadruped/dingo_ws/install/dingo_description/share/dingo_description/meshes/L_link1_collision.STL
[0.833s] -- Symlinking: /home/tdp378/DingoQuadruped/dingo_ws/install/dingo_description/share/dingo_description/meshes/L_link2.dae
[0.839s] -- Symlinking: /home/tdp378/DingoQuadruped/dingo_ws/install/dingo_description/share/dingo_description/meshes/L_link2_collision.STL
[0.845s] -- Symlinking: /home/tdp378/DingoQuadruped/dingo_ws/install/dingo_description/share/dingo_description/meshes/L_link3.dae
[0.851s] -- Symlinking: /home/tdp378/DingoQuadruped/dingo_ws/install/dingo_description/share/dingo_description/meshes/L_link3_collision.STL
[0.857s] -- Symlinking: /home/tdp378/DingoQuadruped/dingo_ws/install/dingo_description/share/dingo_description/meshes/R2_obj.mtl
[0.863s] -- Symlinking: /home/tdp378/DingoQuadruped/dingo_ws/install/dingo_description/share/dingo_description/meshes/R2_obj.obj
[0.869s] -- Symlinking: /home/tdp378/DingoQuadruped/dingo_ws/install/dingo_description/share/dingo_description/meshes/R3_obj.mtl
[0.876s] -- Symlinking: /home/tdp378/DingoQuadruped/dingo_ws/install/dingo_description/share/dingo_description/meshes/R3_obj.obj
[0.882s] -- Symlinking: /home/tdp378/DingoQuadruped/dingo_ws/install/dingo_description/share/dingo_description/meshes/RL1_obj.mtl
[0.888s] -- Symlinking: /home/tdp378/DingoQuadruped/dingo_ws/install/dingo_description/share/dingo_description/meshes/RL1_obj.obj
[0.894s] -- Symlinking: /home/tdp378/DingoQuadruped/dingo_ws/install/dingo_description/share/dingo_description/meshes/RL_link1.STL
[0.900s] -- Symlinking: /home/tdp378/DingoQuadruped/dingo_ws/install/dingo_description/share/dingo_description/meshes/RL_link1.dae
[0.906s] -- Symlinking: /home/tdp378/DingoQuadruped/dingo_ws/install/dingo_description/share/dingo_description/meshes/RL_link2.STL
[0.912s] -- Symlinking: /home/tdp378/DingoQuadruped/dingo_ws/install/dingo_description/share/dingo_description/meshes/RL_link3.STL
[0.918s] -- Symlinking: /home/tdp378/DingoQuadruped/dingo_ws/install/dingo_description/share/dingo_description/meshes/RL_link4.STL
[0.924s] -- Symlinking: /home/tdp378/DingoQuadruped/dingo_ws/install/dingo_description/share/dingo_description/meshes/RR1_obj.mtl
[0.930s] -- Symlinking: /home/tdp378/DingoQuadruped/dingo_ws/install/dingo_description/share/dingo_description/meshes/RR1_obj.obj
[0.936s] -- Symlinking: /home/tdp378/DingoQuadruped/dingo_ws/install/dingo_description/share/dingo_description/meshes/RR_link1.STL
[0.942s] -- Symlinking: /home/tdp378/DingoQuadruped/dingo_ws/install/dingo_description/share/dingo_description/meshes/RR_link1.dae
[0.948s] -- Symlinking: /home/tdp378/DingoQuadruped/dingo_ws/install/dingo_description/share/dingo_description/meshes/RR_link2.STL
[0.954s] -- Symlinking: /home/tdp378/DingoQuadruped/dingo_ws/install/dingo_description/share/dingo_description/meshes/RR_link3.STL
[0.960s] -- Symlinking: /home/tdp378/DingoQuadruped/dingo_ws/install/dingo_description/share/dingo_description/meshes/RR_link4.STL
[0.966s] -- Symlinking: /home/tdp378/DingoQuadruped/dingo_ws/install/dingo_description/share/dingo_description/meshes/R_link1_collision.STL
[0.973s] -- Symlinking: /home/tdp378/DingoQuadruped/dingo_ws/install/dingo_description/share/dingo_description/meshes/R_link2.dae
[0.980s] -- Symlinking: /home/tdp378/DingoQuadruped/dingo_ws/install/dingo_description/share/dingo_description/meshes/R_link2_collision.STL
[0.988s] -- Symlinking: /home/tdp378/DingoQuadruped/dingo_ws/install/dingo_description/share/dingo_description/meshes/R_link3.dae
[0.993s] -- Symlinking: /home/tdp378/DingoQuadruped/dingo_ws/install/dingo_description/share/dingo_description/meshes/R_link3_collision.STL
[0.999s] -- Symlinking: /home/tdp378/DingoQuadruped/dingo_ws/install/dingo_description/share/dingo_description/meshes/base_collision.STL
[1.005s] -- Symlinking: /home/tdp378/DingoQuadruped/dingo_ws/install/dingo_description/share/dingo_description/meshes/base_link.STL
[1.010s] -- Symlinking: /home/tdp378/DingoQuadruped/dingo_ws/install/dingo_description/share/dingo_description/meshes/base_link.dae
[1.017s] -- Symlinking: /home/tdp378/DingoQuadruped/dingo_ws/install/dingo_description/share/dingo_description/meshes/body_obj.mtl
[1.023s] -- Symlinking: /home/tdp378/DingoQuadruped/dingo_ws/install/dingo_description/share/dingo_description/meshes/body_obj.obj
[1.029s] -- Symlinking: /home/tdp378/DingoQuadruped/dingo_ws/install/dingo_description/share/dingo_description/meshes/link4.dae
[1.035s] -- Symlinking: /home/tdp378/DingoQuadruped/dingo_ws/install/dingo_description/share/dingo_description/meshes/link4_collision.STL
[1.041s] -- Symlinking: /home/tdp378/DingoQuadruped/dingo_ws/install/dingo_description/share/dingo_description/meshes/main.py
[1.046s] -- Symlinking: /home/tdp378/DingoQuadruped/dingo_ws/install/dingo_description/share/dingo_description/meshes/thread.jpg
[1.052s] -- Symlinking: /home/tdp378/DingoQuadruped/dingo_ws/install/dingo_description/share/dingo_description/urdf/dingo copy.urdf
[1.059s] -- Symlinking: /home/tdp378/DingoQuadruped/dingo_ws/install/dingo_description/share/dingo_description/urdf/dingo.urdf
[1.065s] -- Symlinking: /home/tdp378/DingoQuadruped/dingo_ws/install/dingo_description/share/dingo_description/urdf/dingo_description.csv
[1.071s] -- Symlinking: /home/tdp378/DingoQuadruped/dingo_ws/install/dingo_description/share/ament_index/resource_index/package_run_dependencies/dingo_description
[1.078s] -- Symlinking: /home/tdp378/DingoQuadruped/dingo_ws/install/dingo_description/share/ament_index/resource_index/parent_prefix_path/dingo_description
[1.084s] -- Symlinking: /home/tdp378/DingoQuadruped/dingo_ws/install/dingo_description/share/dingo_description/environment/ament_prefix_path.sh
[1.090s] -- Symlinking: /home/tdp378/DingoQuadruped/dingo_ws/install/dingo_description/share/dingo_description/environment/ament_prefix_path.dsv
[1.096s] -- Symlinking: /home/tdp378/DingoQuadruped/dingo_ws/install/dingo_description/share/dingo_description/environment/path.sh
[1.102s] -- Symlinking: /home/tdp378/DingoQuadruped/dingo_ws/install/dingo_description/share/dingo_description/environment/path.dsv
[1.108s] -- Symlinking: /home/tdp378/DingoQuadruped/dingo_ws/install/dingo_description/share/dingo_description/local_setup.bash
[1.114s] -- Symlinking: /home/tdp378/DingoQuadruped/dingo_ws/install/dingo_description/share/dingo_description/local_setup.sh
[1.120s] -- Symlinking: /home/tdp378/DingoQuadruped/dingo_ws/install/dingo_description/share/dingo_description/local_setup.zsh
[1.127s] -- Symlinking: /home/tdp378/DingoQuadruped/dingo_ws/install/dingo_description/share/dingo_description/local_setup.dsv
[1.133s] -- Symlinking: /home/tdp378/DingoQuadruped/dingo_ws/install/dingo_description/share/dingo_description/package.dsv
[1.139s] -- Symlinking: /home/tdp378/DingoQuadruped/dingo_ws/install/dingo_description/share/ament_index/resource_index/packages/dingo_description
[1.145s] -- Symlinking: /home/tdp378/DingoQuadruped/dingo_ws/install/dingo_description/share/dingo_description/cmake/dingo_descriptionConfig.cmake
[1.151s] -- Symlinking: /home/tdp378/DingoQuadruped/dingo_ws/install/dingo_description/share/dingo_description/cmake/dingo_descriptionConfig-version.cmake
[1.157s] -- Symlinking: /home/tdp378/DingoQuadruped/dingo_ws/install/dingo_description/share/dingo_description/package.xml
[1.164s] Invoked command in '/home/tdp378/DingoQuadruped/dingo_ws/build/dingo_description' returned '0': CMAKE_PREFIX_PATH=${CMAKE_PREFIX_PATH}:/opt/ros/jazzy DEBUGINFOD_URLS=https://debuginfod.ubuntu.com /usr/bin/cmake --install /home/tdp378/DingoQuadruped/dingo_ws/build/dingo_description
