-- The C compiler identification is GNU 13.3.0
-- The CXX compiler identification is GNU 13.3.0
-- Detecting C compiler ABI info
-- Detecting C compiler ABI info - done
-- Check for working C compiler: /usr/bin/cc - skipped
-- Detecting C compile features
-- Detecting C compile features - done
-- Detecting CXX compiler ABI info
-- Detecting CXX compiler ABI info - done
-- Check for working CXX compiler: /usr/bin/c++ - skipped
-- Detecting CXX compile features
-- Detecting CXX compile features - done
-- Found ament_cmake: 2.5.5 (/opt/ros/jazzy/share/ament_cmake/cmake)
-- Found Python3: /usr/bin/python3 (found version "3.12.3") found components: Interpreter 
-- Override CMake install command with custom implementation using symlinks instead of copying resources
-- Configuring done (0.6s)
-- Generating done (0.0s)
-- Build files have been written to: /home/tdp378/DingoQuadruped/build/dingo
Built target ament_cmake_python_symlink_dingo
running egg_info
creating dingo.egg-info
writing dingo.egg-info/PKG-INFO
writing dependency_links to dingo.egg-info/dependency_links.txt
writing top-level names to dingo.egg-info/top_level.txt
writing manifest file 'dingo.egg-info/SOURCES.txt'
reading manifest file 'dingo.egg-info/SOURCES.txt'
writing manifest file 'dingo.egg-info/SOURCES.txt'
Built target ament_cmake_python_build_dingo_egg
-- Install configuration: ""
-- Execute custom install script
-- Symlinking: /home/tdp378/DingoQuadruped/install/dingo/share/dingo/environment/pythonpath.sh
-- Symlinking: /home/tdp378/DingoQuadruped/install/dingo/share/dingo/environment/pythonpath.dsv
-- Symlinking: /home/tdp378/DingoQuadruped/install/dingo/lib/python3.12/site-packages/dingo-0.0.0-py3.12.egg-info/PKG-INFO
-- Symlinking: /home/tdp378/DingoQuadruped/install/dingo/lib/python3.12/site-packages/dingo-0.0.0-py3.12.egg-info/SOURCES.txt
-- Symlinking: /home/tdp378/DingoQuadruped/install/dingo/lib/python3.12/site-packages/dingo-0.0.0-py3.12.egg-info/dependency_links.txt
-- Symlinking: /home/tdp378/DingoQuadruped/install/dingo/lib/python3.12/site-packages/dingo-0.0.0-py3.12.egg-info/top_level.txt
-- Symlinking: /home/tdp378/DingoQuadruped/install/dingo/lib/python3.12/site-packages/dingo/__init__.py
-- Symlinking: /home/tdp378/DingoQuadruped/install/dingo/lib/python3.12/site-packages/dingo/status_publisher.py
-- Symlinking: /home/tdp378/DingoQuadruped/install/dingo/lib/dingo/dingo_driver.py
-- Symlinking: /home/tdp378/DingoQuadruped/install/dingo/lib/dingo/run_robot.py
-- Symlinking: /home/tdp378/DingoQuadruped/install/dingo/lib/dingo/cmd_vel_to_joy_bridge.py
-- Symlinking: /home/tdp378/DingoQuadruped/install/dingo/share/dingo/launch/dingo.launch.py
-- Symlinking: /home/tdp378/DingoQuadruped/install/dingo/share/dingo/launch/dingo_gazebo_sim.launch.py
-- Symlinking: /home/tdp378/DingoQuadruped/install/dingo/share/dingo/launch/twist_keyboard_test.launch.py
-- Symlinking: /home/tdp378/DingoQuadruped/install/dingo/share/dingo/launch/twist_teleop_dingo_sim.launch.py
-- Symlinking: /home/tdp378/DingoQuadruped/install/dingo/share/ament_index/resource_index/package_run_dependencies/dingo
-- Symlinking: /home/tdp378/DingoQuadruped/install/dingo/share/ament_index/resource_index/parent_prefix_path/dingo
-- Symlinking: /home/tdp378/DingoQuadruped/install/dingo/share/dingo/environment/ament_prefix_path.sh
-- Symlinking: /home/tdp378/DingoQuadruped/install/dingo/share/dingo/environment/ament_prefix_path.dsv
-- Symlinking: /home/tdp378/DingoQuadruped/install/dingo/share/dingo/environment/path.sh
-- Symlinking: /home/tdp378/DingoQuadruped/install/dingo/share/dingo/environment/path.dsv
-- Symlinking: /home/tdp378/DingoQuadruped/install/dingo/share/dingo/local_setup.bash
-- Symlinking: /home/tdp378/DingoQuadruped/install/dingo/share/dingo/local_setup.sh
-- Symlinking: /home/tdp378/DingoQuadruped/install/dingo/share/dingo/local_setup.zsh
-- Symlinking: /home/tdp378/DingoQuadruped/install/dingo/share/dingo/local_setup.dsv
-- Symlinking: /home/tdp378/DingoQuadruped/install/dingo/share/dingo/package.dsv
-- Symlinking: /home/tdp378/DingoQuadruped/install/dingo/share/ament_index/resource_index/packages/dingo
-- Symlinking: /home/tdp378/DingoQuadruped/install/dingo/share/dingo/cmake/dingoConfig.cmake
-- Symlinking: /home/tdp378/DingoQuadruped/install/dingo/share/dingo/cmake/dingoConfig-version.cmake
-- Symlinking: /home/tdp378/DingoQuadruped/install/dingo/share/dingo/package.xml
Listing '/home/tdp378/DingoQuadruped/install/dingo/lib/python3.12/site-packages/dingo'...
Compiling '/home/tdp378/DingoQuadruped/install/dingo/lib/python3.12/site-packages/dingo/__init__.py'...
Compiling '/home/tdp378/DingoQuadruped/install/dingo/lib/python3.12/site-packages/dingo/status_publisher.py'...
