[0.257s] Invoking command in '/home/tdp378/DingoQuadruped/dingo_ws/build/dingo_behaviors': CMAKE_PREFIX_PATH=${CMAKE_PREFIX_PATH}:/home/tdp378/DingoQuadruped/dingo_ws/install/dingo_utilities:/opt/ros/jazzy DEBUGINFOD_URLS=https://debuginfod.ubuntu.com /usr/bin/cmake /home/tdp378/DingoQuadruped/dingo_ws/src/dingo_behaviors -DAMENT_CMAKE_SYMLINK_INSTALL=1 -DCMAKE_INSTALL_PREFIX=/home/tdp378/DingoQuadruped/dingo_ws/install/dingo_behaviors
[0.463s] -- Found ament_cmake: 2.5.5 (/opt/ros/jazzy/share/ament_cmake/cmake)
[0.900s] -- Override CMake install command with custom implementation using symlinks instead of copying resources
[1.092s] -- Configuring done (0.8s)
[1.127s] -- Generating done (0.0s)
[1.128s] -- Build files have been written to: /home/tdp378/DingoQuadruped/dingo_ws/build/dingo_behaviors
[1.131s] Invoked command in '/home/tdp378/DingoQuadruped/dingo_ws/build/dingo_behaviors' returned '0': CMAKE_PREFIX_PATH=${CMAKE_PREFIX_PATH}:/home/tdp378/DingoQuadruped/dingo_ws/install/dingo_utilities:/opt/ros/jazzy DEBUGINFOD_URLS=https://debuginfod.ubuntu.com /usr/bin/cmake /home/tdp378/DingoQuadruped/dingo_ws/src/dingo_behaviors -DAMENT_CMAKE_SYMLINK_INSTALL=1 -DCMAKE_INSTALL_PREFIX=/home/tdp378/DingoQuadruped/dingo_ws/install/dingo_behaviors
[1.136s] Invoking command in '/home/tdp378/DingoQuadruped/dingo_ws/build/dingo_behaviors': CMAKE_PREFIX_PATH=${CMAKE_PREFIX_PATH}:/home/tdp378/DingoQuadruped/dingo_ws/install/dingo_utilities:/opt/ros/jazzy DEBUGINFOD_URLS=https://debuginfod.ubuntu.com /usr/bin/cmake --build /home/tdp378/DingoQuadruped/dingo_ws/build/dingo_behaviors -- -j16 -l16
[1.159s] Invoked command in '/home/tdp378/DingoQuadruped/dingo_ws/build/dingo_behaviors' returned '0': CMAKE_PREFIX_PATH=${CMAKE_PREFIX_PATH}:/home/tdp378/DingoQuadruped/dingo_ws/install/dingo_utilities:/opt/ros/jazzy DEBUGINFOD_URLS=https://debuginfod.ubuntu.com /usr/bin/cmake --build /home/tdp378/DingoQuadruped/dingo_ws/build/dingo_behaviors -- -j16 -l16
[1.160s] Invoking command in '/home/tdp378/DingoQuadruped/dingo_ws/build/dingo_behaviors': CMAKE_PREFIX_PATH=${CMAKE_PREFIX_PATH}:/home/tdp378/DingoQuadruped/dingo_ws/install/dingo_utilities:/opt/ros/jazzy DEBUGINFOD_URLS=https://debuginfod.ubuntu.com /usr/bin/cmake --install /home/tdp378/DingoQuadruped/dingo_ws/build/dingo_behaviors
[1.167s] -- Install configuration: ""
[1.168s] -- Execute custom install script
[1.170s] -- Up-to-date symlink: /home/tdp378/DingoQuadruped/dingo_ws/install/dingo_behaviors/lib/dingo_behaviors/mode_manager.py
[1.170s] -- Up-to-date symlink: /home/tdp378/DingoQuadruped/dingo_ws/install/dingo_behaviors/share/dingo_behaviors/launch/behaviors.launch.py
[1.170s] -- Up-to-date symlink: /home/tdp378/DingoQuadruped/dingo_ws/install/dingo_behaviors/share/dingo_behaviors/config/poses.yaml
[1.170s] -- Up-to-date symlink: /home/tdp378/DingoQuadruped/dingo_ws/install/dingo_behaviors/share/ament_index/resource_index/package_run_dependencies/dingo_behaviors
[1.170s] -- Up-to-date symlink: /home/tdp378/DingoQuadruped/dingo_ws/install/dingo_behaviors/share/ament_index/resource_index/parent_prefix_path/dingo_behaviors
[1.170s] -- Up-to-date symlink: /home/tdp378/DingoQuadruped/dingo_ws/install/dingo_behaviors/share/dingo_behaviors/environment/ament_prefix_path.sh
[1.170s] -- Up-to-date symlink: /home/tdp378/DingoQuadruped/dingo_ws/install/dingo_behaviors/share/dingo_behaviors/environment/ament_prefix_path.dsv
[1.171s] -- Up-to-date symlink: /home/tdp378/DingoQuadruped/dingo_ws/install/dingo_behaviors/share/dingo_behaviors/environment/path.sh
[1.171s] -- Up-to-date symlink: /home/tdp378/DingoQuadruped/dingo_ws/install/dingo_behaviors/share/dingo_behaviors/environment/path.dsv
[1.171s] -- Up-to-date symlink: /home/tdp378/DingoQuadruped/dingo_ws/install/dingo_behaviors/share/dingo_behaviors/local_setup.bash
[1.171s] -- Up-to-date symlink: /home/tdp378/DingoQuadruped/dingo_ws/install/dingo_behaviors/share/dingo_behaviors/local_setup.sh
[1.171s] -- Up-to-date symlink: /home/tdp378/DingoQuadruped/dingo_ws/install/dingo_behaviors/share/dingo_behaviors/local_setup.zsh
[1.172s] -- Up-to-date symlink: /home/tdp378/DingoQuadruped/dingo_ws/install/dingo_behaviors/share/dingo_behaviors/local_setup.dsv
[1.172s] -- Symlinking: /home/tdp378/DingoQuadruped/dingo_ws/install/dingo_behaviors/share/dingo_behaviors/package.dsv
[1.176s] -- Up-to-date symlink: /home/tdp378/DingoQuadruped/dingo_ws/install/dingo_behaviors/share/ament_index/resource_index/packages/dingo_behaviors
[1.176s] -- Up-to-date symlink: /home/tdp378/DingoQuadruped/dingo_ws/install/dingo_behaviors/share/dingo_behaviors/cmake/dingo_behaviorsConfig.cmake
[1.176s] -- Up-to-date symlink: /home/tdp378/DingoQuadruped/dingo_ws/install/dingo_behaviors/share/dingo_behaviors/cmake/dingo_behaviorsConfig-version.cmake
[1.176s] -- Up-to-date symlink: /home/tdp378/DingoQuadruped/dingo_ws/install/dingo_behaviors/share/dingo_behaviors/package.xml
[1.177s] Invoked command in '/home/tdp378/DingoQuadruped/dingo_ws/build/dingo_behaviors' returned '0': CMAKE_PREFIX_PATH=${CMAKE_PREFIX_PATH}:/home/tdp378/DingoQuadruped/dingo_ws/install/dingo_utilities:/opt/ros/jazzy DEBUGINFOD_URLS=https://debuginfod.ubuntu.com /usr/bin/cmake --install /home/tdp378/DingoQuadruped/dingo_ws/build/dingo_behaviors
