[0.208s] Invoking command in '/home/tdp378/DingoQuadruped/dingo_ws/build/dingo_peripheral_msgs': CMAKE_PREFIX_PATH=${CMAKE_PREFIX_PATH}:/opt/ros/jazzy DEBUGINFOD_URLS=https://debuginfod.ubuntu.com /usr/bin/cmake --build /home/tdp378/DingoQuadruped/dingo_ws/build/dingo_peripheral_msgs -- -j16 -l16
[0.454s] [  2%] Built target dingo_peripheral_msgs__rosidl_generator_type_description
[0.464s] [  2%] Built target ament_cmake_python_symlink_dingo_peripheral_msgs
[0.510s] [  5%] Built target dingo_peripheral_msgs__cpp
[0.628s] [ 20%] Built target dingo_peripheral_msgs__rosidl_generator_c
[0.709s] [ 29%] Built target dingo_peripheral_msgs__rosidl_typesupport_cpp
[0.710s] [ 38%] Built target dingo_peripheral_msgs__rosidl_typesupport_c
[0.715s] [ 47%] Built target dingo_peripheral_msgs__rosidl_typesupport_introspection_c
[0.718s] [ 55%] Built target dingo_peripheral_msgs__rosidl_typesupport_fastrtps_c
[0.766s] [ 64%] Built target dingo_peripheral_msgs__rosidl_typesupport_introspection_cpp
[0.812s] [ 73%] Built target dingo_peripheral_msgs__rosidl_typesupport_fastrtps_cpp
[0.834s] [ 73%] Built target dingo_peripheral_msgs
[0.876s] [ 76%] Built target dingo_peripheral_msgs__py
[0.894s] running egg_info
[0.908s] writing dingo_peripheral_msgs.egg-info/PKG-INFO
[0.908s] writing dependency_links to dingo_peripheral_msgs.egg-info/dependency_links.txt
[0.908s] writing top-level names to dingo_peripheral_msgs.egg-info/top_level.txt
[0.929s] [ 82%] Built target dingo_peripheral_msgs__rosidl_generator_py
[1.004s] reading manifest file 'dingo_peripheral_msgs.egg-info/SOURCES.txt'
[1.010s] [ 94%] Built target dingo_peripheral_msgs_s__rosidl_typesupport_introspection_c
[1.010s] [ 94%] Built target dingo_peripheral_msgs_s__rosidl_typesupport_fastrtps_c
[1.015s] writing manifest file 'dingo_peripheral_msgs.egg-info/SOURCES.txt'
[1.033s] [ 94%] Built target ament_cmake_python_build_dingo_peripheral_msgs_egg
[1.042s] [100%] Built target dingo_peripheral_msgs_s__rosidl_typesupport_c
[1.050s] Invoked command in '/home/tdp378/DingoQuadruped/dingo_ws/build/dingo_peripheral_msgs' returned '0': CMAKE_PREFIX_PATH=${CMAKE_PREFIX_PATH}:/opt/ros/jazzy DEBUGINFOD_URLS=https://debuginfod.ubuntu.com /usr/bin/cmake --build /home/tdp378/DingoQuadruped/dingo_ws/build/dingo_peripheral_msgs -- -j16 -l16
[1.063s] Invoking command in '/home/tdp378/DingoQuadruped/dingo_ws/build/dingo_peripheral_msgs': CMAKE_PREFIX_PATH=${CMAKE_PREFIX_PATH}:/opt/ros/jazzy DEBUGINFOD_URLS=https://debuginfod.ubuntu.com /usr/bin/cmake --install /home/tdp378/DingoQuadruped/dingo_ws/build/dingo_peripheral_msgs
[1.068s] -- Install configuration: ""
[1.093s] -- Execute custom install script
[1.093s] -- Up-to-date symlink: /home/tdp378/DingoQuadruped/dingo_ws/install/dingo_peripheral_msgs/share/ament_index/resource_index/rosidl_interfaces/dingo_peripheral_msgs
[1.093s] -- Up-to-date symlink: /home/tdp378/DingoQuadruped/dingo_ws/install/dingo_peripheral_msgs/share/dingo_peripheral_msgs/msg/ElectricalMeasurements.json
[1.093s] -- Up-to-date symlink: /home/tdp378/DingoQuadruped/dingo_ws/install/dingo_peripheral_msgs/include/dingo_peripheral_msgs/dingo_peripheral_msgs/msg/detail/electrical_measurements__functions.h
[1.093s] -- Up-to-date symlink: /home/tdp378/DingoQuadruped/dingo_ws/install/dingo_peripheral_msgs/include/dingo_peripheral_msgs/dingo_peripheral_msgs/msg/detail/electrical_measurements__struct.h
[1.093s] -- Up-to-date symlink: /home/tdp378/DingoQuadruped/dingo_ws/install/dingo_peripheral_msgs/include/dingo_peripheral_msgs/dingo_peripheral_msgs/msg/detail/electrical_measurements__type_support.h
[1.094s] -- Up-to-date symlink: /home/tdp378/DingoQuadruped/dingo_ws/install/dingo_peripheral_msgs/include/dingo_peripheral_msgs/dingo_peripheral_msgs/msg/electrical_measurements.h
[1.094s] -- Up-to-date symlink: /home/tdp378/DingoQuadruped/dingo_ws/install/dingo_peripheral_msgs/include/dingo_peripheral_msgs/dingo_peripheral_msgs/msg/rosidl_generator_c__visibility_control.h
[1.094s] -- Up-to-date symlink: /home/tdp378/DingoQuadruped/dingo_ws/install/dingo_peripheral_msgs/share/dingo_peripheral_msgs/environment/library_path.sh
[1.094s] -- Up-to-date symlink: /home/tdp378/DingoQuadruped/dingo_ws/install/dingo_peripheral_msgs/share/dingo_peripheral_msgs/environment/library_path.dsv
[1.094s] -- Up-to-date symlink: /home/tdp378/DingoQuadruped/dingo_ws/install/dingo_peripheral_msgs/include/dingo_peripheral_msgs/dingo_peripheral_msgs/msg/detail/electrical_measurements__rosidl_typesupport_fastrtps_c.h
[1.094s] -- Up-to-date symlink: /home/tdp378/DingoQuadruped/dingo_ws/install/dingo_peripheral_msgs/include/dingo_peripheral_msgs/dingo_peripheral_msgs/msg/rosidl_typesupport_fastrtps_c__visibility_control.h
[1.095s] -- Up-to-date symlink: /home/tdp378/DingoQuadruped/dingo_ws/install/dingo_peripheral_msgs/include/dingo_peripheral_msgs/dingo_peripheral_msgs/msg/detail/electrical_measurements__rosidl_typesupport_introspection_c.h
[1.095s] -- Up-to-date symlink: /home/tdp378/DingoQuadruped/dingo_ws/install/dingo_peripheral_msgs/include/dingo_peripheral_msgs/dingo_peripheral_msgs/msg/rosidl_typesupport_introspection_c__visibility_control.h
[1.095s] -- Up-to-date symlink: /home/tdp378/DingoQuadruped/dingo_ws/install/dingo_peripheral_msgs/include/dingo_peripheral_msgs/dingo_peripheral_msgs/msg/detail/electrical_measurements__builder.hpp
[1.095s] -- Up-to-date symlink: /home/tdp378/DingoQuadruped/dingo_ws/install/dingo_peripheral_msgs/include/dingo_peripheral_msgs/dingo_peripheral_msgs/msg/detail/electrical_measurements__struct.hpp
[1.095s] -- Up-to-date symlink: /home/tdp378/DingoQuadruped/dingo_ws/install/dingo_peripheral_msgs/include/dingo_peripheral_msgs/dingo_peripheral_msgs/msg/detail/electrical_measurements__traits.hpp
[1.095s] -- Up-to-date symlink: /home/tdp378/DingoQuadruped/dingo_ws/install/dingo_peripheral_msgs/include/dingo_peripheral_msgs/dingo_peripheral_msgs/msg/detail/electrical_measurements__type_support.hpp
[1.095s] -- Up-to-date symlink: /home/tdp378/DingoQuadruped/dingo_ws/install/dingo_peripheral_msgs/include/dingo_peripheral_msgs/dingo_peripheral_msgs/msg/electrical_measurements.hpp
[1.095s] -- Up-to-date symlink: /home/tdp378/DingoQuadruped/dingo_ws/install/dingo_peripheral_msgs/include/dingo_peripheral_msgs/dingo_peripheral_msgs/msg/rosidl_generator_cpp__visibility_control.hpp
[1.095s] -- Up-to-date symlink: /home/tdp378/DingoQuadruped/dingo_ws/install/dingo_peripheral_msgs/include/dingo_peripheral_msgs/dingo_peripheral_msgs/msg/detail/electrical_measurements__rosidl_typesupport_fastrtps_cpp.hpp
[1.095s] -- Up-to-date symlink: /home/tdp378/DingoQuadruped/dingo_ws/install/dingo_peripheral_msgs/include/dingo_peripheral_msgs/dingo_peripheral_msgs/msg/rosidl_typesupport_fastrtps_cpp__visibility_control.h
[1.096s] -- Up-to-date symlink: /home/tdp378/DingoQuadruped/dingo_ws/install/dingo_peripheral_msgs/include/dingo_peripheral_msgs/dingo_peripheral_msgs/msg/detail/electrical_measurements__rosidl_typesupport_introspection_cpp.hpp
[1.096s] -- Up-to-date symlink: /home/tdp378/DingoQuadruped/dingo_ws/install/dingo_peripheral_msgs/share/dingo_peripheral_msgs/environment/pythonpath.sh
[1.096s] -- Up-to-date symlink: /home/tdp378/DingoQuadruped/dingo_ws/install/dingo_peripheral_msgs/share/dingo_peripheral_msgs/environment/pythonpath.dsv
[1.096s] -- Up-to-date symlink: /home/tdp378/DingoQuadruped/dingo_ws/install/dingo_peripheral_msgs/lib/python3.12/site-packages/dingo_peripheral_msgs-0.0.0-py3.12.egg-info/PKG-INFO
[1.096s] -- Up-to-date symlink: /home/tdp378/DingoQuadruped/dingo_ws/install/dingo_peripheral_msgs/lib/python3.12/site-packages/dingo_peripheral_msgs-0.0.0-py3.12.egg-info/SOURCES.txt
[1.096s] -- Up-to-date symlink: /home/tdp378/DingoQuadruped/dingo_ws/install/dingo_peripheral_msgs/lib/python3.12/site-packages/dingo_peripheral_msgs-0.0.0-py3.12.egg-info/dependency_links.txt
[1.096s] -- Up-to-date symlink: /home/tdp378/DingoQuadruped/dingo_ws/install/dingo_peripheral_msgs/lib/python3.12/site-packages/dingo_peripheral_msgs-0.0.0-py3.12.egg-info/top_level.txt
[1.097s] -- Up-to-date symlink: /home/tdp378/DingoQuadruped/dingo_ws/install/dingo_peripheral_msgs/lib/python3.12/site-packages/dingo_peripheral_msgs/__init__.py
[1.097s] -- Up-to-date symlink: /home/tdp378/DingoQuadruped/dingo_ws/install/dingo_peripheral_msgs/lib/python3.12/site-packages/dingo_peripheral_msgs/_dingo_peripheral_msgs_s.ep.rosidl_typesupport_c.c
[1.097s] -- Up-to-date symlink: /home/tdp378/DingoQuadruped/dingo_ws/install/dingo_peripheral_msgs/lib/python3.12/site-packages/dingo_peripheral_msgs/_dingo_peripheral_msgs_s.ep.rosidl_typesupport_fastrtps_c.c
[1.097s] -- Up-to-date symlink: /home/tdp378/DingoQuadruped/dingo_ws/install/dingo_peripheral_msgs/lib/python3.12/site-packages/dingo_peripheral_msgs/_dingo_peripheral_msgs_s.ep.rosidl_typesupport_introspection_c.c
[1.097s] -- Up-to-date symlink: /home/tdp378/DingoQuadruped/dingo_ws/install/dingo_peripheral_msgs/lib/python3.12/site-packages/dingo_peripheral_msgs/dingo_peripheral_msgs_s__rosidl_typesupport_c.so
[1.097s] -- Up-to-date symlink: /home/tdp378/DingoQuadruped/dingo_ws/install/dingo_peripheral_msgs/lib/python3.12/site-packages/dingo_peripheral_msgs/dingo_peripheral_msgs_s__rosidl_typesupport_fastrtps_c.so
[1.097s] -- Up-to-date symlink: /home/tdp378/DingoQuadruped/dingo_ws/install/dingo_peripheral_msgs/lib/python3.12/site-packages/dingo_peripheral_msgs/dingo_peripheral_msgs_s__rosidl_typesupport_introspection_c.so
[1.097s] -- Up-to-date symlink: /home/tdp378/DingoQuadruped/dingo_ws/install/dingo_peripheral_msgs/lib/python3.12/site-packages/dingo_peripheral_msgs/msg/__init__.py
[1.097s] -- Up-to-date symlink: /home/tdp378/DingoQuadruped/dingo_ws/install/dingo_peripheral_msgs/lib/python3.12/site-packages/dingo_peripheral_msgs/msg/_electrical_measurements.py
[1.097s] -- Up-to-date symlink: /home/tdp378/DingoQuadruped/dingo_ws/install/dingo_peripheral_msgs/lib/python3.12/site-packages/dingo_peripheral_msgs/msg/_electrical_measurements_s.c
[1.097s] -- Up-to-date symlink: /home/tdp378/DingoQuadruped/dingo_ws/install/dingo_peripheral_msgs/lib/python3.12/site-packages/dingo_peripheral_msgs/dingo_peripheral_msgs_s__rosidl_typesupport_fastrtps_c.so
[1.113s] -- Up-to-date symlink: /home/tdp378/DingoQuadruped/dingo_ws/install/dingo_peripheral_msgs/lib/python3.12/site-packages/dingo_peripheral_msgs/dingo_peripheral_msgs_s__rosidl_typesupport_introspection_c.so
[1.113s] -- Up-to-date symlink: /home/tdp378/DingoQuadruped/dingo_ws/install/dingo_peripheral_msgs/lib/python3.12/site-packages/dingo_peripheral_msgs/dingo_peripheral_msgs_s__rosidl_typesupport_c.so
[1.113s] -- Up-to-date symlink: /home/tdp378/DingoQuadruped/dingo_ws/install/dingo_peripheral_msgs/share/dingo_peripheral_msgs/msg/ElectricalMeasurements.idl
[1.113s] -- Up-to-date symlink: /home/tdp378/DingoQuadruped/dingo_ws/install/dingo_peripheral_msgs/share/dingo_peripheral_msgs/msg/ElectricalMeasurements.msg
[1.113s] -- Up-to-date symlink: /home/tdp378/DingoQuadruped/dingo_ws/install/dingo_peripheral_msgs/share/ament_index/resource_index/package_run_dependencies/dingo_peripheral_msgs
[1.113s] -- Up-to-date symlink: /home/tdp378/DingoQuadruped/dingo_ws/install/dingo_peripheral_msgs/share/ament_index/resource_index/parent_prefix_path/dingo_peripheral_msgs
[1.114s] -- Up-to-date symlink: /home/tdp378/DingoQuadruped/dingo_ws/install/dingo_peripheral_msgs/share/dingo_peripheral_msgs/environment/ament_prefix_path.sh
[1.114s] -- Up-to-date symlink: /home/tdp378/DingoQuadruped/dingo_ws/install/dingo_peripheral_msgs/share/dingo_peripheral_msgs/environment/ament_prefix_path.dsv
[1.114s] -- Up-to-date symlink: /home/tdp378/DingoQuadruped/dingo_ws/install/dingo_peripheral_msgs/share/dingo_peripheral_msgs/environment/path.sh
[1.114s] -- Up-to-date symlink: /home/tdp378/DingoQuadruped/dingo_ws/install/dingo_peripheral_msgs/share/dingo_peripheral_msgs/environment/path.dsv
[1.114s] -- Up-to-date symlink: /home/tdp378/DingoQuadruped/dingo_ws/install/dingo_peripheral_msgs/share/dingo_peripheral_msgs/local_setup.bash
[1.114s] -- Up-to-date symlink: /home/tdp378/DingoQuadruped/dingo_ws/install/dingo_peripheral_msgs/share/dingo_peripheral_msgs/local_setup.sh
[1.115s] -- Up-to-date symlink: /home/tdp378/DingoQuadruped/dingo_ws/install/dingo_peripheral_msgs/share/dingo_peripheral_msgs/local_setup.zsh
[1.115s] -- Up-to-date symlink: /home/tdp378/DingoQuadruped/dingo_ws/install/dingo_peripheral_msgs/share/dingo_peripheral_msgs/local_setup.dsv
[1.115s] -- Symlinking: /home/tdp378/DingoQuadruped/dingo_ws/install/dingo_peripheral_msgs/share/dingo_peripheral_msgs/package.dsv
[1.123s] -- Up-to-date symlink: /home/tdp378/DingoQuadruped/dingo_ws/install/dingo_peripheral_msgs/share/ament_index/resource_index/packages/dingo_peripheral_msgs
[1.124s] -- Up-to-date symlink: /home/tdp378/DingoQuadruped/dingo_ws/install/dingo_peripheral_msgs/share/dingo_peripheral_msgs/cmake/rosidl_cmake-extras.cmake
[1.124s] -- Up-to-date symlink: /home/tdp378/DingoQuadruped/dingo_ws/install/dingo_peripheral_msgs/share/dingo_peripheral_msgs/cmake/ament_cmake_export_include_directories-extras.cmake
[1.124s] -- Up-to-date symlink: /home/tdp378/DingoQuadruped/dingo_ws/install/dingo_peripheral_msgs/share/dingo_peripheral_msgs/cmake/ament_cmake_export_libraries-extras.cmake
[1.124s] -- Up-to-date symlink: /home/tdp378/DingoQuadruped/dingo_ws/install/dingo_peripheral_msgs/share/dingo_peripheral_msgs/cmake/ament_cmake_export_targets-extras.cmake
[1.124s] -- Up-to-date symlink: /home/tdp378/DingoQuadruped/dingo_ws/install/dingo_peripheral_msgs/share/dingo_peripheral_msgs/cmake/rosidl_cmake_export_typesupport_targets-extras.cmake
[1.124s] -- Up-to-date symlink: /home/tdp378/DingoQuadruped/dingo_ws/install/dingo_peripheral_msgs/share/dingo_peripheral_msgs/cmake/ament_cmake_export_dependencies-extras.cmake
[1.125s] -- Up-to-date symlink: /home/tdp378/DingoQuadruped/dingo_ws/install/dingo_peripheral_msgs/share/dingo_peripheral_msgs/cmake/rosidl_cmake_export_typesupport_libraries-extras.cmake
[1.125s] -- Up-to-date symlink: /home/tdp378/DingoQuadruped/dingo_ws/install/dingo_peripheral_msgs/share/dingo_peripheral_msgs/cmake/dingo_peripheral_msgsConfig.cmake
[1.125s] -- Up-to-date symlink: /home/tdp378/DingoQuadruped/dingo_ws/install/dingo_peripheral_msgs/share/dingo_peripheral_msgs/cmake/dingo_peripheral_msgsConfig-version.cmake
[1.125s] -- Up-to-date symlink: /home/tdp378/DingoQuadruped/dingo_ws/install/dingo_peripheral_msgs/share/dingo_peripheral_msgs/package.xml
[1.198s] -- Up-to-date: /home/tdp378/DingoQuadruped/dingo_ws/install/dingo_peripheral_msgs/lib/libdingo_peripheral_msgs__rosidl_generator_c.so
[1.217s] -- Up-to-date: /home/tdp378/DingoQuadruped/dingo_ws/install/dingo_peripheral_msgs/lib/libdingo_peripheral_msgs__rosidl_typesupport_fastrtps_c.so
[1.225s] -- Up-to-date: /home/tdp378/DingoQuadruped/dingo_ws/install/dingo_peripheral_msgs/lib/libdingo_peripheral_msgs__rosidl_typesupport_introspection_c.so
[1.229s] -- Up-to-date: /home/tdp378/DingoQuadruped/dingo_ws/install/dingo_peripheral_msgs/lib/libdingo_peripheral_msgs__rosidl_typesupport_c.so
[1.240s] -- Up-to-date: /home/tdp378/DingoQuadruped/dingo_ws/install/dingo_peripheral_msgs/lib/libdingo_peripheral_msgs__rosidl_typesupport_fastrtps_cpp.so
[1.241s] -- Up-to-date: /home/tdp378/DingoQuadruped/dingo_ws/install/dingo_peripheral_msgs/lib/libdingo_peripheral_msgs__rosidl_typesupport_introspection_cpp.so
[1.241s] -- Up-to-date: /home/tdp378/DingoQuadruped/dingo_ws/install/dingo_peripheral_msgs/lib/libdingo_peripheral_msgs__rosidl_typesupport_cpp.so
[1.279s] Listing '/home/tdp378/DingoQuadruped/dingo_ws/install/dingo_peripheral_msgs/lib/python3.12/site-packages/dingo_peripheral_msgs'...
[1.279s] Listing '/home/tdp378/DingoQuadruped/dingo_ws/install/dingo_peripheral_msgs/lib/python3.12/site-packages/dingo_peripheral_msgs/msg'...
[1.285s] -- Up-to-date: /home/tdp378/DingoQuadruped/dingo_ws/install/dingo_peripheral_msgs/lib/libdingo_peripheral_msgs__rosidl_generator_py.so
[1.285s] -- Up-to-date: /home/tdp378/DingoQuadruped/dingo_ws/install/dingo_peripheral_msgs/share/dingo_peripheral_msgs/cmake/export_dingo_peripheral_msgs__rosidl_generator_cExport.cmake
[1.285s] -- Up-to-date: /home/tdp378/DingoQuadruped/dingo_ws/install/dingo_peripheral_msgs/share/dingo_peripheral_msgs/cmake/export_dingo_peripheral_msgs__rosidl_generator_cExport-noconfig.cmake
[1.305s] -- Up-to-date: /home/tdp378/DingoQuadruped/dingo_ws/install/dingo_peripheral_msgs/share/dingo_peripheral_msgs/cmake/export_dingo_peripheral_msgs__rosidl_typesupport_fastrtps_cExport.cmake
[1.305s] -- Up-to-date: /home/tdp378/DingoQuadruped/dingo_ws/install/dingo_peripheral_msgs/share/dingo_peripheral_msgs/cmake/export_dingo_peripheral_msgs__rosidl_typesupport_fastrtps_cExport-noconfig.cmake
[1.305s] -- Up-to-date: /home/tdp378/DingoQuadruped/dingo_ws/install/dingo_peripheral_msgs/share/dingo_peripheral_msgs/cmake/dingo_peripheral_msgs__rosidl_typesupport_introspection_cExport.cmake
[1.305s] -- Up-to-date: /home/tdp378/DingoQuadruped/dingo_ws/install/dingo_peripheral_msgs/share/dingo_peripheral_msgs/cmake/dingo_peripheral_msgs__rosidl_typesupport_introspection_cExport-noconfig.cmake
[1.305s] -- Up-to-date: /home/tdp378/DingoQuadruped/dingo_ws/install/dingo_peripheral_msgs/share/dingo_peripheral_msgs/cmake/dingo_peripheral_msgs__rosidl_typesupport_cExport.cmake
[1.306s] -- Up-to-date: /home/tdp378/DingoQuadruped/dingo_ws/install/dingo_peripheral_msgs/share/dingo_peripheral_msgs/cmake/dingo_peripheral_msgs__rosidl_typesupport_cExport-noconfig.cmake
[1.307s] -- Up-to-date: /home/tdp378/DingoQuadruped/dingo_ws/install/dingo_peripheral_msgs/share/dingo_peripheral_msgs/cmake/export_dingo_peripheral_msgs__rosidl_generator_cppExport.cmake
[1.307s] -- Up-to-date: /home/tdp378/DingoQuadruped/dingo_ws/install/dingo_peripheral_msgs/share/dingo_peripheral_msgs/cmake/export_dingo_peripheral_msgs__rosidl_typesupport_fastrtps_cppExport.cmake
[1.307s] -- Up-to-date: /home/tdp378/DingoQuadruped/dingo_ws/install/dingo_peripheral_msgs/share/dingo_peripheral_msgs/cmake/export_dingo_peripheral_msgs__rosidl_typesupport_fastrtps_cppExport-noconfig.cmake
[1.308s] -- Up-to-date: /home/tdp378/DingoQuadruped/dingo_ws/install/dingo_peripheral_msgs/share/dingo_peripheral_msgs/cmake/dingo_peripheral_msgs__rosidl_typesupport_introspection_cppExport.cmake
[1.308s] -- Up-to-date: /home/tdp378/DingoQuadruped/dingo_ws/install/dingo_peripheral_msgs/share/dingo_peripheral_msgs/cmake/dingo_peripheral_msgs__rosidl_typesupport_introspection_cppExport-noconfig.cmake
[1.308s] -- Up-to-date: /home/tdp378/DingoQuadruped/dingo_ws/install/dingo_peripheral_msgs/share/dingo_peripheral_msgs/cmake/dingo_peripheral_msgs__rosidl_typesupport_cppExport.cmake
[1.308s] -- Up-to-date: /home/tdp378/DingoQuadruped/dingo_ws/install/dingo_peripheral_msgs/share/dingo_peripheral_msgs/cmake/dingo_peripheral_msgs__rosidl_typesupport_cppExport-noconfig.cmake
[1.308s] -- Up-to-date: /home/tdp378/DingoQuadruped/dingo_ws/install/dingo_peripheral_msgs/share/dingo_peripheral_msgs/cmake/export_dingo_peripheral_msgs__rosidl_generator_pyExport.cmake
[1.308s] -- Up-to-date: /home/tdp378/DingoQuadruped/dingo_ws/install/dingo_peripheral_msgs/share/dingo_peripheral_msgs/cmake/export_dingo_peripheral_msgs__rosidl_generator_pyExport-noconfig.cmake
[1.310s] Invoked command in '/home/tdp378/DingoQuadruped/dingo_ws/build/dingo_peripheral_msgs' returned '0': CMAKE_PREFIX_PATH=${CMAKE_PREFIX_PATH}:/opt/ros/jazzy DEBUGINFOD_URLS=https://debuginfod.ubuntu.com /usr/bin/cmake --install /home/tdp378/DingoQuadruped/dingo_ws/build/dingo_peripheral_msgs
