-- The C compiler identification is GNU 13.3.0
-- The CXX compiler identification is GNU 13.3.0
-- Detecting C compiler ABI info
-- Detecting C compiler ABI info - done
-- Check for working C compiler: /usr/bin/cc - skipped
-- Detecting C compile features
-- Detecting C compile features - done
-- Detecting CXX compiler ABI info
-- Detecting CXX compiler ABI info - done
-- Check for working CXX compiler: /usr/bin/c++ - skipped
-- Detecting CXX compile features
-- Detecting CXX compile features - done
-- Found ament_cmake: 2.5.5 (/opt/ros/jazzy/share/ament_cmake/cmake)
-- Found Python3: /usr/bin/python3 (found version "3.12.3") found components: Interpreter 
-- Override CMake install command with custom implementation using symlinks instead of copying resources
-- Configuring done (0.5s)
-- Generating done (0.0s)
-- Build files have been written to: /home/tdp378/DingoQuadruped/dingo_ws/build/dingo_control
Built target ament_cmake_python_symlink_dingo_control
running egg_info
creating dingo_control.egg-info
writing dingo_control.egg-info/PKG-INFO
writing dependency_links to dingo_control.egg-info/dependency_links.txt
writing top-level names to dingo_control.egg-info/top_level.txt
writing manifest file 'dingo_control.egg-info/SOURCES.txt'
reading manifest file 'dingo_control.egg-info/SOURCES.txt'
writing manifest file 'dingo_control.egg-info/SOURCES.txt'
Built target ament_cmake_python_build_dingo_control_egg
-- Install configuration: ""
-- Execute custom install script
-- Symlinking: /home/tdp378/DingoQuadruped/dingo_ws/install/dingo_control/share/dingo_control/environment/pythonpath.sh
-- Symlinking: /home/tdp378/DingoQuadruped/dingo_ws/install/dingo_control/share/dingo_control/environment/pythonpath.dsv
-- Symlinking: /home/tdp378/DingoQuadruped/dingo_ws/install/dingo_control/lib/python3.12/site-packages/dingo_control-0.0.0-py3.12.egg-info/PKG-INFO
-- Symlinking: /home/tdp378/DingoQuadruped/dingo_ws/install/dingo_control/lib/python3.12/site-packages/dingo_control-0.0.0-py3.12.egg-info/SOURCES.txt
-- Symlinking: /home/tdp378/DingoQuadruped/dingo_ws/install/dingo_control/lib/python3.12/site-packages/dingo_control-0.0.0-py3.12.egg-info/dependency_links.txt
-- Symlinking: /home/tdp378/DingoQuadruped/dingo_ws/install/dingo_control/lib/python3.12/site-packages/dingo_control-0.0.0-py3.12.egg-info/top_level.txt
-- Symlinking: /home/tdp378/DingoQuadruped/dingo_ws/install/dingo_control/lib/python3.12/site-packages/dingo_control/Command.py
-- Symlinking: /home/tdp378/DingoQuadruped/dingo_ws/install/dingo_control/lib/python3.12/site-packages/dingo_control/Config.py
-- Symlinking: /home/tdp378/DingoQuadruped/dingo_ws/install/dingo_control/lib/python3.12/site-packages/dingo_control/Controller.py
-- Symlinking: /home/tdp378/DingoQuadruped/dingo_ws/install/dingo_control/lib/python3.12/site-packages/dingo_control/Gaits.py
-- Symlinking: /home/tdp378/DingoQuadruped/dingo_ws/install/dingo_control/lib/python3.12/site-packages/dingo_control/Kinematics.py
-- Symlinking: /home/tdp378/DingoQuadruped/dingo_ws/install/dingo_control/lib/python3.12/site-packages/dingo_control/StanceController.py
-- Symlinking: /home/tdp378/DingoQuadruped/dingo_ws/install/dingo_control/lib/python3.12/site-packages/dingo_control/State.py
-- Symlinking: /home/tdp378/DingoQuadruped/dingo_ws/install/dingo_control/lib/python3.12/site-packages/dingo_control/SwingLegController.py
-- Symlinking: /home/tdp378/DingoQuadruped/dingo_ws/install/dingo_control/lib/python3.12/site-packages/dingo_control/__init__.py
-- Symlinking: /home/tdp378/DingoQuadruped/dingo_ws/install/dingo_control/lib/python3.12/site-packages/dingo_control/util.py
-- Symlinking: /home/tdp378/DingoQuadruped/dingo_ws/install/dingo_control/share/ament_index/resource_index/package_run_dependencies/dingo_control
-- Symlinking: /home/tdp378/DingoQuadruped/dingo_ws/install/dingo_control/share/ament_index/resource_index/parent_prefix_path/dingo_control
-- Symlinking: /home/tdp378/DingoQuadruped/dingo_ws/install/dingo_control/share/dingo_control/environment/ament_prefix_path.sh
-- Symlinking: /home/tdp378/DingoQuadruped/dingo_ws/install/dingo_control/share/dingo_control/environment/ament_prefix_path.dsv
-- Symlinking: /home/tdp378/DingoQuadruped/dingo_ws/install/dingo_control/share/dingo_control/environment/path.sh
-- Symlinking: /home/tdp378/DingoQuadruped/dingo_ws/install/dingo_control/share/dingo_control/environment/path.dsv
-- Symlinking: /home/tdp378/DingoQuadruped/dingo_ws/install/dingo_control/share/dingo_control/local_setup.bash
-- Symlinking: /home/tdp378/DingoQuadruped/dingo_ws/install/dingo_control/share/dingo_control/local_setup.sh
-- Symlinking: /home/tdp378/DingoQuadruped/dingo_ws/install/dingo_control/share/dingo_control/local_setup.zsh
-- Symlinking: /home/tdp378/DingoQuadruped/dingo_ws/install/dingo_control/share/dingo_control/local_setup.dsv
-- Symlinking: /home/tdp378/DingoQuadruped/dingo_ws/install/dingo_control/share/dingo_control/package.dsv
-- Symlinking: /home/tdp378/DingoQuadruped/dingo_ws/install/dingo_control/share/ament_index/resource_index/packages/dingo_control
-- Symlinking: /home/tdp378/DingoQuadruped/dingo_ws/install/dingo_control/share/dingo_control/cmake/dingo_controlConfig.cmake
-- Symlinking: /home/tdp378/DingoQuadruped/dingo_ws/install/dingo_control/share/dingo_control/cmake/dingo_controlConfig-version.cmake
-- Symlinking: /home/tdp378/DingoQuadruped/dingo_ws/install/dingo_control/share/dingo_control/package.xml
Listing '/home/tdp378/DingoQuadruped/dingo_ws/install/dingo_control/lib/python3.12/site-packages/dingo_control'...
Compiling '/home/tdp378/DingoQuadruped/dingo_ws/install/dingo_control/lib/python3.12/site-packages/dingo_control/Command.py'...
Compiling '/home/tdp378/DingoQuadruped/dingo_ws/install/dingo_control/lib/python3.12/site-packages/dingo_control/Config.py'...
Compiling '/home/tdp378/DingoQuadruped/dingo_ws/install/dingo_control/lib/python3.12/site-packages/dingo_control/Controller.py'...
Compiling '/home/tdp378/DingoQuadruped/dingo_ws/install/dingo_control/lib/python3.12/site-packages/dingo_control/Gaits.py'...
Compiling '/home/tdp378/DingoQuadruped/dingo_ws/install/dingo_control/lib/python3.12/site-packages/dingo_control/Kinematics.py'...
Compiling '/home/tdp378/DingoQuadruped/dingo_ws/install/dingo_control/lib/python3.12/site-packages/dingo_control/StanceController.py'...
Compiling '/home/tdp378/DingoQuadruped/dingo_ws/install/dingo_control/lib/python3.12/site-packages/dingo_control/State.py'...
Compiling '/home/tdp378/DingoQuadruped/dingo_ws/install/dingo_control/lib/python3.12/site-packages/dingo_control/SwingLegController.py'...
Compiling '/home/tdp378/DingoQuadruped/dingo_ws/install/dingo_control/lib/python3.12/site-packages/dingo_control/__init__.py'...
Compiling '/home/tdp378/DingoQuadruped/dingo_ws/install/dingo_control/lib/python3.12/site-packages/dingo_control/util.py'...
