[0.007s] Invoking command in '/home/tdp378/DingoQuadruped/dingo_ws/build/dingo_control': AMENT_PREFIX_PATH=/home/tdp378/DingoQuadruped/dingo_ws/install/dingo_utilities:/home/tdp378/DingoQuadruped/dingo_ws/install/dingo_control_msgs:${AMENT_PREFIX_PATH} CMAKE_PREFIX_PATH=/home/tdp378/DingoQuadruped/dingo_ws/install/dingo_control_msgs:/home/tdp378/jax_champ/install/jax_teleop:/home/tdp378/jax_champ/install/jax_bringup:/home/tdp378/jax_champ/install/jax_locomotion:/home/tdp378/jax_champ/install/jax_hardware:/home/tdp378/jax_champ/install/jax_description:/home/tdp378/jax_champ/install/jax_behavior:/home/tdp378/jax_champ/install/champ_base:/home/tdp378/jax_champ/install/champ_msgs:/home/tdp378/jax_champ/install/champ:/home/tdp378/jax_champ/install/camera_ros:/opt/ros/jazzy/opt/gz_sim_vendor:/opt/ros/jazzy/opt/gz_sensors_vendor:/opt/ros/jazzy/opt/gz_physics_vendor:/opt/ros/jazzy/opt/sdformat_vendor:/opt/ros/jazzy/opt/gz_gui_vendor:/opt/ros/jazzy/opt/gz_transport_vendor:/opt/ros/jazzy/opt/gz_rendering_vendor:/opt/ros/jazzy/opt/gz_plugin_vendor:/opt/ros/jazzy/opt/gz_fuel_tools_vendor:/opt/ros/jazzy/opt/gz_msgs_vendor:/opt/ros/jazzy/opt/gz_common_vendor:/opt/ros/jazzy/opt/gz_math_vendor:/opt/ros/jazzy/opt/gz_utils_vendor:/opt/ros/jazzy/opt/gz_tools_vendor:/opt/ros/jazzy/opt/gz_ogre_next_vendor:/opt/ros/jazzy/opt/gz_dartsim_vendor:/opt/ros/jazzy/opt/gz_cmake_vendor:/opt/ros/jazzy DEBUGINFOD_URLS=https://debuginfod.ubuntu.com LD_LIBRARY_PATH=/home/tdp378/DingoQuadruped/dingo_ws/install/dingo_control_msgs/lib:${LD_LIBRARY_PATH} PYTHONPATH=/home/tdp378/DingoQuadruped/dingo_ws/build/dingo_utilities/src:/home/tdp378/DingoQuadruped/dingo_ws/install/dingo_utilities/lib/python3.12/site-packages:/home/tdp378/DingoQuadruped/dingo_ws/install/dingo_control_msgs/lib/python3.12/site-packages:${PYTHONPATH} /usr/bin/cmake /home/tdp378/DingoQuadruped/dingo_ws/src/dingo_control -DAMENT_CMAKE_SYMLINK_INSTALL=1 -DCMAKE_INSTALL_PREFIX=/home/tdp378/DingoQuadruped/dingo_ws/install/dingo_control
[0.041s] -- The C compiler identification is GNU 13.3.0
[0.076s] -- The CXX compiler identification is GNU 13.3.0
[0.086s] -- Detecting C compiler ABI info
[0.141s] -- Detecting C compiler ABI info - done
[0.147s] -- Check for working C compiler: /usr/bin/cc - skipped
[0.147s] -- Detecting C compile features
[0.147s] -- Detecting C compile features - done
[0.152s] -- Detecting CXX compiler ABI info
[0.213s] -- Detecting CXX compiler ABI info - done
[0.220s] -- Check for working CXX compiler: /usr/bin/c++ - skipped
[0.220s] -- Detecting CXX compile features
[0.220s] -- Detecting CXX compile features - done
[0.223s] -- Found ament_cmake: 2.5.5 (/opt/ros/jazzy/share/ament_cmake/cmake)
[0.327s] -- Found Python3: /usr/bin/python3 (found version "3.12.3") found components: Interpreter 
[0.376s] -- Override CMake install command with custom implementation using symlinks instead of copying resources
[0.538s] -- Configuring done (0.5s)
[0.541s] -- Generating done (0.0s)
[0.542s] -- Build files have been written to: /home/tdp378/DingoQuadruped/dingo_ws/build/dingo_control
[0.544s] Invoked command in '/home/tdp378/DingoQuadruped/dingo_ws/build/dingo_control' returned '0': AMENT_PREFIX_PATH=/home/tdp378/DingoQuadruped/dingo_ws/install/dingo_utilities:/home/tdp378/DingoQuadruped/dingo_ws/install/dingo_control_msgs:${AMENT_PREFIX_PATH} CMAKE_PREFIX_PATH=/home/tdp378/DingoQuadruped/dingo_ws/install/dingo_control_msgs:/home/tdp378/jax_champ/install/jax_teleop:/home/tdp378/jax_champ/install/jax_bringup:/home/tdp378/jax_champ/install/jax_locomotion:/home/tdp378/jax_champ/install/jax_hardware:/home/tdp378/jax_champ/install/jax_description:/home/tdp378/jax_champ/install/jax_behavior:/home/tdp378/jax_champ/install/champ_base:/home/tdp378/jax_champ/install/champ_msgs:/home/tdp378/jax_champ/install/champ:/home/tdp378/jax_champ/install/camera_ros:/opt/ros/jazzy/opt/gz_sim_vendor:/opt/ros/jazzy/opt/gz_sensors_vendor:/opt/ros/jazzy/opt/gz_physics_vendor:/opt/ros/jazzy/opt/sdformat_vendor:/opt/ros/jazzy/opt/gz_gui_vendor:/opt/ros/jazzy/opt/gz_transport_vendor:/opt/ros/jazzy/opt/gz_rendering_vendor:/opt/ros/jazzy/opt/gz_plugin_vendor:/opt/ros/jazzy/opt/gz_fuel_tools_vendor:/opt/ros/jazzy/opt/gz_msgs_vendor:/opt/ros/jazzy/opt/gz_common_vendor:/opt/ros/jazzy/opt/gz_math_vendor:/opt/ros/jazzy/opt/gz_utils_vendor:/opt/ros/jazzy/opt/gz_tools_vendor:/opt/ros/jazzy/opt/gz_ogre_next_vendor:/opt/ros/jazzy/opt/gz_dartsim_vendor:/opt/ros/jazzy/opt/gz_cmake_vendor:/opt/ros/jazzy DEBUGINFOD_URLS=https://debuginfod.ubuntu.com LD_LIBRARY_PATH=/home/tdp378/DingoQuadruped/dingo_ws/install/dingo_control_msgs/lib:${LD_LIBRARY_PATH} PYTHONPATH=/home/tdp378/DingoQuadruped/dingo_ws/build/dingo_utilities/src:/home/tdp378/DingoQuadruped/dingo_ws/install/dingo_utilities/lib/python3.12/site-packages:/home/tdp378/DingoQuadruped/dingo_ws/install/dingo_control_msgs/lib/python3.12/site-packages:${PYTHONPATH} /usr/bin/cmake /home/tdp378/DingoQuadruped/dingo_ws/src/dingo_control -DAMENT_CMAKE_SYMLINK_INSTALL=1 -DCMAKE_INSTALL_PREFIX=/home/tdp378/DingoQuadruped/dingo_ws/install/dingo_control
[0.545s] Invoking command in '/home/tdp378/DingoQuadruped/dingo_ws/build/dingo_control': AMENT_PREFIX_PATH=/home/tdp378/DingoQuadruped/dingo_ws/install/dingo_utilities:/home/tdp378/DingoQuadruped/dingo_ws/install/dingo_control_msgs:${AMENT_PREFIX_PATH} CMAKE_PREFIX_PATH=/home/tdp378/DingoQuadruped/dingo_ws/install/dingo_control_msgs:/home/tdp378/jax_champ/install/jax_teleop:/home/tdp378/jax_champ/install/jax_bringup:/home/tdp378/jax_champ/install/jax_locomotion:/home/tdp378/jax_champ/install/jax_hardware:/home/tdp378/jax_champ/install/jax_description:/home/tdp378/jax_champ/install/jax_behavior:/home/tdp378/jax_champ/install/champ_base:/home/tdp378/jax_champ/install/champ_msgs:/home/tdp378/jax_champ/install/champ:/home/tdp378/jax_champ/install/camera_ros:/opt/ros/jazzy/opt/gz_sim_vendor:/opt/ros/jazzy/opt/gz_sensors_vendor:/opt/ros/jazzy/opt/gz_physics_vendor:/opt/ros/jazzy/opt/sdformat_vendor:/opt/ros/jazzy/opt/gz_gui_vendor:/opt/ros/jazzy/opt/gz_transport_vendor:/opt/ros/jazzy/opt/gz_rendering_vendor:/opt/ros/jazzy/opt/gz_plugin_vendor:/opt/ros/jazzy/opt/gz_fuel_tools_vendor:/opt/ros/jazzy/opt/gz_msgs_vendor:/opt/ros/jazzy/opt/gz_common_vendor:/opt/ros/jazzy/opt/gz_math_vendor:/opt/ros/jazzy/opt/gz_utils_vendor:/opt/ros/jazzy/opt/gz_tools_vendor:/opt/ros/jazzy/opt/gz_ogre_next_vendor:/opt/ros/jazzy/opt/gz_dartsim_vendor:/opt/ros/jazzy/opt/gz_cmake_vendor:/opt/ros/jazzy DEBUGINFOD_URLS=https://debuginfod.ubuntu.com LD_LIBRARY_PATH=/home/tdp378/DingoQuadruped/dingo_ws/install/dingo_control_msgs/lib:${LD_LIBRARY_PATH} PYTHONPATH=/home/tdp378/DingoQuadruped/dingo_ws/build/dingo_utilities/src:/home/tdp378/DingoQuadruped/dingo_ws/install/dingo_utilities/lib/python3.12/site-packages:/home/tdp378/DingoQuadruped/dingo_ws/install/dingo_control_msgs/lib/python3.12/site-packages:${PYTHONPATH} /usr/bin/cmake --build /home/tdp378/DingoQuadruped/dingo_ws/build/dingo_control -- -j16 -l16
[0.580s] Built target ament_cmake_python_symlink_dingo_control
[0.723s] running egg_info
[0.723s] creating dingo_control.egg-info
[0.732s] writing dingo_control.egg-info/PKG-INFO
[0.732s] writing dependency_links to dingo_control.egg-info/dependency_links.txt
[0.732s] writing top-level names to dingo_control.egg-info/top_level.txt
[0.732s] writing manifest file 'dingo_control.egg-info/SOURCES.txt'
[0.767s] reading manifest file 'dingo_control.egg-info/SOURCES.txt'
[0.767s] writing manifest file 'dingo_control.egg-info/SOURCES.txt'
[0.784s] Built target ament_cmake_python_build_dingo_control_egg
[0.791s] Invoked command in '/home/tdp378/DingoQuadruped/dingo_ws/build/dingo_control' returned '0': AMENT_PREFIX_PATH=/home/tdp378/DingoQuadruped/dingo_ws/install/dingo_utilities:/home/tdp378/DingoQuadruped/dingo_ws/install/dingo_control_msgs:${AMENT_PREFIX_PATH} CMAKE_PREFIX_PATH=/home/tdp378/DingoQuadruped/dingo_ws/install/dingo_control_msgs:/home/tdp378/jax_champ/install/jax_teleop:/home/tdp378/jax_champ/install/jax_bringup:/home/tdp378/jax_champ/install/jax_locomotion:/home/tdp378/jax_champ/install/jax_hardware:/home/tdp378/jax_champ/install/jax_description:/home/tdp378/jax_champ/install/jax_behavior:/home/tdp378/jax_champ/install/champ_base:/home/tdp378/jax_champ/install/champ_msgs:/home/tdp378/jax_champ/install/champ:/home/tdp378/jax_champ/install/camera_ros:/opt/ros/jazzy/opt/gz_sim_vendor:/opt/ros/jazzy/opt/gz_sensors_vendor:/opt/ros/jazzy/opt/gz_physics_vendor:/opt/ros/jazzy/opt/sdformat_vendor:/opt/ros/jazzy/opt/gz_gui_vendor:/opt/ros/jazzy/opt/gz_transport_vendor:/opt/ros/jazzy/opt/gz_rendering_vendor:/opt/ros/jazzy/opt/gz_plugin_vendor:/opt/ros/jazzy/opt/gz_fuel_tools_vendor:/opt/ros/jazzy/opt/gz_msgs_vendor:/opt/ros/jazzy/opt/gz_common_vendor:/opt/ros/jazzy/opt/gz_math_vendor:/opt/ros/jazzy/opt/gz_utils_vendor:/opt/ros/jazzy/opt/gz_tools_vendor:/opt/ros/jazzy/opt/gz_ogre_next_vendor:/opt/ros/jazzy/opt/gz_dartsim_vendor:/opt/ros/jazzy/opt/gz_cmake_vendor:/opt/ros/jazzy DEBUGINFOD_URLS=https://debuginfod.ubuntu.com LD_LIBRARY_PATH=/home/tdp378/DingoQuadruped/dingo_ws/install/dingo_control_msgs/lib:${LD_LIBRARY_PATH} PYTHONPATH=/home/tdp378/DingoQuadruped/dingo_ws/build/dingo_utilities/src:/home/tdp378/DingoQuadruped/dingo_ws/install/dingo_utilities/lib/python3.12/site-packages:/home/tdp378/DingoQuadruped/dingo_ws/install/dingo_control_msgs/lib/python3.12/site-packages:${PYTHONPATH} /usr/bin/cmake --build /home/tdp378/DingoQuadruped/dingo_ws/build/dingo_control -- -j16 -l16
[0.791s] Invoking command in '/home/tdp378/DingoQuadruped/dingo_ws/build/dingo_control': AMENT_PREFIX_PATH=/home/tdp378/DingoQuadruped/dingo_ws/install/dingo_utilities:/home/tdp378/DingoQuadruped/dingo_ws/install/dingo_control_msgs:${AMENT_PREFIX_PATH} CMAKE_PREFIX_PATH=/home/tdp378/DingoQuadruped/dingo_ws/install/dingo_control_msgs:/home/tdp378/jax_champ/install/jax_teleop:/home/tdp378/jax_champ/install/jax_bringup:/home/tdp378/jax_champ/install/jax_locomotion:/home/tdp378/jax_champ/install/jax_hardware:/home/tdp378/jax_champ/install/jax_description:/home/tdp378/jax_champ/install/jax_behavior:/home/tdp378/jax_champ/install/champ_base:/home/tdp378/jax_champ/install/champ_msgs:/home/tdp378/jax_champ/install/champ:/home/tdp378/jax_champ/install/camera_ros:/opt/ros/jazzy/opt/gz_sim_vendor:/opt/ros/jazzy/opt/gz_sensors_vendor:/opt/ros/jazzy/opt/gz_physics_vendor:/opt/ros/jazzy/opt/sdformat_vendor:/opt/ros/jazzy/opt/gz_gui_vendor:/opt/ros/jazzy/opt/gz_transport_vendor:/opt/ros/jazzy/opt/gz_rendering_vendor:/opt/ros/jazzy/opt/gz_plugin_vendor:/opt/ros/jazzy/opt/gz_fuel_tools_vendor:/opt/ros/jazzy/opt/gz_msgs_vendor:/opt/ros/jazzy/opt/gz_common_vendor:/opt/ros/jazzy/opt/gz_math_vendor:/opt/ros/jazzy/opt/gz_utils_vendor:/opt/ros/jazzy/opt/gz_tools_vendor:/opt/ros/jazzy/opt/gz_ogre_next_vendor:/opt/ros/jazzy/opt/gz_dartsim_vendor:/opt/ros/jazzy/opt/gz_cmake_vendor:/opt/ros/jazzy DEBUGINFOD_URLS=https://debuginfod.ubuntu.com LD_LIBRARY_PATH=/home/tdp378/DingoQuadruped/dingo_ws/install/dingo_control_msgs/lib:${LD_LIBRARY_PATH} PYTHONPATH=/home/tdp378/DingoQuadruped/dingo_ws/build/dingo_utilities/src:/home/tdp378/DingoQuadruped/dingo_ws/install/dingo_utilities/lib/python3.12/site-packages:/home/tdp378/DingoQuadruped/dingo_ws/install/dingo_control_msgs/lib/python3.12/site-packages:${PYTHONPATH} /usr/bin/cmake --install /home/tdp378/DingoQuadruped/dingo_ws/build/dingo_control
[0.796s] -- Install configuration: ""
[0.797s] -- Execute custom install script
[0.797s] -- Symlinking: /home/tdp378/DingoQuadruped/dingo_ws/install/dingo_control/share/dingo_control/environment/pythonpath.sh
[0.802s] -- Symlinking: /home/tdp378/DingoQuadruped/dingo_ws/install/dingo_control/share/dingo_control/environment/pythonpath.dsv
[0.824s] -- Symlinking: /home/tdp378/DingoQuadruped/dingo_ws/install/dingo_control/lib/python3.12/site-packages/dingo_control-0.0.0-py3.12.egg-info/PKG-INFO
[0.831s] -- Symlinking: /home/tdp378/DingoQuadruped/dingo_ws/install/dingo_control/lib/python3.12/site-packages/dingo_control-0.0.0-py3.12.egg-info/SOURCES.txt
[0.840s] -- Symlinking: /home/tdp378/DingoQuadruped/dingo_ws/install/dingo_control/lib/python3.12/site-packages/dingo_control-0.0.0-py3.12.egg-info/dependency_links.txt
[0.849s] -- Symlinking: /home/tdp378/DingoQuadruped/dingo_ws/install/dingo_control/lib/python3.12/site-packages/dingo_control-0.0.0-py3.12.egg-info/top_level.txt
[0.860s] -- Symlinking: /home/tdp378/DingoQuadruped/dingo_ws/install/dingo_control/lib/python3.12/site-packages/dingo_control/Command.py
[0.865s] -- Symlinking: /home/tdp378/DingoQuadruped/dingo_ws/install/dingo_control/lib/python3.12/site-packages/dingo_control/Config.py
[0.871s] -- Symlinking: /home/tdp378/DingoQuadruped/dingo_ws/install/dingo_control/lib/python3.12/site-packages/dingo_control/Controller.py
[0.877s] -- Symlinking: /home/tdp378/DingoQuadruped/dingo_ws/install/dingo_control/lib/python3.12/site-packages/dingo_control/Gaits.py
[0.882s] -- Symlinking: /home/tdp378/DingoQuadruped/dingo_ws/install/dingo_control/lib/python3.12/site-packages/dingo_control/Kinematics.py
[0.887s] -- Symlinking: /home/tdp378/DingoQuadruped/dingo_ws/install/dingo_control/lib/python3.12/site-packages/dingo_control/StanceController.py
[0.893s] -- Symlinking: /home/tdp378/DingoQuadruped/dingo_ws/install/dingo_control/lib/python3.12/site-packages/dingo_control/State.py
[0.898s] -- Symlinking: /home/tdp378/DingoQuadruped/dingo_ws/install/dingo_control/lib/python3.12/site-packages/dingo_control/SwingLegController.py
[0.904s] -- Symlinking: /home/tdp378/DingoQuadruped/dingo_ws/install/dingo_control/lib/python3.12/site-packages/dingo_control/__init__.py
[0.909s] -- Symlinking: /home/tdp378/DingoQuadruped/dingo_ws/install/dingo_control/lib/python3.12/site-packages/dingo_control/util.py
[0.916s] -- Symlinking: /home/tdp378/DingoQuadruped/dingo_ws/install/dingo_control/share/ament_index/resource_index/package_run_dependencies/dingo_control
[0.924s] -- Symlinking: /home/tdp378/DingoQuadruped/dingo_ws/install/dingo_control/share/ament_index/resource_index/parent_prefix_path/dingo_control
[0.929s] -- Symlinking: /home/tdp378/DingoQuadruped/dingo_ws/install/dingo_control/share/dingo_control/environment/ament_prefix_path.sh
[0.935s] -- Symlinking: /home/tdp378/DingoQuadruped/dingo_ws/install/dingo_control/share/dingo_control/environment/ament_prefix_path.dsv
[0.941s] -- Symlinking: /home/tdp378/DingoQuadruped/dingo_ws/install/dingo_control/share/dingo_control/environment/path.sh
[0.946s] -- Symlinking: /home/tdp378/DingoQuadruped/dingo_ws/install/dingo_control/share/dingo_control/environment/path.dsv
[0.952s] -- Symlinking: /home/tdp378/DingoQuadruped/dingo_ws/install/dingo_control/share/dingo_control/local_setup.bash
[0.958s] -- Symlinking: /home/tdp378/DingoQuadruped/dingo_ws/install/dingo_control/share/dingo_control/local_setup.sh
[0.964s] -- Symlinking: /home/tdp378/DingoQuadruped/dingo_ws/install/dingo_control/share/dingo_control/local_setup.zsh
[0.969s] -- Symlinking: /home/tdp378/DingoQuadruped/dingo_ws/install/dingo_control/share/dingo_control/local_setup.dsv
[0.975s] -- Symlinking: /home/tdp378/DingoQuadruped/dingo_ws/install/dingo_control/share/dingo_control/package.dsv
[0.983s] -- Symlinking: /home/tdp378/DingoQuadruped/dingo_ws/install/dingo_control/share/ament_index/resource_index/packages/dingo_control
[0.989s] -- Symlinking: /home/tdp378/DingoQuadruped/dingo_ws/install/dingo_control/share/dingo_control/cmake/dingo_controlConfig.cmake
[0.995s] -- Symlinking: /home/tdp378/DingoQuadruped/dingo_ws/install/dingo_control/share/dingo_control/cmake/dingo_controlConfig-version.cmake
[1.001s] -- Symlinking: /home/tdp378/DingoQuadruped/dingo_ws/install/dingo_control/share/dingo_control/package.xml
[1.035s] Listing '/home/tdp378/DingoQuadruped/dingo_ws/install/dingo_control/lib/python3.12/site-packages/dingo_control'...
[1.035s] Compiling '/home/tdp378/DingoQuadruped/dingo_ws/install/dingo_control/lib/python3.12/site-packages/dingo_control/Command.py'...
[1.035s] Compiling '/home/tdp378/DingoQuadruped/dingo_ws/install/dingo_control/lib/python3.12/site-packages/dingo_control/Config.py'...
[1.035s] Compiling '/home/tdp378/DingoQuadruped/dingo_ws/install/dingo_control/lib/python3.12/site-packages/dingo_control/Controller.py'...
[1.035s] Compiling '/home/tdp378/DingoQuadruped/dingo_ws/install/dingo_control/lib/python3.12/site-packages/dingo_control/Gaits.py'...
[1.035s] Compiling '/home/tdp378/DingoQuadruped/dingo_ws/install/dingo_control/lib/python3.12/site-packages/dingo_control/Kinematics.py'...
[1.035s] Compiling '/home/tdp378/DingoQuadruped/dingo_ws/install/dingo_control/lib/python3.12/site-packages/dingo_control/StanceController.py'...
[1.035s] Compiling '/home/tdp378/DingoQuadruped/dingo_ws/install/dingo_control/lib/python3.12/site-packages/dingo_control/State.py'...
[1.035s] Compiling '/home/tdp378/DingoQuadruped/dingo_ws/install/dingo_control/lib/python3.12/site-packages/dingo_control/SwingLegController.py'...
[1.035s] Compiling '/home/tdp378/DingoQuadruped/dingo_ws/install/dingo_control/lib/python3.12/site-packages/dingo_control/__init__.py'...
[1.035s] Compiling '/home/tdp378/DingoQuadruped/dingo_ws/install/dingo_control/lib/python3.12/site-packages/dingo_control/util.py'...
[1.039s] Invoked command in '/home/tdp378/DingoQuadruped/dingo_ws/build/dingo_control' returned '0': AMENT_PREFIX_PATH=/home/tdp378/DingoQuadruped/dingo_ws/install/dingo_utilities:/home/tdp378/DingoQuadruped/dingo_ws/install/dingo_control_msgs:${AMENT_PREFIX_PATH} CMAKE_PREFIX_PATH=/home/tdp378/DingoQuadruped/dingo_ws/install/dingo_control_msgs:/home/tdp378/jax_champ/install/jax_teleop:/home/tdp378/jax_champ/install/jax_bringup:/home/tdp378/jax_champ/install/jax_locomotion:/home/tdp378/jax_champ/install/jax_hardware:/home/tdp378/jax_champ/install/jax_description:/home/tdp378/jax_champ/install/jax_behavior:/home/tdp378/jax_champ/install/champ_base:/home/tdp378/jax_champ/install/champ_msgs:/home/tdp378/jax_champ/install/champ:/home/tdp378/jax_champ/install/camera_ros:/opt/ros/jazzy/opt/gz_sim_vendor:/opt/ros/jazzy/opt/gz_sensors_vendor:/opt/ros/jazzy/opt/gz_physics_vendor:/opt/ros/jazzy/opt/sdformat_vendor:/opt/ros/jazzy/opt/gz_gui_vendor:/opt/ros/jazzy/opt/gz_transport_vendor:/opt/ros/jazzy/opt/gz_rendering_vendor:/opt/ros/jazzy/opt/gz_plugin_vendor:/opt/ros/jazzy/opt/gz_fuel_tools_vendor:/opt/ros/jazzy/opt/gz_msgs_vendor:/opt/ros/jazzy/opt/gz_common_vendor:/opt/ros/jazzy/opt/gz_math_vendor:/opt/ros/jazzy/opt/gz_utils_vendor:/opt/ros/jazzy/opt/gz_tools_vendor:/opt/ros/jazzy/opt/gz_ogre_next_vendor:/opt/ros/jazzy/opt/gz_dartsim_vendor:/opt/ros/jazzy/opt/gz_cmake_vendor:/opt/ros/jazzy DEBUGINFOD_URLS=https://debuginfod.ubuntu.com LD_LIBRARY_PATH=/home/tdp378/DingoQuadruped/dingo_ws/install/dingo_control_msgs/lib:${LD_LIBRARY_PATH} PYTHONPATH=/home/tdp378/DingoQuadruped/dingo_ws/build/dingo_utilities/src:/home/tdp378/DingoQuadruped/dingo_ws/install/dingo_utilities/lib/python3.12/site-packages:/home/tdp378/DingoQuadruped/dingo_ws/install/dingo_control_msgs/lib/python3.12/site-packages:${PYTHONPATH} /usr/bin/cmake --install /home/tdp378/DingoQuadruped/dingo_ws/build/dingo_control
