[0.158s] Invoking command in '/home/tdp378/DingoQuadruped/dingo_ws/build/dingo_behaviors': CMAKE_PREFIX_PATH=${CMAKE_PREFIX_PATH}:/home/tdp378/DingoQuadruped/dingo_ws/install/dingo_utilities:/opt/ros/jazzy DEBUGINFOD_URLS=https://debuginfod.ubuntu.com /usr/bin/cmake /home/tdp378/DingoQuadruped/dingo_ws/src/dingo_behaviors -DAMENT_CMAKE_SYMLINK_INSTALL=1 -DCMAKE_INSTALL_PREFIX=/home/tdp378/DingoQuadruped/dingo_ws/install/dingo_behaviors
[0.197s] -- The C compiler identification is GNU 13.3.0
[0.235s] -- The CXX compiler identification is GNU 13.3.0
[0.249s] -- Detecting C compiler ABI info
[0.369s] -- Detecting C compiler ABI info - done
[0.376s] -- Check for working C compiler: /usr/bin/cc - skipped
[0.376s] -- Detecting C compile features
[0.376s] -- Detecting C compile features - done
[0.383s] -- Detecting CXX compiler ABI info
[0.460s] -- Detecting CXX compiler ABI info - done
[0.468s] -- Check for working CXX compiler: /usr/bin/c++ - skipped
[0.468s] -- Detecting CXX compile features
[0.468s] -- Detecting CXX compile features - done
[0.471s] -- Found ament_cmake: 2.5.5 (/opt/ros/jazzy/share/ament_cmake/cmake)
[0.592s] -- Found Python3: /usr/bin/python3 (found version "3.12.3") found components: Interpreter 
[0.654s] -- Override CMake install command with custom implementation using symlinks instead of copying resources
[0.755s] -- Configuring done (0.6s)
[0.756s] -- Generating done (0.0s)
[0.757s] -- Build files have been written to: /home/tdp378/DingoQuadruped/dingo_ws/build/dingo_behaviors
[0.760s] Invoked command in '/home/tdp378/DingoQuadruped/dingo_ws/build/dingo_behaviors' returned '0': CMAKE_PREFIX_PATH=${CMAKE_PREFIX_PATH}:/home/tdp378/DingoQuadruped/dingo_ws/install/dingo_utilities:/opt/ros/jazzy DEBUGINFOD_URLS=https://debuginfod.ubuntu.com /usr/bin/cmake /home/tdp378/DingoQuadruped/dingo_ws/src/dingo_behaviors -DAMENT_CMAKE_SYMLINK_INSTALL=1 -DCMAKE_INSTALL_PREFIX=/home/tdp378/DingoQuadruped/dingo_ws/install/dingo_behaviors
[0.761s] Invoking command in '/home/tdp378/DingoQuadruped/dingo_ws/build/dingo_behaviors': CMAKE_PREFIX_PATH=${CMAKE_PREFIX_PATH}:/home/tdp378/DingoQuadruped/dingo_ws/install/dingo_utilities:/opt/ros/jazzy DEBUGINFOD_URLS=https://debuginfod.ubuntu.com /usr/bin/cmake --build /home/tdp378/DingoQuadruped/dingo_ws/build/dingo_behaviors -- -j16 -l16
[0.787s] Invoked command in '/home/tdp378/DingoQuadruped/dingo_ws/build/dingo_behaviors' returned '0': CMAKE_PREFIX_PATH=${CMAKE_PREFIX_PATH}:/home/tdp378/DingoQuadruped/dingo_ws/install/dingo_utilities:/opt/ros/jazzy DEBUGINFOD_URLS=https://debuginfod.ubuntu.com /usr/bin/cmake --build /home/tdp378/DingoQuadruped/dingo_ws/build/dingo_behaviors -- -j16 -l16
[0.794s] Invoking command in '/home/tdp378/DingoQuadruped/dingo_ws/build/dingo_behaviors': CMAKE_PREFIX_PATH=${CMAKE_PREFIX_PATH}:/home/tdp378/DingoQuadruped/dingo_ws/install/dingo_utilities:/opt/ros/jazzy DEBUGINFOD_URLS=https://debuginfod.ubuntu.com /usr/bin/cmake --install /home/tdp378/DingoQuadruped/dingo_ws/build/dingo_behaviors
[0.799s] -- Install configuration: ""
[0.800s] -- Execute custom install script
[0.800s] -- Symlinking: /home/tdp378/DingoQuadruped/dingo_ws/install/dingo_behaviors/lib/dingo_behaviors/mode_manager.py
[0.806s] -- Symlinking: /home/tdp378/DingoQuadruped/dingo_ws/install/dingo_behaviors/share/dingo_behaviors/launch/behaviors.launch.py
[0.812s] -- Symlinking: /home/tdp378/DingoQuadruped/dingo_ws/install/dingo_behaviors/share/dingo_behaviors/config/poses.yaml
[0.819s] -- Symlinking: /home/tdp378/DingoQuadruped/dingo_ws/install/dingo_behaviors/share/ament_index/resource_index/package_run_dependencies/dingo_behaviors
[0.825s] -- Symlinking: /home/tdp378/DingoQuadruped/dingo_ws/install/dingo_behaviors/share/ament_index/resource_index/parent_prefix_path/dingo_behaviors
[0.831s] -- Symlinking: /home/tdp378/DingoQuadruped/dingo_ws/install/dingo_behaviors/share/dingo_behaviors/environment/ament_prefix_path.sh
[0.838s] -- Symlinking: /home/tdp378/DingoQuadruped/dingo_ws/install/dingo_behaviors/share/dingo_behaviors/environment/ament_prefix_path.dsv
[0.844s] -- Symlinking: /home/tdp378/DingoQuadruped/dingo_ws/install/dingo_behaviors/share/dingo_behaviors/environment/path.sh
[0.850s] -- Symlinking: /home/tdp378/DingoQuadruped/dingo_ws/install/dingo_behaviors/share/dingo_behaviors/environment/path.dsv
[0.856s] -- Symlinking: /home/tdp378/DingoQuadruped/dingo_ws/install/dingo_behaviors/share/dingo_behaviors/local_setup.bash
[0.862s] -- Symlinking: /home/tdp378/DingoQuadruped/dingo_ws/install/dingo_behaviors/share/dingo_behaviors/local_setup.sh
[0.868s] -- Symlinking: /home/tdp378/DingoQuadruped/dingo_ws/install/dingo_behaviors/share/dingo_behaviors/local_setup.zsh
[0.874s] -- Symlinking: /home/tdp378/DingoQuadruped/dingo_ws/install/dingo_behaviors/share/dingo_behaviors/local_setup.dsv
[0.881s] -- Symlinking: /home/tdp378/DingoQuadruped/dingo_ws/install/dingo_behaviors/share/dingo_behaviors/package.dsv
[0.886s] -- Symlinking: /home/tdp378/DingoQuadruped/dingo_ws/install/dingo_behaviors/share/ament_index/resource_index/packages/dingo_behaviors
[0.893s] -- Symlinking: /home/tdp378/DingoQuadruped/dingo_ws/install/dingo_behaviors/share/dingo_behaviors/cmake/dingo_behaviorsConfig.cmake
[0.899s] -- Symlinking: /home/tdp378/DingoQuadruped/dingo_ws/install/dingo_behaviors/share/dingo_behaviors/cmake/dingo_behaviorsConfig-version.cmake
[0.905s] -- Symlinking: /home/tdp378/DingoQuadruped/dingo_ws/install/dingo_behaviors/share/dingo_behaviors/package.xml
[0.912s] Invoked command in '/home/tdp378/DingoQuadruped/dingo_ws/build/dingo_behaviors' returned '0': CMAKE_PREFIX_PATH=${CMAKE_PREFIX_PATH}:/home/tdp378/DingoQuadruped/dingo_ws/install/dingo_utilities:/opt/ros/jazzy DEBUGINFOD_URLS=https://debuginfod.ubuntu.com /usr/bin/cmake --install /home/tdp378/DingoQuadruped/dingo_ws/build/dingo_behaviors
