-- Found ament_cmake: 2.5.5 (/opt/ros/jazzy/share/ament_cmake/cmake)
-- Override CMake install command with custom implementation using symlinks instead of copying resources
-- Configuring done (0.2s)
-- Generating done (0.0s)
-- Build files have been written to: /home/tdp378/DingoQuadruped/dingo_ws/build/dingo_gazebo
-- Install configuration: ""
-- Execute custom install script
-- Up-to-date symlink: /home/tdp378/DingoQuadruped/dingo_ws/install/dingo_gazebo/share/dingo_gazebo/launch/simulation.launch.py
-- Up-to-date symlink: /home/tdp378/DingoQuadruped/dingo_ws/install/dingo_gazebo/share/dingo_gazebo/launch/world/normal.world
-- Up-to-date symlink: /home/tdp378/DingoQuadruped/dingo_ws/install/dingo_gazebo/share/dingo_gazebo/launch/world/office.world
-- Up-to-date symlink: /home/tdp378/DingoQuadruped/dingo_ws/install/dingo_gazebo/share/dingo_gazebo/config/controllers.yaml
-- Up-to-date symlink: /home/tdp378/DingoQuadruped/dingo_ws/install/dingo_gazebo/lib/dingo_gazebo/joint_states_gazebo_plugin.py
-- Up-to-date symlink: /home/tdp378/DingoQuadruped/dingo_ws/install/dingo_gazebo/share/ament_index/resource_index/package_run_dependencies/dingo_gazebo
-- Up-to-date symlink: /home/tdp378/DingoQuadruped/dingo_ws/install/dingo_gazebo/share/ament_index/resource_index/parent_prefix_path/dingo_gazebo
-- Up-to-date symlink: /home/tdp378/DingoQuadruped/dingo_ws/install/dingo_gazebo/share/dingo_gazebo/environment/ament_prefix_path.sh
-- Up-to-date symlink: /home/tdp378/DingoQuadruped/dingo_ws/install/dingo_gazebo/share/dingo_gazebo/environment/ament_prefix_path.dsv
-- Up-to-date symlink: /home/tdp378/DingoQuadruped/dingo_ws/install/dingo_gazebo/share/dingo_gazebo/environment/path.sh
-- Up-to-date symlink: /home/tdp378/DingoQuadruped/dingo_ws/install/dingo_gazebo/share/dingo_gazebo/environment/path.dsv
-- Up-to-date symlink: /home/tdp378/DingoQuadruped/dingo_ws/install/dingo_gazebo/share/dingo_gazebo/local_setup.bash
-- Up-to-date symlink: /home/tdp378/DingoQuadruped/dingo_ws/install/dingo_gazebo/share/dingo_gazebo/local_setup.sh
-- Up-to-date symlink: /home/tdp378/DingoQuadruped/dingo_ws/install/dingo_gazebo/share/dingo_gazebo/local_setup.zsh
-- Up-to-date symlink: /home/tdp378/DingoQuadruped/dingo_ws/install/dingo_gazebo/share/dingo_gazebo/local_setup.dsv
-- Symlinking: /home/tdp378/DingoQuadruped/dingo_ws/install/dingo_gazebo/share/dingo_gazebo/package.dsv
-- Up-to-date symlink: /home/tdp378/DingoQuadruped/dingo_ws/install/dingo_gazebo/share/ament_index/resource_index/packages/dingo_gazebo
-- Up-to-date symlink: /home/tdp378/DingoQuadruped/dingo_ws/install/dingo_gazebo/share/dingo_gazebo/cmake/dingo_gazeboConfig.cmake
-- Up-to-date symlink: /home/tdp378/DingoQuadruped/dingo_ws/install/dingo_gazebo/share/dingo_gazebo/cmake/dingo_gazeboConfig-version.cmake
-- Up-to-date symlink: /home/tdp378/DingoQuadruped/dingo_ws/install/dingo_gazebo/share/dingo_gazebo/package.xml
