[0.020s] Invoking command in '/home/tdp378/DingoQuadruped/build/dingo_gazebo': AMENT_PREFIX_PATH=/home/tdp378/DingoQuadruped/install/dingo_description:${AMENT_PREFIX_PATH} CMAKE_PREFIX_PATH=/home/tdp378/DingoQuadruped/install/dingo_description:/home/tdp378/jax_champ/install/jax_teleop:/home/tdp378/jax_champ/install/jax_bringup:/home/tdp378/jax_champ/install/jax_locomotion:/home/tdp378/jax_champ/install/jax_hardware:/home/tdp378/jax_champ/install/jax_description:/home/tdp378/jax_champ/install/jax_behavior:/home/tdp378/jax_champ/install/champ_base:/home/tdp378/jax_champ/install/champ_msgs:/home/tdp378/jax_champ/install/champ:/home/tdp378/jax_champ/install/camera_ros:/opt/ros/jazzy/opt/gz_sim_vendor:/opt/ros/jazzy/opt/gz_sensors_vendor:/opt/ros/jazzy/opt/gz_physics_vendor:/opt/ros/jazzy/opt/sdformat_vendor:/opt/ros/jazzy/opt/gz_gui_vendor:/opt/ros/jazzy/opt/gz_transport_vendor:/opt/ros/jazzy/opt/gz_rendering_vendor:/opt/ros/jazzy/opt/gz_plugin_vendor:/opt/ros/jazzy/opt/gz_fuel_tools_vendor:/opt/ros/jazzy/opt/gz_msgs_vendor:/opt/ros/jazzy/opt/gz_common_vendor:/opt/ros/jazzy/opt/gz_math_vendor:/opt/ros/jazzy/opt/gz_utils_vendor:/opt/ros/jazzy/opt/gz_tools_vendor:/opt/ros/jazzy/opt/gz_ogre_next_vendor:/opt/ros/jazzy/opt/gz_dartsim_vendor:/opt/ros/jazzy/opt/gz_cmake_vendor:/opt/ros/jazzy DEBUGINFOD_URLS=https://debuginfod.ubuntu.com /usr/bin/cmake /home/tdp378/DingoQuadruped/dingo_ws/src/dingo_gazebo -DAMENT_CMAKE_SYMLINK_INSTALL=1 -DCMAKE_INSTALL_PREFIX=/home/tdp378/DingoQuadruped/install/dingo_gazebo
[0.058s] -- The C compiler identification is GNU 13.3.0
[0.097s] -- The CXX compiler identification is GNU 13.3.0
[0.109s] -- Detecting C compiler ABI info
[0.175s] -- Detecting C compiler ABI info - done
[0.182s] -- Check for working C compiler: /usr/bin/cc - skipped
[0.182s] -- Detecting C compile features
[0.182s] -- Detecting C compile features - done
[0.188s] -- Detecting CXX compiler ABI info
[0.261s] -- Detecting CXX compiler ABI info - done
[0.267s] -- Check for working CXX compiler: /usr/bin/c++ - skipped
[0.267s] -- Detecting CXX compile features
[0.268s] -- Detecting CXX compile features - done
[0.270s] -- Found ament_cmake: 2.5.5 (/opt/ros/jazzy/share/ament_cmake/cmake)
[0.379s] -- Found Python3: /usr/bin/python3 (found version "3.12.3") found components: Interpreter 
[0.431s] -- Override CMake install command with custom implementation using symlinks instead of copying resources
[0.525s] -- Configuring done (0.5s)
[0.526s] -- Generating done (0.0s)
[0.527s] -- Build files have been written to: /home/tdp378/DingoQuadruped/build/dingo_gazebo
[0.530s] Invoked command in '/home/tdp378/DingoQuadruped/build/dingo_gazebo' returned '0': AMENT_PREFIX_PATH=/home/tdp378/DingoQuadruped/install/dingo_description:${AMENT_PREFIX_PATH} CMAKE_PREFIX_PATH=/home/tdp378/DingoQuadruped/install/dingo_description:/home/tdp378/jax_champ/install/jax_teleop:/home/tdp378/jax_champ/install/jax_bringup:/home/tdp378/jax_champ/install/jax_locomotion:/home/tdp378/jax_champ/install/jax_hardware:/home/tdp378/jax_champ/install/jax_description:/home/tdp378/jax_champ/install/jax_behavior:/home/tdp378/jax_champ/install/champ_base:/home/tdp378/jax_champ/install/champ_msgs:/home/tdp378/jax_champ/install/champ:/home/tdp378/jax_champ/install/camera_ros:/opt/ros/jazzy/opt/gz_sim_vendor:/opt/ros/jazzy/opt/gz_sensors_vendor:/opt/ros/jazzy/opt/gz_physics_vendor:/opt/ros/jazzy/opt/sdformat_vendor:/opt/ros/jazzy/opt/gz_gui_vendor:/opt/ros/jazzy/opt/gz_transport_vendor:/opt/ros/jazzy/opt/gz_rendering_vendor:/opt/ros/jazzy/opt/gz_plugin_vendor:/opt/ros/jazzy/opt/gz_fuel_tools_vendor:/opt/ros/jazzy/opt/gz_msgs_vendor:/opt/ros/jazzy/opt/gz_common_vendor:/opt/ros/jazzy/opt/gz_math_vendor:/opt/ros/jazzy/opt/gz_utils_vendor:/opt/ros/jazzy/opt/gz_tools_vendor:/opt/ros/jazzy/opt/gz_ogre_next_vendor:/opt/ros/jazzy/opt/gz_dartsim_vendor:/opt/ros/jazzy/opt/gz_cmake_vendor:/opt/ros/jazzy DEBUGINFOD_URLS=https://debuginfod.ubuntu.com /usr/bin/cmake /home/tdp378/DingoQuadruped/dingo_ws/src/dingo_gazebo -DAMENT_CMAKE_SYMLINK_INSTALL=1 -DCMAKE_INSTALL_PREFIX=/home/tdp378/DingoQuadruped/install/dingo_gazebo
[0.531s] Invoking command in '/home/tdp378/DingoQuadruped/build/dingo_gazebo': AMENT_PREFIX_PATH=/home/tdp378/DingoQuadruped/install/dingo_description:${AMENT_PREFIX_PATH} CMAKE_PREFIX_PATH=/home/tdp378/DingoQuadruped/install/dingo_description:/home/tdp378/jax_champ/install/jax_teleop:/home/tdp378/jax_champ/install/jax_bringup:/home/tdp378/jax_champ/install/jax_locomotion:/home/tdp378/jax_champ/install/jax_hardware:/home/tdp378/jax_champ/install/jax_description:/home/tdp378/jax_champ/install/jax_behavior:/home/tdp378/jax_champ/install/champ_base:/home/tdp378/jax_champ/install/champ_msgs:/home/tdp378/jax_champ/install/champ:/home/tdp378/jax_champ/install/camera_ros:/opt/ros/jazzy/opt/gz_sim_vendor:/opt/ros/jazzy/opt/gz_sensors_vendor:/opt/ros/jazzy/opt/gz_physics_vendor:/opt/ros/jazzy/opt/sdformat_vendor:/opt/ros/jazzy/opt/gz_gui_vendor:/opt/ros/jazzy/opt/gz_transport_vendor:/opt/ros/jazzy/opt/gz_rendering_vendor:/opt/ros/jazzy/opt/gz_plugin_vendor:/opt/ros/jazzy/opt/gz_fuel_tools_vendor:/opt/ros/jazzy/opt/gz_msgs_vendor:/opt/ros/jazzy/opt/gz_common_vendor:/opt/ros/jazzy/opt/gz_math_vendor:/opt/ros/jazzy/opt/gz_utils_vendor:/opt/ros/jazzy/opt/gz_tools_vendor:/opt/ros/jazzy/opt/gz_ogre_next_vendor:/opt/ros/jazzy/opt/gz_dartsim_vendor:/opt/ros/jazzy/opt/gz_cmake_vendor:/opt/ros/jazzy DEBUGINFOD_URLS=https://debuginfod.ubuntu.com /usr/bin/cmake --build /home/tdp378/DingoQuadruped/build/dingo_gazebo -- -j16 -l16
[0.556s] Invoked command in '/home/tdp378/DingoQuadruped/build/dingo_gazebo' returned '0': AMENT_PREFIX_PATH=/home/tdp378/DingoQuadruped/install/dingo_description:${AMENT_PREFIX_PATH} CMAKE_PREFIX_PATH=/home/tdp378/DingoQuadruped/install/dingo_description:/home/tdp378/jax_champ/install/jax_teleop:/home/tdp378/jax_champ/install/jax_bringup:/home/tdp378/jax_champ/install/jax_locomotion:/home/tdp378/jax_champ/install/jax_hardware:/home/tdp378/jax_champ/install/jax_description:/home/tdp378/jax_champ/install/jax_behavior:/home/tdp378/jax_champ/install/champ_base:/home/tdp378/jax_champ/install/champ_msgs:/home/tdp378/jax_champ/install/champ:/home/tdp378/jax_champ/install/camera_ros:/opt/ros/jazzy/opt/gz_sim_vendor:/opt/ros/jazzy/opt/gz_sensors_vendor:/opt/ros/jazzy/opt/gz_physics_vendor:/opt/ros/jazzy/opt/sdformat_vendor:/opt/ros/jazzy/opt/gz_gui_vendor:/opt/ros/jazzy/opt/gz_transport_vendor:/opt/ros/jazzy/opt/gz_rendering_vendor:/opt/ros/jazzy/opt/gz_plugin_vendor:/opt/ros/jazzy/opt/gz_fuel_tools_vendor:/opt/ros/jazzy/opt/gz_msgs_vendor:/opt/ros/jazzy/opt/gz_common_vendor:/opt/ros/jazzy/opt/gz_math_vendor:/opt/ros/jazzy/opt/gz_utils_vendor:/opt/ros/jazzy/opt/gz_tools_vendor:/opt/ros/jazzy/opt/gz_ogre_next_vendor:/opt/ros/jazzy/opt/gz_dartsim_vendor:/opt/ros/jazzy/opt/gz_cmake_vendor:/opt/ros/jazzy DEBUGINFOD_URLS=https://debuginfod.ubuntu.com /usr/bin/cmake --build /home/tdp378/DingoQuadruped/build/dingo_gazebo -- -j16 -l16
[0.557s] Invoking command in '/home/tdp378/DingoQuadruped/build/dingo_gazebo': AMENT_PREFIX_PATH=/home/tdp378/DingoQuadruped/install/dingo_description:${AMENT_PREFIX_PATH} CMAKE_PREFIX_PATH=/home/tdp378/DingoQuadruped/install/dingo_description:/home/tdp378/jax_champ/install/jax_teleop:/home/tdp378/jax_champ/install/jax_bringup:/home/tdp378/jax_champ/install/jax_locomotion:/home/tdp378/jax_champ/install/jax_hardware:/home/tdp378/jax_champ/install/jax_description:/home/tdp378/jax_champ/install/jax_behavior:/home/tdp378/jax_champ/install/champ_base:/home/tdp378/jax_champ/install/champ_msgs:/home/tdp378/jax_champ/install/champ:/home/tdp378/jax_champ/install/camera_ros:/opt/ros/jazzy/opt/gz_sim_vendor:/opt/ros/jazzy/opt/gz_sensors_vendor:/opt/ros/jazzy/opt/gz_physics_vendor:/opt/ros/jazzy/opt/sdformat_vendor:/opt/ros/jazzy/opt/gz_gui_vendor:/opt/ros/jazzy/opt/gz_transport_vendor:/opt/ros/jazzy/opt/gz_rendering_vendor:/opt/ros/jazzy/opt/gz_plugin_vendor:/opt/ros/jazzy/opt/gz_fuel_tools_vendor:/opt/ros/jazzy/opt/gz_msgs_vendor:/opt/ros/jazzy/opt/gz_common_vendor:/opt/ros/jazzy/opt/gz_math_vendor:/opt/ros/jazzy/opt/gz_utils_vendor:/opt/ros/jazzy/opt/gz_tools_vendor:/opt/ros/jazzy/opt/gz_ogre_next_vendor:/opt/ros/jazzy/opt/gz_dartsim_vendor:/opt/ros/jazzy/opt/gz_cmake_vendor:/opt/ros/jazzy DEBUGINFOD_URLS=https://debuginfod.ubuntu.com /usr/bin/cmake --install /home/tdp378/DingoQuadruped/build/dingo_gazebo
[0.562s] -- Install configuration: ""
[0.562s] -- Execute custom install script
[0.563s] -- Symlinking: /home/tdp378/DingoQuadruped/install/dingo_gazebo/share/dingo_gazebo/launch/simulation.launch.py
[0.568s] -- Symlinking: /home/tdp378/DingoQuadruped/install/dingo_gazebo/share/dingo_gazebo/launch/world/normal.world
[0.574s] -- Symlinking: /home/tdp378/DingoQuadruped/install/dingo_gazebo/share/dingo_gazebo/launch/world/office.world
[0.580s] -- Symlinking: /home/tdp378/DingoQuadruped/install/dingo_gazebo/share/dingo_gazebo/config/controllers.yaml
[0.586s] -- Symlinking: /home/tdp378/DingoQuadruped/install/dingo_gazebo/share/dingo_gazebo/config/dingo_gz_ros2_control.yaml
[0.591s] -- Symlinking: /home/tdp378/DingoQuadruped/install/dingo_gazebo/lib/dingo_gazebo/joint_states_gazebo_plugin.py
[0.597s] -- Symlinking: /home/tdp378/DingoQuadruped/install/dingo_gazebo/share/ament_index/resource_index/package_run_dependencies/dingo_gazebo
[0.602s] -- Symlinking: /home/tdp378/DingoQuadruped/install/dingo_gazebo/share/ament_index/resource_index/parent_prefix_path/dingo_gazebo
[0.608s] -- Symlinking: /home/tdp378/DingoQuadruped/install/dingo_gazebo/share/dingo_gazebo/environment/ament_prefix_path.sh
[0.613s] -- Symlinking: /home/tdp378/DingoQuadruped/install/dingo_gazebo/share/dingo_gazebo/environment/ament_prefix_path.dsv
[0.618s] -- Symlinking: /home/tdp378/DingoQuadruped/install/dingo_gazebo/share/dingo_gazebo/environment/path.sh
[0.624s] -- Symlinking: /home/tdp378/DingoQuadruped/install/dingo_gazebo/share/dingo_gazebo/environment/path.dsv
[0.630s] -- Symlinking: /home/tdp378/DingoQuadruped/install/dingo_gazebo/share/dingo_gazebo/local_setup.bash
[0.635s] -- Symlinking: /home/tdp378/DingoQuadruped/install/dingo_gazebo/share/dingo_gazebo/local_setup.sh
[0.641s] -- Symlinking: /home/tdp378/DingoQuadruped/install/dingo_gazebo/share/dingo_gazebo/local_setup.zsh
[0.646s] -- Symlinking: /home/tdp378/DingoQuadruped/install/dingo_gazebo/share/dingo_gazebo/local_setup.dsv
[0.652s] -- Symlinking: /home/tdp378/DingoQuadruped/install/dingo_gazebo/share/dingo_gazebo/package.dsv
[0.658s] -- Symlinking: /home/tdp378/DingoQuadruped/install/dingo_gazebo/share/ament_index/resource_index/packages/dingo_gazebo
[0.663s] -- Symlinking: /home/tdp378/DingoQuadruped/install/dingo_gazebo/share/dingo_gazebo/cmake/dingo_gazeboConfig.cmake
[0.669s] -- Symlinking: /home/tdp378/DingoQuadruped/install/dingo_gazebo/share/dingo_gazebo/cmake/dingo_gazeboConfig-version.cmake
[0.675s] -- Symlinking: /home/tdp378/DingoQuadruped/install/dingo_gazebo/share/dingo_gazebo/package.xml
[0.682s] Invoked command in '/home/tdp378/DingoQuadruped/build/dingo_gazebo' returned '0': AMENT_PREFIX_PATH=/home/tdp378/DingoQuadruped/install/dingo_description:${AMENT_PREFIX_PATH} CMAKE_PREFIX_PATH=/home/tdp378/DingoQuadruped/install/dingo_description:/home/tdp378/jax_champ/install/jax_teleop:/home/tdp378/jax_champ/install/jax_bringup:/home/tdp378/jax_champ/install/jax_locomotion:/home/tdp378/jax_champ/install/jax_hardware:/home/tdp378/jax_champ/install/jax_description:/home/tdp378/jax_champ/install/jax_behavior:/home/tdp378/jax_champ/install/champ_base:/home/tdp378/jax_champ/install/champ_msgs:/home/tdp378/jax_champ/install/champ:/home/tdp378/jax_champ/install/camera_ros:/opt/ros/jazzy/opt/gz_sim_vendor:/opt/ros/jazzy/opt/gz_sensors_vendor:/opt/ros/jazzy/opt/gz_physics_vendor:/opt/ros/jazzy/opt/sdformat_vendor:/opt/ros/jazzy/opt/gz_gui_vendor:/opt/ros/jazzy/opt/gz_transport_vendor:/opt/ros/jazzy/opt/gz_rendering_vendor:/opt/ros/jazzy/opt/gz_plugin_vendor:/opt/ros/jazzy/opt/gz_fuel_tools_vendor:/opt/ros/jazzy/opt/gz_msgs_vendor:/opt/ros/jazzy/opt/gz_common_vendor:/opt/ros/jazzy/opt/gz_math_vendor:/opt/ros/jazzy/opt/gz_utils_vendor:/opt/ros/jazzy/opt/gz_tools_vendor:/opt/ros/jazzy/opt/gz_ogre_next_vendor:/opt/ros/jazzy/opt/gz_dartsim_vendor:/opt/ros/jazzy/opt/gz_cmake_vendor:/opt/ros/jazzy DEBUGINFOD_URLS=https://debuginfod.ubuntu.com /usr/bin/cmake --install /home/tdp378/DingoQuadruped/build/dingo_gazebo
