Built target ament_cmake_python_symlink_dingo_servo_interfacing
running egg_info
writing dingo_servo_interfacing.egg-info/PKG-INFO
writing dependency_links to dingo_servo_interfacing.egg-info/dependency_links.txt
writing top-level names to dingo_servo_interfacing.egg-info/top_level.txt
reading manifest file 'dingo_servo_interfacing.egg-info/SOURCES.txt'
writing manifest file 'dingo_servo_interfacing.egg-info/SOURCES.txt'
Built target ament_cmake_python_build_dingo_servo_interfacing_egg
-- Install configuration: ""
-- Execute custom install script
-- Up-to-date symlink: /home/tdp378/DingoQuadruped/install/dingo_servo_interfacing/share/dingo_servo_interfacing/environment/pythonpath.sh
-- Up-to-date symlink: /home/tdp378/DingoQuadruped/install/dingo_servo_interfacing/share/dingo_servo_interfacing/environment/pythonpath.dsv
-- Up-to-date symlink: /home/tdp378/DingoQuadruped/install/dingo_servo_interfacing/lib/python3.12/site-packages/dingo_servo_interfacing-0.0.0-py3.12.egg-info/PKG-INFO
-- Up-to-date symlink: /home/tdp378/DingoQuadruped/install/dingo_servo_interfacing/lib/python3.12/site-packages/dingo_servo_interfacing-0.0.0-py3.12.egg-info/SOURCES.txt
-- Up-to-date symlink: /home/tdp378/DingoQuadruped/install/dingo_servo_interfacing/lib/python3.12/site-packages/dingo_servo_interfacing-0.0.0-py3.12.egg-info/dependency_links.txt
-- Up-to-date symlink: /home/tdp378/DingoQuadruped/install/dingo_servo_interfacing/lib/python3.12/site-packages/dingo_servo_interfacing-0.0.0-py3.12.egg-info/top_level.txt
-- Up-to-date symlink: /home/tdp378/DingoQuadruped/install/dingo_servo_interfacing/lib/python3.12/site-packages/dingo_servo_interfacing/CalibrateServos.py
-- Up-to-date symlink: /home/tdp378/DingoQuadruped/install/dingo_servo_interfacing/lib/python3.12/site-packages/dingo_servo_interfacing/HardwareInterface.py
-- Up-to-date symlink: /home/tdp378/DingoQuadruped/install/dingo_servo_interfacing/lib/python3.12/site-packages/dingo_servo_interfacing/ServoCalibrationDefinition.py
-- Up-to-date symlink: /home/tdp378/DingoQuadruped/install/dingo_servo_interfacing/lib/python3.12/site-packages/dingo_servo_interfacing/__init__.py
-- Up-to-date symlink: /home/tdp378/DingoQuadruped/install/dingo_servo_interfacing/share/ament_index/resource_index/package_run_dependencies/dingo_servo_interfacing
-- Up-to-date symlink: /home/tdp378/DingoQuadruped/install/dingo_servo_interfacing/share/ament_index/resource_index/parent_prefix_path/dingo_servo_interfacing
-- Up-to-date symlink: /home/tdp378/DingoQuadruped/install/dingo_servo_interfacing/share/dingo_servo_interfacing/environment/ament_prefix_path.sh
-- Up-to-date symlink: /home/tdp378/DingoQuadruped/install/dingo_servo_interfacing/share/dingo_servo_interfacing/environment/ament_prefix_path.dsv
-- Up-to-date symlink: /home/tdp378/DingoQuadruped/install/dingo_servo_interfacing/share/dingo_servo_interfacing/environment/path.sh
-- Up-to-date symlink: /home/tdp378/DingoQuadruped/install/dingo_servo_interfacing/share/dingo_servo_interfacing/environment/path.dsv
-- Up-to-date symlink: /home/tdp378/DingoQuadruped/install/dingo_servo_interfacing/share/dingo_servo_interfacing/local_setup.bash
-- Up-to-date symlink: /home/tdp378/DingoQuadruped/install/dingo_servo_interfacing/share/dingo_servo_interfacing/local_setup.sh
-- Up-to-date symlink: /home/tdp378/DingoQuadruped/install/dingo_servo_interfacing/share/dingo_servo_interfacing/local_setup.zsh
-- Up-to-date symlink: /home/tdp378/DingoQuadruped/install/dingo_servo_interfacing/share/dingo_servo_interfacing/local_setup.dsv
-- Symlinking: /home/tdp378/DingoQuadruped/install/dingo_servo_interfacing/share/dingo_servo_interfacing/package.dsv
-- Up-to-date symlink: /home/tdp378/DingoQuadruped/install/dingo_servo_interfacing/share/ament_index/resource_index/packages/dingo_servo_interfacing
-- Up-to-date symlink: /home/tdp378/DingoQuadruped/install/dingo_servo_interfacing/share/dingo_servo_interfacing/cmake/dingo_servo_interfacingConfig.cmake
-- Up-to-date symlink: /home/tdp378/DingoQuadruped/install/dingo_servo_interfacing/share/dingo_servo_interfacing/cmake/dingo_servo_interfacingConfig-version.cmake
-- Up-to-date symlink: /home/tdp378/DingoQuadruped/install/dingo_servo_interfacing/share/dingo_servo_interfacing/package.xml
Listing '/home/tdp378/DingoQuadruped/install/dingo_servo_interfacing/lib/python3.12/site-packages/dingo_servo_interfacing'...
