[0.260s] Invoking command in '/home/tdp378/DingoQuadruped/build/dingo_servo_interfacing': CMAKE_PREFIX_PATH=${CMAKE_PREFIX_PATH}:/home/tdp378/DingoQuadruped/install/dingo_utilities:/opt/ros/jazzy DEBUGINFOD_URLS=https://debuginfod.ubuntu.com /usr/bin/cmake --build /home/tdp378/DingoQuadruped/build/dingo_servo_interfacing -- -j16 -l16
[0.335s] Built target ament_cmake_python_symlink_dingo_servo_interfacing
[0.524s] running egg_info
[0.538s] writing dingo_servo_interfacing.egg-info/PKG-INFO
[0.539s] writing dependency_links to dingo_servo_interfacing.egg-info/dependency_links.txt
[0.539s] writing top-level names to dingo_servo_interfacing.egg-info/top_level.txt
[0.579s] reading manifest file 'dingo_servo_interfacing.egg-info/SOURCES.txt'
[0.604s] writing manifest file 'dingo_servo_interfacing.egg-info/SOURCES.txt'
[0.624s] Built target ament_cmake_python_build_dingo_servo_interfacing_egg
[0.636s] Invoked command in '/home/tdp378/DingoQuadruped/build/dingo_servo_interfacing' returned '0': CMAKE_PREFIX_PATH=${CMAKE_PREFIX_PATH}:/home/tdp378/DingoQuadruped/install/dingo_utilities:/opt/ros/jazzy DEBUGINFOD_URLS=https://debuginfod.ubuntu.com /usr/bin/cmake --build /home/tdp378/DingoQuadruped/build/dingo_servo_interfacing -- -j16 -l16
[0.654s] Invoking command in '/home/tdp378/DingoQuadruped/build/dingo_servo_interfacing': CMAKE_PREFIX_PATH=${CMAKE_PREFIX_PATH}:/home/tdp378/DingoQuadruped/install/dingo_utilities:/opt/ros/jazzy DEBUGINFOD_URLS=https://debuginfod.ubuntu.com /usr/bin/cmake --install /home/tdp378/DingoQuadruped/build/dingo_servo_interfacing
[0.665s] -- Install configuration: ""
[0.665s] -- Execute custom install script
[0.665s] -- Up-to-date symlink: /home/tdp378/DingoQuadruped/install/dingo_servo_interfacing/share/dingo_servo_interfacing/environment/pythonpath.sh
[0.665s] -- Up-to-date symlink: /home/tdp378/DingoQuadruped/install/dingo_servo_interfacing/share/dingo_servo_interfacing/environment/pythonpath.dsv
[0.665s] -- Up-to-date symlink: /home/tdp378/DingoQuadruped/install/dingo_servo_interfacing/lib/python3.12/site-packages/dingo_servo_interfacing-0.0.0-py3.12.egg-info/PKG-INFO
[0.665s] -- Up-to-date symlink: /home/tdp378/DingoQuadruped/install/dingo_servo_interfacing/lib/python3.12/site-packages/dingo_servo_interfacing-0.0.0-py3.12.egg-info/SOURCES.txt
[0.665s] -- Up-to-date symlink: /home/tdp378/DingoQuadruped/install/dingo_servo_interfacing/lib/python3.12/site-packages/dingo_servo_interfacing-0.0.0-py3.12.egg-info/dependency_links.txt
[0.665s] -- Up-to-date symlink: /home/tdp378/DingoQuadruped/install/dingo_servo_interfacing/lib/python3.12/site-packages/dingo_servo_interfacing-0.0.0-py3.12.egg-info/top_level.txt
[0.678s] -- Up-to-date symlink: /home/tdp378/DingoQuadruped/install/dingo_servo_interfacing/lib/python3.12/site-packages/dingo_servo_interfacing/CalibrateServos.py
[0.678s] -- Up-to-date symlink: /home/tdp378/DingoQuadruped/install/dingo_servo_interfacing/lib/python3.12/site-packages/dingo_servo_interfacing/HardwareInterface.py
[0.680s] -- Up-to-date symlink: /home/tdp378/DingoQuadruped/install/dingo_servo_interfacing/lib/python3.12/site-packages/dingo_servo_interfacing/ServoCalibrationDefinition.py
[0.680s] -- Up-to-date symlink: /home/tdp378/DingoQuadruped/install/dingo_servo_interfacing/lib/python3.12/site-packages/dingo_servo_interfacing/__init__.py
[0.680s] -- Up-to-date symlink: /home/tdp378/DingoQuadruped/install/dingo_servo_interfacing/share/ament_index/resource_index/package_run_dependencies/dingo_servo_interfacing
[0.681s] -- Up-to-date symlink: /home/tdp378/DingoQuadruped/install/dingo_servo_interfacing/share/ament_index/resource_index/parent_prefix_path/dingo_servo_interfacing
[0.681s] -- Up-to-date symlink: /home/tdp378/DingoQuadruped/install/dingo_servo_interfacing/share/dingo_servo_interfacing/environment/ament_prefix_path.sh
[0.681s] -- Up-to-date symlink: /home/tdp378/DingoQuadruped/install/dingo_servo_interfacing/share/dingo_servo_interfacing/environment/ament_prefix_path.dsv
[0.681s] -- Up-to-date symlink: /home/tdp378/DingoQuadruped/install/dingo_servo_interfacing/share/dingo_servo_interfacing/environment/path.sh
[0.681s] -- Up-to-date symlink: /home/tdp378/DingoQuadruped/install/dingo_servo_interfacing/share/dingo_servo_interfacing/environment/path.dsv
[0.681s] -- Up-to-date symlink: /home/tdp378/DingoQuadruped/install/dingo_servo_interfacing/share/dingo_servo_interfacing/local_setup.bash
[0.681s] -- Up-to-date symlink: /home/tdp378/DingoQuadruped/install/dingo_servo_interfacing/share/dingo_servo_interfacing/local_setup.sh
[0.682s] -- Up-to-date symlink: /home/tdp378/DingoQuadruped/install/dingo_servo_interfacing/share/dingo_servo_interfacing/local_setup.zsh
[0.682s] -- Up-to-date symlink: /home/tdp378/DingoQuadruped/install/dingo_servo_interfacing/share/dingo_servo_interfacing/local_setup.dsv
[0.682s] -- Symlinking: /home/tdp378/DingoQuadruped/install/dingo_servo_interfacing/share/dingo_servo_interfacing/package.dsv
[0.688s] -- Up-to-date symlink: /home/tdp378/DingoQuadruped/install/dingo_servo_interfacing/share/ament_index/resource_index/packages/dingo_servo_interfacing
[0.689s] -- Up-to-date symlink: /home/tdp378/DingoQuadruped/install/dingo_servo_interfacing/share/dingo_servo_interfacing/cmake/dingo_servo_interfacingConfig.cmake
[0.689s] -- Up-to-date symlink: /home/tdp378/DingoQuadruped/install/dingo_servo_interfacing/share/dingo_servo_interfacing/cmake/dingo_servo_interfacingConfig-version.cmake
[0.689s] -- Up-to-date symlink: /home/tdp378/DingoQuadruped/install/dingo_servo_interfacing/share/dingo_servo_interfacing/package.xml
[0.757s] Listing '/home/tdp378/DingoQuadruped/install/dingo_servo_interfacing/lib/python3.12/site-packages/dingo_servo_interfacing'...
[0.769s] Invoked command in '/home/tdp378/DingoQuadruped/build/dingo_servo_interfacing' returned '0': CMAKE_PREFIX_PATH=${CMAKE_PREFIX_PATH}:/home/tdp378/DingoQuadruped/install/dingo_utilities:/opt/ros/jazzy DEBUGINFOD_URLS=https://debuginfod.ubuntu.com /usr/bin/cmake --install /home/tdp378/DingoQuadruped/build/dingo_servo_interfacing
