-- Found ament_cmake: 2.5.5 (/opt/ros/jazzy/share/ament_cmake/cmake)
-- Override CMake install command with custom implementation using symlinks instead of copying resources
-- Configuring done (1.0s)
-- Generating done (0.0s)
-- Build files have been written to: /home/tdp378/DingoQuadruped/dingo_ws/build/dingo_peripheral_interfacing
Built target ament_cmake_python_symlink_dingo_peripheral_interfacing
running egg_info
writing dingo_peripheral_interfacing.egg-info/PKG-INFO
writing dependency_links to dingo_peripheral_interfacing.egg-info/dependency_links.txt
writing top-level names to dingo_peripheral_interfacing.egg-info/top_level.txt
reading manifest file 'dingo_peripheral_interfacing.egg-info/SOURCES.txt'
writing manifest file 'dingo_peripheral_interfacing.egg-info/SOURCES.txt'
Built target ament_cmake_python_build_dingo_peripheral_interfacing_egg
-- Install configuration: ""
-- Execute custom install script
-- Up-to-date symlink: /home/tdp378/DingoQuadruped/dingo_ws/install/dingo_peripheral_interfacing/share/dingo_peripheral_interfacing/environment/pythonpath.sh
-- Up-to-date symlink: /home/tdp378/DingoQuadruped/dingo_ws/install/dingo_peripheral_interfacing/share/dingo_peripheral_interfacing/environment/pythonpath.dsv
-- Up-to-date symlink: /home/tdp378/DingoQuadruped/dingo_ws/install/dingo_peripheral_interfacing/lib/python3.12/site-packages/dingo_peripheral_interfacing-0.0.0-py3.12.egg-info/PKG-INFO
-- Up-to-date symlink: /home/tdp378/DingoQuadruped/dingo_ws/install/dingo_peripheral_interfacing/lib/python3.12/site-packages/dingo_peripheral_interfacing-0.0.0-py3.12.egg-info/SOURCES.txt
-- Up-to-date symlink: /home/tdp378/DingoQuadruped/dingo_ws/install/dingo_peripheral_interfacing/lib/python3.12/site-packages/dingo_peripheral_interfacing-0.0.0-py3.12.egg-info/dependency_links.txt
-- Up-to-date symlink: /home/tdp378/DingoQuadruped/dingo_ws/install/dingo_peripheral_interfacing/lib/python3.12/site-packages/dingo_peripheral_interfacing-0.0.0-py3.12.egg-info/top_level.txt
-- Up-to-date symlink: /home/tdp378/DingoQuadruped/dingo_ws/install/dingo_peripheral_interfacing/lib/python3.12/site-packages/dingo_peripheral_interfacing/IMU.py
-- Up-to-date symlink: /home/tdp378/DingoQuadruped/dingo_ws/install/dingo_peripheral_interfacing/lib/python3.12/site-packages/dingo_peripheral_interfacing/__init__.py
-- Up-to-date symlink: /home/tdp378/DingoQuadruped/dingo_ws/install/dingo_peripheral_interfacing/lib/python3.12/site-packages/dingo_peripheral_interfacing/imu_test.py
-- Up-to-date symlink: /home/tdp378/DingoQuadruped/dingo_ws/install/dingo_peripheral_interfacing/lib/dingo_peripheral_interfacing/battery_voltage_checking.py
-- Up-to-date symlink: /home/tdp378/DingoQuadruped/dingo_ws/install/dingo_peripheral_interfacing/lib/dingo_peripheral_interfacing/cpu_temp_publisher.py
-- Up-to-date symlink: /home/tdp378/DingoQuadruped/dingo_ws/install/dingo_peripheral_interfacing/lib/dingo_peripheral_interfacing/dingo_lcd_interfacing.py
-- Up-to-date symlink: /home/tdp378/DingoQuadruped/dingo_ws/install/dingo_peripheral_interfacing/lib/dingo_peripheral_interfacing/mock_battery_publisher.py
-- Up-to-date symlink: /home/tdp378/DingoQuadruped/dingo_ws/install/dingo_peripheral_interfacing/lib/dingo_peripheral_interfacing/odom_publisher.py
-- Up-to-date symlink: /home/tdp378/DingoQuadruped/dingo_ws/install/dingo_peripheral_interfacing/share/ament_index/resource_index/package_run_dependencies/dingo_peripheral_interfacing
-- Up-to-date symlink: /home/tdp378/DingoQuadruped/dingo_ws/install/dingo_peripheral_interfacing/share/ament_index/resource_index/parent_prefix_path/dingo_peripheral_interfacing
-- Up-to-date symlink: /home/tdp378/DingoQuadruped/dingo_ws/install/dingo_peripheral_interfacing/share/dingo_peripheral_interfacing/environment/ament_prefix_path.sh
-- Up-to-date symlink: /home/tdp378/DingoQuadruped/dingo_ws/install/dingo_peripheral_interfacing/share/dingo_peripheral_interfacing/environment/ament_prefix_path.dsv
-- Up-to-date symlink: /home/tdp378/DingoQuadruped/dingo_ws/install/dingo_peripheral_interfacing/share/dingo_peripheral_interfacing/environment/path.sh
-- Up-to-date symlink: /home/tdp378/DingoQuadruped/dingo_ws/install/dingo_peripheral_interfacing/share/dingo_peripheral_interfacing/environment/path.dsv
-- Up-to-date symlink: /home/tdp378/DingoQuadruped/dingo_ws/install/dingo_peripheral_interfacing/share/dingo_peripheral_interfacing/local_setup.bash
-- Up-to-date symlink: /home/tdp378/DingoQuadruped/dingo_ws/install/dingo_peripheral_interfacing/share/dingo_peripheral_interfacing/local_setup.sh
-- Up-to-date symlink: /home/tdp378/DingoQuadruped/dingo_ws/install/dingo_peripheral_interfacing/share/dingo_peripheral_interfacing/local_setup.zsh
-- Up-to-date symlink: /home/tdp378/DingoQuadruped/dingo_ws/install/dingo_peripheral_interfacing/share/dingo_peripheral_interfacing/local_setup.dsv
-- Symlinking: /home/tdp378/DingoQuadruped/dingo_ws/install/dingo_peripheral_interfacing/share/dingo_peripheral_interfacing/package.dsv
-- Up-to-date symlink: /home/tdp378/DingoQuadruped/dingo_ws/install/dingo_peripheral_interfacing/share/ament_index/resource_index/packages/dingo_peripheral_interfacing
-- Up-to-date symlink: /home/tdp378/DingoQuadruped/dingo_ws/install/dingo_peripheral_interfacing/share/dingo_peripheral_interfacing/cmake/dingo_peripheral_interfacingConfig.cmake
-- Up-to-date symlink: /home/tdp378/DingoQuadruped/dingo_ws/install/dingo_peripheral_interfacing/share/dingo_peripheral_interfacing/cmake/dingo_peripheral_interfacingConfig-version.cmake
-- Up-to-date symlink: /home/tdp378/DingoQuadruped/dingo_ws/install/dingo_peripheral_interfacing/share/dingo_peripheral_interfacing/package.xml
Listing '/home/tdp378/DingoQuadruped/dingo_ws/install/dingo_peripheral_interfacing/lib/python3.12/site-packages/dingo_peripheral_interfacing'...
