[0.058s] Invoking command in '/home/tdp378/DingoQuadruped/dingo_ws/build/dingo_control_msgs': CMAKE_PREFIX_PATH=${CMAKE_PREFIX_PATH}:/home/tdp378/DingoQuadruped/dingo_ws/install/dingo_utilities:/opt/ros/jazzy DEBUGINFOD_URLS=https://debuginfod.ubuntu.com /usr/bin/cmake --build /home/tdp378/DingoQuadruped/dingo_ws/build/dingo_control_msgs -- -j16 -l16
[0.494s] [  0%] Built target ament_cmake_python_symlink_dingo_control_msgs
[0.546s] [  1%] Built target dingo_control_msgs__rosidl_generator_type_description
[0.795s] running egg_info
[0.810s] [  3%] Built target dingo_control_msgs__cpp
[0.810s] writing dingo_control_msgs.egg-info/PKG-INFO
[0.811s] writing dependency_links to dingo_control_msgs.egg-info/dependency_links.txt
[0.812s] writing top-level names to dingo_control_msgs.egg-info/top_level.txt
[0.856s] reading manifest file 'dingo_control_msgs.egg-info/SOURCES.txt'
[0.881s] writing manifest file 'dingo_control_msgs.egg-info/SOURCES.txt'
[0.901s] [  3%] Built target ament_cmake_python_build_dingo_control_msgs_egg
[0.994s] [ 24%] Built target dingo_control_msgs__rosidl_generator_c
[1.029s] [ 33%] Built target dingo_control_msgs__rosidl_typesupport_c
[1.048s] [ 42%] Built target dingo_control_msgs__rosidl_typesupport_introspection_c
[1.063s] [ 70%] Built target dingo_control_msgs__rosidl_typesupport_cpp
[1.063s] [ 70%] Built target dingo_control_msgs__rosidl_typesupport_introspection_cpp
[1.064s] [ 70%] Built target dingo_control_msgs__rosidl_typesupport_fastrtps_cpp
[1.068s] [ 79%] Built target dingo_control_msgs__rosidl_typesupport_fastrtps_c
[1.090s] [ 79%] Built target dingo_control_msgs
[1.108s] [ 81%] Built target dingo_control_msgs__py
[1.173s] [ 88%] Built target dingo_control_msgs__rosidl_generator_py
[1.197s] [ 94%] Built target dingo_control_msgs_s__rosidl_typesupport_fastrtps_c
[1.197s] [ 96%] Built target dingo_control_msgs_s__rosidl_typesupport_c
[1.198s] [100%] Built target dingo_control_msgs_s__rosidl_typesupport_introspection_c
[1.205s] Invoked command in '/home/tdp378/DingoQuadruped/dingo_ws/build/dingo_control_msgs' returned '0': CMAKE_PREFIX_PATH=${CMAKE_PREFIX_PATH}:/home/tdp378/DingoQuadruped/dingo_ws/install/dingo_utilities:/opt/ros/jazzy DEBUGINFOD_URLS=https://debuginfod.ubuntu.com /usr/bin/cmake --build /home/tdp378/DingoQuadruped/dingo_ws/build/dingo_control_msgs -- -j16 -l16
[1.207s] Invoking command in '/home/tdp378/DingoQuadruped/dingo_ws/build/dingo_control_msgs': CMAKE_PREFIX_PATH=${CMAKE_PREFIX_PATH}:/home/tdp378/DingoQuadruped/dingo_ws/install/dingo_utilities:/opt/ros/jazzy DEBUGINFOD_URLS=https://debuginfod.ubuntu.com /usr/bin/cmake --install /home/tdp378/DingoQuadruped/dingo_ws/build/dingo_control_msgs
[1.213s] -- Install configuration: ""
[1.213s] -- Execute custom install script
[1.214s] -- Up-to-date symlink: /home/tdp378/DingoQuadruped/dingo_ws/install/dingo_control_msgs/share/ament_index/resource_index/rosidl_interfaces/dingo_control_msgs
[1.214s] -- Up-to-date symlink: /home/tdp378/DingoQuadruped/dingo_ws/install/dingo_control_msgs/share/dingo_control_msgs/msg/Angle.json
[1.214s] -- Up-to-date symlink: /home/tdp378/DingoQuadruped/dingo_ws/install/dingo_control_msgs/share/dingo_control_msgs/msg/JointSpace.json
[1.214s] -- Up-to-date symlink: /home/tdp378/DingoQuadruped/dingo_ws/install/dingo_control_msgs/share/dingo_control_msgs/msg/TaskSpace.json
[1.214s] -- Up-to-date symlink: /home/tdp378/DingoQuadruped/dingo_ws/install/dingo_control_msgs/include/dingo_control_msgs/dingo_control_msgs/msg/angle.h
[1.214s] -- Up-to-date symlink: /home/tdp378/DingoQuadruped/dingo_ws/install/dingo_control_msgs/include/dingo_control_msgs/dingo_control_msgs/msg/detail/angle__functions.h
[1.214s] -- Up-to-date symlink: /home/tdp378/DingoQuadruped/dingo_ws/install/dingo_control_msgs/include/dingo_control_msgs/dingo_control_msgs/msg/detail/angle__struct.h
[1.214s] -- Up-to-date symlink: /home/tdp378/DingoQuadruped/dingo_ws/install/dingo_control_msgs/include/dingo_control_msgs/dingo_control_msgs/msg/detail/angle__type_support.h
[1.214s] -- Up-to-date symlink: /home/tdp378/DingoQuadruped/dingo_ws/install/dingo_control_msgs/include/dingo_control_msgs/dingo_control_msgs/msg/detail/joint_space__functions.h
[1.215s] -- Up-to-date symlink: /home/tdp378/DingoQuadruped/dingo_ws/install/dingo_control_msgs/include/dingo_control_msgs/dingo_control_msgs/msg/detail/joint_space__struct.h
[1.215s] -- Up-to-date symlink: /home/tdp378/DingoQuadruped/dingo_ws/install/dingo_control_msgs/include/dingo_control_msgs/dingo_control_msgs/msg/detail/joint_space__type_support.h
[1.215s] -- Up-to-date symlink: /home/tdp378/DingoQuadruped/dingo_ws/install/dingo_control_msgs/include/dingo_control_msgs/dingo_control_msgs/msg/detail/task_space__functions.h
[1.215s] -- Up-to-date symlink: /home/tdp378/DingoQuadruped/dingo_ws/install/dingo_control_msgs/include/dingo_control_msgs/dingo_control_msgs/msg/detail/task_space__struct.h
[1.215s] -- Up-to-date symlink: /home/tdp378/DingoQuadruped/dingo_ws/install/dingo_control_msgs/include/dingo_control_msgs/dingo_control_msgs/msg/detail/task_space__type_support.h
[1.215s] -- Up-to-date symlink: /home/tdp378/DingoQuadruped/dingo_ws/install/dingo_control_msgs/include/dingo_control_msgs/dingo_control_msgs/msg/joint_space.h
[1.215s] -- Up-to-date symlink: /home/tdp378/DingoQuadruped/dingo_ws/install/dingo_control_msgs/include/dingo_control_msgs/dingo_control_msgs/msg/rosidl_generator_c__visibility_control.h
[1.215s] -- Up-to-date symlink: /home/tdp378/DingoQuadruped/dingo_ws/install/dingo_control_msgs/include/dingo_control_msgs/dingo_control_msgs/msg/task_space.h
[1.215s] -- Up-to-date symlink: /home/tdp378/DingoQuadruped/dingo_ws/install/dingo_control_msgs/share/dingo_control_msgs/environment/library_path.sh
[1.215s] -- Up-to-date symlink: /home/tdp378/DingoQuadruped/dingo_ws/install/dingo_control_msgs/share/dingo_control_msgs/environment/library_path.dsv
[1.215s] -- Up-to-date symlink: /home/tdp378/DingoQuadruped/dingo_ws/install/dingo_control_msgs/include/dingo_control_msgs/dingo_control_msgs/msg/detail/angle__rosidl_typesupport_fastrtps_c.h
[1.216s] -- Up-to-date symlink: /home/tdp378/DingoQuadruped/dingo_ws/install/dingo_control_msgs/include/dingo_control_msgs/dingo_control_msgs/msg/detail/joint_space__rosidl_typesupport_fastrtps_c.h
[1.216s] -- Up-to-date symlink: /home/tdp378/DingoQuadruped/dingo_ws/install/dingo_control_msgs/include/dingo_control_msgs/dingo_control_msgs/msg/detail/task_space__rosidl_typesupport_fastrtps_c.h
[1.216s] -- Up-to-date symlink: /home/tdp378/DingoQuadruped/dingo_ws/install/dingo_control_msgs/include/dingo_control_msgs/dingo_control_msgs/msg/rosidl_typesupport_fastrtps_c__visibility_control.h
[1.216s] -- Up-to-date symlink: /home/tdp378/DingoQuadruped/dingo_ws/install/dingo_control_msgs/include/dingo_control_msgs/dingo_control_msgs/msg/angle.hpp
[1.216s] -- Up-to-date symlink: /home/tdp378/DingoQuadruped/dingo_ws/install/dingo_control_msgs/include/dingo_control_msgs/dingo_control_msgs/msg/detail/angle__builder.hpp
[1.216s] -- Up-to-date symlink: /home/tdp378/DingoQuadruped/dingo_ws/install/dingo_control_msgs/include/dingo_control_msgs/dingo_control_msgs/msg/detail/angle__struct.hpp
[1.216s] -- Up-to-date symlink: /home/tdp378/DingoQuadruped/dingo_ws/install/dingo_control_msgs/include/dingo_control_msgs/dingo_control_msgs/msg/detail/angle__traits.hpp
[1.216s] -- Up-to-date symlink: /home/tdp378/DingoQuadruped/dingo_ws/install/dingo_control_msgs/include/dingo_control_msgs/dingo_control_msgs/msg/detail/angle__type_support.hpp
[1.216s] -- Up-to-date symlink: /home/tdp378/DingoQuadruped/dingo_ws/install/dingo_control_msgs/include/dingo_control_msgs/dingo_control_msgs/msg/detail/joint_space__builder.hpp
[1.216s] -- Up-to-date symlink: /home/tdp378/DingoQuadruped/dingo_ws/install/dingo_control_msgs/include/dingo_control_msgs/dingo_control_msgs/msg/detail/joint_space__struct.hpp
[1.216s] -- Up-to-date symlink: /home/tdp378/DingoQuadruped/dingo_ws/install/dingo_control_msgs/include/dingo_control_msgs/dingo_control_msgs/msg/detail/joint_space__traits.hpp
[1.216s] -- Up-to-date symlink: /home/tdp378/DingoQuadruped/dingo_ws/install/dingo_control_msgs/include/dingo_control_msgs/dingo_control_msgs/msg/detail/joint_space__type_support.hpp
[1.217s] -- Up-to-date symlink: /home/tdp378/DingoQuadruped/dingo_ws/install/dingo_control_msgs/include/dingo_control_msgs/dingo_control_msgs/msg/detail/task_space__builder.hpp
[1.217s] -- Up-to-date symlink: /home/tdp378/DingoQuadruped/dingo_ws/install/dingo_control_msgs/include/dingo_control_msgs/dingo_control_msgs/msg/detail/task_space__struct.hpp
[1.217s] -- Up-to-date symlink: /home/tdp378/DingoQuadruped/dingo_ws/install/dingo_control_msgs/include/dingo_control_msgs/dingo_control_msgs/msg/detail/task_space__traits.hpp
[1.217s] -- Up-to-date symlink: /home/tdp378/DingoQuadruped/dingo_ws/install/dingo_control_msgs/include/dingo_control_msgs/dingo_control_msgs/msg/detail/task_space__type_support.hpp
[1.217s] -- Up-to-date symlink: /home/tdp378/DingoQuadruped/dingo_ws/install/dingo_control_msgs/include/dingo_control_msgs/dingo_control_msgs/msg/joint_space.hpp
[1.217s] -- Up-to-date symlink: /home/tdp378/DingoQuadruped/dingo_ws/install/dingo_control_msgs/include/dingo_control_msgs/dingo_control_msgs/msg/rosidl_generator_cpp__visibility_control.hpp
[1.217s] -- Up-to-date symlink: /home/tdp378/DingoQuadruped/dingo_ws/install/dingo_control_msgs/include/dingo_control_msgs/dingo_control_msgs/msg/task_space.hpp
[1.217s] -- Up-to-date symlink: /home/tdp378/DingoQuadruped/dingo_ws/install/dingo_control_msgs/include/dingo_control_msgs/dingo_control_msgs/msg/detail/angle__rosidl_typesupport_fastrtps_cpp.hpp
[1.217s] -- Up-to-date symlink: /home/tdp378/DingoQuadruped/dingo_ws/install/dingo_control_msgs/include/dingo_control_msgs/dingo_control_msgs/msg/detail/joint_space__rosidl_typesupport_fastrtps_cpp.hpp
[1.217s] -- Up-to-date symlink: /home/tdp378/DingoQuadruped/dingo_ws/install/dingo_control_msgs/include/dingo_control_msgs/dingo_control_msgs/msg/detail/task_space__rosidl_typesupport_fastrtps_cpp.hpp
[1.217s] -- Up-to-date symlink: /home/tdp378/DingoQuadruped/dingo_ws/install/dingo_control_msgs/include/dingo_control_msgs/dingo_control_msgs/msg/rosidl_typesupport_fastrtps_cpp__visibility_control.h
[1.218s] -- Up-to-date symlink: /home/tdp378/DingoQuadruped/dingo_ws/install/dingo_control_msgs/include/dingo_control_msgs/dingo_control_msgs/msg/detail/angle__rosidl_typesupport_introspection_c.h
[1.218s] -- Up-to-date symlink: /home/tdp378/DingoQuadruped/dingo_ws/install/dingo_control_msgs/include/dingo_control_msgs/dingo_control_msgs/msg/detail/joint_space__rosidl_typesupport_introspection_c.h
[1.218s] -- Up-to-date symlink: /home/tdp378/DingoQuadruped/dingo_ws/install/dingo_control_msgs/include/dingo_control_msgs/dingo_control_msgs/msg/detail/task_space__rosidl_typesupport_introspection_c.h
[1.218s] -- Up-to-date symlink: /home/tdp378/DingoQuadruped/dingo_ws/install/dingo_control_msgs/include/dingo_control_msgs/dingo_control_msgs/msg/rosidl_typesupport_introspection_c__visibility_control.h
[1.218s] -- Up-to-date symlink: /home/tdp378/DingoQuadruped/dingo_ws/install/dingo_control_msgs/include/dingo_control_msgs/dingo_control_msgs/msg/detail/angle__rosidl_typesupport_introspection_cpp.hpp
[1.218s] -- Up-to-date symlink: /home/tdp378/DingoQuadruped/dingo_ws/install/dingo_control_msgs/include/dingo_control_msgs/dingo_control_msgs/msg/detail/joint_space__rosidl_typesupport_introspection_cpp.hpp
[1.218s] -- Up-to-date symlink: /home/tdp378/DingoQuadruped/dingo_ws/install/dingo_control_msgs/include/dingo_control_msgs/dingo_control_msgs/msg/detail/task_space__rosidl_typesupport_introspection_cpp.hpp
[1.218s] -- Up-to-date symlink: /home/tdp378/DingoQuadruped/dingo_ws/install/dingo_control_msgs/share/dingo_control_msgs/environment/pythonpath.sh
[1.218s] -- Up-to-date symlink: /home/tdp378/DingoQuadruped/dingo_ws/install/dingo_control_msgs/share/dingo_control_msgs/environment/pythonpath.dsv
[1.219s] -- Up-to-date symlink: /home/tdp378/DingoQuadruped/dingo_ws/install/dingo_control_msgs/lib/python3.12/site-packages/dingo_control_msgs-0.0.0-py3.12.egg-info/PKG-INFO
[1.219s] -- Up-to-date symlink: /home/tdp378/DingoQuadruped/dingo_ws/install/dingo_control_msgs/lib/python3.12/site-packages/dingo_control_msgs-0.0.0-py3.12.egg-info/SOURCES.txt
[1.219s] -- Up-to-date symlink: /home/tdp378/DingoQuadruped/dingo_ws/install/dingo_control_msgs/lib/python3.12/site-packages/dingo_control_msgs-0.0.0-py3.12.egg-info/dependency_links.txt
[1.219s] -- Up-to-date symlink: /home/tdp378/DingoQuadruped/dingo_ws/install/dingo_control_msgs/lib/python3.12/site-packages/dingo_control_msgs-0.0.0-py3.12.egg-info/top_level.txt
[1.219s] -- Up-to-date symlink: /home/tdp378/DingoQuadruped/dingo_ws/install/dingo_control_msgs/lib/python3.12/site-packages/dingo_control_msgs/__init__.py
[1.219s] -- Up-to-date symlink: /home/tdp378/DingoQuadruped/dingo_ws/install/dingo_control_msgs/lib/python3.12/site-packages/dingo_control_msgs/_dingo_control_msgs_s.ep.rosidl_typesupport_c.c
[1.219s] -- Up-to-date symlink: /home/tdp378/DingoQuadruped/dingo_ws/install/dingo_control_msgs/lib/python3.12/site-packages/dingo_control_msgs/_dingo_control_msgs_s.ep.rosidl_typesupport_fastrtps_c.c
[1.219s] -- Up-to-date symlink: /home/tdp378/DingoQuadruped/dingo_ws/install/dingo_control_msgs/lib/python3.12/site-packages/dingo_control_msgs/_dingo_control_msgs_s.ep.rosidl_typesupport_introspection_c.c
[1.219s] -- Up-to-date symlink: /home/tdp378/DingoQuadruped/dingo_ws/install/dingo_control_msgs/lib/python3.12/site-packages/dingo_control_msgs/dingo_control_msgs_s__rosidl_typesupport_c.so
[1.219s] -- Up-to-date symlink: /home/tdp378/DingoQuadruped/dingo_ws/install/dingo_control_msgs/lib/python3.12/site-packages/dingo_control_msgs/dingo_control_msgs_s__rosidl_typesupport_fastrtps_c.so
[1.219s] -- Up-to-date symlink: /home/tdp378/DingoQuadruped/dingo_ws/install/dingo_control_msgs/lib/python3.12/site-packages/dingo_control_msgs/dingo_control_msgs_s__rosidl_typesupport_introspection_c.so
[1.220s] -- Up-to-date symlink: /home/tdp378/DingoQuadruped/dingo_ws/install/dingo_control_msgs/lib/python3.12/site-packages/dingo_control_msgs/msg/__init__.py
[1.220s] -- Up-to-date symlink: /home/tdp378/DingoQuadruped/dingo_ws/install/dingo_control_msgs/lib/python3.12/site-packages/dingo_control_msgs/msg/_angle.py
[1.220s] -- Up-to-date symlink: /home/tdp378/DingoQuadruped/dingo_ws/install/dingo_control_msgs/lib/python3.12/site-packages/dingo_control_msgs/msg/_angle_s.c
[1.220s] -- Up-to-date symlink: /home/tdp378/DingoQuadruped/dingo_ws/install/dingo_control_msgs/lib/python3.12/site-packages/dingo_control_msgs/msg/_joint_space.py
[1.220s] -- Up-to-date symlink: /home/tdp378/DingoQuadruped/dingo_ws/install/dingo_control_msgs/lib/python3.12/site-packages/dingo_control_msgs/msg/_joint_space_s.c
[1.220s] -- Up-to-date symlink: /home/tdp378/DingoQuadruped/dingo_ws/install/dingo_control_msgs/lib/python3.12/site-packages/dingo_control_msgs/msg/_task_space.py
[1.220s] -- Up-to-date symlink: /home/tdp378/DingoQuadruped/dingo_ws/install/dingo_control_msgs/lib/python3.12/site-packages/dingo_control_msgs/msg/_task_space_s.c
[1.220s] -- Up-to-date symlink: /home/tdp378/DingoQuadruped/dingo_ws/install/dingo_control_msgs/lib/python3.12/site-packages/dingo_control_msgs/dingo_control_msgs_s__rosidl_typesupport_fastrtps_c.so
[1.220s] -- Up-to-date symlink: /home/tdp378/DingoQuadruped/dingo_ws/install/dingo_control_msgs/lib/python3.12/site-packages/dingo_control_msgs/dingo_control_msgs_s__rosidl_typesupport_introspection_c.so
[1.221s] -- Up-to-date symlink: /home/tdp378/DingoQuadruped/dingo_ws/install/dingo_control_msgs/lib/python3.12/site-packages/dingo_control_msgs/dingo_control_msgs_s__rosidl_typesupport_c.so
[1.221s] -- Up-to-date symlink: /home/tdp378/DingoQuadruped/dingo_ws/install/dingo_control_msgs/share/dingo_control_msgs/msg/Angle.idl
[1.221s] -- Up-to-date symlink: /home/tdp378/DingoQuadruped/dingo_ws/install/dingo_control_msgs/share/dingo_control_msgs/msg/JointSpace.idl
[1.221s] -- Up-to-date symlink: /home/tdp378/DingoQuadruped/dingo_ws/install/dingo_control_msgs/share/dingo_control_msgs/msg/TaskSpace.idl
[1.221s] -- Up-to-date symlink: /home/tdp378/DingoQuadruped/dingo_ws/install/dingo_control_msgs/share/dingo_control_msgs/msg/Angle.msg
[1.221s] -- Up-to-date symlink: /home/tdp378/DingoQuadruped/dingo_ws/install/dingo_control_msgs/share/dingo_control_msgs/msg/JointSpace.msg
[1.221s] -- Up-to-date symlink: /home/tdp378/DingoQuadruped/dingo_ws/install/dingo_control_msgs/share/dingo_control_msgs/msg/TaskSpace.msg
[1.221s] -- Up-to-date symlink: /home/tdp378/DingoQuadruped/dingo_ws/install/dingo_control_msgs/share/ament_index/resource_index/package_run_dependencies/dingo_control_msgs
[1.221s] -- Up-to-date symlink: /home/tdp378/DingoQuadruped/dingo_ws/install/dingo_control_msgs/share/ament_index/resource_index/parent_prefix_path/dingo_control_msgs
[1.221s] -- Up-to-date symlink: /home/tdp378/DingoQuadruped/dingo_ws/install/dingo_control_msgs/share/dingo_control_msgs/environment/ament_prefix_path.sh
[1.222s] -- Up-to-date symlink: /home/tdp378/DingoQuadruped/dingo_ws/install/dingo_control_msgs/share/dingo_control_msgs/environment/ament_prefix_path.dsv
[1.222s] -- Up-to-date symlink: /home/tdp378/DingoQuadruped/dingo_ws/install/dingo_control_msgs/share/dingo_control_msgs/environment/path.sh
[1.222s] -- Up-to-date symlink: /home/tdp378/DingoQuadruped/dingo_ws/install/dingo_control_msgs/share/dingo_control_msgs/environment/path.dsv
[1.222s] -- Up-to-date symlink: /home/tdp378/DingoQuadruped/dingo_ws/install/dingo_control_msgs/share/dingo_control_msgs/local_setup.bash
[1.222s] -- Up-to-date symlink: /home/tdp378/DingoQuadruped/dingo_ws/install/dingo_control_msgs/share/dingo_control_msgs/local_setup.sh
[1.222s] -- Up-to-date symlink: /home/tdp378/DingoQuadruped/dingo_ws/install/dingo_control_msgs/share/dingo_control_msgs/local_setup.zsh
[1.222s] -- Up-to-date symlink: /home/tdp378/DingoQuadruped/dingo_ws/install/dingo_control_msgs/share/dingo_control_msgs/local_setup.dsv
[1.222s] -- Symlinking: /home/tdp378/DingoQuadruped/dingo_ws/install/dingo_control_msgs/share/dingo_control_msgs/package.dsv
[1.229s] -- Up-to-date symlink: /home/tdp378/DingoQuadruped/dingo_ws/install/dingo_control_msgs/share/ament_index/resource_index/packages/dingo_control_msgs
[1.229s] -- Up-to-date symlink: /home/tdp378/DingoQuadruped/dingo_ws/install/dingo_control_msgs/share/dingo_control_msgs/cmake/rosidl_cmake-extras.cmake
[1.229s] -- Up-to-date symlink: /home/tdp378/DingoQuadruped/dingo_ws/install/dingo_control_msgs/share/dingo_control_msgs/cmake/ament_cmake_export_dependencies-extras.cmake
[1.229s] -- Up-to-date symlink: /home/tdp378/DingoQuadruped/dingo_ws/install/dingo_control_msgs/share/dingo_control_msgs/cmake/ament_cmake_export_include_directories-extras.cmake
[1.229s] -- Up-to-date symlink: /home/tdp378/DingoQuadruped/dingo_ws/install/dingo_control_msgs/share/dingo_control_msgs/cmake/ament_cmake_export_libraries-extras.cmake
[1.229s] -- Up-to-date symlink: /home/tdp378/DingoQuadruped/dingo_ws/install/dingo_control_msgs/share/dingo_control_msgs/cmake/ament_cmake_export_targets-extras.cmake
[1.229s] -- Up-to-date symlink: /home/tdp378/DingoQuadruped/dingo_ws/install/dingo_control_msgs/share/dingo_control_msgs/cmake/rosidl_cmake_export_typesupport_targets-extras.cmake
[1.229s] -- Up-to-date symlink: /home/tdp378/DingoQuadruped/dingo_ws/install/dingo_control_msgs/share/dingo_control_msgs/cmake/rosidl_cmake_export_typesupport_libraries-extras.cmake
[1.229s] -- Up-to-date symlink: /home/tdp378/DingoQuadruped/dingo_ws/install/dingo_control_msgs/share/dingo_control_msgs/cmake/dingo_control_msgsConfig.cmake
[1.230s] -- Up-to-date symlink: /home/tdp378/DingoQuadruped/dingo_ws/install/dingo_control_msgs/share/dingo_control_msgs/cmake/dingo_control_msgsConfig-version.cmake
[1.230s] -- Up-to-date symlink: /home/tdp378/DingoQuadruped/dingo_ws/install/dingo_control_msgs/share/dingo_control_msgs/package.xml
[1.230s] -- Up-to-date: /home/tdp378/DingoQuadruped/dingo_ws/install/dingo_control_msgs/lib/libdingo_control_msgs__rosidl_generator_c.so
[1.230s] -- Up-to-date: /home/tdp378/DingoQuadruped/dingo_ws/install/dingo_control_msgs/lib/libdingo_control_msgs__rosidl_typesupport_fastrtps_c.so
[1.230s] -- Up-to-date: /home/tdp378/DingoQuadruped/dingo_ws/install/dingo_control_msgs/lib/libdingo_control_msgs__rosidl_typesupport_fastrtps_cpp.so
[1.230s] -- Up-to-date: /home/tdp378/DingoQuadruped/dingo_ws/install/dingo_control_msgs/lib/libdingo_control_msgs__rosidl_typesupport_introspection_c.so
[1.230s] -- Up-to-date: /home/tdp378/DingoQuadruped/dingo_ws/install/dingo_control_msgs/lib/libdingo_control_msgs__rosidl_typesupport_c.so
[1.231s] -- Up-to-date: /home/tdp378/DingoQuadruped/dingo_ws/install/dingo_control_msgs/lib/libdingo_control_msgs__rosidl_typesupport_introspection_cpp.so
[1.231s] -- Up-to-date: /home/tdp378/DingoQuadruped/dingo_ws/install/dingo_control_msgs/lib/libdingo_control_msgs__rosidl_typesupport_cpp.so
[1.256s] Listing '/home/tdp378/DingoQuadruped/dingo_ws/install/dingo_control_msgs/lib/python3.12/site-packages/dingo_control_msgs'...
[1.256s] Listing '/home/tdp378/DingoQuadruped/dingo_ws/install/dingo_control_msgs/lib/python3.12/site-packages/dingo_control_msgs/msg'...
[1.261s] -- Up-to-date: /home/tdp378/DingoQuadruped/dingo_ws/install/dingo_control_msgs/lib/libdingo_control_msgs__rosidl_generator_py.so
[1.269s] -- Up-to-date: /home/tdp378/DingoQuadruped/dingo_ws/install/dingo_control_msgs/share/dingo_control_msgs/cmake/export_dingo_control_msgs__rosidl_generator_cExport.cmake
[1.269s] -- Up-to-date: /home/tdp378/DingoQuadruped/dingo_ws/install/dingo_control_msgs/share/dingo_control_msgs/cmake/export_dingo_control_msgs__rosidl_generator_cExport-noconfig.cmake
[1.269s] -- Up-to-date: /home/tdp378/DingoQuadruped/dingo_ws/install/dingo_control_msgs/share/dingo_control_msgs/cmake/export_dingo_control_msgs__rosidl_typesupport_fastrtps_cExport.cmake
[1.269s] -- Up-to-date: /home/tdp378/DingoQuadruped/dingo_ws/install/dingo_control_msgs/share/dingo_control_msgs/cmake/export_dingo_control_msgs__rosidl_typesupport_fastrtps_cExport-noconfig.cmake
[1.269s] -- Up-to-date: /home/tdp378/DingoQuadruped/dingo_ws/install/dingo_control_msgs/share/dingo_control_msgs/cmake/export_dingo_control_msgs__rosidl_generator_cppExport.cmake
[1.269s] -- Up-to-date: /home/tdp378/DingoQuadruped/dingo_ws/install/dingo_control_msgs/share/dingo_control_msgs/cmake/export_dingo_control_msgs__rosidl_typesupport_fastrtps_cppExport.cmake
[1.269s] -- Up-to-date: /home/tdp378/DingoQuadruped/dingo_ws/install/dingo_control_msgs/share/dingo_control_msgs/cmake/export_dingo_control_msgs__rosidl_typesupport_fastrtps_cppExport-noconfig.cmake
[1.269s] -- Up-to-date: /home/tdp378/DingoQuadruped/dingo_ws/install/dingo_control_msgs/share/dingo_control_msgs/cmake/dingo_control_msgs__rosidl_typesupport_introspection_cExport.cmake
[1.269s] -- Up-to-date: /home/tdp378/DingoQuadruped/dingo_ws/install/dingo_control_msgs/share/dingo_control_msgs/cmake/dingo_control_msgs__rosidl_typesupport_introspection_cExport-noconfig.cmake
[1.269s] -- Up-to-date: /home/tdp378/DingoQuadruped/dingo_ws/install/dingo_control_msgs/share/dingo_control_msgs/cmake/dingo_control_msgs__rosidl_typesupport_cExport.cmake
[1.270s] -- Up-to-date: /home/tdp378/DingoQuadruped/dingo_ws/install/dingo_control_msgs/share/dingo_control_msgs/cmake/dingo_control_msgs__rosidl_typesupport_cExport-noconfig.cmake
[1.270s] -- Up-to-date: /home/tdp378/DingoQuadruped/dingo_ws/install/dingo_control_msgs/share/dingo_control_msgs/cmake/dingo_control_msgs__rosidl_typesupport_introspection_cppExport.cmake
[1.270s] -- Up-to-date: /home/tdp378/DingoQuadruped/dingo_ws/install/dingo_control_msgs/share/dingo_control_msgs/cmake/dingo_control_msgs__rosidl_typesupport_introspection_cppExport-noconfig.cmake
[1.270s] -- Up-to-date: /home/tdp378/DingoQuadruped/dingo_ws/install/dingo_control_msgs/share/dingo_control_msgs/cmake/dingo_control_msgs__rosidl_typesupport_cppExport.cmake
[1.270s] -- Up-to-date: /home/tdp378/DingoQuadruped/dingo_ws/install/dingo_control_msgs/share/dingo_control_msgs/cmake/dingo_control_msgs__rosidl_typesupport_cppExport-noconfig.cmake
[1.270s] -- Up-to-date: /home/tdp378/DingoQuadruped/dingo_ws/install/dingo_control_msgs/share/dingo_control_msgs/cmake/export_dingo_control_msgs__rosidl_generator_pyExport.cmake
[1.270s] -- Up-to-date: /home/tdp378/DingoQuadruped/dingo_ws/install/dingo_control_msgs/share/dingo_control_msgs/cmake/export_dingo_control_msgs__rosidl_generator_pyExport-noconfig.cmake
[1.293s] Invoked command in '/home/tdp378/DingoQuadruped/dingo_ws/build/dingo_control_msgs' returned '0': CMAKE_PREFIX_PATH=${CMAKE_PREFIX_PATH}:/home/tdp378/DingoQuadruped/dingo_ws/install/dingo_utilities:/opt/ros/jazzy DEBUGINFOD_URLS=https://debuginfod.ubuntu.com /usr/bin/cmake --install /home/tdp378/DingoQuadruped/dingo_ws/build/dingo_control_msgs
