[0.007s] Invoking command in '/home/tdp378/DingoQuadruped/build/dingo_control': AMENT_PREFIX_PATH=/home/tdp378/DingoQuadruped/install/dingo_utilities:/home/tdp378/DingoQuadruped/install/dingo_control_msgs:${AMENT_PREFIX_PATH} CMAKE_PREFIX_PATH=/home/tdp378/DingoQuadruped/install/dingo_control_msgs:/home/tdp378/jax_champ/install/jax_teleop:/home/tdp378/jax_champ/install/jax_bringup:/home/tdp378/jax_champ/install/jax_locomotion:/home/tdp378/jax_champ/install/jax_hardware:/home/tdp378/jax_champ/install/jax_description:/home/tdp378/jax_champ/install/jax_behavior:/home/tdp378/jax_champ/install/champ_base:/home/tdp378/jax_champ/install/champ_msgs:/home/tdp378/jax_champ/install/champ:/home/tdp378/jax_champ/install/camera_ros:/opt/ros/jazzy/opt/gz_sim_vendor:/opt/ros/jazzy/opt/gz_sensors_vendor:/opt/ros/jazzy/opt/gz_physics_vendor:/opt/ros/jazzy/opt/sdformat_vendor:/opt/ros/jazzy/opt/gz_gui_vendor:/opt/ros/jazzy/opt/gz_transport_vendor:/opt/ros/jazzy/opt/gz_rendering_vendor:/opt/ros/jazzy/opt/gz_plugin_vendor:/opt/ros/jazzy/opt/gz_fuel_tools_vendor:/opt/ros/jazzy/opt/gz_msgs_vendor:/opt/ros/jazzy/opt/gz_common_vendor:/opt/ros/jazzy/opt/gz_math_vendor:/opt/ros/jazzy/opt/gz_utils_vendor:/opt/ros/jazzy/opt/gz_tools_vendor:/opt/ros/jazzy/opt/gz_ogre_next_vendor:/opt/ros/jazzy/opt/gz_dartsim_vendor:/opt/ros/jazzy/opt/gz_cmake_vendor:/opt/ros/jazzy DEBUGINFOD_URLS=https://debuginfod.ubuntu.com LD_LIBRARY_PATH=/home/tdp378/DingoQuadruped/install/dingo_control_msgs/lib:${LD_LIBRARY_PATH} PYTHONPATH=/home/tdp378/DingoQuadruped/build/dingo_utilities/src:/home/tdp378/DingoQuadruped/install/dingo_utilities/lib/python3.12/site-packages:/home/tdp378/DingoQuadruped/install/dingo_control_msgs/lib/python3.12/site-packages:${PYTHONPATH} /usr/bin/cmake /home/tdp378/DingoQuadruped/dingo_ws/src/dingo_control -DAMENT_CMAKE_SYMLINK_INSTALL=1 -DCMAKE_INSTALL_PREFIX=/home/tdp378/DingoQuadruped/install/dingo_control
[0.041s] -- The C compiler identification is GNU 13.3.0
[0.075s] -- The CXX compiler identification is GNU 13.3.0
[0.085s] -- Detecting C compiler ABI info
[0.137s] -- Detecting C compiler ABI info - done
[0.143s] -- Check for working C compiler: /usr/bin/cc - skipped
[0.144s] -- Detecting C compile features
[0.144s] -- Detecting C compile features - done
[0.149s] -- Detecting CXX compiler ABI info
[0.208s] -- Detecting CXX compiler ABI info - done
[0.215s] -- Check for working CXX compiler: /usr/bin/c++ - skipped
[0.215s] -- Detecting CXX compile features
[0.216s] -- Detecting CXX compile features - done
[0.219s] -- Found ament_cmake: 2.5.5 (/opt/ros/jazzy/share/ament_cmake/cmake)
[0.322s] -- Found Python3: /usr/bin/python3 (found version "3.12.3") found components: Interpreter 
[0.371s] -- Override CMake install command with custom implementation using symlinks instead of copying resources
[0.541s] -- Configuring done (0.5s)
[0.543s] -- Generating done (0.0s)
[0.545s] -- Build files have been written to: /home/tdp378/DingoQuadruped/build/dingo_control
[0.547s] Invoked command in '/home/tdp378/DingoQuadruped/build/dingo_control' returned '0': AMENT_PREFIX_PATH=/home/tdp378/DingoQuadruped/install/dingo_utilities:/home/tdp378/DingoQuadruped/install/dingo_control_msgs:${AMENT_PREFIX_PATH} CMAKE_PREFIX_PATH=/home/tdp378/DingoQuadruped/install/dingo_control_msgs:/home/tdp378/jax_champ/install/jax_teleop:/home/tdp378/jax_champ/install/jax_bringup:/home/tdp378/jax_champ/install/jax_locomotion:/home/tdp378/jax_champ/install/jax_hardware:/home/tdp378/jax_champ/install/jax_description:/home/tdp378/jax_champ/install/jax_behavior:/home/tdp378/jax_champ/install/champ_base:/home/tdp378/jax_champ/install/champ_msgs:/home/tdp378/jax_champ/install/champ:/home/tdp378/jax_champ/install/camera_ros:/opt/ros/jazzy/opt/gz_sim_vendor:/opt/ros/jazzy/opt/gz_sensors_vendor:/opt/ros/jazzy/opt/gz_physics_vendor:/opt/ros/jazzy/opt/sdformat_vendor:/opt/ros/jazzy/opt/gz_gui_vendor:/opt/ros/jazzy/opt/gz_transport_vendor:/opt/ros/jazzy/opt/gz_rendering_vendor:/opt/ros/jazzy/opt/gz_plugin_vendor:/opt/ros/jazzy/opt/gz_fuel_tools_vendor:/opt/ros/jazzy/opt/gz_msgs_vendor:/opt/ros/jazzy/opt/gz_common_vendor:/opt/ros/jazzy/opt/gz_math_vendor:/opt/ros/jazzy/opt/gz_utils_vendor:/opt/ros/jazzy/opt/gz_tools_vendor:/opt/ros/jazzy/opt/gz_ogre_next_vendor:/opt/ros/jazzy/opt/gz_dartsim_vendor:/opt/ros/jazzy/opt/gz_cmake_vendor:/opt/ros/jazzy DEBUGINFOD_URLS=https://debuginfod.ubuntu.com LD_LIBRARY_PATH=/home/tdp378/DingoQuadruped/install/dingo_control_msgs/lib:${LD_LIBRARY_PATH} PYTHONPATH=/home/tdp378/DingoQuadruped/build/dingo_utilities/src:/home/tdp378/DingoQuadruped/install/dingo_utilities/lib/python3.12/site-packages:/home/tdp378/DingoQuadruped/install/dingo_control_msgs/lib/python3.12/site-packages:${PYTHONPATH} /usr/bin/cmake /home/tdp378/DingoQuadruped/dingo_ws/src/dingo_control -DAMENT_CMAKE_SYMLINK_INSTALL=1 -DCMAKE_INSTALL_PREFIX=/home/tdp378/DingoQuadruped/install/dingo_control
[0.548s] Invoking command in '/home/tdp378/DingoQuadruped/build/dingo_control': AMENT_PREFIX_PATH=/home/tdp378/DingoQuadruped/install/dingo_utilities:/home/tdp378/DingoQuadruped/install/dingo_control_msgs:${AMENT_PREFIX_PATH} CMAKE_PREFIX_PATH=/home/tdp378/DingoQuadruped/install/dingo_control_msgs:/home/tdp378/jax_champ/install/jax_teleop:/home/tdp378/jax_champ/install/jax_bringup:/home/tdp378/jax_champ/install/jax_locomotion:/home/tdp378/jax_champ/install/jax_hardware:/home/tdp378/jax_champ/install/jax_description:/home/tdp378/jax_champ/install/jax_behavior:/home/tdp378/jax_champ/install/champ_base:/home/tdp378/jax_champ/install/champ_msgs:/home/tdp378/jax_champ/install/champ:/home/tdp378/jax_champ/install/camera_ros:/opt/ros/jazzy/opt/gz_sim_vendor:/opt/ros/jazzy/opt/gz_sensors_vendor:/opt/ros/jazzy/opt/gz_physics_vendor:/opt/ros/jazzy/opt/sdformat_vendor:/opt/ros/jazzy/opt/gz_gui_vendor:/opt/ros/jazzy/opt/gz_transport_vendor:/opt/ros/jazzy/opt/gz_rendering_vendor:/opt/ros/jazzy/opt/gz_plugin_vendor:/opt/ros/jazzy/opt/gz_fuel_tools_vendor:/opt/ros/jazzy/opt/gz_msgs_vendor:/opt/ros/jazzy/opt/gz_common_vendor:/opt/ros/jazzy/opt/gz_math_vendor:/opt/ros/jazzy/opt/gz_utils_vendor:/opt/ros/jazzy/opt/gz_tools_vendor:/opt/ros/jazzy/opt/gz_ogre_next_vendor:/opt/ros/jazzy/opt/gz_dartsim_vendor:/opt/ros/jazzy/opt/gz_cmake_vendor:/opt/ros/jazzy DEBUGINFOD_URLS=https://debuginfod.ubuntu.com LD_LIBRARY_PATH=/home/tdp378/DingoQuadruped/install/dingo_control_msgs/lib:${LD_LIBRARY_PATH} PYTHONPATH=/home/tdp378/DingoQuadruped/build/dingo_utilities/src:/home/tdp378/DingoQuadruped/install/dingo_utilities/lib/python3.12/site-packages:/home/tdp378/DingoQuadruped/install/dingo_control_msgs/lib/python3.12/site-packages:${PYTHONPATH} /usr/bin/cmake --build /home/tdp378/DingoQuadruped/build/dingo_control -- -j16 -l16
[0.583s] Built target ament_cmake_python_symlink_dingo_control
[0.724s] running egg_info
[0.724s] creating dingo_control.egg-info
[0.737s] writing dingo_control.egg-info/PKG-INFO
[0.737s] writing dependency_links to dingo_control.egg-info/dependency_links.txt
[0.737s] writing top-level names to dingo_control.egg-info/top_level.txt
[0.738s] writing manifest file 'dingo_control.egg-info/SOURCES.txt'
[0.774s] reading manifest file 'dingo_control.egg-info/SOURCES.txt'
[0.774s] writing manifest file 'dingo_control.egg-info/SOURCES.txt'
[0.792s] Built target ament_cmake_python_build_dingo_control_egg
[0.799s] Invoked command in '/home/tdp378/DingoQuadruped/build/dingo_control' returned '0': AMENT_PREFIX_PATH=/home/tdp378/DingoQuadruped/install/dingo_utilities:/home/tdp378/DingoQuadruped/install/dingo_control_msgs:${AMENT_PREFIX_PATH} CMAKE_PREFIX_PATH=/home/tdp378/DingoQuadruped/install/dingo_control_msgs:/home/tdp378/jax_champ/install/jax_teleop:/home/tdp378/jax_champ/install/jax_bringup:/home/tdp378/jax_champ/install/jax_locomotion:/home/tdp378/jax_champ/install/jax_hardware:/home/tdp378/jax_champ/install/jax_description:/home/tdp378/jax_champ/install/jax_behavior:/home/tdp378/jax_champ/install/champ_base:/home/tdp378/jax_champ/install/champ_msgs:/home/tdp378/jax_champ/install/champ:/home/tdp378/jax_champ/install/camera_ros:/opt/ros/jazzy/opt/gz_sim_vendor:/opt/ros/jazzy/opt/gz_sensors_vendor:/opt/ros/jazzy/opt/gz_physics_vendor:/opt/ros/jazzy/opt/sdformat_vendor:/opt/ros/jazzy/opt/gz_gui_vendor:/opt/ros/jazzy/opt/gz_transport_vendor:/opt/ros/jazzy/opt/gz_rendering_vendor:/opt/ros/jazzy/opt/gz_plugin_vendor:/opt/ros/jazzy/opt/gz_fuel_tools_vendor:/opt/ros/jazzy/opt/gz_msgs_vendor:/opt/ros/jazzy/opt/gz_common_vendor:/opt/ros/jazzy/opt/gz_math_vendor:/opt/ros/jazzy/opt/gz_utils_vendor:/opt/ros/jazzy/opt/gz_tools_vendor:/opt/ros/jazzy/opt/gz_ogre_next_vendor:/opt/ros/jazzy/opt/gz_dartsim_vendor:/opt/ros/jazzy/opt/gz_cmake_vendor:/opt/ros/jazzy DEBUGINFOD_URLS=https://debuginfod.ubuntu.com LD_LIBRARY_PATH=/home/tdp378/DingoQuadruped/install/dingo_control_msgs/lib:${LD_LIBRARY_PATH} PYTHONPATH=/home/tdp378/DingoQuadruped/build/dingo_utilities/src:/home/tdp378/DingoQuadruped/install/dingo_utilities/lib/python3.12/site-packages:/home/tdp378/DingoQuadruped/install/dingo_control_msgs/lib/python3.12/site-packages:${PYTHONPATH} /usr/bin/cmake --build /home/tdp378/DingoQuadruped/build/dingo_control -- -j16 -l16
[0.799s] Invoking command in '/home/tdp378/DingoQuadruped/build/dingo_control': AMENT_PREFIX_PATH=/home/tdp378/DingoQuadruped/install/dingo_utilities:/home/tdp378/DingoQuadruped/install/dingo_control_msgs:${AMENT_PREFIX_PATH} CMAKE_PREFIX_PATH=/home/tdp378/DingoQuadruped/install/dingo_control_msgs:/home/tdp378/jax_champ/install/jax_teleop:/home/tdp378/jax_champ/install/jax_bringup:/home/tdp378/jax_champ/install/jax_locomotion:/home/tdp378/jax_champ/install/jax_hardware:/home/tdp378/jax_champ/install/jax_description:/home/tdp378/jax_champ/install/jax_behavior:/home/tdp378/jax_champ/install/champ_base:/home/tdp378/jax_champ/install/champ_msgs:/home/tdp378/jax_champ/install/champ:/home/tdp378/jax_champ/install/camera_ros:/opt/ros/jazzy/opt/gz_sim_vendor:/opt/ros/jazzy/opt/gz_sensors_vendor:/opt/ros/jazzy/opt/gz_physics_vendor:/opt/ros/jazzy/opt/sdformat_vendor:/opt/ros/jazzy/opt/gz_gui_vendor:/opt/ros/jazzy/opt/gz_transport_vendor:/opt/ros/jazzy/opt/gz_rendering_vendor:/opt/ros/jazzy/opt/gz_plugin_vendor:/opt/ros/jazzy/opt/gz_fuel_tools_vendor:/opt/ros/jazzy/opt/gz_msgs_vendor:/opt/ros/jazzy/opt/gz_common_vendor:/opt/ros/jazzy/opt/gz_math_vendor:/opt/ros/jazzy/opt/gz_utils_vendor:/opt/ros/jazzy/opt/gz_tools_vendor:/opt/ros/jazzy/opt/gz_ogre_next_vendor:/opt/ros/jazzy/opt/gz_dartsim_vendor:/opt/ros/jazzy/opt/gz_cmake_vendor:/opt/ros/jazzy DEBUGINFOD_URLS=https://debuginfod.ubuntu.com LD_LIBRARY_PATH=/home/tdp378/DingoQuadruped/install/dingo_control_msgs/lib:${LD_LIBRARY_PATH} PYTHONPATH=/home/tdp378/DingoQuadruped/build/dingo_utilities/src:/home/tdp378/DingoQuadruped/install/dingo_utilities/lib/python3.12/site-packages:/home/tdp378/DingoQuadruped/install/dingo_control_msgs/lib/python3.12/site-packages:${PYTHONPATH} /usr/bin/cmake --install /home/tdp378/DingoQuadruped/build/dingo_control
[0.804s] -- Install configuration: ""
[0.804s] -- Execute custom install script
[0.805s] -- Symlinking: /home/tdp378/DingoQuadruped/install/dingo_control/share/dingo_control/environment/pythonpath.sh
[0.811s] -- Symlinking: /home/tdp378/DingoQuadruped/install/dingo_control/share/dingo_control/environment/pythonpath.dsv
[0.818s] -- Symlinking: /home/tdp378/DingoQuadruped/install/dingo_control/lib/python3.12/site-packages/dingo_control-0.0.0-py3.12.egg-info/PKG-INFO
[0.824s] -- Symlinking: /home/tdp378/DingoQuadruped/install/dingo_control/lib/python3.12/site-packages/dingo_control-0.0.0-py3.12.egg-info/SOURCES.txt
[0.831s] -- Symlinking: /home/tdp378/DingoQuadruped/install/dingo_control/lib/python3.12/site-packages/dingo_control-0.0.0-py3.12.egg-info/dependency_links.txt
[0.837s] -- Symlinking: /home/tdp378/DingoQuadruped/install/dingo_control/lib/python3.12/site-packages/dingo_control-0.0.0-py3.12.egg-info/top_level.txt
[0.843s] -- Symlinking: /home/tdp378/DingoQuadruped/install/dingo_control/lib/python3.12/site-packages/dingo_control/Command.py
[0.848s] -- Symlinking: /home/tdp378/DingoQuadruped/install/dingo_control/lib/python3.12/site-packages/dingo_control/Config.py
[0.853s] -- Symlinking: /home/tdp378/DingoQuadruped/install/dingo_control/lib/python3.12/site-packages/dingo_control/Controller.py
[0.859s] -- Symlinking: /home/tdp378/DingoQuadruped/install/dingo_control/lib/python3.12/site-packages/dingo_control/Gaits.py
[0.864s] -- Symlinking: /home/tdp378/DingoQuadruped/install/dingo_control/lib/python3.12/site-packages/dingo_control/Kinematics.py
[0.870s] -- Symlinking: /home/tdp378/DingoQuadruped/install/dingo_control/lib/python3.12/site-packages/dingo_control/StanceController.py
[0.875s] -- Symlinking: /home/tdp378/DingoQuadruped/install/dingo_control/lib/python3.12/site-packages/dingo_control/State.py
[0.880s] -- Symlinking: /home/tdp378/DingoQuadruped/install/dingo_control/lib/python3.12/site-packages/dingo_control/SwingLegController.py
[0.885s] -- Symlinking: /home/tdp378/DingoQuadruped/install/dingo_control/lib/python3.12/site-packages/dingo_control/__init__.py
[0.891s] -- Symlinking: /home/tdp378/DingoQuadruped/install/dingo_control/lib/python3.12/site-packages/dingo_control/util.py
[0.897s] -- Symlinking: /home/tdp378/DingoQuadruped/install/dingo_control/share/ament_index/resource_index/package_run_dependencies/dingo_control
[0.902s] -- Symlinking: /home/tdp378/DingoQuadruped/install/dingo_control/share/ament_index/resource_index/parent_prefix_path/dingo_control
[0.908s] -- Symlinking: /home/tdp378/DingoQuadruped/install/dingo_control/share/dingo_control/environment/ament_prefix_path.sh
[0.916s] -- Symlinking: /home/tdp378/DingoQuadruped/install/dingo_control/share/dingo_control/environment/ament_prefix_path.dsv
[0.925s] -- Symlinking: /home/tdp378/DingoQuadruped/install/dingo_control/share/dingo_control/environment/path.sh
[0.930s] -- Symlinking: /home/tdp378/DingoQuadruped/install/dingo_control/share/dingo_control/environment/path.dsv
[0.936s] -- Symlinking: /home/tdp378/DingoQuadruped/install/dingo_control/share/dingo_control/local_setup.bash
[0.942s] -- Symlinking: /home/tdp378/DingoQuadruped/install/dingo_control/share/dingo_control/local_setup.sh
[0.948s] -- Symlinking: /home/tdp378/DingoQuadruped/install/dingo_control/share/dingo_control/local_setup.zsh
[0.954s] -- Symlinking: /home/tdp378/DingoQuadruped/install/dingo_control/share/dingo_control/local_setup.dsv
[0.959s] -- Symlinking: /home/tdp378/DingoQuadruped/install/dingo_control/share/dingo_control/package.dsv
[0.965s] -- Symlinking: /home/tdp378/DingoQuadruped/install/dingo_control/share/ament_index/resource_index/packages/dingo_control
[0.970s] -- Symlinking: /home/tdp378/DingoQuadruped/install/dingo_control/share/dingo_control/cmake/dingo_controlConfig.cmake
[0.976s] -- Symlinking: /home/tdp378/DingoQuadruped/install/dingo_control/share/dingo_control/cmake/dingo_controlConfig-version.cmake
[0.981s] -- Symlinking: /home/tdp378/DingoQuadruped/install/dingo_control/share/dingo_control/package.xml
[1.014s] Listing '/home/tdp378/DingoQuadruped/install/dingo_control/lib/python3.12/site-packages/dingo_control'...
[1.014s] Compiling '/home/tdp378/DingoQuadruped/install/dingo_control/lib/python3.12/site-packages/dingo_control/Command.py'...
[1.014s] Compiling '/home/tdp378/DingoQuadruped/install/dingo_control/lib/python3.12/site-packages/dingo_control/Config.py'...
[1.014s] Compiling '/home/tdp378/DingoQuadruped/install/dingo_control/lib/python3.12/site-packages/dingo_control/Controller.py'...
[1.014s] Compiling '/home/tdp378/DingoQuadruped/install/dingo_control/lib/python3.12/site-packages/dingo_control/Gaits.py'...
[1.014s] Compiling '/home/tdp378/DingoQuadruped/install/dingo_control/lib/python3.12/site-packages/dingo_control/Kinematics.py'...
[1.014s] Compiling '/home/tdp378/DingoQuadruped/install/dingo_control/lib/python3.12/site-packages/dingo_control/StanceController.py'...
[1.014s] Compiling '/home/tdp378/DingoQuadruped/install/dingo_control/lib/python3.12/site-packages/dingo_control/State.py'...
[1.014s] Compiling '/home/tdp378/DingoQuadruped/install/dingo_control/lib/python3.12/site-packages/dingo_control/SwingLegController.py'...
[1.014s] Compiling '/home/tdp378/DingoQuadruped/install/dingo_control/lib/python3.12/site-packages/dingo_control/__init__.py'...
[1.015s] Compiling '/home/tdp378/DingoQuadruped/install/dingo_control/lib/python3.12/site-packages/dingo_control/util.py'...
[1.019s] Invoked command in '/home/tdp378/DingoQuadruped/build/dingo_control' returned '0': AMENT_PREFIX_PATH=/home/tdp378/DingoQuadruped/install/dingo_utilities:/home/tdp378/DingoQuadruped/install/dingo_control_msgs:${AMENT_PREFIX_PATH} CMAKE_PREFIX_PATH=/home/tdp378/DingoQuadruped/install/dingo_control_msgs:/home/tdp378/jax_champ/install/jax_teleop:/home/tdp378/jax_champ/install/jax_bringup:/home/tdp378/jax_champ/install/jax_locomotion:/home/tdp378/jax_champ/install/jax_hardware:/home/tdp378/jax_champ/install/jax_description:/home/tdp378/jax_champ/install/jax_behavior:/home/tdp378/jax_champ/install/champ_base:/home/tdp378/jax_champ/install/champ_msgs:/home/tdp378/jax_champ/install/champ:/home/tdp378/jax_champ/install/camera_ros:/opt/ros/jazzy/opt/gz_sim_vendor:/opt/ros/jazzy/opt/gz_sensors_vendor:/opt/ros/jazzy/opt/gz_physics_vendor:/opt/ros/jazzy/opt/sdformat_vendor:/opt/ros/jazzy/opt/gz_gui_vendor:/opt/ros/jazzy/opt/gz_transport_vendor:/opt/ros/jazzy/opt/gz_rendering_vendor:/opt/ros/jazzy/opt/gz_plugin_vendor:/opt/ros/jazzy/opt/gz_fuel_tools_vendor:/opt/ros/jazzy/opt/gz_msgs_vendor:/opt/ros/jazzy/opt/gz_common_vendor:/opt/ros/jazzy/opt/gz_math_vendor:/opt/ros/jazzy/opt/gz_utils_vendor:/opt/ros/jazzy/opt/gz_tools_vendor:/opt/ros/jazzy/opt/gz_ogre_next_vendor:/opt/ros/jazzy/opt/gz_dartsim_vendor:/opt/ros/jazzy/opt/gz_cmake_vendor:/opt/ros/jazzy DEBUGINFOD_URLS=https://debuginfod.ubuntu.com LD_LIBRARY_PATH=/home/tdp378/DingoQuadruped/install/dingo_control_msgs/lib:${LD_LIBRARY_PATH} PYTHONPATH=/home/tdp378/DingoQuadruped/build/dingo_utilities/src:/home/tdp378/DingoQuadruped/install/dingo_utilities/lib/python3.12/site-packages:/home/tdp378/DingoQuadruped/install/dingo_control_msgs/lib/python3.12/site-packages:${PYTHONPATH} /usr/bin/cmake --install /home/tdp378/DingoQuadruped/build/dingo_control
