[0.160s] Invoking command in '/home/tdp378/DingoQuadruped/build/dingo_peripheral_msgs': CMAKE_PREFIX_PATH=${CMAKE_PREFIX_PATH}:/home/tdp378/DingoQuadruped/install/dingo_utilities:/opt/ros/jazzy DEBUGINFOD_URLS=https://debuginfod.ubuntu.com /usr/bin/cmake --build /home/tdp378/DingoQuadruped/build/dingo_peripheral_msgs -- -j16 -l16
[0.192s] [  2%] Built target dingo_peripheral_msgs__rosidl_generator_type_description
[0.199s] [  2%] Built target ament_cmake_python_symlink_dingo_peripheral_msgs
[0.206s] [  5%] Built target dingo_peripheral_msgs__cpp
[0.219s] [ 20%] Built target dingo_peripheral_msgs__rosidl_generator_c
[0.235s] [ 35%] Built target dingo_peripheral_msgs__rosidl_typesupport_fastrtps_c
[0.236s] [ 38%] Built target dingo_peripheral_msgs__rosidl_typesupport_introspection_c
[0.236s] [ 47%] Built target dingo_peripheral_msgs__rosidl_typesupport_cpp
[0.238s] [ 55%] Built target dingo_peripheral_msgs__rosidl_typesupport_introspection_cpp
[0.239s] [ 64%] Built target dingo_peripheral_msgs__rosidl_typesupport_c
[0.241s] [ 73%] Built target dingo_peripheral_msgs__rosidl_typesupport_fastrtps_cpp
[0.255s] [ 73%] Built target dingo_peripheral_msgs
[0.269s] [ 76%] Built target dingo_peripheral_msgs__py
[0.284s] [ 82%] Built target dingo_peripheral_msgs__rosidl_generator_py
[0.300s] [ 94%] Built target dingo_peripheral_msgs_s__rosidl_typesupport_c
[0.300s] [ 94%] Built target dingo_peripheral_msgs_s__rosidl_typesupport_fastrtps_c
[0.301s] [100%] Built target dingo_peripheral_msgs_s__rosidl_typesupport_introspection_c
[0.359s] running egg_info
[0.372s] writing dingo_peripheral_msgs.egg-info/PKG-INFO
[0.372s] writing dependency_links to dingo_peripheral_msgs.egg-info/dependency_links.txt
[0.372s] writing top-level names to dingo_peripheral_msgs.egg-info/top_level.txt
[0.412s] reading manifest file 'dingo_peripheral_msgs.egg-info/SOURCES.txt'
[0.412s] writing manifest file 'dingo_peripheral_msgs.egg-info/SOURCES.txt'
[0.431s] [100%] Built target ament_cmake_python_build_dingo_peripheral_msgs_egg
[0.439s] Invoked command in '/home/tdp378/DingoQuadruped/build/dingo_peripheral_msgs' returned '0': CMAKE_PREFIX_PATH=${CMAKE_PREFIX_PATH}:/home/tdp378/DingoQuadruped/install/dingo_utilities:/opt/ros/jazzy DEBUGINFOD_URLS=https://debuginfod.ubuntu.com /usr/bin/cmake --build /home/tdp378/DingoQuadruped/build/dingo_peripheral_msgs -- -j16 -l16
[0.440s] Invoking command in '/home/tdp378/DingoQuadruped/build/dingo_peripheral_msgs': CMAKE_PREFIX_PATH=${CMAKE_PREFIX_PATH}:/home/tdp378/DingoQuadruped/install/dingo_utilities:/opt/ros/jazzy DEBUGINFOD_URLS=https://debuginfod.ubuntu.com /usr/bin/cmake --install /home/tdp378/DingoQuadruped/build/dingo_peripheral_msgs
[0.446s] -- Install configuration: ""
[0.446s] -- Execute custom install script
[0.446s] -- Up-to-date symlink: /home/tdp378/DingoQuadruped/install/dingo_peripheral_msgs/share/ament_index/resource_index/rosidl_interfaces/dingo_peripheral_msgs
[0.446s] -- Up-to-date symlink: /home/tdp378/DingoQuadruped/install/dingo_peripheral_msgs/share/dingo_peripheral_msgs/msg/ElectricalMeasurements.json
[0.446s] -- Up-to-date symlink: /home/tdp378/DingoQuadruped/install/dingo_peripheral_msgs/include/dingo_peripheral_msgs/dingo_peripheral_msgs/msg/detail/electrical_measurements__functions.h
[0.447s] -- Up-to-date symlink: /home/tdp378/DingoQuadruped/install/dingo_peripheral_msgs/include/dingo_peripheral_msgs/dingo_peripheral_msgs/msg/detail/electrical_measurements__struct.h
[0.447s] -- Up-to-date symlink: /home/tdp378/DingoQuadruped/install/dingo_peripheral_msgs/include/dingo_peripheral_msgs/dingo_peripheral_msgs/msg/detail/electrical_measurements__type_support.h
[0.447s] -- Up-to-date symlink: /home/tdp378/DingoQuadruped/install/dingo_peripheral_msgs/include/dingo_peripheral_msgs/dingo_peripheral_msgs/msg/electrical_measurements.h
[0.447s] -- Up-to-date symlink: /home/tdp378/DingoQuadruped/install/dingo_peripheral_msgs/include/dingo_peripheral_msgs/dingo_peripheral_msgs/msg/rosidl_generator_c__visibility_control.h
[0.447s] -- Up-to-date symlink: /home/tdp378/DingoQuadruped/install/dingo_peripheral_msgs/share/dingo_peripheral_msgs/environment/library_path.sh
[0.447s] -- Up-to-date symlink: /home/tdp378/DingoQuadruped/install/dingo_peripheral_msgs/share/dingo_peripheral_msgs/environment/library_path.dsv
[0.447s] -- Up-to-date symlink: /home/tdp378/DingoQuadruped/install/dingo_peripheral_msgs/include/dingo_peripheral_msgs/dingo_peripheral_msgs/msg/detail/electrical_measurements__rosidl_typesupport_fastrtps_c.h
[0.447s] -- Up-to-date symlink: /home/tdp378/DingoQuadruped/install/dingo_peripheral_msgs/include/dingo_peripheral_msgs/dingo_peripheral_msgs/msg/rosidl_typesupport_fastrtps_c__visibility_control.h
[0.447s] -- Up-to-date symlink: /home/tdp378/DingoQuadruped/install/dingo_peripheral_msgs/include/dingo_peripheral_msgs/dingo_peripheral_msgs/msg/detail/electrical_measurements__rosidl_typesupport_introspection_c.h
[0.447s] -- Up-to-date symlink: /home/tdp378/DingoQuadruped/install/dingo_peripheral_msgs/include/dingo_peripheral_msgs/dingo_peripheral_msgs/msg/rosidl_typesupport_introspection_c__visibility_control.h
[0.447s] -- Up-to-date symlink: /home/tdp378/DingoQuadruped/install/dingo_peripheral_msgs/include/dingo_peripheral_msgs/dingo_peripheral_msgs/msg/detail/electrical_measurements__builder.hpp
[0.448s] -- Up-to-date symlink: /home/tdp378/DingoQuadruped/install/dingo_peripheral_msgs/include/dingo_peripheral_msgs/dingo_peripheral_msgs/msg/detail/electrical_measurements__struct.hpp
[0.448s] -- Up-to-date symlink: /home/tdp378/DingoQuadruped/install/dingo_peripheral_msgs/include/dingo_peripheral_msgs/dingo_peripheral_msgs/msg/detail/electrical_measurements__traits.hpp
[0.448s] -- Up-to-date symlink: /home/tdp378/DingoQuadruped/install/dingo_peripheral_msgs/include/dingo_peripheral_msgs/dingo_peripheral_msgs/msg/detail/electrical_measurements__type_support.hpp
[0.448s] -- Up-to-date symlink: /home/tdp378/DingoQuadruped/install/dingo_peripheral_msgs/include/dingo_peripheral_msgs/dingo_peripheral_msgs/msg/electrical_measurements.hpp
[0.448s] -- Up-to-date symlink: /home/tdp378/DingoQuadruped/install/dingo_peripheral_msgs/include/dingo_peripheral_msgs/dingo_peripheral_msgs/msg/rosidl_generator_cpp__visibility_control.hpp
[0.448s] -- Up-to-date symlink: /home/tdp378/DingoQuadruped/install/dingo_peripheral_msgs/include/dingo_peripheral_msgs/dingo_peripheral_msgs/msg/detail/electrical_measurements__rosidl_typesupport_fastrtps_cpp.hpp
[0.448s] -- Up-to-date symlink: /home/tdp378/DingoQuadruped/install/dingo_peripheral_msgs/include/dingo_peripheral_msgs/dingo_peripheral_msgs/msg/rosidl_typesupport_fastrtps_cpp__visibility_control.h
[0.448s] -- Up-to-date symlink: /home/tdp378/DingoQuadruped/install/dingo_peripheral_msgs/include/dingo_peripheral_msgs/dingo_peripheral_msgs/msg/detail/electrical_measurements__rosidl_typesupport_introspection_cpp.hpp
[0.448s] -- Up-to-date symlink: /home/tdp378/DingoQuadruped/install/dingo_peripheral_msgs/share/dingo_peripheral_msgs/environment/pythonpath.sh
[0.448s] -- Up-to-date symlink: /home/tdp378/DingoQuadruped/install/dingo_peripheral_msgs/share/dingo_peripheral_msgs/environment/pythonpath.dsv
[0.449s] -- Up-to-date symlink: /home/tdp378/DingoQuadruped/install/dingo_peripheral_msgs/lib/python3.12/site-packages/dingo_peripheral_msgs-0.0.0-py3.12.egg-info/PKG-INFO
[0.449s] -- Up-to-date symlink: /home/tdp378/DingoQuadruped/install/dingo_peripheral_msgs/lib/python3.12/site-packages/dingo_peripheral_msgs-0.0.0-py3.12.egg-info/SOURCES.txt
[0.449s] -- Up-to-date symlink: /home/tdp378/DingoQuadruped/install/dingo_peripheral_msgs/lib/python3.12/site-packages/dingo_peripheral_msgs-0.0.0-py3.12.egg-info/dependency_links.txt
[0.449s] -- Up-to-date symlink: /home/tdp378/DingoQuadruped/install/dingo_peripheral_msgs/lib/python3.12/site-packages/dingo_peripheral_msgs-0.0.0-py3.12.egg-info/top_level.txt
[0.449s] -- Up-to-date symlink: /home/tdp378/DingoQuadruped/install/dingo_peripheral_msgs/lib/python3.12/site-packages/dingo_peripheral_msgs/__init__.py
[0.449s] -- Up-to-date symlink: /home/tdp378/DingoQuadruped/install/dingo_peripheral_msgs/lib/python3.12/site-packages/dingo_peripheral_msgs/_dingo_peripheral_msgs_s.ep.rosidl_typesupport_c.c
[0.449s] -- Up-to-date symlink: /home/tdp378/DingoQuadruped/install/dingo_peripheral_msgs/lib/python3.12/site-packages/dingo_peripheral_msgs/_dingo_peripheral_msgs_s.ep.rosidl_typesupport_fastrtps_c.c
[0.449s] -- Up-to-date symlink: /home/tdp378/DingoQuadruped/install/dingo_peripheral_msgs/lib/python3.12/site-packages/dingo_peripheral_msgs/_dingo_peripheral_msgs_s.ep.rosidl_typesupport_introspection_c.c
[0.449s] -- Up-to-date symlink: /home/tdp378/DingoQuadruped/install/dingo_peripheral_msgs/lib/python3.12/site-packages/dingo_peripheral_msgs/dingo_peripheral_msgs_s__rosidl_typesupport_c.so
[0.450s] -- Up-to-date symlink: /home/tdp378/DingoQuadruped/install/dingo_peripheral_msgs/lib/python3.12/site-packages/dingo_peripheral_msgs/dingo_peripheral_msgs_s__rosidl_typesupport_fastrtps_c.so
[0.450s] -- Up-to-date symlink: /home/tdp378/DingoQuadruped/install/dingo_peripheral_msgs/lib/python3.12/site-packages/dingo_peripheral_msgs/dingo_peripheral_msgs_s__rosidl_typesupport_introspection_c.so
[0.450s] -- Up-to-date symlink: /home/tdp378/DingoQuadruped/install/dingo_peripheral_msgs/lib/python3.12/site-packages/dingo_peripheral_msgs/msg/__init__.py
[0.450s] -- Up-to-date symlink: /home/tdp378/DingoQuadruped/install/dingo_peripheral_msgs/lib/python3.12/site-packages/dingo_peripheral_msgs/msg/_electrical_measurements.py
[0.450s] -- Up-to-date symlink: /home/tdp378/DingoQuadruped/install/dingo_peripheral_msgs/lib/python3.12/site-packages/dingo_peripheral_msgs/msg/_electrical_measurements_s.c
[0.450s] -- Up-to-date symlink: /home/tdp378/DingoQuadruped/install/dingo_peripheral_msgs/lib/python3.12/site-packages/dingo_peripheral_msgs/dingo_peripheral_msgs_s__rosidl_typesupport_fastrtps_c.so
[0.450s] -- Up-to-date symlink: /home/tdp378/DingoQuadruped/install/dingo_peripheral_msgs/lib/python3.12/site-packages/dingo_peripheral_msgs/dingo_peripheral_msgs_s__rosidl_typesupport_introspection_c.so
[0.450s] -- Up-to-date symlink: /home/tdp378/DingoQuadruped/install/dingo_peripheral_msgs/lib/python3.12/site-packages/dingo_peripheral_msgs/dingo_peripheral_msgs_s__rosidl_typesupport_c.so
[0.450s] -- Up-to-date symlink: /home/tdp378/DingoQuadruped/install/dingo_peripheral_msgs/share/dingo_peripheral_msgs/msg/ElectricalMeasurements.idl
[0.450s] -- Up-to-date symlink: /home/tdp378/DingoQuadruped/install/dingo_peripheral_msgs/share/dingo_peripheral_msgs/msg/ElectricalMeasurements.msg
[0.450s] -- Up-to-date symlink: /home/tdp378/DingoQuadruped/install/dingo_peripheral_msgs/share/ament_index/resource_index/package_run_dependencies/dingo_peripheral_msgs
[0.451s] -- Up-to-date symlink: /home/tdp378/DingoQuadruped/install/dingo_peripheral_msgs/share/ament_index/resource_index/parent_prefix_path/dingo_peripheral_msgs
[0.451s] -- Up-to-date symlink: /home/tdp378/DingoQuadruped/install/dingo_peripheral_msgs/share/dingo_peripheral_msgs/environment/ament_prefix_path.sh
[0.451s] -- Up-to-date symlink: /home/tdp378/DingoQuadruped/install/dingo_peripheral_msgs/share/dingo_peripheral_msgs/environment/ament_prefix_path.dsv
[0.451s] -- Up-to-date symlink: /home/tdp378/DingoQuadruped/install/dingo_peripheral_msgs/share/dingo_peripheral_msgs/environment/path.sh
[0.451s] -- Up-to-date symlink: /home/tdp378/DingoQuadruped/install/dingo_peripheral_msgs/share/dingo_peripheral_msgs/environment/path.dsv
[0.451s] -- Up-to-date symlink: /home/tdp378/DingoQuadruped/install/dingo_peripheral_msgs/share/dingo_peripheral_msgs/local_setup.bash
[0.451s] -- Up-to-date symlink: /home/tdp378/DingoQuadruped/install/dingo_peripheral_msgs/share/dingo_peripheral_msgs/local_setup.sh
[0.451s] -- Up-to-date symlink: /home/tdp378/DingoQuadruped/install/dingo_peripheral_msgs/share/dingo_peripheral_msgs/local_setup.zsh
[0.451s] -- Up-to-date symlink: /home/tdp378/DingoQuadruped/install/dingo_peripheral_msgs/share/dingo_peripheral_msgs/local_setup.dsv
[0.451s] -- Symlinking: /home/tdp378/DingoQuadruped/install/dingo_peripheral_msgs/share/dingo_peripheral_msgs/package.dsv
[0.457s] -- Up-to-date symlink: /home/tdp378/DingoQuadruped/install/dingo_peripheral_msgs/share/ament_index/resource_index/packages/dingo_peripheral_msgs
[0.457s] -- Up-to-date symlink: /home/tdp378/DingoQuadruped/install/dingo_peripheral_msgs/share/dingo_peripheral_msgs/cmake/rosidl_cmake-extras.cmake
[0.457s] -- Up-to-date symlink: /home/tdp378/DingoQuadruped/install/dingo_peripheral_msgs/share/dingo_peripheral_msgs/cmake/ament_cmake_export_include_directories-extras.cmake
[0.457s] -- Up-to-date symlink: /home/tdp378/DingoQuadruped/install/dingo_peripheral_msgs/share/dingo_peripheral_msgs/cmake/ament_cmake_export_libraries-extras.cmake
[0.457s] -- Up-to-date symlink: /home/tdp378/DingoQuadruped/install/dingo_peripheral_msgs/share/dingo_peripheral_msgs/cmake/ament_cmake_export_targets-extras.cmake
[0.457s] -- Up-to-date symlink: /home/tdp378/DingoQuadruped/install/dingo_peripheral_msgs/share/dingo_peripheral_msgs/cmake/rosidl_cmake_export_typesupport_targets-extras.cmake
[0.458s] -- Up-to-date symlink: /home/tdp378/DingoQuadruped/install/dingo_peripheral_msgs/share/dingo_peripheral_msgs/cmake/ament_cmake_export_dependencies-extras.cmake
[0.458s] -- Up-to-date symlink: /home/tdp378/DingoQuadruped/install/dingo_peripheral_msgs/share/dingo_peripheral_msgs/cmake/rosidl_cmake_export_typesupport_libraries-extras.cmake
[0.458s] -- Up-to-date symlink: /home/tdp378/DingoQuadruped/install/dingo_peripheral_msgs/share/dingo_peripheral_msgs/cmake/dingo_peripheral_msgsConfig.cmake
[0.458s] -- Up-to-date symlink: /home/tdp378/DingoQuadruped/install/dingo_peripheral_msgs/share/dingo_peripheral_msgs/cmake/dingo_peripheral_msgsConfig-version.cmake
[0.458s] -- Up-to-date symlink: /home/tdp378/DingoQuadruped/install/dingo_peripheral_msgs/share/dingo_peripheral_msgs/package.xml
[0.458s] -- Up-to-date: /home/tdp378/DingoQuadruped/install/dingo_peripheral_msgs/lib/libdingo_peripheral_msgs__rosidl_generator_c.so
[0.458s] -- Up-to-date: /home/tdp378/DingoQuadruped/install/dingo_peripheral_msgs/lib/libdingo_peripheral_msgs__rosidl_typesupport_fastrtps_c.so
[0.458s] -- Up-to-date: /home/tdp378/DingoQuadruped/install/dingo_peripheral_msgs/lib/libdingo_peripheral_msgs__rosidl_typesupport_introspection_c.so
[0.458s] -- Up-to-date: /home/tdp378/DingoQuadruped/install/dingo_peripheral_msgs/lib/libdingo_peripheral_msgs__rosidl_typesupport_c.so
[0.459s] -- Up-to-date: /home/tdp378/DingoQuadruped/install/dingo_peripheral_msgs/lib/libdingo_peripheral_msgs__rosidl_typesupport_fastrtps_cpp.so
[0.459s] -- Up-to-date: /home/tdp378/DingoQuadruped/install/dingo_peripheral_msgs/lib/libdingo_peripheral_msgs__rosidl_typesupport_introspection_cpp.so
[0.459s] -- Up-to-date: /home/tdp378/DingoQuadruped/install/dingo_peripheral_msgs/lib/libdingo_peripheral_msgs__rosidl_typesupport_cpp.so
[0.484s] Listing '/home/tdp378/DingoQuadruped/install/dingo_peripheral_msgs/lib/python3.12/site-packages/dingo_peripheral_msgs'...
[0.484s] Listing '/home/tdp378/DingoQuadruped/install/dingo_peripheral_msgs/lib/python3.12/site-packages/dingo_peripheral_msgs/msg'...
[0.487s] -- Up-to-date: /home/tdp378/DingoQuadruped/install/dingo_peripheral_msgs/lib/libdingo_peripheral_msgs__rosidl_generator_py.so
[0.487s] -- Up-to-date: /home/tdp378/DingoQuadruped/install/dingo_peripheral_msgs/share/dingo_peripheral_msgs/cmake/export_dingo_peripheral_msgs__rosidl_generator_cExport.cmake
[0.487s] -- Up-to-date: /home/tdp378/DingoQuadruped/install/dingo_peripheral_msgs/share/dingo_peripheral_msgs/cmake/export_dingo_peripheral_msgs__rosidl_generator_cExport-noconfig.cmake
[0.487s] -- Up-to-date: /home/tdp378/DingoQuadruped/install/dingo_peripheral_msgs/share/dingo_peripheral_msgs/cmake/export_dingo_peripheral_msgs__rosidl_typesupport_fastrtps_cExport.cmake
[0.488s] -- Up-to-date: /home/tdp378/DingoQuadruped/install/dingo_peripheral_msgs/share/dingo_peripheral_msgs/cmake/export_dingo_peripheral_msgs__rosidl_typesupport_fastrtps_cExport-noconfig.cmake
[0.488s] -- Up-to-date: /home/tdp378/DingoQuadruped/install/dingo_peripheral_msgs/share/dingo_peripheral_msgs/cmake/dingo_peripheral_msgs__rosidl_typesupport_introspection_cExport.cmake
[0.488s] -- Up-to-date: /home/tdp378/DingoQuadruped/install/dingo_peripheral_msgs/share/dingo_peripheral_msgs/cmake/dingo_peripheral_msgs__rosidl_typesupport_introspection_cExport-noconfig.cmake
[0.488s] -- Up-to-date: /home/tdp378/DingoQuadruped/install/dingo_peripheral_msgs/share/dingo_peripheral_msgs/cmake/dingo_peripheral_msgs__rosidl_typesupport_cExport.cmake
[0.488s] -- Up-to-date: /home/tdp378/DingoQuadruped/install/dingo_peripheral_msgs/share/dingo_peripheral_msgs/cmake/dingo_peripheral_msgs__rosidl_typesupport_cExport-noconfig.cmake
[0.488s] -- Up-to-date: /home/tdp378/DingoQuadruped/install/dingo_peripheral_msgs/share/dingo_peripheral_msgs/cmake/export_dingo_peripheral_msgs__rosidl_generator_cppExport.cmake
[0.488s] -- Up-to-date: /home/tdp378/DingoQuadruped/install/dingo_peripheral_msgs/share/dingo_peripheral_msgs/cmake/export_dingo_peripheral_msgs__rosidl_typesupport_fastrtps_cppExport.cmake
[0.488s] -- Up-to-date: /home/tdp378/DingoQuadruped/install/dingo_peripheral_msgs/share/dingo_peripheral_msgs/cmake/export_dingo_peripheral_msgs__rosidl_typesupport_fastrtps_cppExport-noconfig.cmake
[0.488s] -- Up-to-date: /home/tdp378/DingoQuadruped/install/dingo_peripheral_msgs/share/dingo_peripheral_msgs/cmake/dingo_peripheral_msgs__rosidl_typesupport_introspection_cppExport.cmake
[0.488s] -- Up-to-date: /home/tdp378/DingoQuadruped/install/dingo_peripheral_msgs/share/dingo_peripheral_msgs/cmake/dingo_peripheral_msgs__rosidl_typesupport_introspection_cppExport-noconfig.cmake
[0.488s] -- Up-to-date: /home/tdp378/DingoQuadruped/install/dingo_peripheral_msgs/share/dingo_peripheral_msgs/cmake/dingo_peripheral_msgs__rosidl_typesupport_cppExport.cmake
[0.488s] -- Up-to-date: /home/tdp378/DingoQuadruped/install/dingo_peripheral_msgs/share/dingo_peripheral_msgs/cmake/dingo_peripheral_msgs__rosidl_typesupport_cppExport-noconfig.cmake
[0.488s] -- Up-to-date: /home/tdp378/DingoQuadruped/install/dingo_peripheral_msgs/share/dingo_peripheral_msgs/cmake/export_dingo_peripheral_msgs__rosidl_generator_pyExport.cmake
[0.489s] -- Up-to-date: /home/tdp378/DingoQuadruped/install/dingo_peripheral_msgs/share/dingo_peripheral_msgs/cmake/export_dingo_peripheral_msgs__rosidl_generator_pyExport-noconfig.cmake
[0.492s] Invoked command in '/home/tdp378/DingoQuadruped/build/dingo_peripheral_msgs' returned '0': CMAKE_PREFIX_PATH=${CMAKE_PREFIX_PATH}:/home/tdp378/DingoQuadruped/install/dingo_utilities:/opt/ros/jazzy DEBUGINFOD_URLS=https://debuginfod.ubuntu.com /usr/bin/cmake --install /home/tdp378/DingoQuadruped/build/dingo_peripheral_msgs
