[  1%] Built target dingo_control_msgs__rosidl_generator_type_description
[  1%] Built target ament_cmake_python_symlink_dingo_control_msgs
[  3%] Built target dingo_control_msgs__cpp
[ 24%] Built target dingo_control_msgs__rosidl_generator_c
[ 42%] Built target dingo_control_msgs__rosidl_typesupport_c
[ 42%] Built target dingo_control_msgs__rosidl_typesupport_introspection_c
[ 61%] Built target dingo_control_msgs__rosidl_typesupport_introspection_cpp
[ 64%] Built target dingo_control_msgs__rosidl_typesupport_fastrtps_cpp
[ 75%] Built target dingo_control_msgs__rosidl_typesupport_cpp
[ 79%] Built target dingo_control_msgs__rosidl_typesupport_fastrtps_c
[ 79%] Built target dingo_control_msgs
[ 81%] Built target dingo_control_msgs__py
[ 88%] Built target dingo_control_msgs__rosidl_generator_py
[100%] Built target dingo_control_msgs_s__rosidl_typesupport_fastrtps_c
[100%] Built target dingo_control_msgs_s__rosidl_typesupport_c
[100%] Built target dingo_control_msgs_s__rosidl_typesupport_introspection_c
running egg_info
writing dingo_control_msgs.egg-info/PKG-INFO
writing dependency_links to dingo_control_msgs.egg-info/dependency_links.txt
writing top-level names to dingo_control_msgs.egg-info/top_level.txt
reading manifest file 'dingo_control_msgs.egg-info/SOURCES.txt'
writing manifest file 'dingo_control_msgs.egg-info/SOURCES.txt'
[100%] Built target ament_cmake_python_build_dingo_control_msgs_egg
-- Install configuration: ""
-- Execute custom install script
-- Up-to-date symlink: /home/tdp378/DingoQuadruped/install/dingo_control_msgs/share/ament_index/resource_index/rosidl_interfaces/dingo_control_msgs
-- Up-to-date symlink: /home/tdp378/DingoQuadruped/install/dingo_control_msgs/share/dingo_control_msgs/msg/Angle.json
-- Up-to-date symlink: /home/tdp378/DingoQuadruped/install/dingo_control_msgs/share/dingo_control_msgs/msg/JointSpace.json
-- Up-to-date symlink: /home/tdp378/DingoQuadruped/install/dingo_control_msgs/share/dingo_control_msgs/msg/TaskSpace.json
-- Up-to-date symlink: /home/tdp378/DingoQuadruped/install/dingo_control_msgs/include/dingo_control_msgs/dingo_control_msgs/msg/angle.h
-- Up-to-date symlink: /home/tdp378/DingoQuadruped/install/dingo_control_msgs/include/dingo_control_msgs/dingo_control_msgs/msg/detail/angle__functions.h
-- Up-to-date symlink: /home/tdp378/DingoQuadruped/install/dingo_control_msgs/include/dingo_control_msgs/dingo_control_msgs/msg/detail/angle__struct.h
-- Up-to-date symlink: /home/tdp378/DingoQuadruped/install/dingo_control_msgs/include/dingo_control_msgs/dingo_control_msgs/msg/detail/angle__type_support.h
-- Up-to-date symlink: /home/tdp378/DingoQuadruped/install/dingo_control_msgs/include/dingo_control_msgs/dingo_control_msgs/msg/detail/joint_space__functions.h
-- Up-to-date symlink: /home/tdp378/DingoQuadruped/install/dingo_control_msgs/include/dingo_control_msgs/dingo_control_msgs/msg/detail/joint_space__struct.h
-- Up-to-date symlink: /home/tdp378/DingoQuadruped/install/dingo_control_msgs/include/dingo_control_msgs/dingo_control_msgs/msg/detail/joint_space__type_support.h
-- Up-to-date symlink: /home/tdp378/DingoQuadruped/install/dingo_control_msgs/include/dingo_control_msgs/dingo_control_msgs/msg/detail/task_space__functions.h
-- Up-to-date symlink: /home/tdp378/DingoQuadruped/install/dingo_control_msgs/include/dingo_control_msgs/dingo_control_msgs/msg/detail/task_space__struct.h
-- Up-to-date symlink: /home/tdp378/DingoQuadruped/install/dingo_control_msgs/include/dingo_control_msgs/dingo_control_msgs/msg/detail/task_space__type_support.h
-- Up-to-date symlink: /home/tdp378/DingoQuadruped/install/dingo_control_msgs/include/dingo_control_msgs/dingo_control_msgs/msg/joint_space.h
-- Up-to-date symlink: /home/tdp378/DingoQuadruped/install/dingo_control_msgs/include/dingo_control_msgs/dingo_control_msgs/msg/rosidl_generator_c__visibility_control.h
-- Up-to-date symlink: /home/tdp378/DingoQuadruped/install/dingo_control_msgs/include/dingo_control_msgs/dingo_control_msgs/msg/task_space.h
-- Up-to-date symlink: /home/tdp378/DingoQuadruped/install/dingo_control_msgs/share/dingo_control_msgs/environment/library_path.sh
-- Up-to-date symlink: /home/tdp378/DingoQuadruped/install/dingo_control_msgs/share/dingo_control_msgs/environment/library_path.dsv
-- Up-to-date symlink: /home/tdp378/DingoQuadruped/install/dingo_control_msgs/include/dingo_control_msgs/dingo_control_msgs/msg/detail/angle__rosidl_typesupport_fastrtps_c.h
-- Up-to-date symlink: /home/tdp378/DingoQuadruped/install/dingo_control_msgs/include/dingo_control_msgs/dingo_control_msgs/msg/detail/joint_space__rosidl_typesupport_fastrtps_c.h
-- Up-to-date symlink: /home/tdp378/DingoQuadruped/install/dingo_control_msgs/include/dingo_control_msgs/dingo_control_msgs/msg/detail/task_space__rosidl_typesupport_fastrtps_c.h
-- Up-to-date symlink: /home/tdp378/DingoQuadruped/install/dingo_control_msgs/include/dingo_control_msgs/dingo_control_msgs/msg/rosidl_typesupport_fastrtps_c__visibility_control.h
-- Up-to-date symlink: /home/tdp378/DingoQuadruped/install/dingo_control_msgs/include/dingo_control_msgs/dingo_control_msgs/msg/angle.hpp
-- Up-to-date symlink: /home/tdp378/DingoQuadruped/install/dingo_control_msgs/include/dingo_control_msgs/dingo_control_msgs/msg/detail/angle__builder.hpp
-- Up-to-date symlink: /home/tdp378/DingoQuadruped/install/dingo_control_msgs/include/dingo_control_msgs/dingo_control_msgs/msg/detail/angle__struct.hpp
-- Up-to-date symlink: /home/tdp378/DingoQuadruped/install/dingo_control_msgs/include/dingo_control_msgs/dingo_control_msgs/msg/detail/angle__traits.hpp
-- Up-to-date symlink: /home/tdp378/DingoQuadruped/install/dingo_control_msgs/include/dingo_control_msgs/dingo_control_msgs/msg/detail/angle__type_support.hpp
-- Up-to-date symlink: /home/tdp378/DingoQuadruped/install/dingo_control_msgs/include/dingo_control_msgs/dingo_control_msgs/msg/detail/joint_space__builder.hpp
-- Up-to-date symlink: /home/tdp378/DingoQuadruped/install/dingo_control_msgs/include/dingo_control_msgs/dingo_control_msgs/msg/detail/joint_space__struct.hpp
-- Up-to-date symlink: /home/tdp378/DingoQuadruped/install/dingo_control_msgs/include/dingo_control_msgs/dingo_control_msgs/msg/detail/joint_space__traits.hpp
-- Up-to-date symlink: /home/tdp378/DingoQuadruped/install/dingo_control_msgs/include/dingo_control_msgs/dingo_control_msgs/msg/detail/joint_space__type_support.hpp
-- Up-to-date symlink: /home/tdp378/DingoQuadruped/install/dingo_control_msgs/include/dingo_control_msgs/dingo_control_msgs/msg/detail/task_space__builder.hpp
-- Up-to-date symlink: /home/tdp378/DingoQuadruped/install/dingo_control_msgs/include/dingo_control_msgs/dingo_control_msgs/msg/detail/task_space__struct.hpp
-- Up-to-date symlink: /home/tdp378/DingoQuadruped/install/dingo_control_msgs/include/dingo_control_msgs/dingo_control_msgs/msg/detail/task_space__traits.hpp
-- Up-to-date symlink: /home/tdp378/DingoQuadruped/install/dingo_control_msgs/include/dingo_control_msgs/dingo_control_msgs/msg/detail/task_space__type_support.hpp
-- Up-to-date symlink: /home/tdp378/DingoQuadruped/install/dingo_control_msgs/include/dingo_control_msgs/dingo_control_msgs/msg/joint_space.hpp
-- Up-to-date symlink: /home/tdp378/DingoQuadruped/install/dingo_control_msgs/include/dingo_control_msgs/dingo_control_msgs/msg/rosidl_generator_cpp__visibility_control.hpp
-- Up-to-date symlink: /home/tdp378/DingoQuadruped/install/dingo_control_msgs/include/dingo_control_msgs/dingo_control_msgs/msg/task_space.hpp
-- Up-to-date symlink: /home/tdp378/DingoQuadruped/install/dingo_control_msgs/include/dingo_control_msgs/dingo_control_msgs/msg/detail/angle__rosidl_typesupport_fastrtps_cpp.hpp
-- Up-to-date symlink: /home/tdp378/DingoQuadruped/install/dingo_control_msgs/include/dingo_control_msgs/dingo_control_msgs/msg/detail/joint_space__rosidl_typesupport_fastrtps_cpp.hpp
-- Up-to-date symlink: /home/tdp378/DingoQuadruped/install/dingo_control_msgs/include/dingo_control_msgs/dingo_control_msgs/msg/detail/task_space__rosidl_typesupport_fastrtps_cpp.hpp
-- Up-to-date symlink: /home/tdp378/DingoQuadruped/install/dingo_control_msgs/include/dingo_control_msgs/dingo_control_msgs/msg/rosidl_typesupport_fastrtps_cpp__visibility_control.h
-- Up-to-date symlink: /home/tdp378/DingoQuadruped/install/dingo_control_msgs/include/dingo_control_msgs/dingo_control_msgs/msg/detail/angle__rosidl_typesupport_introspection_c.h
-- Up-to-date symlink: /home/tdp378/DingoQuadruped/install/dingo_control_msgs/include/dingo_control_msgs/dingo_control_msgs/msg/detail/joint_space__rosidl_typesupport_introspection_c.h
-- Up-to-date symlink: /home/tdp378/DingoQuadruped/install/dingo_control_msgs/include/dingo_control_msgs/dingo_control_msgs/msg/detail/task_space__rosidl_typesupport_introspection_c.h
-- Up-to-date symlink: /home/tdp378/DingoQuadruped/install/dingo_control_msgs/include/dingo_control_msgs/dingo_control_msgs/msg/rosidl_typesupport_introspection_c__visibility_control.h
-- Up-to-date symlink: /home/tdp378/DingoQuadruped/install/dingo_control_msgs/include/dingo_control_msgs/dingo_control_msgs/msg/detail/angle__rosidl_typesupport_introspection_cpp.hpp
-- Up-to-date symlink: /home/tdp378/DingoQuadruped/install/dingo_control_msgs/include/dingo_control_msgs/dingo_control_msgs/msg/detail/joint_space__rosidl_typesupport_introspection_cpp.hpp
-- Up-to-date symlink: /home/tdp378/DingoQuadruped/install/dingo_control_msgs/include/dingo_control_msgs/dingo_control_msgs/msg/detail/task_space__rosidl_typesupport_introspection_cpp.hpp
-- Up-to-date symlink: /home/tdp378/DingoQuadruped/install/dingo_control_msgs/share/dingo_control_msgs/environment/pythonpath.sh
-- Up-to-date symlink: /home/tdp378/DingoQuadruped/install/dingo_control_msgs/share/dingo_control_msgs/environment/pythonpath.dsv
-- Up-to-date symlink: /home/tdp378/DingoQuadruped/install/dingo_control_msgs/lib/python3.12/site-packages/dingo_control_msgs-0.0.0-py3.12.egg-info/PKG-INFO
-- Up-to-date symlink: /home/tdp378/DingoQuadruped/install/dingo_control_msgs/lib/python3.12/site-packages/dingo_control_msgs-0.0.0-py3.12.egg-info/SOURCES.txt
-- Up-to-date symlink: /home/tdp378/DingoQuadruped/install/dingo_control_msgs/lib/python3.12/site-packages/dingo_control_msgs-0.0.0-py3.12.egg-info/dependency_links.txt
-- Up-to-date symlink: /home/tdp378/DingoQuadruped/install/dingo_control_msgs/lib/python3.12/site-packages/dingo_control_msgs-0.0.0-py3.12.egg-info/top_level.txt
-- Up-to-date symlink: /home/tdp378/DingoQuadruped/install/dingo_control_msgs/lib/python3.12/site-packages/dingo_control_msgs/__init__.py
-- Up-to-date symlink: /home/tdp378/DingoQuadruped/install/dingo_control_msgs/lib/python3.12/site-packages/dingo_control_msgs/_dingo_control_msgs_s.ep.rosidl_typesupport_c.c
-- Up-to-date symlink: /home/tdp378/DingoQuadruped/install/dingo_control_msgs/lib/python3.12/site-packages/dingo_control_msgs/_dingo_control_msgs_s.ep.rosidl_typesupport_fastrtps_c.c
-- Up-to-date symlink: /home/tdp378/DingoQuadruped/install/dingo_control_msgs/lib/python3.12/site-packages/dingo_control_msgs/_dingo_control_msgs_s.ep.rosidl_typesupport_introspection_c.c
-- Up-to-date symlink: /home/tdp378/DingoQuadruped/install/dingo_control_msgs/lib/python3.12/site-packages/dingo_control_msgs/dingo_control_msgs_s__rosidl_typesupport_c.so
-- Up-to-date symlink: /home/tdp378/DingoQuadruped/install/dingo_control_msgs/lib/python3.12/site-packages/dingo_control_msgs/dingo_control_msgs_s__rosidl_typesupport_fastrtps_c.so
-- Up-to-date symlink: /home/tdp378/DingoQuadruped/install/dingo_control_msgs/lib/python3.12/site-packages/dingo_control_msgs/dingo_control_msgs_s__rosidl_typesupport_introspection_c.so
-- Up-to-date symlink: /home/tdp378/DingoQuadruped/install/dingo_control_msgs/lib/python3.12/site-packages/dingo_control_msgs/msg/__init__.py
-- Up-to-date symlink: /home/tdp378/DingoQuadruped/install/dingo_control_msgs/lib/python3.12/site-packages/dingo_control_msgs/msg/_angle.py
-- Up-to-date symlink: /home/tdp378/DingoQuadruped/install/dingo_control_msgs/lib/python3.12/site-packages/dingo_control_msgs/msg/_angle_s.c
-- Up-to-date symlink: /home/tdp378/DingoQuadruped/install/dingo_control_msgs/lib/python3.12/site-packages/dingo_control_msgs/msg/_joint_space.py
-- Up-to-date symlink: /home/tdp378/DingoQuadruped/install/dingo_control_msgs/lib/python3.12/site-packages/dingo_control_msgs/msg/_joint_space_s.c
-- Up-to-date symlink: /home/tdp378/DingoQuadruped/install/dingo_control_msgs/lib/python3.12/site-packages/dingo_control_msgs/msg/_task_space.py
-- Up-to-date symlink: /home/tdp378/DingoQuadruped/install/dingo_control_msgs/lib/python3.12/site-packages/dingo_control_msgs/msg/_task_space_s.c
-- Up-to-date symlink: /home/tdp378/DingoQuadruped/install/dingo_control_msgs/lib/python3.12/site-packages/dingo_control_msgs/dingo_control_msgs_s__rosidl_typesupport_fastrtps_c.so
-- Up-to-date symlink: /home/tdp378/DingoQuadruped/install/dingo_control_msgs/lib/python3.12/site-packages/dingo_control_msgs/dingo_control_msgs_s__rosidl_typesupport_introspection_c.so
-- Up-to-date symlink: /home/tdp378/DingoQuadruped/install/dingo_control_msgs/lib/python3.12/site-packages/dingo_control_msgs/dingo_control_msgs_s__rosidl_typesupport_c.so
-- Up-to-date symlink: /home/tdp378/DingoQuadruped/install/dingo_control_msgs/share/dingo_control_msgs/msg/Angle.idl
-- Up-to-date symlink: /home/tdp378/DingoQuadruped/install/dingo_control_msgs/share/dingo_control_msgs/msg/JointSpace.idl
-- Up-to-date symlink: /home/tdp378/DingoQuadruped/install/dingo_control_msgs/share/dingo_control_msgs/msg/TaskSpace.idl
-- Up-to-date symlink: /home/tdp378/DingoQuadruped/install/dingo_control_msgs/share/dingo_control_msgs/msg/Angle.msg
-- Up-to-date symlink: /home/tdp378/DingoQuadruped/install/dingo_control_msgs/share/dingo_control_msgs/msg/JointSpace.msg
-- Up-to-date symlink: /home/tdp378/DingoQuadruped/install/dingo_control_msgs/share/dingo_control_msgs/msg/TaskSpace.msg
-- Up-to-date symlink: /home/tdp378/DingoQuadruped/install/dingo_control_msgs/share/ament_index/resource_index/package_run_dependencies/dingo_control_msgs
-- Up-to-date symlink: /home/tdp378/DingoQuadruped/install/dingo_control_msgs/share/ament_index/resource_index/parent_prefix_path/dingo_control_msgs
-- Up-to-date symlink: /home/tdp378/DingoQuadruped/install/dingo_control_msgs/share/dingo_control_msgs/environment/ament_prefix_path.sh
-- Up-to-date symlink: /home/tdp378/DingoQuadruped/install/dingo_control_msgs/share/dingo_control_msgs/environment/ament_prefix_path.dsv
-- Up-to-date symlink: /home/tdp378/DingoQuadruped/install/dingo_control_msgs/share/dingo_control_msgs/environment/path.sh
-- Up-to-date symlink: /home/tdp378/DingoQuadruped/install/dingo_control_msgs/share/dingo_control_msgs/environment/path.dsv
-- Up-to-date symlink: /home/tdp378/DingoQuadruped/install/dingo_control_msgs/share/dingo_control_msgs/local_setup.bash
-- Up-to-date symlink: /home/tdp378/DingoQuadruped/install/dingo_control_msgs/share/dingo_control_msgs/local_setup.sh
-- Up-to-date symlink: /home/tdp378/DingoQuadruped/install/dingo_control_msgs/share/dingo_control_msgs/local_setup.zsh
-- Up-to-date symlink: /home/tdp378/DingoQuadruped/install/dingo_control_msgs/share/dingo_control_msgs/local_setup.dsv
-- Symlinking: /home/tdp378/DingoQuadruped/install/dingo_control_msgs/share/dingo_control_msgs/package.dsv
-- Up-to-date symlink: /home/tdp378/DingoQuadruped/install/dingo_control_msgs/share/ament_index/resource_index/packages/dingo_control_msgs
-- Up-to-date symlink: /home/tdp378/DingoQuadruped/install/dingo_control_msgs/share/dingo_control_msgs/cmake/rosidl_cmake-extras.cmake
-- Up-to-date symlink: /home/tdp378/DingoQuadruped/install/dingo_control_msgs/share/dingo_control_msgs/cmake/ament_cmake_export_dependencies-extras.cmake
-- Up-to-date symlink: /home/tdp378/DingoQuadruped/install/dingo_control_msgs/share/dingo_control_msgs/cmake/ament_cmake_export_include_directories-extras.cmake
-- Up-to-date symlink: /home/tdp378/DingoQuadruped/install/dingo_control_msgs/share/dingo_control_msgs/cmake/ament_cmake_export_libraries-extras.cmake
-- Up-to-date symlink: /home/tdp378/DingoQuadruped/install/dingo_control_msgs/share/dingo_control_msgs/cmake/ament_cmake_export_targets-extras.cmake
-- Up-to-date symlink: /home/tdp378/DingoQuadruped/install/dingo_control_msgs/share/dingo_control_msgs/cmake/rosidl_cmake_export_typesupport_targets-extras.cmake
-- Up-to-date symlink: /home/tdp378/DingoQuadruped/install/dingo_control_msgs/share/dingo_control_msgs/cmake/rosidl_cmake_export_typesupport_libraries-extras.cmake
-- Up-to-date symlink: /home/tdp378/DingoQuadruped/install/dingo_control_msgs/share/dingo_control_msgs/cmake/dingo_control_msgsConfig.cmake
-- Up-to-date symlink: /home/tdp378/DingoQuadruped/install/dingo_control_msgs/share/dingo_control_msgs/cmake/dingo_control_msgsConfig-version.cmake
-- Up-to-date symlink: /home/tdp378/DingoQuadruped/install/dingo_control_msgs/share/dingo_control_msgs/package.xml
-- Up-to-date: /home/tdp378/DingoQuadruped/install/dingo_control_msgs/lib/libdingo_control_msgs__rosidl_generator_c.so
-- Up-to-date: /home/tdp378/DingoQuadruped/install/dingo_control_msgs/lib/libdingo_control_msgs__rosidl_typesupport_fastrtps_c.so
-- Up-to-date: /home/tdp378/DingoQuadruped/install/dingo_control_msgs/lib/libdingo_control_msgs__rosidl_typesupport_fastrtps_cpp.so
-- Up-to-date: /home/tdp378/DingoQuadruped/install/dingo_control_msgs/lib/libdingo_control_msgs__rosidl_typesupport_introspection_c.so
-- Up-to-date: /home/tdp378/DingoQuadruped/install/dingo_control_msgs/lib/libdingo_control_msgs__rosidl_typesupport_c.so
-- Up-to-date: /home/tdp378/DingoQuadruped/install/dingo_control_msgs/lib/libdingo_control_msgs__rosidl_typesupport_introspection_cpp.so
-- Up-to-date: /home/tdp378/DingoQuadruped/install/dingo_control_msgs/lib/libdingo_control_msgs__rosidl_typesupport_cpp.so
Listing '/home/tdp378/DingoQuadruped/install/dingo_control_msgs/lib/python3.12/site-packages/dingo_control_msgs'...
Listing '/home/tdp378/DingoQuadruped/install/dingo_control_msgs/lib/python3.12/site-packages/dingo_control_msgs/msg'...
-- Up-to-date: /home/tdp378/DingoQuadruped/install/dingo_control_msgs/lib/libdingo_control_msgs__rosidl_generator_py.so
-- Up-to-date: /home/tdp378/DingoQuadruped/install/dingo_control_msgs/share/dingo_control_msgs/cmake/export_dingo_control_msgs__rosidl_generator_cExport.cmake
-- Up-to-date: /home/tdp378/DingoQuadruped/install/dingo_control_msgs/share/dingo_control_msgs/cmake/export_dingo_control_msgs__rosidl_generator_cExport-noconfig.cmake
-- Up-to-date: /home/tdp378/DingoQuadruped/install/dingo_control_msgs/share/dingo_control_msgs/cmake/export_dingo_control_msgs__rosidl_typesupport_fastrtps_cExport.cmake
-- Up-to-date: /home/tdp378/DingoQuadruped/install/dingo_control_msgs/share/dingo_control_msgs/cmake/export_dingo_control_msgs__rosidl_typesupport_fastrtps_cExport-noconfig.cmake
-- Up-to-date: /home/tdp378/DingoQuadruped/install/dingo_control_msgs/share/dingo_control_msgs/cmake/export_dingo_control_msgs__rosidl_generator_cppExport.cmake
-- Up-to-date: /home/tdp378/DingoQuadruped/install/dingo_control_msgs/share/dingo_control_msgs/cmake/export_dingo_control_msgs__rosidl_typesupport_fastrtps_cppExport.cmake
-- Up-to-date: /home/tdp378/DingoQuadruped/install/dingo_control_msgs/share/dingo_control_msgs/cmake/export_dingo_control_msgs__rosidl_typesupport_fastrtps_cppExport-noconfig.cmake
-- Up-to-date: /home/tdp378/DingoQuadruped/install/dingo_control_msgs/share/dingo_control_msgs/cmake/dingo_control_msgs__rosidl_typesupport_introspection_cExport.cmake
-- Up-to-date: /home/tdp378/DingoQuadruped/install/dingo_control_msgs/share/dingo_control_msgs/cmake/dingo_control_msgs__rosidl_typesupport_introspection_cExport-noconfig.cmake
-- Up-to-date: /home/tdp378/DingoQuadruped/install/dingo_control_msgs/share/dingo_control_msgs/cmake/dingo_control_msgs__rosidl_typesupport_cExport.cmake
-- Up-to-date: /home/tdp378/DingoQuadruped/install/dingo_control_msgs/share/dingo_control_msgs/cmake/dingo_control_msgs__rosidl_typesupport_cExport-noconfig.cmake
-- Up-to-date: /home/tdp378/DingoQuadruped/install/dingo_control_msgs/share/dingo_control_msgs/cmake/dingo_control_msgs__rosidl_typesupport_introspection_cppExport.cmake
-- Up-to-date: /home/tdp378/DingoQuadruped/install/dingo_control_msgs/share/dingo_control_msgs/cmake/dingo_control_msgs__rosidl_typesupport_introspection_cppExport-noconfig.cmake
-- Up-to-date: /home/tdp378/DingoQuadruped/install/dingo_control_msgs/share/dingo_control_msgs/cmake/dingo_control_msgs__rosidl_typesupport_cppExport.cmake
-- Up-to-date: /home/tdp378/DingoQuadruped/install/dingo_control_msgs/share/dingo_control_msgs/cmake/dingo_control_msgs__rosidl_typesupport_cppExport-noconfig.cmake
-- Up-to-date: /home/tdp378/DingoQuadruped/install/dingo_control_msgs/share/dingo_control_msgs/cmake/export_dingo_control_msgs__rosidl_generator_pyExport.cmake
-- Up-to-date: /home/tdp378/DingoQuadruped/install/dingo_control_msgs/share/dingo_control_msgs/cmake/export_dingo_control_msgs__rosidl_generator_pyExport-noconfig.cmake
