[0.009s] Invoking command in '/home/tdp378/DingoQuadruped/dingo_ws/build/dingo_behaviors': CMAKE_PREFIX_PATH=${CMAKE_PREFIX_PATH}:/opt/ros/jazzy DEBUGINFOD_URLS=https://debuginfod.ubuntu.com /usr/bin/cmake --build /home/tdp378/DingoQuadruped/dingo_ws/build/dingo_behaviors -- -j16 -l16
[0.039s] Invoked command in '/home/tdp378/DingoQuadruped/dingo_ws/build/dingo_behaviors' returned '0': CMAKE_PREFIX_PATH=${CMAKE_PREFIX_PATH}:/opt/ros/jazzy DEBUGINFOD_URLS=https://debuginfod.ubuntu.com /usr/bin/cmake --build /home/tdp378/DingoQuadruped/dingo_ws/build/dingo_behaviors -- -j16 -l16
[0.046s] Invoking command in '/home/tdp378/DingoQuadruped/dingo_ws/build/dingo_behaviors': CMAKE_PREFIX_PATH=${CMAKE_PREFIX_PATH}:/opt/ros/jazzy DEBUGINFOD_URLS=https://debuginfod.ubuntu.com /usr/bin/cmake --install /home/tdp378/DingoQuadruped/dingo_ws/build/dingo_behaviors
[0.052s] -- Install configuration: ""
[0.052s] -- Execute custom install script
[0.052s] -- Up-to-date symlink: /home/tdp378/DingoQuadruped/dingo_ws/install/dingo_behaviors/lib/dingo_behaviors/mode_manager.py
[0.052s] -- Up-to-date symlink: /home/tdp378/DingoQuadruped/dingo_ws/install/dingo_behaviors/share/dingo_behaviors/launch/behaviors.launch.py
[0.052s] -- Up-to-date symlink: /home/tdp378/DingoQuadruped/dingo_ws/install/dingo_behaviors/share/dingo_behaviors/config/poses.yaml
[0.052s] -- Up-to-date symlink: /home/tdp378/DingoQuadruped/dingo_ws/install/dingo_behaviors/share/ament_index/resource_index/package_run_dependencies/dingo_behaviors
[0.052s] -- Up-to-date symlink: /home/tdp378/DingoQuadruped/dingo_ws/install/dingo_behaviors/share/ament_index/resource_index/parent_prefix_path/dingo_behaviors
[0.053s] -- Up-to-date symlink: /home/tdp378/DingoQuadruped/dingo_ws/install/dingo_behaviors/share/dingo_behaviors/environment/ament_prefix_path.sh
[0.053s] -- Up-to-date symlink: /home/tdp378/DingoQuadruped/dingo_ws/install/dingo_behaviors/share/dingo_behaviors/environment/ament_prefix_path.dsv
[0.053s] -- Up-to-date symlink: /home/tdp378/DingoQuadruped/dingo_ws/install/dingo_behaviors/share/dingo_behaviors/environment/path.sh
[0.053s] -- Up-to-date symlink: /home/tdp378/DingoQuadruped/dingo_ws/install/dingo_behaviors/share/dingo_behaviors/environment/path.dsv
[0.053s] -- Up-to-date symlink: /home/tdp378/DingoQuadruped/dingo_ws/install/dingo_behaviors/share/dingo_behaviors/local_setup.bash
[0.053s] -- Up-to-date symlink: /home/tdp378/DingoQuadruped/dingo_ws/install/dingo_behaviors/share/dingo_behaviors/local_setup.sh
[0.053s] -- Up-to-date symlink: /home/tdp378/DingoQuadruped/dingo_ws/install/dingo_behaviors/share/dingo_behaviors/local_setup.zsh
[0.053s] -- Up-to-date symlink: /home/tdp378/DingoQuadruped/dingo_ws/install/dingo_behaviors/share/dingo_behaviors/local_setup.dsv
[0.053s] -- Symlinking: /home/tdp378/DingoQuadruped/dingo_ws/install/dingo_behaviors/share/dingo_behaviors/package.dsv
[0.060s] -- Up-to-date symlink: /home/tdp378/DingoQuadruped/dingo_ws/install/dingo_behaviors/share/ament_index/resource_index/packages/dingo_behaviors
[0.060s] -- Up-to-date symlink: /home/tdp378/DingoQuadruped/dingo_ws/install/dingo_behaviors/share/dingo_behaviors/cmake/dingo_behaviorsConfig.cmake
[0.060s] -- Up-to-date symlink: /home/tdp378/DingoQuadruped/dingo_ws/install/dingo_behaviors/share/dingo_behaviors/cmake/dingo_behaviorsConfig-version.cmake
[0.061s] -- Up-to-date symlink: /home/tdp378/DingoQuadruped/dingo_ws/install/dingo_behaviors/share/dingo_behaviors/package.xml
[0.064s] Invoked command in '/home/tdp378/DingoQuadruped/dingo_ws/build/dingo_behaviors' returned '0': CMAKE_PREFIX_PATH=${CMAKE_PREFIX_PATH}:/opt/ros/jazzy DEBUGINFOD_URLS=https://debuginfod.ubuntu.com /usr/bin/cmake --install /home/tdp378/DingoQuadruped/dingo_ws/build/dingo_behaviors
