[0.149s] Invoking command in '/home/tdp378/DingoQuadruped/dingo_ws/build/dingo_peripheral_msgs': CMAKE_PREFIX_PATH=${CMAKE_PREFIX_PATH}:/opt/ros/jazzy DEBUGINFOD_URLS=https://debuginfod.ubuntu.com /usr/bin/cmake /home/tdp378/DingoQuadruped/dingo_ws/src/dingo_peripheral_msgs -DAMENT_CMAKE_SYMLINK_INSTALL=1 -DCMAKE_INSTALL_PREFIX=/home/tdp378/DingoQuadruped/dingo_ws/install/dingo_peripheral_msgs
[0.185s] -- The C compiler identification is GNU 13.3.0
[0.222s] -- The CXX compiler identification is GNU 13.3.0
[0.233s] -- Detecting C compiler ABI info
[0.288s] -- Detecting C compiler ABI info - done
[0.295s] -- Check for working C compiler: /usr/bin/cc - skipped
[0.295s] -- Detecting C compile features
[0.296s] -- Detecting C compile features - done
[0.301s] -- Detecting CXX compiler ABI info
[0.367s] -- Detecting CXX compiler ABI info - done
[0.374s] -- Check for working CXX compiler: /usr/bin/c++ - skipped
[0.374s] -- Detecting CXX compile features
[0.374s] -- Detecting CXX compile features - done
[0.378s] -- Found ament_cmake: 2.5.5 (/opt/ros/jazzy/share/ament_cmake/cmake)
[0.488s] -- Found Python3: /usr/bin/python3 (found version "3.12.3") found components: Interpreter 
[0.545s] -- Override CMake install command with custom implementation using symlinks instead of copying resources
[0.580s] -- Found rosidl_default_generators: 1.6.0 (/opt/ros/jazzy/share/rosidl_default_generators/cmake)
[0.587s] -- Using all available rosidl_typesupport_c: rosidl_typesupport_fastrtps_c;rosidl_typesupport_introspection_c
[0.635s] -- Using all available rosidl_typesupport_cpp: rosidl_typesupport_fastrtps_cpp;rosidl_typesupport_introspection_cpp
[0.676s] -- Found rosidl_adapter: 4.6.7 (/opt/ros/jazzy/share/rosidl_adapter/cmake)
[1.078s] -- Found ament_cmake_ros: 0.12.0 (/opt/ros/jazzy/share/ament_cmake_ros/cmake)
[1.357s] -- Using all available rosidl_typesupport_c: rosidl_typesupport_fastrtps_c;rosidl_typesupport_introspection_c
[1.711s] -- Using all available rosidl_typesupport_cpp: rosidl_typesupport_fastrtps_cpp;rosidl_typesupport_introspection_cpp
[1.714s] -- Found python_cmake_module: 0.11.1 (/opt/ros/jazzy/share/python_cmake_module/cmake)
[1.800s] -- Found PythonExtra: /usr/bin/python3  
[2.085s] -- Found Python3: /usr/bin/python3 (found version "3.12.3") found components: Interpreter Development NumPy Development.Module Development.Embed 
[2.112s] -- Configuring done (2.0s)
[2.188s] -- Generating done (0.1s)
[2.194s] -- Build files have been written to: /home/tdp378/DingoQuadruped/dingo_ws/build/dingo_peripheral_msgs
[2.198s] Invoked command in '/home/tdp378/DingoQuadruped/dingo_ws/build/dingo_peripheral_msgs' returned '0': CMAKE_PREFIX_PATH=${CMAKE_PREFIX_PATH}:/opt/ros/jazzy DEBUGINFOD_URLS=https://debuginfod.ubuntu.com /usr/bin/cmake /home/tdp378/DingoQuadruped/dingo_ws/src/dingo_peripheral_msgs -DAMENT_CMAKE_SYMLINK_INSTALL=1 -DCMAKE_INSTALL_PREFIX=/home/tdp378/DingoQuadruped/dingo_ws/install/dingo_peripheral_msgs
[2.198s] Invoking command in '/home/tdp378/DingoQuadruped/dingo_ws/build/dingo_peripheral_msgs': CMAKE_PREFIX_PATH=${CMAKE_PREFIX_PATH}:/opt/ros/jazzy DEBUGINFOD_URLS=https://debuginfod.ubuntu.com /usr/bin/cmake --build /home/tdp378/DingoQuadruped/dingo_ws/build/dingo_peripheral_msgs -- -j16 -l16
[2.230s] [  2%] Generating type hashes for ROS interfaces
[2.236s] [  2%] Built target ament_cmake_python_symlink_dingo_peripheral_msgs
[2.378s] running egg_info
[2.378s] creating dingo_peripheral_msgs.egg-info
[2.391s] writing dingo_peripheral_msgs.egg-info/PKG-INFO
[2.391s] writing dependency_links to dingo_peripheral_msgs.egg-info/dependency_links.txt
[2.391s] writing top-level names to dingo_peripheral_msgs.egg-info/top_level.txt
[2.391s] writing manifest file 'dingo_peripheral_msgs.egg-info/SOURCES.txt'
[2.426s] reading manifest file 'dingo_peripheral_msgs.egg-info/SOURCES.txt'
[2.427s] writing manifest file 'dingo_peripheral_msgs.egg-info/SOURCES.txt'
[2.442s] [  2%] Built target ament_cmake_python_build_dingo_peripheral_msgs_egg
[2.473s] [  2%] Built target dingo_peripheral_msgs__rosidl_generator_type_description
[2.480s] [  5%] Generating C code for ROS interfaces
[2.487s] [  8%] Generating C++ code for ROS interfaces
[2.716s] [  8%] Built target dingo_peripheral_msgs__cpp
[2.717s] [ 14%] Building C object CMakeFiles/dingo_peripheral_msgs__rosidl_generator_c.dir/rosidl_generator_c/dingo_peripheral_msgs/msg/detail/electrical_measurements__functions.c.o
[2.717s] [ 17%] Building C object CMakeFiles/dingo_peripheral_msgs__rosidl_generator_c.dir/rosidl_generator_c/dingo_peripheral_msgs/msg/detail/electrical_measurements__type_support.c.o
[2.717s] [ 17%] Building C object CMakeFiles/dingo_peripheral_msgs__rosidl_generator_c.dir/rosidl_generator_c/dingo_peripheral_msgs/msg/detail/electrical_measurements__description.c.o
[3.128s] [ 20%] Linking C shared library libdingo_peripheral_msgs__rosidl_generator_c.so
[3.211s] [ 20%] Built target dingo_peripheral_msgs__rosidl_generator_c
[3.218s] [ 38%] Generating C type support for eProsima Fast-RTPS
[3.218s] [ 38%] Generating C++ introspection for ROS interfaces
[3.218s] [ 38%] Generating C++ type support for eProsima Fast-RTPS
[3.218s] [ 38%] Generating C++ type support dispatch for ROS interfaces
[3.218s] [ 38%] Generating C type support dispatch for ROS interfaces
[3.218s] [ 38%] Generating C introspection for ROS interfaces
[3.386s] [ 41%] Building CXX object CMakeFiles/dingo_peripheral_msgs__rosidl_typesupport_cpp.dir/rosidl_typesupport_cpp/dingo_peripheral_msgs/msg/electrical_measurements__type_support.cpp.o
[3.455s] [ 44%] Building C object CMakeFiles/dingo_peripheral_msgs__rosidl_typesupport_introspection_c.dir/rosidl_typesupport_introspection_c/dingo_peripheral_msgs/msg/detail/electrical_measurements__type_support.c.o
[3.471s] [ 47%] Building CXX object CMakeFiles/dingo_peripheral_msgs__rosidl_typesupport_c.dir/rosidl_typesupport_c/dingo_peripheral_msgs/msg/electrical_measurements__type_support.cpp.o
[3.485s] [ 50%] Building CXX object CMakeFiles/dingo_peripheral_msgs__rosidl_typesupport_fastrtps_c.dir/rosidl_typesupport_fastrtps_c/dingo_peripheral_msgs/msg/detail/electrical_measurements__type_support_c.cpp.o
[3.493s] [ 52%] Building CXX object CMakeFiles/dingo_peripheral_msgs__rosidl_typesupport_introspection_cpp.dir/rosidl_typesupport_introspection_cpp/dingo_peripheral_msgs/msg/detail/electrical_measurements__type_support.cpp.o
[3.500s] [ 55%] Linking C shared library libdingo_peripheral_msgs__rosidl_typesupport_introspection_c.so
[3.504s] [ 58%] Building CXX object CMakeFiles/dingo_peripheral_msgs__rosidl_typesupport_fastrtps_cpp.dir/rosidl_typesupport_fastrtps_cpp/dingo_peripheral_msgs/msg/detail/dds_fastrtps/electrical_measurements__type_support.cpp.o
[3.548s] [ 58%] Built target dingo_peripheral_msgs__rosidl_typesupport_introspection_c
[3.718s] [ 61%] Linking CXX shared library libdingo_peripheral_msgs__rosidl_typesupport_c.so
[3.769s] [ 61%] Built target dingo_peripheral_msgs__rosidl_typesupport_c
[4.476s] [ 64%] Linking CXX shared library libdingo_peripheral_msgs__rosidl_typesupport_cpp.so
[4.482s] [ 67%] Linking CXX shared library libdingo_peripheral_msgs__rosidl_typesupport_introspection_cpp.so
[4.517s] [ 67%] Built target dingo_peripheral_msgs__rosidl_typesupport_cpp
[4.526s] [ 67%] Built target dingo_peripheral_msgs__rosidl_typesupport_introspection_cpp
[4.688s] [ 70%] Linking CXX shared library libdingo_peripheral_msgs__rosidl_typesupport_fastrtps_cpp.so
[4.692s] [ 73%] Linking CXX shared library libdingo_peripheral_msgs__rosidl_typesupport_fastrtps_c.so
[4.862s] [ 73%] Built target dingo_peripheral_msgs__rosidl_typesupport_fastrtps_cpp
[4.863s] [ 73%] Built target dingo_peripheral_msgs__rosidl_typesupport_fastrtps_c
[4.882s] [ 73%] Built target dingo_peripheral_msgs
[4.908s] [ 76%] Generating Python code for ROS interfaces
[5.080s] [ 76%] Built target dingo_peripheral_msgs__py
[5.093s] [ 79%] Building C object CMakeFiles/dingo_peripheral_msgs__rosidl_generator_py.dir/rosidl_generator_py/dingo_peripheral_msgs/msg/_electrical_measurements_s.c.o
[5.642s] [ 82%] Linking C shared library libdingo_peripheral_msgs__rosidl_generator_py.so
[5.687s] [ 82%] Built target dingo_peripheral_msgs__rosidl_generator_py
[5.701s] [ 91%] Building C object CMakeFiles/dingo_peripheral_msgs_s__rosidl_typesupport_introspection_c.dir/rosidl_generator_py/dingo_peripheral_msgs/_dingo_peripheral_msgs_s.ep.rosidl_typesupport_introspection_c.c.o
[5.701s] [ 91%] Building C object CMakeFiles/dingo_peripheral_msgs_s__rosidl_typesupport_fastrtps_c.dir/rosidl_generator_py/dingo_peripheral_msgs/_dingo_peripheral_msgs_s.ep.rosidl_typesupport_fastrtps_c.c.o
[5.701s] [ 91%] Building C object CMakeFiles/dingo_peripheral_msgs_s__rosidl_typesupport_c.dir/rosidl_generator_py/dingo_peripheral_msgs/_dingo_peripheral_msgs_s.ep.rosidl_typesupport_c.c.o
[5.763s] [ 97%] Linking C shared module rosidl_generator_py/dingo_peripheral_msgs/dingo_peripheral_msgs_s__rosidl_typesupport_introspection_c.so
[5.763s] [ 97%] Linking C shared module rosidl_generator_py/dingo_peripheral_msgs/dingo_peripheral_msgs_s__rosidl_typesupport_c.so
[5.765s] [100%] Linking C shared module rosidl_generator_py/dingo_peripheral_msgs/dingo_peripheral_msgs_s__rosidl_typesupport_fastrtps_c.so
[5.783s] [100%] Built target dingo_peripheral_msgs_s__rosidl_typesupport_c
[5.783s] [100%] Built target dingo_peripheral_msgs_s__rosidl_typesupport_introspection_c
[5.784s] [100%] Built target dingo_peripheral_msgs_s__rosidl_typesupport_fastrtps_c
[5.791s] Invoked command in '/home/tdp378/DingoQuadruped/dingo_ws/build/dingo_peripheral_msgs' returned '0': CMAKE_PREFIX_PATH=${CMAKE_PREFIX_PATH}:/opt/ros/jazzy DEBUGINFOD_URLS=https://debuginfod.ubuntu.com /usr/bin/cmake --build /home/tdp378/DingoQuadruped/dingo_ws/build/dingo_peripheral_msgs -- -j16 -l16
[5.791s] Invoking command in '/home/tdp378/DingoQuadruped/dingo_ws/build/dingo_peripheral_msgs': CMAKE_PREFIX_PATH=${CMAKE_PREFIX_PATH}:/opt/ros/jazzy DEBUGINFOD_URLS=https://debuginfod.ubuntu.com /usr/bin/cmake --install /home/tdp378/DingoQuadruped/dingo_ws/build/dingo_peripheral_msgs
[5.797s] -- Install configuration: ""
[5.797s] -- Execute custom install script
[5.797s] -- Symlinking: /home/tdp378/DingoQuadruped/dingo_ws/install/dingo_peripheral_msgs/share/ament_index/resource_index/rosidl_interfaces/dingo_peripheral_msgs
[5.804s] -- Symlinking: /home/tdp378/DingoQuadruped/dingo_ws/install/dingo_peripheral_msgs/share/dingo_peripheral_msgs/msg/ElectricalMeasurements.json
[5.810s] -- Symlinking: /home/tdp378/DingoQuadruped/dingo_ws/install/dingo_peripheral_msgs/include/dingo_peripheral_msgs/dingo_peripheral_msgs/msg/detail/electrical_measurements__functions.h
[5.816s] -- Symlinking: /home/tdp378/DingoQuadruped/dingo_ws/install/dingo_peripheral_msgs/include/dingo_peripheral_msgs/dingo_peripheral_msgs/msg/detail/electrical_measurements__struct.h
[5.821s] -- Symlinking: /home/tdp378/DingoQuadruped/dingo_ws/install/dingo_peripheral_msgs/include/dingo_peripheral_msgs/dingo_peripheral_msgs/msg/detail/electrical_measurements__type_support.h
[5.827s] -- Symlinking: /home/tdp378/DingoQuadruped/dingo_ws/install/dingo_peripheral_msgs/include/dingo_peripheral_msgs/dingo_peripheral_msgs/msg/electrical_measurements.h
[5.833s] -- Symlinking: /home/tdp378/DingoQuadruped/dingo_ws/install/dingo_peripheral_msgs/include/dingo_peripheral_msgs/dingo_peripheral_msgs/msg/rosidl_generator_c__visibility_control.h
[5.839s] -- Symlinking: /home/tdp378/DingoQuadruped/dingo_ws/install/dingo_peripheral_msgs/share/dingo_peripheral_msgs/environment/library_path.sh
[5.845s] -- Symlinking: /home/tdp378/DingoQuadruped/dingo_ws/install/dingo_peripheral_msgs/share/dingo_peripheral_msgs/environment/library_path.dsv
[5.851s] -- Symlinking: /home/tdp378/DingoQuadruped/dingo_ws/install/dingo_peripheral_msgs/include/dingo_peripheral_msgs/dingo_peripheral_msgs/msg/detail/electrical_measurements__rosidl_typesupport_fastrtps_c.h
[5.856s] -- Symlinking: /home/tdp378/DingoQuadruped/dingo_ws/install/dingo_peripheral_msgs/include/dingo_peripheral_msgs/dingo_peripheral_msgs/msg/rosidl_typesupport_fastrtps_c__visibility_control.h
[5.862s] -- Symlinking: /home/tdp378/DingoQuadruped/dingo_ws/install/dingo_peripheral_msgs/include/dingo_peripheral_msgs/dingo_peripheral_msgs/msg/detail/electrical_measurements__rosidl_typesupport_introspection_c.h
[5.867s] -- Symlinking: /home/tdp378/DingoQuadruped/dingo_ws/install/dingo_peripheral_msgs/include/dingo_peripheral_msgs/dingo_peripheral_msgs/msg/rosidl_typesupport_introspection_c__visibility_control.h
[5.872s] -- Symlinking: /home/tdp378/DingoQuadruped/dingo_ws/install/dingo_peripheral_msgs/include/dingo_peripheral_msgs/dingo_peripheral_msgs/msg/detail/electrical_measurements__builder.hpp
[5.878s] -- Symlinking: /home/tdp378/DingoQuadruped/dingo_ws/install/dingo_peripheral_msgs/include/dingo_peripheral_msgs/dingo_peripheral_msgs/msg/detail/electrical_measurements__struct.hpp
[5.884s] -- Symlinking: /home/tdp378/DingoQuadruped/dingo_ws/install/dingo_peripheral_msgs/include/dingo_peripheral_msgs/dingo_peripheral_msgs/msg/detail/electrical_measurements__traits.hpp
[5.889s] -- Symlinking: /home/tdp378/DingoQuadruped/dingo_ws/install/dingo_peripheral_msgs/include/dingo_peripheral_msgs/dingo_peripheral_msgs/msg/detail/electrical_measurements__type_support.hpp
[5.895s] -- Symlinking: /home/tdp378/DingoQuadruped/dingo_ws/install/dingo_peripheral_msgs/include/dingo_peripheral_msgs/dingo_peripheral_msgs/msg/electrical_measurements.hpp
[5.901s] -- Symlinking: /home/tdp378/DingoQuadruped/dingo_ws/install/dingo_peripheral_msgs/include/dingo_peripheral_msgs/dingo_peripheral_msgs/msg/rosidl_generator_cpp__visibility_control.hpp
[5.907s] -- Symlinking: /home/tdp378/DingoQuadruped/dingo_ws/install/dingo_peripheral_msgs/include/dingo_peripheral_msgs/dingo_peripheral_msgs/msg/detail/electrical_measurements__rosidl_typesupport_fastrtps_cpp.hpp
[5.912s] -- Symlinking: /home/tdp378/DingoQuadruped/dingo_ws/install/dingo_peripheral_msgs/include/dingo_peripheral_msgs/dingo_peripheral_msgs/msg/rosidl_typesupport_fastrtps_cpp__visibility_control.h
[5.918s] -- Symlinking: /home/tdp378/DingoQuadruped/dingo_ws/install/dingo_peripheral_msgs/include/dingo_peripheral_msgs/dingo_peripheral_msgs/msg/detail/electrical_measurements__rosidl_typesupport_introspection_cpp.hpp
[5.923s] -- Symlinking: /home/tdp378/DingoQuadruped/dingo_ws/install/dingo_peripheral_msgs/share/dingo_peripheral_msgs/environment/pythonpath.sh
[5.929s] -- Symlinking: /home/tdp378/DingoQuadruped/dingo_ws/install/dingo_peripheral_msgs/share/dingo_peripheral_msgs/environment/pythonpath.dsv
[5.935s] -- Symlinking: /home/tdp378/DingoQuadruped/dingo_ws/install/dingo_peripheral_msgs/lib/python3.12/site-packages/dingo_peripheral_msgs-0.0.0-py3.12.egg-info/PKG-INFO
[5.940s] -- Symlinking: /home/tdp378/DingoQuadruped/dingo_ws/install/dingo_peripheral_msgs/lib/python3.12/site-packages/dingo_peripheral_msgs-0.0.0-py3.12.egg-info/SOURCES.txt
[5.946s] -- Symlinking: /home/tdp378/DingoQuadruped/dingo_ws/install/dingo_peripheral_msgs/lib/python3.12/site-packages/dingo_peripheral_msgs-0.0.0-py3.12.egg-info/dependency_links.txt
[5.952s] -- Symlinking: /home/tdp378/DingoQuadruped/dingo_ws/install/dingo_peripheral_msgs/lib/python3.12/site-packages/dingo_peripheral_msgs-0.0.0-py3.12.egg-info/top_level.txt
[5.957s] -- Symlinking: /home/tdp378/DingoQuadruped/dingo_ws/install/dingo_peripheral_msgs/lib/python3.12/site-packages/dingo_peripheral_msgs/__init__.py
[5.963s] -- Symlinking: /home/tdp378/DingoQuadruped/dingo_ws/install/dingo_peripheral_msgs/lib/python3.12/site-packages/dingo_peripheral_msgs/_dingo_peripheral_msgs_s.ep.rosidl_typesupport_c.c
[5.969s] -- Symlinking: /home/tdp378/DingoQuadruped/dingo_ws/install/dingo_peripheral_msgs/lib/python3.12/site-packages/dingo_peripheral_msgs/_dingo_peripheral_msgs_s.ep.rosidl_typesupport_fastrtps_c.c
[5.974s] -- Symlinking: /home/tdp378/DingoQuadruped/dingo_ws/install/dingo_peripheral_msgs/lib/python3.12/site-packages/dingo_peripheral_msgs/_dingo_peripheral_msgs_s.ep.rosidl_typesupport_introspection_c.c
[5.980s] -- Symlinking: /home/tdp378/DingoQuadruped/dingo_ws/install/dingo_peripheral_msgs/lib/python3.12/site-packages/dingo_peripheral_msgs/dingo_peripheral_msgs_s__rosidl_typesupport_c.so
[5.986s] -- Symlinking: /home/tdp378/DingoQuadruped/dingo_ws/install/dingo_peripheral_msgs/lib/python3.12/site-packages/dingo_peripheral_msgs/dingo_peripheral_msgs_s__rosidl_typesupport_fastrtps_c.so
[5.992s] -- Symlinking: /home/tdp378/DingoQuadruped/dingo_ws/install/dingo_peripheral_msgs/lib/python3.12/site-packages/dingo_peripheral_msgs/dingo_peripheral_msgs_s__rosidl_typesupport_introspection_c.so
[5.998s] -- Symlinking: /home/tdp378/DingoQuadruped/dingo_ws/install/dingo_peripheral_msgs/lib/python3.12/site-packages/dingo_peripheral_msgs/msg/__init__.py
[6.003s] -- Symlinking: /home/tdp378/DingoQuadruped/dingo_ws/install/dingo_peripheral_msgs/lib/python3.12/site-packages/dingo_peripheral_msgs/msg/_electrical_measurements.py
[6.009s] -- Symlinking: /home/tdp378/DingoQuadruped/dingo_ws/install/dingo_peripheral_msgs/lib/python3.12/site-packages/dingo_peripheral_msgs/msg/_electrical_measurements_s.c
[6.015s] -- Up-to-date symlink: /home/tdp378/DingoQuadruped/dingo_ws/install/dingo_peripheral_msgs/lib/python3.12/site-packages/dingo_peripheral_msgs/dingo_peripheral_msgs_s__rosidl_typesupport_fastrtps_c.so
[6.015s] -- Up-to-date symlink: /home/tdp378/DingoQuadruped/dingo_ws/install/dingo_peripheral_msgs/lib/python3.12/site-packages/dingo_peripheral_msgs/dingo_peripheral_msgs_s__rosidl_typesupport_introspection_c.so
[6.015s] -- Up-to-date symlink: /home/tdp378/DingoQuadruped/dingo_ws/install/dingo_peripheral_msgs/lib/python3.12/site-packages/dingo_peripheral_msgs/dingo_peripheral_msgs_s__rosidl_typesupport_c.so
[6.015s] -- Symlinking: /home/tdp378/DingoQuadruped/dingo_ws/install/dingo_peripheral_msgs/share/dingo_peripheral_msgs/msg/ElectricalMeasurements.idl
[6.020s] -- Symlinking: /home/tdp378/DingoQuadruped/dingo_ws/install/dingo_peripheral_msgs/share/dingo_peripheral_msgs/msg/ElectricalMeasurements.msg
[6.026s] -- Symlinking: /home/tdp378/DingoQuadruped/dingo_ws/install/dingo_peripheral_msgs/share/ament_index/resource_index/package_run_dependencies/dingo_peripheral_msgs
[6.032s] -- Symlinking: /home/tdp378/DingoQuadruped/dingo_ws/install/dingo_peripheral_msgs/share/ament_index/resource_index/parent_prefix_path/dingo_peripheral_msgs
[6.038s] -- Symlinking: /home/tdp378/DingoQuadruped/dingo_ws/install/dingo_peripheral_msgs/share/dingo_peripheral_msgs/environment/ament_prefix_path.sh
[6.043s] -- Symlinking: /home/tdp378/DingoQuadruped/dingo_ws/install/dingo_peripheral_msgs/share/dingo_peripheral_msgs/environment/ament_prefix_path.dsv
[6.049s] -- Symlinking: /home/tdp378/DingoQuadruped/dingo_ws/install/dingo_peripheral_msgs/share/dingo_peripheral_msgs/environment/path.sh
[6.055s] -- Symlinking: /home/tdp378/DingoQuadruped/dingo_ws/install/dingo_peripheral_msgs/share/dingo_peripheral_msgs/environment/path.dsv
[6.061s] -- Symlinking: /home/tdp378/DingoQuadruped/dingo_ws/install/dingo_peripheral_msgs/share/dingo_peripheral_msgs/local_setup.bash
[6.067s] -- Symlinking: /home/tdp378/DingoQuadruped/dingo_ws/install/dingo_peripheral_msgs/share/dingo_peripheral_msgs/local_setup.sh
[6.072s] -- Symlinking: /home/tdp378/DingoQuadruped/dingo_ws/install/dingo_peripheral_msgs/share/dingo_peripheral_msgs/local_setup.zsh
[6.078s] -- Symlinking: /home/tdp378/DingoQuadruped/dingo_ws/install/dingo_peripheral_msgs/share/dingo_peripheral_msgs/local_setup.dsv
[6.084s] -- Symlinking: /home/tdp378/DingoQuadruped/dingo_ws/install/dingo_peripheral_msgs/share/dingo_peripheral_msgs/package.dsv
[6.090s] -- Symlinking: /home/tdp378/DingoQuadruped/dingo_ws/install/dingo_peripheral_msgs/share/ament_index/resource_index/packages/dingo_peripheral_msgs
[6.096s] -- Symlinking: /home/tdp378/DingoQuadruped/dingo_ws/install/dingo_peripheral_msgs/share/dingo_peripheral_msgs/cmake/rosidl_cmake-extras.cmake
[6.101s] -- Symlinking: /home/tdp378/DingoQuadruped/dingo_ws/install/dingo_peripheral_msgs/share/dingo_peripheral_msgs/cmake/ament_cmake_export_include_directories-extras.cmake
[6.107s] -- Symlinking: /home/tdp378/DingoQuadruped/dingo_ws/install/dingo_peripheral_msgs/share/dingo_peripheral_msgs/cmake/ament_cmake_export_libraries-extras.cmake
[6.113s] -- Symlinking: /home/tdp378/DingoQuadruped/dingo_ws/install/dingo_peripheral_msgs/share/dingo_peripheral_msgs/cmake/ament_cmake_export_targets-extras.cmake
[6.118s] -- Symlinking: /home/tdp378/DingoQuadruped/dingo_ws/install/dingo_peripheral_msgs/share/dingo_peripheral_msgs/cmake/rosidl_cmake_export_typesupport_targets-extras.cmake
[6.124s] -- Symlinking: /home/tdp378/DingoQuadruped/dingo_ws/install/dingo_peripheral_msgs/share/dingo_peripheral_msgs/cmake/ament_cmake_export_dependencies-extras.cmake
[6.130s] -- Symlinking: /home/tdp378/DingoQuadruped/dingo_ws/install/dingo_peripheral_msgs/share/dingo_peripheral_msgs/cmake/rosidl_cmake_export_typesupport_libraries-extras.cmake
[6.136s] -- Symlinking: /home/tdp378/DingoQuadruped/dingo_ws/install/dingo_peripheral_msgs/share/dingo_peripheral_msgs/cmake/dingo_peripheral_msgsConfig.cmake
[6.142s] -- Symlinking: /home/tdp378/DingoQuadruped/dingo_ws/install/dingo_peripheral_msgs/share/dingo_peripheral_msgs/cmake/dingo_peripheral_msgsConfig-version.cmake
[6.148s] -- Symlinking: /home/tdp378/DingoQuadruped/dingo_ws/install/dingo_peripheral_msgs/share/dingo_peripheral_msgs/package.xml
[6.153s] -- Installing: /home/tdp378/DingoQuadruped/dingo_ws/install/dingo_peripheral_msgs/lib/libdingo_peripheral_msgs__rosidl_generator_c.so
[6.153s] -- Set non-toolchain portion of runtime path of "/home/tdp378/DingoQuadruped/dingo_ws/install/dingo_peripheral_msgs/lib/libdingo_peripheral_msgs__rosidl_generator_c.so" to ""
[6.153s] -- Installing: /home/tdp378/DingoQuadruped/dingo_ws/install/dingo_peripheral_msgs/lib/libdingo_peripheral_msgs__rosidl_typesupport_fastrtps_c.so
[6.153s] -- Set non-toolchain portion of runtime path of "/home/tdp378/DingoQuadruped/dingo_ws/install/dingo_peripheral_msgs/lib/libdingo_peripheral_msgs__rosidl_typesupport_fastrtps_c.so" to ""
[6.153s] -- Installing: /home/tdp378/DingoQuadruped/dingo_ws/install/dingo_peripheral_msgs/lib/libdingo_peripheral_msgs__rosidl_typesupport_introspection_c.so
[6.154s] -- Set non-toolchain portion of runtime path of "/home/tdp378/DingoQuadruped/dingo_ws/install/dingo_peripheral_msgs/lib/libdingo_peripheral_msgs__rosidl_typesupport_introspection_c.so" to ""
[6.154s] -- Installing: /home/tdp378/DingoQuadruped/dingo_ws/install/dingo_peripheral_msgs/lib/libdingo_peripheral_msgs__rosidl_typesupport_c.so
[6.154s] -- Set non-toolchain portion of runtime path of "/home/tdp378/DingoQuadruped/dingo_ws/install/dingo_peripheral_msgs/lib/libdingo_peripheral_msgs__rosidl_typesupport_c.so" to ""
[6.154s] -- Installing: /home/tdp378/DingoQuadruped/dingo_ws/install/dingo_peripheral_msgs/lib/libdingo_peripheral_msgs__rosidl_typesupport_fastrtps_cpp.so
[6.154s] -- Set non-toolchain portion of runtime path of "/home/tdp378/DingoQuadruped/dingo_ws/install/dingo_peripheral_msgs/lib/libdingo_peripheral_msgs__rosidl_typesupport_fastrtps_cpp.so" to ""
[6.154s] -- Installing: /home/tdp378/DingoQuadruped/dingo_ws/install/dingo_peripheral_msgs/lib/libdingo_peripheral_msgs__rosidl_typesupport_introspection_cpp.so
[6.154s] -- Set non-toolchain portion of runtime path of "/home/tdp378/DingoQuadruped/dingo_ws/install/dingo_peripheral_msgs/lib/libdingo_peripheral_msgs__rosidl_typesupport_introspection_cpp.so" to ""
[6.154s] -- Installing: /home/tdp378/DingoQuadruped/dingo_ws/install/dingo_peripheral_msgs/lib/libdingo_peripheral_msgs__rosidl_typesupport_cpp.so
[6.154s] -- Set non-toolchain portion of runtime path of "/home/tdp378/DingoQuadruped/dingo_ws/install/dingo_peripheral_msgs/lib/libdingo_peripheral_msgs__rosidl_typesupport_cpp.so" to ""
[6.179s] Listing '/home/tdp378/DingoQuadruped/dingo_ws/install/dingo_peripheral_msgs/lib/python3.12/site-packages/dingo_peripheral_msgs'...
[6.179s] Compiling '/home/tdp378/DingoQuadruped/dingo_ws/install/dingo_peripheral_msgs/lib/python3.12/site-packages/dingo_peripheral_msgs/__init__.py'...
[6.179s] Listing '/home/tdp378/DingoQuadruped/dingo_ws/install/dingo_peripheral_msgs/lib/python3.12/site-packages/dingo_peripheral_msgs/msg'...
[6.179s] Compiling '/home/tdp378/DingoQuadruped/dingo_ws/install/dingo_peripheral_msgs/lib/python3.12/site-packages/dingo_peripheral_msgs/msg/__init__.py'...
[6.180s] Compiling '/home/tdp378/DingoQuadruped/dingo_ws/install/dingo_peripheral_msgs/lib/python3.12/site-packages/dingo_peripheral_msgs/msg/_electrical_measurements.py'...
[6.183s] -- Installing: /home/tdp378/DingoQuadruped/dingo_ws/install/dingo_peripheral_msgs/lib/libdingo_peripheral_msgs__rosidl_generator_py.so
[6.183s] -- Set non-toolchain portion of runtime path of "/home/tdp378/DingoQuadruped/dingo_ws/install/dingo_peripheral_msgs/lib/libdingo_peripheral_msgs__rosidl_generator_py.so" to ""
[6.183s] -- Installing: /home/tdp378/DingoQuadruped/dingo_ws/install/dingo_peripheral_msgs/share/dingo_peripheral_msgs/cmake/export_dingo_peripheral_msgs__rosidl_generator_cExport.cmake
[6.183s] -- Installing: /home/tdp378/DingoQuadruped/dingo_ws/install/dingo_peripheral_msgs/share/dingo_peripheral_msgs/cmake/export_dingo_peripheral_msgs__rosidl_generator_cExport-noconfig.cmake
[6.184s] -- Installing: /home/tdp378/DingoQuadruped/dingo_ws/install/dingo_peripheral_msgs/share/dingo_peripheral_msgs/cmake/export_dingo_peripheral_msgs__rosidl_typesupport_fastrtps_cExport.cmake
[6.184s] -- Installing: /home/tdp378/DingoQuadruped/dingo_ws/install/dingo_peripheral_msgs/share/dingo_peripheral_msgs/cmake/export_dingo_peripheral_msgs__rosidl_typesupport_fastrtps_cExport-noconfig.cmake
[6.184s] -- Installing: /home/tdp378/DingoQuadruped/dingo_ws/install/dingo_peripheral_msgs/share/dingo_peripheral_msgs/cmake/dingo_peripheral_msgs__rosidl_typesupport_introspection_cExport.cmake
[6.184s] -- Installing: /home/tdp378/DingoQuadruped/dingo_ws/install/dingo_peripheral_msgs/share/dingo_peripheral_msgs/cmake/dingo_peripheral_msgs__rosidl_typesupport_introspection_cExport-noconfig.cmake
[6.184s] -- Installing: /home/tdp378/DingoQuadruped/dingo_ws/install/dingo_peripheral_msgs/share/dingo_peripheral_msgs/cmake/dingo_peripheral_msgs__rosidl_typesupport_cExport.cmake
[6.184s] -- Installing: /home/tdp378/DingoQuadruped/dingo_ws/install/dingo_peripheral_msgs/share/dingo_peripheral_msgs/cmake/dingo_peripheral_msgs__rosidl_typesupport_cExport-noconfig.cmake
[6.184s] -- Installing: /home/tdp378/DingoQuadruped/dingo_ws/install/dingo_peripheral_msgs/share/dingo_peripheral_msgs/cmake/export_dingo_peripheral_msgs__rosidl_generator_cppExport.cmake
[6.184s] -- Installing: /home/tdp378/DingoQuadruped/dingo_ws/install/dingo_peripheral_msgs/share/dingo_peripheral_msgs/cmake/export_dingo_peripheral_msgs__rosidl_typesupport_fastrtps_cppExport.cmake
[6.184s] -- Installing: /home/tdp378/DingoQuadruped/dingo_ws/install/dingo_peripheral_msgs/share/dingo_peripheral_msgs/cmake/export_dingo_peripheral_msgs__rosidl_typesupport_fastrtps_cppExport-noconfig.cmake
[6.184s] -- Installing: /home/tdp378/DingoQuadruped/dingo_ws/install/dingo_peripheral_msgs/share/dingo_peripheral_msgs/cmake/dingo_peripheral_msgs__rosidl_typesupport_introspection_cppExport.cmake
[6.184s] -- Installing: /home/tdp378/DingoQuadruped/dingo_ws/install/dingo_peripheral_msgs/share/dingo_peripheral_msgs/cmake/dingo_peripheral_msgs__rosidl_typesupport_introspection_cppExport-noconfig.cmake
[6.184s] -- Installing: /home/tdp378/DingoQuadruped/dingo_ws/install/dingo_peripheral_msgs/share/dingo_peripheral_msgs/cmake/dingo_peripheral_msgs__rosidl_typesupport_cppExport.cmake
[6.184s] -- Installing: /home/tdp378/DingoQuadruped/dingo_ws/install/dingo_peripheral_msgs/share/dingo_peripheral_msgs/cmake/dingo_peripheral_msgs__rosidl_typesupport_cppExport-noconfig.cmake
[6.184s] -- Installing: /home/tdp378/DingoQuadruped/dingo_ws/install/dingo_peripheral_msgs/share/dingo_peripheral_msgs/cmake/export_dingo_peripheral_msgs__rosidl_generator_pyExport.cmake
[6.184s] -- Installing: /home/tdp378/DingoQuadruped/dingo_ws/install/dingo_peripheral_msgs/share/dingo_peripheral_msgs/cmake/export_dingo_peripheral_msgs__rosidl_generator_pyExport-noconfig.cmake
[6.186s] Invoked command in '/home/tdp378/DingoQuadruped/dingo_ws/build/dingo_peripheral_msgs' returned '0': CMAKE_PREFIX_PATH=${CMAKE_PREFIX_PATH}:/opt/ros/jazzy DEBUGINFOD_URLS=https://debuginfod.ubuntu.com /usr/bin/cmake --install /home/tdp378/DingoQuadruped/dingo_ws/build/dingo_peripheral_msgs
