-- The C compiler identification is GNU 13.3.0
-- The CXX compiler identification is GNU 13.3.0
-- Detecting C compiler ABI info
-- Detecting C compiler ABI info - done
-- Check for working C compiler: /usr/bin/cc - skipped
-- Detecting C compile features
-- Detecting C compile features - done
-- Detecting CXX compiler ABI info
-- Detecting CXX compiler ABI info - done
-- Check for working CXX compiler: /usr/bin/c++ - skipped
-- Detecting CXX compile features
-- Detecting CXX compile features - done
-- Found ament_cmake: 2.5.5 (/opt/ros/jazzy/share/ament_cmake/cmake)
-- Found Python3: /usr/bin/python3 (found version "3.12.3") found components: Interpreter 
-- Override CMake install command with custom implementation using symlinks instead of copying resources
-- Found geometry_msgs: 5.3.6 (/opt/ros/jazzy/share/geometry_msgs/cmake)
-- Found rosidl_generator_c: 4.6.7 (/opt/ros/jazzy/share/rosidl_generator_c/cmake)
-- Found rosidl_generator_cpp: 4.6.7 (/opt/ros/jazzy/share/rosidl_generator_cpp/cmake)
-- Using all available rosidl_typesupport_c: rosidl_typesupport_fastrtps_c;rosidl_typesupport_introspection_c
-- Using all available rosidl_typesupport_cpp: rosidl_typesupport_fastrtps_cpp;rosidl_typesupport_introspection_cpp
-- Found rosidl_default_generators: 1.6.0 (/opt/ros/jazzy/share/rosidl_default_generators/cmake)
-- Found rosidl_adapter: 4.6.7 (/opt/ros/jazzy/share/rosidl_adapter/cmake)
-- Found ament_cmake_ros: 0.12.0 (/opt/ros/jazzy/share/ament_cmake_ros/cmake)
-- Using all available rosidl_typesupport_c: rosidl_typesupport_fastrtps_c;rosidl_typesupport_introspection_c
-- Using all available rosidl_typesupport_cpp: rosidl_typesupport_fastrtps_cpp;rosidl_typesupport_introspection_cpp
-- Found python_cmake_module: 0.11.1 (/opt/ros/jazzy/share/python_cmake_module/cmake)
-- Found PythonExtra: /usr/bin/python3  
-- Found Python3: /usr/bin/python3 (found version "3.12.3") found components: Interpreter Development NumPy Development.Module Development.Embed 
-- Configuring done (2.2s)
-- Generating done (0.0s)
-- Build files have been written to: /home/tdp378/DingoQuadruped/dingo_ws/build/dingo_control_msgs
[  1%] Generating type hashes for ROS interfaces
[  1%] Built target ament_cmake_python_symlink_dingo_control_msgs
running egg_info
creating dingo_control_msgs.egg-info
writing dingo_control_msgs.egg-info/PKG-INFO
writing dependency_links to dingo_control_msgs.egg-info/dependency_links.txt
writing top-level names to dingo_control_msgs.egg-info/top_level.txt
writing manifest file 'dingo_control_msgs.egg-info/SOURCES.txt'
[  1%] Built target dingo_control_msgs__rosidl_generator_type_description
[  3%] Generating C code for ROS interfaces
reading manifest file 'dingo_control_msgs.egg-info/SOURCES.txt'
writing manifest file 'dingo_control_msgs.egg-info/SOURCES.txt'
[  5%] Generating C++ code for ROS interfaces
[  5%] Built target ament_cmake_python_build_dingo_control_msgs_egg
[  5%] Built target dingo_control_msgs__cpp
[ 11%] Building C object CMakeFiles/dingo_control_msgs__rosidl_generator_c.dir/rosidl_generator_c/dingo_control_msgs/msg/detail/joint_space__functions.c.o
[ 11%] Building C object CMakeFiles/dingo_control_msgs__rosidl_generator_c.dir/rosidl_generator_c/dingo_control_msgs/msg/detail/angle__description.c.o
[ 11%] Building C object CMakeFiles/dingo_control_msgs__rosidl_generator_c.dir/rosidl_generator_c/dingo_control_msgs/msg/detail/joint_space__description.c.o
[ 12%] Building C object CMakeFiles/dingo_control_msgs__rosidl_generator_c.dir/rosidl_generator_c/dingo_control_msgs/msg/detail/joint_space__type_support.c.o
[ 14%] Building C object CMakeFiles/dingo_control_msgs__rosidl_generator_c.dir/rosidl_generator_c/dingo_control_msgs/msg/detail/task_space__description.c.o
[ 16%] Building C object CMakeFiles/dingo_control_msgs__rosidl_generator_c.dir/rosidl_generator_c/dingo_control_msgs/msg/detail/angle__type_support.c.o
[ 18%] Building C object CMakeFiles/dingo_control_msgs__rosidl_generator_c.dir/rosidl_generator_c/dingo_control_msgs/msg/detail/angle__functions.c.o
[ 20%] Building C object CMakeFiles/dingo_control_msgs__rosidl_generator_c.dir/rosidl_generator_c/dingo_control_msgs/msg/detail/task_space__functions.c.o
[ 22%] Building C object CMakeFiles/dingo_control_msgs__rosidl_generator_c.dir/rosidl_generator_c/dingo_control_msgs/msg/detail/task_space__type_support.c.o
[ 24%] Linking C shared library libdingo_control_msgs__rosidl_generator_c.so
[ 24%] Built target dingo_control_msgs__rosidl_generator_c
[ 25%] Generating C introspection for ROS interfaces
[ 33%] Generating C++ type support dispatch for ROS interfaces
[ 33%] Generating C type support dispatch for ROS interfaces
[ 33%] Generating C++ type support for eProsima Fast-RTPS
[ 33%] Generating C type support for eProsima Fast-RTPS
[ 35%] Generating C++ introspection for ROS interfaces
[ 37%] Building CXX object CMakeFiles/dingo_control_msgs__rosidl_typesupport_c.dir/rosidl_typesupport_c/dingo_control_msgs/msg/joint_space__type_support.cpp.o
[ 38%] Building CXX object CMakeFiles/dingo_control_msgs__rosidl_typesupport_c.dir/rosidl_typesupport_c/dingo_control_msgs/msg/angle__type_support.cpp.o
[ 40%] Building CXX object CMakeFiles/dingo_control_msgs__rosidl_typesupport_c.dir/rosidl_typesupport_c/dingo_control_msgs/msg/task_space__type_support.cpp.o
[ 42%] Building C object CMakeFiles/dingo_control_msgs__rosidl_typesupport_introspection_c.dir/rosidl_typesupport_introspection_c/dingo_control_msgs/msg/detail/angle__type_support.c.o
[ 46%] Building C object CMakeFiles/dingo_control_msgs__rosidl_typesupport_introspection_c.dir/rosidl_typesupport_introspection_c/dingo_control_msgs/msg/detail/task_space__type_support.c.o
[ 46%] Building C object CMakeFiles/dingo_control_msgs__rosidl_typesupport_introspection_c.dir/rosidl_typesupport_introspection_c/dingo_control_msgs/msg/detail/joint_space__type_support.c.o
[ 48%] Building CXX object CMakeFiles/dingo_control_msgs__rosidl_typesupport_cpp.dir/rosidl_typesupport_cpp/dingo_control_msgs/msg/angle__type_support.cpp.o
[ 50%] Building CXX object CMakeFiles/dingo_control_msgs__rosidl_typesupport_cpp.dir/rosidl_typesupport_cpp/dingo_control_msgs/msg/joint_space__type_support.cpp.o
[ 51%] Building CXX object CMakeFiles/dingo_control_msgs__rosidl_typesupport_cpp.dir/rosidl_typesupport_cpp/dingo_control_msgs/msg/task_space__type_support.cpp.o
[ 57%] Building CXX object CMakeFiles/dingo_control_msgs__rosidl_typesupport_introspection_cpp.dir/rosidl_typesupport_introspection_cpp/dingo_control_msgs/msg/detail/task_space__type_support.cpp.o
[ 57%] Building CXX object CMakeFiles/dingo_control_msgs__rosidl_typesupport_introspection_cpp.dir/rosidl_typesupport_introspection_cpp/dingo_control_msgs/msg/detail/angle__type_support.cpp.o
[ 57%] Building CXX object CMakeFiles/dingo_control_msgs__rosidl_typesupport_introspection_cpp.dir/rosidl_typesupport_introspection_cpp/dingo_control_msgs/msg/detail/joint_space__type_support.cpp.o
[ 62%] Building CXX object CMakeFiles/dingo_control_msgs__rosidl_typesupport_fastrtps_cpp.dir/rosidl_typesupport_fastrtps_cpp/dingo_control_msgs/msg/detail/dds_fastrtps/angle__type_support.cpp.o
[ 62%] Building CXX object CMakeFiles/dingo_control_msgs__rosidl_typesupport_fastrtps_cpp.dir/rosidl_typesupport_fastrtps_cpp/dingo_control_msgs/msg/detail/dds_fastrtps/task_space__type_support.cpp.o
[ 62%] Building CXX object CMakeFiles/dingo_control_msgs__rosidl_typesupport_fastrtps_cpp.dir/rosidl_typesupport_fastrtps_cpp/dingo_control_msgs/msg/detail/dds_fastrtps/joint_space__type_support.cpp.o
[ 68%] Building CXX object CMakeFiles/dingo_control_msgs__rosidl_typesupport_fastrtps_c.dir/rosidl_typesupport_fastrtps_c/dingo_control_msgs/msg/detail/joint_space__type_support_c.cpp.o
[ 68%] Building CXX object CMakeFiles/dingo_control_msgs__rosidl_typesupport_fastrtps_c.dir/rosidl_typesupport_fastrtps_c/dingo_control_msgs/msg/detail/task_space__type_support_c.cpp.o
[ 68%] Building CXX object CMakeFiles/dingo_control_msgs__rosidl_typesupport_fastrtps_c.dir/rosidl_typesupport_fastrtps_c/dingo_control_msgs/msg/detail/angle__type_support_c.cpp.o
[ 70%] Linking C shared library libdingo_control_msgs__rosidl_typesupport_introspection_c.so
[ 72%] Linking CXX shared library libdingo_control_msgs__rosidl_typesupport_c.so
[ 72%] Built target dingo_control_msgs__rosidl_typesupport_introspection_c
[ 72%] Built target dingo_control_msgs__rosidl_typesupport_c
[ 75%] Linking CXX shared library libdingo_control_msgs__rosidl_typesupport_introspection_cpp.so
[ 75%] Linking CXX shared library libdingo_control_msgs__rosidl_typesupport_cpp.so
[ 75%] Built target dingo_control_msgs__rosidl_typesupport_cpp
[ 75%] Built target dingo_control_msgs__rosidl_typesupport_introspection_cpp
[ 77%] Linking CXX shared library libdingo_control_msgs__rosidl_typesupport_fastrtps_c.so
[ 79%] Linking CXX shared library libdingo_control_msgs__rosidl_typesupport_fastrtps_cpp.so
[ 79%] Built target dingo_control_msgs__rosidl_typesupport_fastrtps_cpp
[ 79%] Built target dingo_control_msgs__rosidl_typesupport_fastrtps_c
[ 79%] Built target dingo_control_msgs
[ 81%] Generating Python code for ROS interfaces
[ 81%] Built target dingo_control_msgs__py
[ 85%] Building C object CMakeFiles/dingo_control_msgs__rosidl_generator_py.dir/rosidl_generator_py/dingo_control_msgs/msg/_task_space_s.c.o
[ 85%] Building C object CMakeFiles/dingo_control_msgs__rosidl_generator_py.dir/rosidl_generator_py/dingo_control_msgs/msg/_joint_space_s.c.o
[ 87%] Building C object CMakeFiles/dingo_control_msgs__rosidl_generator_py.dir/rosidl_generator_py/dingo_control_msgs/msg/_angle_s.c.o
[ 88%] Linking C shared library libdingo_control_msgs__rosidl_generator_py.so
[ 88%] Built target dingo_control_msgs__rosidl_generator_py
[ 94%] Building C object CMakeFiles/dingo_control_msgs_s__rosidl_typesupport_fastrtps_c.dir/rosidl_generator_py/dingo_control_msgs/_dingo_control_msgs_s.ep.rosidl_typesupport_fastrtps_c.c.o
[ 94%] Building C object CMakeFiles/dingo_control_msgs_s__rosidl_typesupport_introspection_c.dir/rosidl_generator_py/dingo_control_msgs/_dingo_control_msgs_s.ep.rosidl_typesupport_introspection_c.c.o
[ 94%] Building C object CMakeFiles/dingo_control_msgs_s__rosidl_typesupport_c.dir/rosidl_generator_py/dingo_control_msgs/_dingo_control_msgs_s.ep.rosidl_typesupport_c.c.o
[ 96%] Linking C shared module rosidl_generator_py/dingo_control_msgs/dingo_control_msgs_s__rosidl_typesupport_c.so
[ 98%] Linking C shared module rosidl_generator_py/dingo_control_msgs/dingo_control_msgs_s__rosidl_typesupport_introspection_c.so
[100%] Linking C shared module rosidl_generator_py/dingo_control_msgs/dingo_control_msgs_s__rosidl_typesupport_fastrtps_c.so
[100%] Built target dingo_control_msgs_s__rosidl_typesupport_c
[100%] Built target dingo_control_msgs_s__rosidl_typesupport_introspection_c
[100%] Built target dingo_control_msgs_s__rosidl_typesupport_fastrtps_c
-- Install configuration: ""
-- Execute custom install script
-- Symlinking: /home/tdp378/DingoQuadruped/dingo_ws/install/dingo_control_msgs/share/ament_index/resource_index/rosidl_interfaces/dingo_control_msgs
-- Symlinking: /home/tdp378/DingoQuadruped/dingo_ws/install/dingo_control_msgs/share/dingo_control_msgs/msg/Angle.json
-- Symlinking: /home/tdp378/DingoQuadruped/dingo_ws/install/dingo_control_msgs/share/dingo_control_msgs/msg/JointSpace.json
-- Symlinking: /home/tdp378/DingoQuadruped/dingo_ws/install/dingo_control_msgs/share/dingo_control_msgs/msg/TaskSpace.json
-- Symlinking: /home/tdp378/DingoQuadruped/dingo_ws/install/dingo_control_msgs/include/dingo_control_msgs/dingo_control_msgs/msg/angle.h
-- Symlinking: /home/tdp378/DingoQuadruped/dingo_ws/install/dingo_control_msgs/include/dingo_control_msgs/dingo_control_msgs/msg/detail/angle__functions.h
-- Symlinking: /home/tdp378/DingoQuadruped/dingo_ws/install/dingo_control_msgs/include/dingo_control_msgs/dingo_control_msgs/msg/detail/angle__struct.h
-- Symlinking: /home/tdp378/DingoQuadruped/dingo_ws/install/dingo_control_msgs/include/dingo_control_msgs/dingo_control_msgs/msg/detail/angle__type_support.h
-- Symlinking: /home/tdp378/DingoQuadruped/dingo_ws/install/dingo_control_msgs/include/dingo_control_msgs/dingo_control_msgs/msg/detail/joint_space__functions.h
-- Symlinking: /home/tdp378/DingoQuadruped/dingo_ws/install/dingo_control_msgs/include/dingo_control_msgs/dingo_control_msgs/msg/detail/joint_space__struct.h
-- Symlinking: /home/tdp378/DingoQuadruped/dingo_ws/install/dingo_control_msgs/include/dingo_control_msgs/dingo_control_msgs/msg/detail/joint_space__type_support.h
-- Symlinking: /home/tdp378/DingoQuadruped/dingo_ws/install/dingo_control_msgs/include/dingo_control_msgs/dingo_control_msgs/msg/detail/task_space__functions.h
-- Symlinking: /home/tdp378/DingoQuadruped/dingo_ws/install/dingo_control_msgs/include/dingo_control_msgs/dingo_control_msgs/msg/detail/task_space__struct.h
-- Symlinking: /home/tdp378/DingoQuadruped/dingo_ws/install/dingo_control_msgs/include/dingo_control_msgs/dingo_control_msgs/msg/detail/task_space__type_support.h
-- Symlinking: /home/tdp378/DingoQuadruped/dingo_ws/install/dingo_control_msgs/include/dingo_control_msgs/dingo_control_msgs/msg/joint_space.h
-- Symlinking: /home/tdp378/DingoQuadruped/dingo_ws/install/dingo_control_msgs/include/dingo_control_msgs/dingo_control_msgs/msg/rosidl_generator_c__visibility_control.h
-- Symlinking: /home/tdp378/DingoQuadruped/dingo_ws/install/dingo_control_msgs/include/dingo_control_msgs/dingo_control_msgs/msg/task_space.h
-- Symlinking: /home/tdp378/DingoQuadruped/dingo_ws/install/dingo_control_msgs/share/dingo_control_msgs/environment/library_path.sh
-- Symlinking: /home/tdp378/DingoQuadruped/dingo_ws/install/dingo_control_msgs/share/dingo_control_msgs/environment/library_path.dsv
-- Symlinking: /home/tdp378/DingoQuadruped/dingo_ws/install/dingo_control_msgs/include/dingo_control_msgs/dingo_control_msgs/msg/detail/angle__rosidl_typesupport_fastrtps_c.h
-- Symlinking: /home/tdp378/DingoQuadruped/dingo_ws/install/dingo_control_msgs/include/dingo_control_msgs/dingo_control_msgs/msg/detail/joint_space__rosidl_typesupport_fastrtps_c.h
-- Symlinking: /home/tdp378/DingoQuadruped/dingo_ws/install/dingo_control_msgs/include/dingo_control_msgs/dingo_control_msgs/msg/detail/task_space__rosidl_typesupport_fastrtps_c.h
-- Symlinking: /home/tdp378/DingoQuadruped/dingo_ws/install/dingo_control_msgs/include/dingo_control_msgs/dingo_control_msgs/msg/rosidl_typesupport_fastrtps_c__visibility_control.h
-- Symlinking: /home/tdp378/DingoQuadruped/dingo_ws/install/dingo_control_msgs/include/dingo_control_msgs/dingo_control_msgs/msg/angle.hpp
-- Symlinking: /home/tdp378/DingoQuadruped/dingo_ws/install/dingo_control_msgs/include/dingo_control_msgs/dingo_control_msgs/msg/detail/angle__builder.hpp
-- Symlinking: /home/tdp378/DingoQuadruped/dingo_ws/install/dingo_control_msgs/include/dingo_control_msgs/dingo_control_msgs/msg/detail/angle__struct.hpp
-- Symlinking: /home/tdp378/DingoQuadruped/dingo_ws/install/dingo_control_msgs/include/dingo_control_msgs/dingo_control_msgs/msg/detail/angle__traits.hpp
-- Symlinking: /home/tdp378/DingoQuadruped/dingo_ws/install/dingo_control_msgs/include/dingo_control_msgs/dingo_control_msgs/msg/detail/angle__type_support.hpp
-- Symlinking: /home/tdp378/DingoQuadruped/dingo_ws/install/dingo_control_msgs/include/dingo_control_msgs/dingo_control_msgs/msg/detail/joint_space__builder.hpp
-- Symlinking: /home/tdp378/DingoQuadruped/dingo_ws/install/dingo_control_msgs/include/dingo_control_msgs/dingo_control_msgs/msg/detail/joint_space__struct.hpp
-- Symlinking: /home/tdp378/DingoQuadruped/dingo_ws/install/dingo_control_msgs/include/dingo_control_msgs/dingo_control_msgs/msg/detail/joint_space__traits.hpp
-- Symlinking: /home/tdp378/DingoQuadruped/dingo_ws/install/dingo_control_msgs/include/dingo_control_msgs/dingo_control_msgs/msg/detail/joint_space__type_support.hpp
-- Symlinking: /home/tdp378/DingoQuadruped/dingo_ws/install/dingo_control_msgs/include/dingo_control_msgs/dingo_control_msgs/msg/detail/task_space__builder.hpp
-- Symlinking: /home/tdp378/DingoQuadruped/dingo_ws/install/dingo_control_msgs/include/dingo_control_msgs/dingo_control_msgs/msg/detail/task_space__struct.hpp
-- Symlinking: /home/tdp378/DingoQuadruped/dingo_ws/install/dingo_control_msgs/include/dingo_control_msgs/dingo_control_msgs/msg/detail/task_space__traits.hpp
-- Symlinking: /home/tdp378/DingoQuadruped/dingo_ws/install/dingo_control_msgs/include/dingo_control_msgs/dingo_control_msgs/msg/detail/task_space__type_support.hpp
-- Symlinking: /home/tdp378/DingoQuadruped/dingo_ws/install/dingo_control_msgs/include/dingo_control_msgs/dingo_control_msgs/msg/joint_space.hpp
-- Symlinking: /home/tdp378/DingoQuadruped/dingo_ws/install/dingo_control_msgs/include/dingo_control_msgs/dingo_control_msgs/msg/rosidl_generator_cpp__visibility_control.hpp
-- Symlinking: /home/tdp378/DingoQuadruped/dingo_ws/install/dingo_control_msgs/include/dingo_control_msgs/dingo_control_msgs/msg/task_space.hpp
-- Symlinking: /home/tdp378/DingoQuadruped/dingo_ws/install/dingo_control_msgs/include/dingo_control_msgs/dingo_control_msgs/msg/detail/angle__rosidl_typesupport_fastrtps_cpp.hpp
-- Symlinking: /home/tdp378/DingoQuadruped/dingo_ws/install/dingo_control_msgs/include/dingo_control_msgs/dingo_control_msgs/msg/detail/joint_space__rosidl_typesupport_fastrtps_cpp.hpp
-- Symlinking: /home/tdp378/DingoQuadruped/dingo_ws/install/dingo_control_msgs/include/dingo_control_msgs/dingo_control_msgs/msg/detail/task_space__rosidl_typesupport_fastrtps_cpp.hpp
-- Symlinking: /home/tdp378/DingoQuadruped/dingo_ws/install/dingo_control_msgs/include/dingo_control_msgs/dingo_control_msgs/msg/rosidl_typesupport_fastrtps_cpp__visibility_control.h
-- Symlinking: /home/tdp378/DingoQuadruped/dingo_ws/install/dingo_control_msgs/include/dingo_control_msgs/dingo_control_msgs/msg/detail/angle__rosidl_typesupport_introspection_c.h
-- Symlinking: /home/tdp378/DingoQuadruped/dingo_ws/install/dingo_control_msgs/include/dingo_control_msgs/dingo_control_msgs/msg/detail/joint_space__rosidl_typesupport_introspection_c.h
-- Symlinking: /home/tdp378/DingoQuadruped/dingo_ws/install/dingo_control_msgs/include/dingo_control_msgs/dingo_control_msgs/msg/detail/task_space__rosidl_typesupport_introspection_c.h
-- Symlinking: /home/tdp378/DingoQuadruped/dingo_ws/install/dingo_control_msgs/include/dingo_control_msgs/dingo_control_msgs/msg/rosidl_typesupport_introspection_c__visibility_control.h
-- Symlinking: /home/tdp378/DingoQuadruped/dingo_ws/install/dingo_control_msgs/include/dingo_control_msgs/dingo_control_msgs/msg/detail/angle__rosidl_typesupport_introspection_cpp.hpp
-- Symlinking: /home/tdp378/DingoQuadruped/dingo_ws/install/dingo_control_msgs/include/dingo_control_msgs/dingo_control_msgs/msg/detail/joint_space__rosidl_typesupport_introspection_cpp.hpp
-- Symlinking: /home/tdp378/DingoQuadruped/dingo_ws/install/dingo_control_msgs/include/dingo_control_msgs/dingo_control_msgs/msg/detail/task_space__rosidl_typesupport_introspection_cpp.hpp
-- Symlinking: /home/tdp378/DingoQuadruped/dingo_ws/install/dingo_control_msgs/share/dingo_control_msgs/environment/pythonpath.sh
-- Symlinking: /home/tdp378/DingoQuadruped/dingo_ws/install/dingo_control_msgs/share/dingo_control_msgs/environment/pythonpath.dsv
-- Symlinking: /home/tdp378/DingoQuadruped/dingo_ws/install/dingo_control_msgs/lib/python3.12/site-packages/dingo_control_msgs-0.0.0-py3.12.egg-info/PKG-INFO
-- Symlinking: /home/tdp378/DingoQuadruped/dingo_ws/install/dingo_control_msgs/lib/python3.12/site-packages/dingo_control_msgs-0.0.0-py3.12.egg-info/SOURCES.txt
-- Symlinking: /home/tdp378/DingoQuadruped/dingo_ws/install/dingo_control_msgs/lib/python3.12/site-packages/dingo_control_msgs-0.0.0-py3.12.egg-info/dependency_links.txt
-- Symlinking: /home/tdp378/DingoQuadruped/dingo_ws/install/dingo_control_msgs/lib/python3.12/site-packages/dingo_control_msgs-0.0.0-py3.12.egg-info/top_level.txt
-- Symlinking: /home/tdp378/DingoQuadruped/dingo_ws/install/dingo_control_msgs/lib/python3.12/site-packages/dingo_control_msgs/__init__.py
-- Symlinking: /home/tdp378/DingoQuadruped/dingo_ws/install/dingo_control_msgs/lib/python3.12/site-packages/dingo_control_msgs/_dingo_control_msgs_s.ep.rosidl_typesupport_c.c
-- Symlinking: /home/tdp378/DingoQuadruped/dingo_ws/install/dingo_control_msgs/lib/python3.12/site-packages/dingo_control_msgs/_dingo_control_msgs_s.ep.rosidl_typesupport_fastrtps_c.c
-- Symlinking: /home/tdp378/DingoQuadruped/dingo_ws/install/dingo_control_msgs/lib/python3.12/site-packages/dingo_control_msgs/_dingo_control_msgs_s.ep.rosidl_typesupport_introspection_c.c
-- Symlinking: /home/tdp378/DingoQuadruped/dingo_ws/install/dingo_control_msgs/lib/python3.12/site-packages/dingo_control_msgs/dingo_control_msgs_s__rosidl_typesupport_c.so
-- Symlinking: /home/tdp378/DingoQuadruped/dingo_ws/install/dingo_control_msgs/lib/python3.12/site-packages/dingo_control_msgs/dingo_control_msgs_s__rosidl_typesupport_fastrtps_c.so
-- Symlinking: /home/tdp378/DingoQuadruped/dingo_ws/install/dingo_control_msgs/lib/python3.12/site-packages/dingo_control_msgs/dingo_control_msgs_s__rosidl_typesupport_introspection_c.so
-- Symlinking: /home/tdp378/DingoQuadruped/dingo_ws/install/dingo_control_msgs/lib/python3.12/site-packages/dingo_control_msgs/msg/__init__.py
-- Symlinking: /home/tdp378/DingoQuadruped/dingo_ws/install/dingo_control_msgs/lib/python3.12/site-packages/dingo_control_msgs/msg/_angle.py
-- Symlinking: /home/tdp378/DingoQuadruped/dingo_ws/install/dingo_control_msgs/lib/python3.12/site-packages/dingo_control_msgs/msg/_angle_s.c
-- Symlinking: /home/tdp378/DingoQuadruped/dingo_ws/install/dingo_control_msgs/lib/python3.12/site-packages/dingo_control_msgs/msg/_joint_space.py
-- Symlinking: /home/tdp378/DingoQuadruped/dingo_ws/install/dingo_control_msgs/lib/python3.12/site-packages/dingo_control_msgs/msg/_joint_space_s.c
-- Symlinking: /home/tdp378/DingoQuadruped/dingo_ws/install/dingo_control_msgs/lib/python3.12/site-packages/dingo_control_msgs/msg/_task_space.py
-- Symlinking: /home/tdp378/DingoQuadruped/dingo_ws/install/dingo_control_msgs/lib/python3.12/site-packages/dingo_control_msgs/msg/_task_space_s.c
-- Up-to-date symlink: /home/tdp378/DingoQuadruped/dingo_ws/install/dingo_control_msgs/lib/python3.12/site-packages/dingo_control_msgs/dingo_control_msgs_s__rosidl_typesupport_fastrtps_c.so
-- Up-to-date symlink: /home/tdp378/DingoQuadruped/dingo_ws/install/dingo_control_msgs/lib/python3.12/site-packages/dingo_control_msgs/dingo_control_msgs_s__rosidl_typesupport_introspection_c.so
-- Up-to-date symlink: /home/tdp378/DingoQuadruped/dingo_ws/install/dingo_control_msgs/lib/python3.12/site-packages/dingo_control_msgs/dingo_control_msgs_s__rosidl_typesupport_c.so
-- Symlinking: /home/tdp378/DingoQuadruped/dingo_ws/install/dingo_control_msgs/share/dingo_control_msgs/msg/Angle.idl
-- Symlinking: /home/tdp378/DingoQuadruped/dingo_ws/install/dingo_control_msgs/share/dingo_control_msgs/msg/JointSpace.idl
-- Symlinking: /home/tdp378/DingoQuadruped/dingo_ws/install/dingo_control_msgs/share/dingo_control_msgs/msg/TaskSpace.idl
-- Symlinking: /home/tdp378/DingoQuadruped/dingo_ws/install/dingo_control_msgs/share/dingo_control_msgs/msg/Angle.msg
-- Symlinking: /home/tdp378/DingoQuadruped/dingo_ws/install/dingo_control_msgs/share/dingo_control_msgs/msg/JointSpace.msg
-- Symlinking: /home/tdp378/DingoQuadruped/dingo_ws/install/dingo_control_msgs/share/dingo_control_msgs/msg/TaskSpace.msg
-- Symlinking: /home/tdp378/DingoQuadruped/dingo_ws/install/dingo_control_msgs/share/ament_index/resource_index/package_run_dependencies/dingo_control_msgs
-- Symlinking: /home/tdp378/DingoQuadruped/dingo_ws/install/dingo_control_msgs/share/ament_index/resource_index/parent_prefix_path/dingo_control_msgs
-- Symlinking: /home/tdp378/DingoQuadruped/dingo_ws/install/dingo_control_msgs/share/dingo_control_msgs/environment/ament_prefix_path.sh
-- Symlinking: /home/tdp378/DingoQuadruped/dingo_ws/install/dingo_control_msgs/share/dingo_control_msgs/environment/ament_prefix_path.dsv
-- Symlinking: /home/tdp378/DingoQuadruped/dingo_ws/install/dingo_control_msgs/share/dingo_control_msgs/environment/path.sh
-- Symlinking: /home/tdp378/DingoQuadruped/dingo_ws/install/dingo_control_msgs/share/dingo_control_msgs/environment/path.dsv
-- Symlinking: /home/tdp378/DingoQuadruped/dingo_ws/install/dingo_control_msgs/share/dingo_control_msgs/local_setup.bash
-- Symlinking: /home/tdp378/DingoQuadruped/dingo_ws/install/dingo_control_msgs/share/dingo_control_msgs/local_setup.sh
-- Symlinking: /home/tdp378/DingoQuadruped/dingo_ws/install/dingo_control_msgs/share/dingo_control_msgs/local_setup.zsh
-- Symlinking: /home/tdp378/DingoQuadruped/dingo_ws/install/dingo_control_msgs/share/dingo_control_msgs/local_setup.dsv
-- Symlinking: /home/tdp378/DingoQuadruped/dingo_ws/install/dingo_control_msgs/share/dingo_control_msgs/package.dsv
-- Symlinking: /home/tdp378/DingoQuadruped/dingo_ws/install/dingo_control_msgs/share/ament_index/resource_index/packages/dingo_control_msgs
-- Symlinking: /home/tdp378/DingoQuadruped/dingo_ws/install/dingo_control_msgs/share/dingo_control_msgs/cmake/rosidl_cmake-extras.cmake
-- Symlinking: /home/tdp378/DingoQuadruped/dingo_ws/install/dingo_control_msgs/share/dingo_control_msgs/cmake/ament_cmake_export_dependencies-extras.cmake
-- Symlinking: /home/tdp378/DingoQuadruped/dingo_ws/install/dingo_control_msgs/share/dingo_control_msgs/cmake/ament_cmake_export_include_directories-extras.cmake
-- Symlinking: /home/tdp378/DingoQuadruped/dingo_ws/install/dingo_control_msgs/share/dingo_control_msgs/cmake/ament_cmake_export_libraries-extras.cmake
-- Symlinking: /home/tdp378/DingoQuadruped/dingo_ws/install/dingo_control_msgs/share/dingo_control_msgs/cmake/ament_cmake_export_targets-extras.cmake
-- Symlinking: /home/tdp378/DingoQuadruped/dingo_ws/install/dingo_control_msgs/share/dingo_control_msgs/cmake/rosidl_cmake_export_typesupport_targets-extras.cmake
-- Symlinking: /home/tdp378/DingoQuadruped/dingo_ws/install/dingo_control_msgs/share/dingo_control_msgs/cmake/rosidl_cmake_export_typesupport_libraries-extras.cmake
-- Symlinking: /home/tdp378/DingoQuadruped/dingo_ws/install/dingo_control_msgs/share/dingo_control_msgs/cmake/dingo_control_msgsConfig.cmake
-- Symlinking: /home/tdp378/DingoQuadruped/dingo_ws/install/dingo_control_msgs/share/dingo_control_msgs/cmake/dingo_control_msgsConfig-version.cmake
-- Symlinking: /home/tdp378/DingoQuadruped/dingo_ws/install/dingo_control_msgs/share/dingo_control_msgs/package.xml
-- Installing: /home/tdp378/DingoQuadruped/dingo_ws/install/dingo_control_msgs/lib/libdingo_control_msgs__rosidl_generator_c.so
-- Set non-toolchain portion of runtime path of "/home/tdp378/DingoQuadruped/dingo_ws/install/dingo_control_msgs/lib/libdingo_control_msgs__rosidl_generator_c.so" to ""
-- Installing: /home/tdp378/DingoQuadruped/dingo_ws/install/dingo_control_msgs/lib/libdingo_control_msgs__rosidl_typesupport_fastrtps_c.so
-- Set non-toolchain portion of runtime path of "/home/tdp378/DingoQuadruped/dingo_ws/install/dingo_control_msgs/lib/libdingo_control_msgs__rosidl_typesupport_fastrtps_c.so" to ""
-- Installing: /home/tdp378/DingoQuadruped/dingo_ws/install/dingo_control_msgs/lib/libdingo_control_msgs__rosidl_typesupport_fastrtps_cpp.so
-- Set non-toolchain portion of runtime path of "/home/tdp378/DingoQuadruped/dingo_ws/install/dingo_control_msgs/lib/libdingo_control_msgs__rosidl_typesupport_fastrtps_cpp.so" to ""
-- Installing: /home/tdp378/DingoQuadruped/dingo_ws/install/dingo_control_msgs/lib/libdingo_control_msgs__rosidl_typesupport_introspection_c.so
-- Set non-toolchain portion of runtime path of "/home/tdp378/DingoQuadruped/dingo_ws/install/dingo_control_msgs/lib/libdingo_control_msgs__rosidl_typesupport_introspection_c.so" to ""
-- Installing: /home/tdp378/DingoQuadruped/dingo_ws/install/dingo_control_msgs/lib/libdingo_control_msgs__rosidl_typesupport_c.so
-- Set non-toolchain portion of runtime path of "/home/tdp378/DingoQuadruped/dingo_ws/install/dingo_control_msgs/lib/libdingo_control_msgs__rosidl_typesupport_c.so" to ""
-- Installing: /home/tdp378/DingoQuadruped/dingo_ws/install/dingo_control_msgs/lib/libdingo_control_msgs__rosidl_typesupport_introspection_cpp.so
-- Set non-toolchain portion of runtime path of "/home/tdp378/DingoQuadruped/dingo_ws/install/dingo_control_msgs/lib/libdingo_control_msgs__rosidl_typesupport_introspection_cpp.so" to ""
-- Installing: /home/tdp378/DingoQuadruped/dingo_ws/install/dingo_control_msgs/lib/libdingo_control_msgs__rosidl_typesupport_cpp.so
-- Set non-toolchain portion of runtime path of "/home/tdp378/DingoQuadruped/dingo_ws/install/dingo_control_msgs/lib/libdingo_control_msgs__rosidl_typesupport_cpp.so" to ""
Listing '/home/tdp378/DingoQuadruped/dingo_ws/install/dingo_control_msgs/lib/python3.12/site-packages/dingo_control_msgs'...
Compiling '/home/tdp378/DingoQuadruped/dingo_ws/install/dingo_control_msgs/lib/python3.12/site-packages/dingo_control_msgs/__init__.py'...
Listing '/home/tdp378/DingoQuadruped/dingo_ws/install/dingo_control_msgs/lib/python3.12/site-packages/dingo_control_msgs/msg'...
Compiling '/home/tdp378/DingoQuadruped/dingo_ws/install/dingo_control_msgs/lib/python3.12/site-packages/dingo_control_msgs/msg/__init__.py'...
Compiling '/home/tdp378/DingoQuadruped/dingo_ws/install/dingo_control_msgs/lib/python3.12/site-packages/dingo_control_msgs/msg/_angle.py'...
Compiling '/home/tdp378/DingoQuadruped/dingo_ws/install/dingo_control_msgs/lib/python3.12/site-packages/dingo_control_msgs/msg/_joint_space.py'...
Compiling '/home/tdp378/DingoQuadruped/dingo_ws/install/dingo_control_msgs/lib/python3.12/site-packages/dingo_control_msgs/msg/_task_space.py'...
-- Installing: /home/tdp378/DingoQuadruped/dingo_ws/install/dingo_control_msgs/lib/libdingo_control_msgs__rosidl_generator_py.so
-- Set non-toolchain portion of runtime path of "/home/tdp378/DingoQuadruped/dingo_ws/install/dingo_control_msgs/lib/libdingo_control_msgs__rosidl_generator_py.so" to ""
-- Installing: /home/tdp378/DingoQuadruped/dingo_ws/install/dingo_control_msgs/share/dingo_control_msgs/cmake/export_dingo_control_msgs__rosidl_generator_cExport.cmake
-- Installing: /home/tdp378/DingoQuadruped/dingo_ws/install/dingo_control_msgs/share/dingo_control_msgs/cmake/export_dingo_control_msgs__rosidl_generator_cExport-noconfig.cmake
-- Installing: /home/tdp378/DingoQuadruped/dingo_ws/install/dingo_control_msgs/share/dingo_control_msgs/cmake/export_dingo_control_msgs__rosidl_typesupport_fastrtps_cExport.cmake
-- Installing: /home/tdp378/DingoQuadruped/dingo_ws/install/dingo_control_msgs/share/dingo_control_msgs/cmake/export_dingo_control_msgs__rosidl_typesupport_fastrtps_cExport-noconfig.cmake
-- Installing: /home/tdp378/DingoQuadruped/dingo_ws/install/dingo_control_msgs/share/dingo_control_msgs/cmake/export_dingo_control_msgs__rosidl_generator_cppExport.cmake
-- Installing: /home/tdp378/DingoQuadruped/dingo_ws/install/dingo_control_msgs/share/dingo_control_msgs/cmake/export_dingo_control_msgs__rosidl_typesupport_fastrtps_cppExport.cmake
-- Installing: /home/tdp378/DingoQuadruped/dingo_ws/install/dingo_control_msgs/share/dingo_control_msgs/cmake/export_dingo_control_msgs__rosidl_typesupport_fastrtps_cppExport-noconfig.cmake
-- Installing: /home/tdp378/DingoQuadruped/dingo_ws/install/dingo_control_msgs/share/dingo_control_msgs/cmake/dingo_control_msgs__rosidl_typesupport_introspection_cExport.cmake
-- Installing: /home/tdp378/DingoQuadruped/dingo_ws/install/dingo_control_msgs/share/dingo_control_msgs/cmake/dingo_control_msgs__rosidl_typesupport_introspection_cExport-noconfig.cmake
-- Installing: /home/tdp378/DingoQuadruped/dingo_ws/install/dingo_control_msgs/share/dingo_control_msgs/cmake/dingo_control_msgs__rosidl_typesupport_cExport.cmake
-- Installing: /home/tdp378/DingoQuadruped/dingo_ws/install/dingo_control_msgs/share/dingo_control_msgs/cmake/dingo_control_msgs__rosidl_typesupport_cExport-noconfig.cmake
-- Installing: /home/tdp378/DingoQuadruped/dingo_ws/install/dingo_control_msgs/share/dingo_control_msgs/cmake/dingo_control_msgs__rosidl_typesupport_introspection_cppExport.cmake
-- Installing: /home/tdp378/DingoQuadruped/dingo_ws/install/dingo_control_msgs/share/dingo_control_msgs/cmake/dingo_control_msgs__rosidl_typesupport_introspection_cppExport-noconfig.cmake
-- Installing: /home/tdp378/DingoQuadruped/dingo_ws/install/dingo_control_msgs/share/dingo_control_msgs/cmake/dingo_control_msgs__rosidl_typesupport_cppExport.cmake
-- Installing: /home/tdp378/DingoQuadruped/dingo_ws/install/dingo_control_msgs/share/dingo_control_msgs/cmake/dingo_control_msgs__rosidl_typesupport_cppExport-noconfig.cmake
-- Installing: /home/tdp378/DingoQuadruped/dingo_ws/install/dingo_control_msgs/share/dingo_control_msgs/cmake/export_dingo_control_msgs__rosidl_generator_pyExport.cmake
-- Installing: /home/tdp378/DingoQuadruped/dingo_ws/install/dingo_control_msgs/share/dingo_control_msgs/cmake/export_dingo_control_msgs__rosidl_generator_pyExport-noconfig.cmake
