[0.018s] Invoking command in '/home/tdp378/DingoQuadruped/dingo_ws/build/dingo_control_msgs': CMAKE_PREFIX_PATH=${CMAKE_PREFIX_PATH}:/opt/ros/jazzy DEBUGINFOD_URLS=https://debuginfod.ubuntu.com /usr/bin/cmake /home/tdp378/DingoQuadruped/dingo_ws/src/dingo_control_msgs -DAMENT_CMAKE_SYMLINK_INSTALL=1 -DCMAKE_INSTALL_PREFIX=/home/tdp378/DingoQuadruped/dingo_ws/install/dingo_control_msgs
[0.160s] -- The C compiler identification is GNU 13.3.0
[0.160s] -- The CXX compiler identification is GNU 13.3.0
[0.160s] -- Detecting C compiler ABI info
[0.160s] -- Detecting C compiler ABI info - done
[0.160s] -- Check for working C compiler: /usr/bin/cc - skipped
[0.160s] -- Detecting C compile features
[0.160s] -- Detecting C compile features - done
[0.163s] -- Detecting CXX compiler ABI info
[0.229s] -- Detecting CXX compiler ABI info - done
[0.235s] -- Check for working CXX compiler: /usr/bin/c++ - skipped
[0.236s] -- Detecting CXX compile features
[0.236s] -- Detecting CXX compile features - done
[0.239s] -- Found ament_cmake: 2.5.5 (/opt/ros/jazzy/share/ament_cmake/cmake)
[0.353s] -- Found Python3: /usr/bin/python3 (found version "3.12.3") found components: Interpreter 
[0.408s] -- Override CMake install command with custom implementation using symlinks instead of copying resources
[0.447s] -- Found geometry_msgs: 5.3.6 (/opt/ros/jazzy/share/geometry_msgs/cmake)
[0.489s] -- Found rosidl_generator_c: 4.6.7 (/opt/ros/jazzy/share/rosidl_generator_c/cmake)
[0.503s] -- Found rosidl_generator_cpp: 4.6.7 (/opt/ros/jazzy/share/rosidl_generator_cpp/cmake)
[0.518s] -- Using all available rosidl_typesupport_c: rosidl_typesupport_fastrtps_c;rosidl_typesupport_introspection_c
[0.535s] -- Using all available rosidl_typesupport_cpp: rosidl_typesupport_fastrtps_cpp;rosidl_typesupport_introspection_cpp
[0.576s] -- Found rosidl_default_generators: 1.6.0 (/opt/ros/jazzy/share/rosidl_default_generators/cmake)
[0.589s] -- Found rosidl_adapter: 4.6.7 (/opt/ros/jazzy/share/rosidl_adapter/cmake)
[1.047s] -- Found ament_cmake_ros: 0.12.0 (/opt/ros/jazzy/share/ament_cmake_ros/cmake)
[1.605s] -- Using all available rosidl_typesupport_c: rosidl_typesupport_fastrtps_c;rosidl_typesupport_introspection_c
[1.822s] -- Using all available rosidl_typesupport_cpp: rosidl_typesupport_fastrtps_cpp;rosidl_typesupport_introspection_cpp
[1.825s] -- Found python_cmake_module: 0.11.1 (/opt/ros/jazzy/share/python_cmake_module/cmake)
[1.913s] -- Found PythonExtra: /usr/bin/python3  
[2.193s] -- Found Python3: /usr/bin/python3 (found version "3.12.3") found components: Interpreter Development NumPy Development.Module Development.Embed 
[2.240s] -- Configuring done (2.2s)
[2.266s] -- Generating done (0.0s)
[2.274s] -- Build files have been written to: /home/tdp378/DingoQuadruped/dingo_ws/build/dingo_control_msgs
[2.279s] Invoked command in '/home/tdp378/DingoQuadruped/dingo_ws/build/dingo_control_msgs' returned '0': CMAKE_PREFIX_PATH=${CMAKE_PREFIX_PATH}:/opt/ros/jazzy DEBUGINFOD_URLS=https://debuginfod.ubuntu.com /usr/bin/cmake /home/tdp378/DingoQuadruped/dingo_ws/src/dingo_control_msgs -DAMENT_CMAKE_SYMLINK_INSTALL=1 -DCMAKE_INSTALL_PREFIX=/home/tdp378/DingoQuadruped/dingo_ws/install/dingo_control_msgs
[2.280s] Invoking command in '/home/tdp378/DingoQuadruped/dingo_ws/build/dingo_control_msgs': CMAKE_PREFIX_PATH=${CMAKE_PREFIX_PATH}:/opt/ros/jazzy DEBUGINFOD_URLS=https://debuginfod.ubuntu.com /usr/bin/cmake --build /home/tdp378/DingoQuadruped/dingo_ws/build/dingo_control_msgs -- -j16 -l16
[2.313s] [  1%] Generating type hashes for ROS interfaces
[2.319s] [  1%] Built target ament_cmake_python_symlink_dingo_control_msgs
[2.463s] running egg_info
[2.463s] creating dingo_control_msgs.egg-info
[2.476s] writing dingo_control_msgs.egg-info/PKG-INFO
[2.476s] writing dependency_links to dingo_control_msgs.egg-info/dependency_links.txt
[2.476s] writing top-level names to dingo_control_msgs.egg-info/top_level.txt
[2.477s] writing manifest file 'dingo_control_msgs.egg-info/SOURCES.txt'
[2.507s] [  1%] Built target dingo_control_msgs__rosidl_generator_type_description
[2.514s] [  3%] Generating C code for ROS interfaces
[2.515s] reading manifest file 'dingo_control_msgs.egg-info/SOURCES.txt'
[2.515s] writing manifest file 'dingo_control_msgs.egg-info/SOURCES.txt'
[2.521s] [  5%] Generating C++ code for ROS interfaces
[2.546s] [  5%] Built target ament_cmake_python_build_dingo_control_msgs_egg
[2.789s] [  5%] Built target dingo_control_msgs__cpp
[2.817s] [ 11%] Building C object CMakeFiles/dingo_control_msgs__rosidl_generator_c.dir/rosidl_generator_c/dingo_control_msgs/msg/detail/joint_space__functions.c.o
[2.817s] [ 11%] Building C object CMakeFiles/dingo_control_msgs__rosidl_generator_c.dir/rosidl_generator_c/dingo_control_msgs/msg/detail/angle__description.c.o
[2.817s] [ 11%] Building C object CMakeFiles/dingo_control_msgs__rosidl_generator_c.dir/rosidl_generator_c/dingo_control_msgs/msg/detail/joint_space__description.c.o
[2.817s] [ 12%] Building C object CMakeFiles/dingo_control_msgs__rosidl_generator_c.dir/rosidl_generator_c/dingo_control_msgs/msg/detail/joint_space__type_support.c.o
[2.817s] [ 14%] Building C object CMakeFiles/dingo_control_msgs__rosidl_generator_c.dir/rosidl_generator_c/dingo_control_msgs/msg/detail/task_space__description.c.o
[2.818s] [ 16%] Building C object CMakeFiles/dingo_control_msgs__rosidl_generator_c.dir/rosidl_generator_c/dingo_control_msgs/msg/detail/angle__type_support.c.o
[2.818s] [ 18%] Building C object CMakeFiles/dingo_control_msgs__rosidl_generator_c.dir/rosidl_generator_c/dingo_control_msgs/msg/detail/angle__functions.c.o
[2.819s] [ 20%] Building C object CMakeFiles/dingo_control_msgs__rosidl_generator_c.dir/rosidl_generator_c/dingo_control_msgs/msg/detail/task_space__functions.c.o
[2.819s] [ 22%] Building C object CMakeFiles/dingo_control_msgs__rosidl_generator_c.dir/rosidl_generator_c/dingo_control_msgs/msg/detail/task_space__type_support.c.o
[3.135s] [ 24%] Linking C shared library libdingo_control_msgs__rosidl_generator_c.so
[3.269s] [ 24%] Built target dingo_control_msgs__rosidl_generator_c
[3.277s] [ 25%] Generating C introspection for ROS interfaces
[3.280s] [ 33%] Generating C++ type support dispatch for ROS interfaces
[3.280s] [ 33%] Generating C type support dispatch for ROS interfaces
[3.280s] [ 33%] Generating C++ type support for eProsima Fast-RTPS
[3.280s] [ 33%] Generating C type support for eProsima Fast-RTPS
[3.280s] [ 35%] Generating C++ introspection for ROS interfaces
[3.514s] [ 37%] Building CXX object CMakeFiles/dingo_control_msgs__rosidl_typesupport_c.dir/rosidl_typesupport_c/dingo_control_msgs/msg/joint_space__type_support.cpp.o
[3.514s] [ 38%] Building CXX object CMakeFiles/dingo_control_msgs__rosidl_typesupport_c.dir/rosidl_typesupport_c/dingo_control_msgs/msg/angle__type_support.cpp.o
[3.515s] [ 40%] Building CXX object CMakeFiles/dingo_control_msgs__rosidl_typesupport_c.dir/rosidl_typesupport_c/dingo_control_msgs/msg/task_space__type_support.cpp.o
[3.532s] [ 42%] Building C object CMakeFiles/dingo_control_msgs__rosidl_typesupport_introspection_c.dir/rosidl_typesupport_introspection_c/dingo_control_msgs/msg/detail/angle__type_support.c.o
[3.532s] [ 46%] Building C object CMakeFiles/dingo_control_msgs__rosidl_typesupport_introspection_c.dir/rosidl_typesupport_introspection_c/dingo_control_msgs/msg/detail/task_space__type_support.c.o
[3.532s] [ 46%] Building C object CMakeFiles/dingo_control_msgs__rosidl_typesupport_introspection_c.dir/rosidl_typesupport_introspection_c/dingo_control_msgs/msg/detail/joint_space__type_support.c.o
[3.539s] [ 48%] Building CXX object CMakeFiles/dingo_control_msgs__rosidl_typesupport_cpp.dir/rosidl_typesupport_cpp/dingo_control_msgs/msg/angle__type_support.cpp.o
[3.542s] [ 50%] Building CXX object CMakeFiles/dingo_control_msgs__rosidl_typesupport_cpp.dir/rosidl_typesupport_cpp/dingo_control_msgs/msg/joint_space__type_support.cpp.o
[3.542s] [ 51%] Building CXX object CMakeFiles/dingo_control_msgs__rosidl_typesupport_cpp.dir/rosidl_typesupport_cpp/dingo_control_msgs/msg/task_space__type_support.cpp.o
[3.574s] [ 57%] Building CXX object CMakeFiles/dingo_control_msgs__rosidl_typesupport_introspection_cpp.dir/rosidl_typesupport_introspection_cpp/dingo_control_msgs/msg/detail/task_space__type_support.cpp.o
[3.575s] [ 57%] Building CXX object CMakeFiles/dingo_control_msgs__rosidl_typesupport_introspection_cpp.dir/rosidl_typesupport_introspection_cpp/dingo_control_msgs/msg/detail/angle__type_support.cpp.o
[3.575s] [ 57%] Building CXX object CMakeFiles/dingo_control_msgs__rosidl_typesupport_introspection_cpp.dir/rosidl_typesupport_introspection_cpp/dingo_control_msgs/msg/detail/joint_space__type_support.cpp.o
[3.608s] [ 62%] Building CXX object CMakeFiles/dingo_control_msgs__rosidl_typesupport_fastrtps_cpp.dir/rosidl_typesupport_fastrtps_cpp/dingo_control_msgs/msg/detail/dds_fastrtps/angle__type_support.cpp.o
[3.608s] [ 62%] Building CXX object CMakeFiles/dingo_control_msgs__rosidl_typesupport_fastrtps_cpp.dir/rosidl_typesupport_fastrtps_cpp/dingo_control_msgs/msg/detail/dds_fastrtps/task_space__type_support.cpp.o
[3.608s] [ 62%] Building CXX object CMakeFiles/dingo_control_msgs__rosidl_typesupport_fastrtps_cpp.dir/rosidl_typesupport_fastrtps_cpp/dingo_control_msgs/msg/detail/dds_fastrtps/joint_space__type_support.cpp.o
[3.620s] [ 68%] Building CXX object CMakeFiles/dingo_control_msgs__rosidl_typesupport_fastrtps_c.dir/rosidl_typesupport_fastrtps_c/dingo_control_msgs/msg/detail/joint_space__type_support_c.cpp.o
[3.620s] [ 68%] Building CXX object CMakeFiles/dingo_control_msgs__rosidl_typesupport_fastrtps_c.dir/rosidl_typesupport_fastrtps_c/dingo_control_msgs/msg/detail/task_space__type_support_c.cpp.o
[3.620s] [ 68%] Building CXX object CMakeFiles/dingo_control_msgs__rosidl_typesupport_fastrtps_c.dir/rosidl_typesupport_fastrtps_c/dingo_control_msgs/msg/detail/angle__type_support_c.cpp.o
[3.658s] [ 70%] Linking C shared library libdingo_control_msgs__rosidl_typesupport_introspection_c.so
[3.726s] [ 72%] Linking CXX shared library libdingo_control_msgs__rosidl_typesupport_c.so
[3.877s] [ 72%] Built target dingo_control_msgs__rosidl_typesupport_introspection_c
[3.878s] [ 72%] Built target dingo_control_msgs__rosidl_typesupport_c
[4.489s] [ 75%] Linking CXX shared library libdingo_control_msgs__rosidl_typesupport_introspection_cpp.so
[4.489s] [ 75%] Linking CXX shared library libdingo_control_msgs__rosidl_typesupport_cpp.so
[4.625s] [ 75%] Built target dingo_control_msgs__rosidl_typesupport_cpp
[4.640s] [ 75%] Built target dingo_control_msgs__rosidl_typesupport_introspection_cpp
[4.700s] [ 77%] Linking CXX shared library libdingo_control_msgs__rosidl_typesupport_fastrtps_c.so
[4.702s] [ 79%] Linking CXX shared library libdingo_control_msgs__rosidl_typesupport_fastrtps_cpp.so
[4.873s] [ 79%] Built target dingo_control_msgs__rosidl_typesupport_fastrtps_cpp
[4.874s] [ 79%] Built target dingo_control_msgs__rosidl_typesupport_fastrtps_c
[4.891s] [ 79%] Built target dingo_control_msgs
[4.920s] [ 81%] Generating Python code for ROS interfaces
[5.189s] [ 81%] Built target dingo_control_msgs__py
[5.202s] [ 85%] Building C object CMakeFiles/dingo_control_msgs__rosidl_generator_py.dir/rosidl_generator_py/dingo_control_msgs/msg/_task_space_s.c.o
[5.202s] [ 85%] Building C object CMakeFiles/dingo_control_msgs__rosidl_generator_py.dir/rosidl_generator_py/dingo_control_msgs/msg/_joint_space_s.c.o
[5.202s] [ 87%] Building C object CMakeFiles/dingo_control_msgs__rosidl_generator_py.dir/rosidl_generator_py/dingo_control_msgs/msg/_angle_s.c.o
[5.649s] [ 88%] Linking C shared library libdingo_control_msgs__rosidl_generator_py.so
[5.737s] [ 88%] Built target dingo_control_msgs__rosidl_generator_py
[5.751s] [ 94%] Building C object CMakeFiles/dingo_control_msgs_s__rosidl_typesupport_fastrtps_c.dir/rosidl_generator_py/dingo_control_msgs/_dingo_control_msgs_s.ep.rosidl_typesupport_fastrtps_c.c.o
[5.752s] [ 94%] Building C object CMakeFiles/dingo_control_msgs_s__rosidl_typesupport_introspection_c.dir/rosidl_generator_py/dingo_control_msgs/_dingo_control_msgs_s.ep.rosidl_typesupport_introspection_c.c.o
[5.752s] [ 94%] Building C object CMakeFiles/dingo_control_msgs_s__rosidl_typesupport_c.dir/rosidl_generator_py/dingo_control_msgs/_dingo_control_msgs_s.ep.rosidl_typesupport_c.c.o
[5.821s] [ 96%] Linking C shared module rosidl_generator_py/dingo_control_msgs/dingo_control_msgs_s__rosidl_typesupport_c.so
[5.822s] [ 98%] Linking C shared module rosidl_generator_py/dingo_control_msgs/dingo_control_msgs_s__rosidl_typesupport_introspection_c.so
[5.823s] [100%] Linking C shared module rosidl_generator_py/dingo_control_msgs/dingo_control_msgs_s__rosidl_typesupport_fastrtps_c.so
[5.841s] [100%] Built target dingo_control_msgs_s__rosidl_typesupport_c
[5.842s] [100%] Built target dingo_control_msgs_s__rosidl_typesupport_introspection_c
[5.842s] [100%] Built target dingo_control_msgs_s__rosidl_typesupport_fastrtps_c
[5.850s] Invoked command in '/home/tdp378/DingoQuadruped/dingo_ws/build/dingo_control_msgs' returned '0': CMAKE_PREFIX_PATH=${CMAKE_PREFIX_PATH}:/opt/ros/jazzy DEBUGINFOD_URLS=https://debuginfod.ubuntu.com /usr/bin/cmake --build /home/tdp378/DingoQuadruped/dingo_ws/build/dingo_control_msgs -- -j16 -l16
[5.851s] Invoking command in '/home/tdp378/DingoQuadruped/dingo_ws/build/dingo_control_msgs': CMAKE_PREFIX_PATH=${CMAKE_PREFIX_PATH}:/opt/ros/jazzy DEBUGINFOD_URLS=https://debuginfod.ubuntu.com /usr/bin/cmake --install /home/tdp378/DingoQuadruped/dingo_ws/build/dingo_control_msgs
[5.856s] -- Install configuration: ""
[5.856s] -- Execute custom install script
[5.856s] -- Symlinking: /home/tdp378/DingoQuadruped/dingo_ws/install/dingo_control_msgs/share/ament_index/resource_index/rosidl_interfaces/dingo_control_msgs
[5.862s] -- Symlinking: /home/tdp378/DingoQuadruped/dingo_ws/install/dingo_control_msgs/share/dingo_control_msgs/msg/Angle.json
[5.868s] -- Symlinking: /home/tdp378/DingoQuadruped/dingo_ws/install/dingo_control_msgs/share/dingo_control_msgs/msg/JointSpace.json
[5.874s] -- Symlinking: /home/tdp378/DingoQuadruped/dingo_ws/install/dingo_control_msgs/share/dingo_control_msgs/msg/TaskSpace.json
[5.880s] -- Symlinking: /home/tdp378/DingoQuadruped/dingo_ws/install/dingo_control_msgs/include/dingo_control_msgs/dingo_control_msgs/msg/angle.h
[5.886s] -- Symlinking: /home/tdp378/DingoQuadruped/dingo_ws/install/dingo_control_msgs/include/dingo_control_msgs/dingo_control_msgs/msg/detail/angle__functions.h
[5.891s] -- Symlinking: /home/tdp378/DingoQuadruped/dingo_ws/install/dingo_control_msgs/include/dingo_control_msgs/dingo_control_msgs/msg/detail/angle__struct.h
[5.897s] -- Symlinking: /home/tdp378/DingoQuadruped/dingo_ws/install/dingo_control_msgs/include/dingo_control_msgs/dingo_control_msgs/msg/detail/angle__type_support.h
[5.903s] -- Symlinking: /home/tdp378/DingoQuadruped/dingo_ws/install/dingo_control_msgs/include/dingo_control_msgs/dingo_control_msgs/msg/detail/joint_space__functions.h
[5.908s] -- Symlinking: /home/tdp378/DingoQuadruped/dingo_ws/install/dingo_control_msgs/include/dingo_control_msgs/dingo_control_msgs/msg/detail/joint_space__struct.h
[5.914s] -- Symlinking: /home/tdp378/DingoQuadruped/dingo_ws/install/dingo_control_msgs/include/dingo_control_msgs/dingo_control_msgs/msg/detail/joint_space__type_support.h
[5.920s] -- Symlinking: /home/tdp378/DingoQuadruped/dingo_ws/install/dingo_control_msgs/include/dingo_control_msgs/dingo_control_msgs/msg/detail/task_space__functions.h
[5.925s] -- Symlinking: /home/tdp378/DingoQuadruped/dingo_ws/install/dingo_control_msgs/include/dingo_control_msgs/dingo_control_msgs/msg/detail/task_space__struct.h
[5.930s] -- Symlinking: /home/tdp378/DingoQuadruped/dingo_ws/install/dingo_control_msgs/include/dingo_control_msgs/dingo_control_msgs/msg/detail/task_space__type_support.h
[5.936s] -- Symlinking: /home/tdp378/DingoQuadruped/dingo_ws/install/dingo_control_msgs/include/dingo_control_msgs/dingo_control_msgs/msg/joint_space.h
[5.942s] -- Symlinking: /home/tdp378/DingoQuadruped/dingo_ws/install/dingo_control_msgs/include/dingo_control_msgs/dingo_control_msgs/msg/rosidl_generator_c__visibility_control.h
[5.947s] -- Symlinking: /home/tdp378/DingoQuadruped/dingo_ws/install/dingo_control_msgs/include/dingo_control_msgs/dingo_control_msgs/msg/task_space.h
[5.953s] -- Symlinking: /home/tdp378/DingoQuadruped/dingo_ws/install/dingo_control_msgs/share/dingo_control_msgs/environment/library_path.sh
[5.959s] -- Symlinking: /home/tdp378/DingoQuadruped/dingo_ws/install/dingo_control_msgs/share/dingo_control_msgs/environment/library_path.dsv
[5.965s] -- Symlinking: /home/tdp378/DingoQuadruped/dingo_ws/install/dingo_control_msgs/include/dingo_control_msgs/dingo_control_msgs/msg/detail/angle__rosidl_typesupport_fastrtps_c.h
[5.971s] -- Symlinking: /home/tdp378/DingoQuadruped/dingo_ws/install/dingo_control_msgs/include/dingo_control_msgs/dingo_control_msgs/msg/detail/joint_space__rosidl_typesupport_fastrtps_c.h
[5.976s] -- Symlinking: /home/tdp378/DingoQuadruped/dingo_ws/install/dingo_control_msgs/include/dingo_control_msgs/dingo_control_msgs/msg/detail/task_space__rosidl_typesupport_fastrtps_c.h
[5.982s] -- Symlinking: /home/tdp378/DingoQuadruped/dingo_ws/install/dingo_control_msgs/include/dingo_control_msgs/dingo_control_msgs/msg/rosidl_typesupport_fastrtps_c__visibility_control.h
[5.988s] -- Symlinking: /home/tdp378/DingoQuadruped/dingo_ws/install/dingo_control_msgs/include/dingo_control_msgs/dingo_control_msgs/msg/angle.hpp
[5.993s] -- Symlinking: /home/tdp378/DingoQuadruped/dingo_ws/install/dingo_control_msgs/include/dingo_control_msgs/dingo_control_msgs/msg/detail/angle__builder.hpp
[5.999s] -- Symlinking: /home/tdp378/DingoQuadruped/dingo_ws/install/dingo_control_msgs/include/dingo_control_msgs/dingo_control_msgs/msg/detail/angle__struct.hpp
[6.005s] -- Symlinking: /home/tdp378/DingoQuadruped/dingo_ws/install/dingo_control_msgs/include/dingo_control_msgs/dingo_control_msgs/msg/detail/angle__traits.hpp
[6.010s] -- Symlinking: /home/tdp378/DingoQuadruped/dingo_ws/install/dingo_control_msgs/include/dingo_control_msgs/dingo_control_msgs/msg/detail/angle__type_support.hpp
[6.016s] -- Symlinking: /home/tdp378/DingoQuadruped/dingo_ws/install/dingo_control_msgs/include/dingo_control_msgs/dingo_control_msgs/msg/detail/joint_space__builder.hpp
[6.022s] -- Symlinking: /home/tdp378/DingoQuadruped/dingo_ws/install/dingo_control_msgs/include/dingo_control_msgs/dingo_control_msgs/msg/detail/joint_space__struct.hpp
[6.027s] -- Symlinking: /home/tdp378/DingoQuadruped/dingo_ws/install/dingo_control_msgs/include/dingo_control_msgs/dingo_control_msgs/msg/detail/joint_space__traits.hpp
[6.033s] -- Symlinking: /home/tdp378/DingoQuadruped/dingo_ws/install/dingo_control_msgs/include/dingo_control_msgs/dingo_control_msgs/msg/detail/joint_space__type_support.hpp
[6.039s] -- Symlinking: /home/tdp378/DingoQuadruped/dingo_ws/install/dingo_control_msgs/include/dingo_control_msgs/dingo_control_msgs/msg/detail/task_space__builder.hpp
[6.045s] -- Symlinking: /home/tdp378/DingoQuadruped/dingo_ws/install/dingo_control_msgs/include/dingo_control_msgs/dingo_control_msgs/msg/detail/task_space__struct.hpp
[6.051s] -- Symlinking: /home/tdp378/DingoQuadruped/dingo_ws/install/dingo_control_msgs/include/dingo_control_msgs/dingo_control_msgs/msg/detail/task_space__traits.hpp
[6.057s] -- Symlinking: /home/tdp378/DingoQuadruped/dingo_ws/install/dingo_control_msgs/include/dingo_control_msgs/dingo_control_msgs/msg/detail/task_space__type_support.hpp
[6.062s] -- Symlinking: /home/tdp378/DingoQuadruped/dingo_ws/install/dingo_control_msgs/include/dingo_control_msgs/dingo_control_msgs/msg/joint_space.hpp
[6.068s] -- Symlinking: /home/tdp378/DingoQuadruped/dingo_ws/install/dingo_control_msgs/include/dingo_control_msgs/dingo_control_msgs/msg/rosidl_generator_cpp__visibility_control.hpp
[6.074s] -- Symlinking: /home/tdp378/DingoQuadruped/dingo_ws/install/dingo_control_msgs/include/dingo_control_msgs/dingo_control_msgs/msg/task_space.hpp
[6.080s] -- Symlinking: /home/tdp378/DingoQuadruped/dingo_ws/install/dingo_control_msgs/include/dingo_control_msgs/dingo_control_msgs/msg/detail/angle__rosidl_typesupport_fastrtps_cpp.hpp
[6.086s] -- Symlinking: /home/tdp378/DingoQuadruped/dingo_ws/install/dingo_control_msgs/include/dingo_control_msgs/dingo_control_msgs/msg/detail/joint_space__rosidl_typesupport_fastrtps_cpp.hpp
[6.091s] -- Symlinking: /home/tdp378/DingoQuadruped/dingo_ws/install/dingo_control_msgs/include/dingo_control_msgs/dingo_control_msgs/msg/detail/task_space__rosidl_typesupport_fastrtps_cpp.hpp
[6.097s] -- Symlinking: /home/tdp378/DingoQuadruped/dingo_ws/install/dingo_control_msgs/include/dingo_control_msgs/dingo_control_msgs/msg/rosidl_typesupport_fastrtps_cpp__visibility_control.h
[6.103s] -- Symlinking: /home/tdp378/DingoQuadruped/dingo_ws/install/dingo_control_msgs/include/dingo_control_msgs/dingo_control_msgs/msg/detail/angle__rosidl_typesupport_introspection_c.h
[6.108s] -- Symlinking: /home/tdp378/DingoQuadruped/dingo_ws/install/dingo_control_msgs/include/dingo_control_msgs/dingo_control_msgs/msg/detail/joint_space__rosidl_typesupport_introspection_c.h
[6.114s] -- Symlinking: /home/tdp378/DingoQuadruped/dingo_ws/install/dingo_control_msgs/include/dingo_control_msgs/dingo_control_msgs/msg/detail/task_space__rosidl_typesupport_introspection_c.h
[6.120s] -- Symlinking: /home/tdp378/DingoQuadruped/dingo_ws/install/dingo_control_msgs/include/dingo_control_msgs/dingo_control_msgs/msg/rosidl_typesupport_introspection_c__visibility_control.h
[6.126s] -- Symlinking: /home/tdp378/DingoQuadruped/dingo_ws/install/dingo_control_msgs/include/dingo_control_msgs/dingo_control_msgs/msg/detail/angle__rosidl_typesupport_introspection_cpp.hpp
[6.131s] -- Symlinking: /home/tdp378/DingoQuadruped/dingo_ws/install/dingo_control_msgs/include/dingo_control_msgs/dingo_control_msgs/msg/detail/joint_space__rosidl_typesupport_introspection_cpp.hpp
[6.137s] -- Symlinking: /home/tdp378/DingoQuadruped/dingo_ws/install/dingo_control_msgs/include/dingo_control_msgs/dingo_control_msgs/msg/detail/task_space__rosidl_typesupport_introspection_cpp.hpp
[6.143s] -- Symlinking: /home/tdp378/DingoQuadruped/dingo_ws/install/dingo_control_msgs/share/dingo_control_msgs/environment/pythonpath.sh
[6.149s] -- Symlinking: /home/tdp378/DingoQuadruped/dingo_ws/install/dingo_control_msgs/share/dingo_control_msgs/environment/pythonpath.dsv
[6.155s] -- Symlinking: /home/tdp378/DingoQuadruped/dingo_ws/install/dingo_control_msgs/lib/python3.12/site-packages/dingo_control_msgs-0.0.0-py3.12.egg-info/PKG-INFO
[6.160s] -- Symlinking: /home/tdp378/DingoQuadruped/dingo_ws/install/dingo_control_msgs/lib/python3.12/site-packages/dingo_control_msgs-0.0.0-py3.12.egg-info/SOURCES.txt
[6.166s] -- Symlinking: /home/tdp378/DingoQuadruped/dingo_ws/install/dingo_control_msgs/lib/python3.12/site-packages/dingo_control_msgs-0.0.0-py3.12.egg-info/dependency_links.txt
[6.172s] -- Symlinking: /home/tdp378/DingoQuadruped/dingo_ws/install/dingo_control_msgs/lib/python3.12/site-packages/dingo_control_msgs-0.0.0-py3.12.egg-info/top_level.txt
[6.178s] -- Symlinking: /home/tdp378/DingoQuadruped/dingo_ws/install/dingo_control_msgs/lib/python3.12/site-packages/dingo_control_msgs/__init__.py
[6.183s] -- Symlinking: /home/tdp378/DingoQuadruped/dingo_ws/install/dingo_control_msgs/lib/python3.12/site-packages/dingo_control_msgs/_dingo_control_msgs_s.ep.rosidl_typesupport_c.c
[6.189s] -- Symlinking: /home/tdp378/DingoQuadruped/dingo_ws/install/dingo_control_msgs/lib/python3.12/site-packages/dingo_control_msgs/_dingo_control_msgs_s.ep.rosidl_typesupport_fastrtps_c.c
[6.205s] -- Symlinking: /home/tdp378/DingoQuadruped/dingo_ws/install/dingo_control_msgs/lib/python3.12/site-packages/dingo_control_msgs/_dingo_control_msgs_s.ep.rosidl_typesupport_introspection_c.c
[6.205s] -- Symlinking: /home/tdp378/DingoQuadruped/dingo_ws/install/dingo_control_msgs/lib/python3.12/site-packages/dingo_control_msgs/dingo_control_msgs_s__rosidl_typesupport_c.so
[6.207s] -- Symlinking: /home/tdp378/DingoQuadruped/dingo_ws/install/dingo_control_msgs/lib/python3.12/site-packages/dingo_control_msgs/dingo_control_msgs_s__rosidl_typesupport_fastrtps_c.so
[6.213s] -- Symlinking: /home/tdp378/DingoQuadruped/dingo_ws/install/dingo_control_msgs/lib/python3.12/site-packages/dingo_control_msgs/dingo_control_msgs_s__rosidl_typesupport_introspection_c.so
[6.219s] -- Symlinking: /home/tdp378/DingoQuadruped/dingo_ws/install/dingo_control_msgs/lib/python3.12/site-packages/dingo_control_msgs/msg/__init__.py
[6.225s] -- Symlinking: /home/tdp378/DingoQuadruped/dingo_ws/install/dingo_control_msgs/lib/python3.12/site-packages/dingo_control_msgs/msg/_angle.py
[6.231s] -- Symlinking: /home/tdp378/DingoQuadruped/dingo_ws/install/dingo_control_msgs/lib/python3.12/site-packages/dingo_control_msgs/msg/_angle_s.c
[6.237s] -- Symlinking: /home/tdp378/DingoQuadruped/dingo_ws/install/dingo_control_msgs/lib/python3.12/site-packages/dingo_control_msgs/msg/_joint_space.py
[6.242s] -- Symlinking: /home/tdp378/DingoQuadruped/dingo_ws/install/dingo_control_msgs/lib/python3.12/site-packages/dingo_control_msgs/msg/_joint_space_s.c
[6.248s] -- Symlinking: /home/tdp378/DingoQuadruped/dingo_ws/install/dingo_control_msgs/lib/python3.12/site-packages/dingo_control_msgs/msg/_task_space.py
[6.254s] -- Symlinking: /home/tdp378/DingoQuadruped/dingo_ws/install/dingo_control_msgs/lib/python3.12/site-packages/dingo_control_msgs/msg/_task_space_s.c
[6.260s] -- Up-to-date symlink: /home/tdp378/DingoQuadruped/dingo_ws/install/dingo_control_msgs/lib/python3.12/site-packages/dingo_control_msgs/dingo_control_msgs_s__rosidl_typesupport_fastrtps_c.so
[6.260s] -- Up-to-date symlink: /home/tdp378/DingoQuadruped/dingo_ws/install/dingo_control_msgs/lib/python3.12/site-packages/dingo_control_msgs/dingo_control_msgs_s__rosidl_typesupport_introspection_c.so
[6.260s] -- Up-to-date symlink: /home/tdp378/DingoQuadruped/dingo_ws/install/dingo_control_msgs/lib/python3.12/site-packages/dingo_control_msgs/dingo_control_msgs_s__rosidl_typesupport_c.so
[6.260s] -- Symlinking: /home/tdp378/DingoQuadruped/dingo_ws/install/dingo_control_msgs/share/dingo_control_msgs/msg/Angle.idl
[6.266s] -- Symlinking: /home/tdp378/DingoQuadruped/dingo_ws/install/dingo_control_msgs/share/dingo_control_msgs/msg/JointSpace.idl
[6.272s] -- Symlinking: /home/tdp378/DingoQuadruped/dingo_ws/install/dingo_control_msgs/share/dingo_control_msgs/msg/TaskSpace.idl
[6.278s] -- Symlinking: /home/tdp378/DingoQuadruped/dingo_ws/install/dingo_control_msgs/share/dingo_control_msgs/msg/Angle.msg
[6.284s] -- Symlinking: /home/tdp378/DingoQuadruped/dingo_ws/install/dingo_control_msgs/share/dingo_control_msgs/msg/JointSpace.msg
[6.290s] -- Symlinking: /home/tdp378/DingoQuadruped/dingo_ws/install/dingo_control_msgs/share/dingo_control_msgs/msg/TaskSpace.msg
[6.296s] -- Symlinking: /home/tdp378/DingoQuadruped/dingo_ws/install/dingo_control_msgs/share/ament_index/resource_index/package_run_dependencies/dingo_control_msgs
[6.302s] -- Symlinking: /home/tdp378/DingoQuadruped/dingo_ws/install/dingo_control_msgs/share/ament_index/resource_index/parent_prefix_path/dingo_control_msgs
[6.307s] -- Symlinking: /home/tdp378/DingoQuadruped/dingo_ws/install/dingo_control_msgs/share/dingo_control_msgs/environment/ament_prefix_path.sh
[6.313s] -- Symlinking: /home/tdp378/DingoQuadruped/dingo_ws/install/dingo_control_msgs/share/dingo_control_msgs/environment/ament_prefix_path.dsv
[6.319s] -- Symlinking: /home/tdp378/DingoQuadruped/dingo_ws/install/dingo_control_msgs/share/dingo_control_msgs/environment/path.sh
[6.325s] -- Symlinking: /home/tdp378/DingoQuadruped/dingo_ws/install/dingo_control_msgs/share/dingo_control_msgs/environment/path.dsv
[6.330s] -- Symlinking: /home/tdp378/DingoQuadruped/dingo_ws/install/dingo_control_msgs/share/dingo_control_msgs/local_setup.bash
[6.336s] -- Symlinking: /home/tdp378/DingoQuadruped/dingo_ws/install/dingo_control_msgs/share/dingo_control_msgs/local_setup.sh
[6.341s] -- Symlinking: /home/tdp378/DingoQuadruped/dingo_ws/install/dingo_control_msgs/share/dingo_control_msgs/local_setup.zsh
[6.347s] -- Symlinking: /home/tdp378/DingoQuadruped/dingo_ws/install/dingo_control_msgs/share/dingo_control_msgs/local_setup.dsv
[6.353s] -- Symlinking: /home/tdp378/DingoQuadruped/dingo_ws/install/dingo_control_msgs/share/dingo_control_msgs/package.dsv
[6.359s] -- Symlinking: /home/tdp378/DingoQuadruped/dingo_ws/install/dingo_control_msgs/share/ament_index/resource_index/packages/dingo_control_msgs
[6.364s] -- Symlinking: /home/tdp378/DingoQuadruped/dingo_ws/install/dingo_control_msgs/share/dingo_control_msgs/cmake/rosidl_cmake-extras.cmake
[6.370s] -- Symlinking: /home/tdp378/DingoQuadruped/dingo_ws/install/dingo_control_msgs/share/dingo_control_msgs/cmake/ament_cmake_export_dependencies-extras.cmake
[6.376s] -- Symlinking: /home/tdp378/DingoQuadruped/dingo_ws/install/dingo_control_msgs/share/dingo_control_msgs/cmake/ament_cmake_export_include_directories-extras.cmake
[6.381s] -- Symlinking: /home/tdp378/DingoQuadruped/dingo_ws/install/dingo_control_msgs/share/dingo_control_msgs/cmake/ament_cmake_export_libraries-extras.cmake
[6.387s] -- Symlinking: /home/tdp378/DingoQuadruped/dingo_ws/install/dingo_control_msgs/share/dingo_control_msgs/cmake/ament_cmake_export_targets-extras.cmake
[6.392s] -- Symlinking: /home/tdp378/DingoQuadruped/dingo_ws/install/dingo_control_msgs/share/dingo_control_msgs/cmake/rosidl_cmake_export_typesupport_targets-extras.cmake
[6.398s] -- Symlinking: /home/tdp378/DingoQuadruped/dingo_ws/install/dingo_control_msgs/share/dingo_control_msgs/cmake/rosidl_cmake_export_typesupport_libraries-extras.cmake
[6.403s] -- Symlinking: /home/tdp378/DingoQuadruped/dingo_ws/install/dingo_control_msgs/share/dingo_control_msgs/cmake/dingo_control_msgsConfig.cmake
[6.409s] -- Symlinking: /home/tdp378/DingoQuadruped/dingo_ws/install/dingo_control_msgs/share/dingo_control_msgs/cmake/dingo_control_msgsConfig-version.cmake
[6.414s] -- Symlinking: /home/tdp378/DingoQuadruped/dingo_ws/install/dingo_control_msgs/share/dingo_control_msgs/package.xml
[6.420s] -- Installing: /home/tdp378/DingoQuadruped/dingo_ws/install/dingo_control_msgs/lib/libdingo_control_msgs__rosidl_generator_c.so
[6.421s] -- Set non-toolchain portion of runtime path of "/home/tdp378/DingoQuadruped/dingo_ws/install/dingo_control_msgs/lib/libdingo_control_msgs__rosidl_generator_c.so" to ""
[6.421s] -- Installing: /home/tdp378/DingoQuadruped/dingo_ws/install/dingo_control_msgs/lib/libdingo_control_msgs__rosidl_typesupport_fastrtps_c.so
[6.421s] -- Set non-toolchain portion of runtime path of "/home/tdp378/DingoQuadruped/dingo_ws/install/dingo_control_msgs/lib/libdingo_control_msgs__rosidl_typesupport_fastrtps_c.so" to ""
[6.421s] -- Installing: /home/tdp378/DingoQuadruped/dingo_ws/install/dingo_control_msgs/lib/libdingo_control_msgs__rosidl_typesupport_fastrtps_cpp.so
[6.421s] -- Set non-toolchain portion of runtime path of "/home/tdp378/DingoQuadruped/dingo_ws/install/dingo_control_msgs/lib/libdingo_control_msgs__rosidl_typesupport_fastrtps_cpp.so" to ""
[6.421s] -- Installing: /home/tdp378/DingoQuadruped/dingo_ws/install/dingo_control_msgs/lib/libdingo_control_msgs__rosidl_typesupport_introspection_c.so
[6.421s] -- Set non-toolchain portion of runtime path of "/home/tdp378/DingoQuadruped/dingo_ws/install/dingo_control_msgs/lib/libdingo_control_msgs__rosidl_typesupport_introspection_c.so" to ""
[6.421s] -- Installing: /home/tdp378/DingoQuadruped/dingo_ws/install/dingo_control_msgs/lib/libdingo_control_msgs__rosidl_typesupport_c.so
[6.421s] -- Set non-toolchain portion of runtime path of "/home/tdp378/DingoQuadruped/dingo_ws/install/dingo_control_msgs/lib/libdingo_control_msgs__rosidl_typesupport_c.so" to ""
[6.421s] -- Installing: /home/tdp378/DingoQuadruped/dingo_ws/install/dingo_control_msgs/lib/libdingo_control_msgs__rosidl_typesupport_introspection_cpp.so
[6.422s] -- Set non-toolchain portion of runtime path of "/home/tdp378/DingoQuadruped/dingo_ws/install/dingo_control_msgs/lib/libdingo_control_msgs__rosidl_typesupport_introspection_cpp.so" to ""
[6.422s] -- Installing: /home/tdp378/DingoQuadruped/dingo_ws/install/dingo_control_msgs/lib/libdingo_control_msgs__rosidl_typesupport_cpp.so
[6.422s] -- Set non-toolchain portion of runtime path of "/home/tdp378/DingoQuadruped/dingo_ws/install/dingo_control_msgs/lib/libdingo_control_msgs__rosidl_typesupport_cpp.so" to ""
[6.448s] Listing '/home/tdp378/DingoQuadruped/dingo_ws/install/dingo_control_msgs/lib/python3.12/site-packages/dingo_control_msgs'...
[6.448s] Compiling '/home/tdp378/DingoQuadruped/dingo_ws/install/dingo_control_msgs/lib/python3.12/site-packages/dingo_control_msgs/__init__.py'...
[6.448s] Listing '/home/tdp378/DingoQuadruped/dingo_ws/install/dingo_control_msgs/lib/python3.12/site-packages/dingo_control_msgs/msg'...
[6.448s] Compiling '/home/tdp378/DingoQuadruped/dingo_ws/install/dingo_control_msgs/lib/python3.12/site-packages/dingo_control_msgs/msg/__init__.py'...
[6.448s] Compiling '/home/tdp378/DingoQuadruped/dingo_ws/install/dingo_control_msgs/lib/python3.12/site-packages/dingo_control_msgs/msg/_angle.py'...
[6.448s] Compiling '/home/tdp378/DingoQuadruped/dingo_ws/install/dingo_control_msgs/lib/python3.12/site-packages/dingo_control_msgs/msg/_joint_space.py'...
[6.449s] Compiling '/home/tdp378/DingoQuadruped/dingo_ws/install/dingo_control_msgs/lib/python3.12/site-packages/dingo_control_msgs/msg/_task_space.py'...
[6.452s] -- Installing: /home/tdp378/DingoQuadruped/dingo_ws/install/dingo_control_msgs/lib/libdingo_control_msgs__rosidl_generator_py.so
[6.452s] -- Set non-toolchain portion of runtime path of "/home/tdp378/DingoQuadruped/dingo_ws/install/dingo_control_msgs/lib/libdingo_control_msgs__rosidl_generator_py.so" to ""
[6.452s] -- Installing: /home/tdp378/DingoQuadruped/dingo_ws/install/dingo_control_msgs/share/dingo_control_msgs/cmake/export_dingo_control_msgs__rosidl_generator_cExport.cmake
[6.452s] -- Installing: /home/tdp378/DingoQuadruped/dingo_ws/install/dingo_control_msgs/share/dingo_control_msgs/cmake/export_dingo_control_msgs__rosidl_generator_cExport-noconfig.cmake
[6.452s] -- Installing: /home/tdp378/DingoQuadruped/dingo_ws/install/dingo_control_msgs/share/dingo_control_msgs/cmake/export_dingo_control_msgs__rosidl_typesupport_fastrtps_cExport.cmake
[6.452s] -- Installing: /home/tdp378/DingoQuadruped/dingo_ws/install/dingo_control_msgs/share/dingo_control_msgs/cmake/export_dingo_control_msgs__rosidl_typesupport_fastrtps_cExport-noconfig.cmake
[6.453s] -- Installing: /home/tdp378/DingoQuadruped/dingo_ws/install/dingo_control_msgs/share/dingo_control_msgs/cmake/export_dingo_control_msgs__rosidl_generator_cppExport.cmake
[6.453s] -- Installing: /home/tdp378/DingoQuadruped/dingo_ws/install/dingo_control_msgs/share/dingo_control_msgs/cmake/export_dingo_control_msgs__rosidl_typesupport_fastrtps_cppExport.cmake
[6.453s] -- Installing: /home/tdp378/DingoQuadruped/dingo_ws/install/dingo_control_msgs/share/dingo_control_msgs/cmake/export_dingo_control_msgs__rosidl_typesupport_fastrtps_cppExport-noconfig.cmake
[6.453s] -- Installing: /home/tdp378/DingoQuadruped/dingo_ws/install/dingo_control_msgs/share/dingo_control_msgs/cmake/dingo_control_msgs__rosidl_typesupport_introspection_cExport.cmake
[6.453s] -- Installing: /home/tdp378/DingoQuadruped/dingo_ws/install/dingo_control_msgs/share/dingo_control_msgs/cmake/dingo_control_msgs__rosidl_typesupport_introspection_cExport-noconfig.cmake
[6.453s] -- Installing: /home/tdp378/DingoQuadruped/dingo_ws/install/dingo_control_msgs/share/dingo_control_msgs/cmake/dingo_control_msgs__rosidl_typesupport_cExport.cmake
[6.453s] -- Installing: /home/tdp378/DingoQuadruped/dingo_ws/install/dingo_control_msgs/share/dingo_control_msgs/cmake/dingo_control_msgs__rosidl_typesupport_cExport-noconfig.cmake
[6.453s] -- Installing: /home/tdp378/DingoQuadruped/dingo_ws/install/dingo_control_msgs/share/dingo_control_msgs/cmake/dingo_control_msgs__rosidl_typesupport_introspection_cppExport.cmake
[6.453s] -- Installing: /home/tdp378/DingoQuadruped/dingo_ws/install/dingo_control_msgs/share/dingo_control_msgs/cmake/dingo_control_msgs__rosidl_typesupport_introspection_cppExport-noconfig.cmake
[6.453s] -- Installing: /home/tdp378/DingoQuadruped/dingo_ws/install/dingo_control_msgs/share/dingo_control_msgs/cmake/dingo_control_msgs__rosidl_typesupport_cppExport.cmake
[6.453s] -- Installing: /home/tdp378/DingoQuadruped/dingo_ws/install/dingo_control_msgs/share/dingo_control_msgs/cmake/dingo_control_msgs__rosidl_typesupport_cppExport-noconfig.cmake
[6.453s] -- Installing: /home/tdp378/DingoQuadruped/dingo_ws/install/dingo_control_msgs/share/dingo_control_msgs/cmake/export_dingo_control_msgs__rosidl_generator_pyExport.cmake
[6.453s] -- Installing: /home/tdp378/DingoQuadruped/dingo_ws/install/dingo_control_msgs/share/dingo_control_msgs/cmake/export_dingo_control_msgs__rosidl_generator_pyExport-noconfig.cmake
[6.455s] Invoked command in '/home/tdp378/DingoQuadruped/dingo_ws/build/dingo_control_msgs' returned '0': CMAKE_PREFIX_PATH=${CMAKE_PREFIX_PATH}:/opt/ros/jazzy DEBUGINFOD_URLS=https://debuginfod.ubuntu.com /usr/bin/cmake --install /home/tdp378/DingoQuadruped/dingo_ws/build/dingo_control_msgs
