[0.085s] DEBUG:colcon:Command line arguments: ['/usr/bin/colcon', 'build', '--packages-select', 'dingo', '--symlink-install']
[0.085s] DEBUG:colcon:Parsed command line arguments: Namespace(log_base=None, log_level=None, verb_name='build', build_base='build', install_base='install', merge_install=False, symlink_install=True, test_result_base=None, continue_on_error=False, executor='parallel', parallel_workers=16, event_handlers=None, ignore_user_meta=False, metas=['./colcon.meta'], base_paths=['.'], packages_ignore=None, packages_ignore_regex=None, paths=None, packages_up_to=None, packages_up_to_regex=None, packages_above=None, packages_above_and_dependencies=None, packages_above_depth=None, packages_select_by_dep=None, packages_skip_by_dep=None, packages_skip_up_to=None, packages_select_build_failed=False, packages_skip_build_finished=False, packages_select_test_failures=False, packages_skip_test_passed=False, packages_select=['dingo'], packages_skip=None, packages_select_regex=None, packages_skip_regex=None, packages_start=None, packages_end=None, cmake_args=None, cmake_target=None, cmake_target_skip_unavailable=False, cmake_clean_cache=False, cmake_clean_first=False, cmake_force_configure=False, ament_cmake_args=None, catkin_cmake_args=None, catkin_skip_building_tests=False, verb_parser=<colcon_defaults.argument_parser.defaults.DefaultArgumentsDecorator object at 0x7a0e551114c0>, verb_extension=<colcon_core.verb.build.BuildVerb object at 0x7a0e552ed130>, main=<bound method BuildVerb.main of <colcon_core.verb.build.BuildVerb object at 0x7a0e552ed130>>)
[0.115s] Level 1:colcon.colcon_core.package_discovery:discover_packages(colcon_meta) check parameters
[0.115s] Level 1:colcon.colcon_core.package_discovery:discover_packages(recursive) check parameters
[0.116s] Level 1:colcon.colcon_core.package_discovery:discover_packages(ignore) check parameters
[0.116s] Level 1:colcon.colcon_core.package_discovery:discover_packages(path) check parameters
[0.116s] Level 1:colcon.colcon_core.package_discovery:discover_packages(colcon_meta) discover
[0.116s] Level 1:colcon.colcon_core.package_discovery:discover_packages(recursive) discover
[0.116s] INFO:colcon.colcon_core.package_discovery:Crawling recursively for packages in '/home/tdp378/DingoQuadruped/dingo_ws'
[0.116s] Level 1:colcon.colcon_core.package_identification:_identify(.) by extensions ['ignore', 'ignore_ament_install']
[0.116s] Level 1:colcon.colcon_core.package_identification:_identify(.) by extension 'ignore'
[0.116s] Level 1:colcon.colcon_core.package_identification:_identify(.) by extension 'ignore_ament_install'
[0.116s] Level 1:colcon.colcon_core.package_identification:_identify(.) by extensions ['colcon_pkg']
[0.116s] Level 1:colcon.colcon_core.package_identification:_identify(.) by extension 'colcon_pkg'
[0.116s] Level 1:colcon.colcon_core.package_identification:_identify(.) by extensions ['colcon_meta']
[0.116s] Level 1:colcon.colcon_core.package_identification:_identify(.) by extension 'colcon_meta'
[0.116s] Level 1:colcon.colcon_core.package_identification:_identify(.) by extensions ['ros']
[0.116s] Level 1:colcon.colcon_core.package_identification:_identify(.) by extension 'ros'
[0.137s] Level 1:colcon.colcon_core.package_identification:_identify(.) by extensions ['cmake', 'python']
[0.137s] Level 1:colcon.colcon_core.package_identification:_identify(.) by extension 'cmake'
[0.137s] Level 1:colcon.colcon_core.package_identification:_identify(.) by extension 'python'
[0.137s] Level 1:colcon.colcon_core.package_identification:_identify(.) by extensions ['python_setup_py']
[0.137s] Level 1:colcon.colcon_core.package_identification:_identify(.) by extension 'python_setup_py'
[0.137s] Level 1:colcon.colcon_core.package_identification:_identify(build) by extensions ['ignore', 'ignore_ament_install']
[0.137s] Level 1:colcon.colcon_core.package_identification:_identify(build) by extension 'ignore'
[0.137s] Level 1:colcon.colcon_core.package_identification:_identify(build) ignored
[0.137s] Level 1:colcon.colcon_core.package_identification:_identify(install) by extensions ['ignore', 'ignore_ament_install']
[0.137s] Level 1:colcon.colcon_core.package_identification:_identify(install) by extension 'ignore'
[0.137s] Level 1:colcon.colcon_core.package_identification:_identify(install) ignored
[0.137s] Level 1:colcon.colcon_core.package_identification:_identify(log) by extensions ['ignore', 'ignore_ament_install']
[0.137s] Level 1:colcon.colcon_core.package_identification:_identify(log) by extension 'ignore'
[0.137s] Level 1:colcon.colcon_core.package_identification:_identify(log) ignored
[0.138s] Level 1:colcon.colcon_core.package_identification:_identify(src) by extensions ['ignore', 'ignore_ament_install']
[0.138s] Level 1:colcon.colcon_core.package_identification:_identify(src) by extension 'ignore'
[0.138s] Level 1:colcon.colcon_core.package_identification:_identify(src) by extension 'ignore_ament_install'
[0.138s] Level 1:colcon.colcon_core.package_identification:_identify(src) by extensions ['colcon_pkg']
[0.138s] Level 1:colcon.colcon_core.package_identification:_identify(src) by extension 'colcon_pkg'
[0.138s] Level 1:colcon.colcon_core.package_identification:_identify(src) by extensions ['colcon_meta']
[0.138s] Level 1:colcon.colcon_core.package_identification:_identify(src) by extension 'colcon_meta'
[0.138s] Level 1:colcon.colcon_core.package_identification:_identify(src) by extensions ['ros']
[0.138s] Level 1:colcon.colcon_core.package_identification:_identify(src) by extension 'ros'
[0.138s] Level 1:colcon.colcon_core.package_identification:_identify(src) by extensions ['cmake', 'python']
[0.138s] Level 1:colcon.colcon_core.package_identification:_identify(src) by extension 'cmake'
[0.138s] Level 1:colcon.colcon_core.package_identification:_identify(src) by extension 'python'
[0.138s] Level 1:colcon.colcon_core.package_identification:_identify(src) by extensions ['python_setup_py']
[0.138s] Level 1:colcon.colcon_core.package_identification:_identify(src) by extension 'python_setup_py'
[0.138s] Level 1:colcon.colcon_core.package_identification:_identify(src/dingo) by extensions ['ignore', 'ignore_ament_install']
[0.138s] Level 1:colcon.colcon_core.package_identification:_identify(src/dingo) by extension 'ignore'
[0.138s] Level 1:colcon.colcon_core.package_identification:_identify(src/dingo) by extension 'ignore_ament_install'
[0.138s] Level 1:colcon.colcon_core.package_identification:_identify(src/dingo) by extensions ['colcon_pkg']
[0.138s] Level 1:colcon.colcon_core.package_identification:_identify(src/dingo) by extension 'colcon_pkg'
[0.138s] Level 1:colcon.colcon_core.package_identification:_identify(src/dingo) by extensions ['colcon_meta']
[0.138s] Level 1:colcon.colcon_core.package_identification:_identify(src/dingo) by extension 'colcon_meta'
[0.138s] Level 1:colcon.colcon_core.package_identification:_identify(src/dingo) by extensions ['ros']
[0.138s] Level 1:colcon.colcon_core.package_identification:_identify(src/dingo) by extension 'ros'
[0.140s] DEBUG:colcon.colcon_core.package_identification:Package 'src/dingo' with type 'ros.ament_cmake' and name 'dingo'
[0.140s] Level 1:colcon.colcon_core.package_identification:_identify(src/dingo_control) by extensions ['ignore', 'ignore_ament_install']
[0.140s] Level 1:colcon.colcon_core.package_identification:_identify(src/dingo_control) by extension 'ignore'
[0.141s] Level 1:colcon.colcon_core.package_identification:_identify(src/dingo_control) by extension 'ignore_ament_install'
[0.141s] Level 1:colcon.colcon_core.package_identification:_identify(src/dingo_control) by extensions ['colcon_pkg']
[0.141s] Level 1:colcon.colcon_core.package_identification:_identify(src/dingo_control) by extension 'colcon_pkg'
[0.141s] Level 1:colcon.colcon_core.package_identification:_identify(src/dingo_control) by extensions ['colcon_meta']
[0.141s] Level 1:colcon.colcon_core.package_identification:_identify(src/dingo_control) by extension 'colcon_meta'
[0.141s] Level 1:colcon.colcon_core.package_identification:_identify(src/dingo_control) by extensions ['ros']
[0.141s] Level 1:colcon.colcon_core.package_identification:_identify(src/dingo_control) by extension 'ros'
[0.142s] DEBUG:colcon.colcon_core.package_identification:Package 'src/dingo_control' with type 'ros.ament_cmake' and name 'dingo_control'
[0.142s] Level 1:colcon.colcon_core.package_identification:_identify(src/dingo_control_msgs) by extensions ['ignore', 'ignore_ament_install']
[0.142s] Level 1:colcon.colcon_core.package_identification:_identify(src/dingo_control_msgs) by extension 'ignore'
[0.142s] Level 1:colcon.colcon_core.package_identification:_identify(src/dingo_control_msgs) by extension 'ignore_ament_install'
[0.142s] Level 1:colcon.colcon_core.package_identification:_identify(src/dingo_control_msgs) by extensions ['colcon_pkg']
[0.142s] Level 1:colcon.colcon_core.package_identification:_identify(src/dingo_control_msgs) by extension 'colcon_pkg'
[0.142s] Level 1:colcon.colcon_core.package_identification:_identify(src/dingo_control_msgs) by extensions ['colcon_meta']
[0.142s] Level 1:colcon.colcon_core.package_identification:_identify(src/dingo_control_msgs) by extension 'colcon_meta'
[0.142s] Level 1:colcon.colcon_core.package_identification:_identify(src/dingo_control_msgs) by extensions ['ros']
[0.142s] Level 1:colcon.colcon_core.package_identification:_identify(src/dingo_control_msgs) by extension 'ros'
[0.143s] DEBUG:colcon.colcon_core.package_identification:Package 'src/dingo_control_msgs' with type 'ros.ament_cmake' and name 'dingo_control_msgs'
[0.143s] Level 1:colcon.colcon_core.package_identification:_identify(src/dingo_description) by extensions ['ignore', 'ignore_ament_install']
[0.143s] Level 1:colcon.colcon_core.package_identification:_identify(src/dingo_description) by extension 'ignore'
[0.143s] Level 1:colcon.colcon_core.package_identification:_identify(src/dingo_description) by extension 'ignore_ament_install'
[0.143s] Level 1:colcon.colcon_core.package_identification:_identify(src/dingo_description) by extensions ['colcon_pkg']
[0.143s] Level 1:colcon.colcon_core.package_identification:_identify(src/dingo_description) by extension 'colcon_pkg'
[0.143s] Level 1:colcon.colcon_core.package_identification:_identify(src/dingo_description) by extensions ['colcon_meta']
[0.143s] Level 1:colcon.colcon_core.package_identification:_identify(src/dingo_description) by extension 'colcon_meta'
[0.143s] Level 1:colcon.colcon_core.package_identification:_identify(src/dingo_description) by extensions ['ros']
[0.143s] Level 1:colcon.colcon_core.package_identification:_identify(src/dingo_description) by extension 'ros'
[0.145s] DEBUG:colcon.colcon_core.package_identification:Package 'src/dingo_description' with type 'ros.ament_cmake' and name 'dingo_description'
[0.145s] Level 1:colcon.colcon_core.package_identification:_identify(src/dingo_gazebo) by extensions ['ignore', 'ignore_ament_install']
[0.145s] Level 1:colcon.colcon_core.package_identification:_identify(src/dingo_gazebo) by extension 'ignore'
[0.145s] Level 1:colcon.colcon_core.package_identification:_identify(src/dingo_gazebo) by extension 'ignore_ament_install'
[0.145s] Level 1:colcon.colcon_core.package_identification:_identify(src/dingo_gazebo) by extensions ['colcon_pkg']
[0.145s] Level 1:colcon.colcon_core.package_identification:_identify(src/dingo_gazebo) by extension 'colcon_pkg'
[0.145s] Level 1:colcon.colcon_core.package_identification:_identify(src/dingo_gazebo) by extensions ['colcon_meta']
[0.145s] Level 1:colcon.colcon_core.package_identification:_identify(src/dingo_gazebo) by extension 'colcon_meta'
[0.145s] Level 1:colcon.colcon_core.package_identification:_identify(src/dingo_gazebo) by extensions ['ros']
[0.145s] Level 1:colcon.colcon_core.package_identification:_identify(src/dingo_gazebo) by extension 'ros'
[0.145s] DEBUG:colcon.colcon_core.package_identification:Package 'src/dingo_gazebo' with type 'ros.ament_cmake' and name 'dingo_gazebo'
[0.146s] Level 1:colcon.colcon_core.package_identification:_identify(src/dingo_hardware_interfacing) by extensions ['ignore', 'ignore_ament_install']
[0.146s] Level 1:colcon.colcon_core.package_identification:_identify(src/dingo_hardware_interfacing) by extension 'ignore'
[0.146s] Level 1:colcon.colcon_core.package_identification:_identify(src/dingo_hardware_interfacing) by extension 'ignore_ament_install'
[0.146s] Level 1:colcon.colcon_core.package_identification:_identify(src/dingo_hardware_interfacing) by extensions ['colcon_pkg']
[0.146s] Level 1:colcon.colcon_core.package_identification:_identify(src/dingo_hardware_interfacing) by extension 'colcon_pkg'
[0.146s] Level 1:colcon.colcon_core.package_identification:_identify(src/dingo_hardware_interfacing) by extensions ['colcon_meta']
[0.146s] Level 1:colcon.colcon_core.package_identification:_identify(src/dingo_hardware_interfacing) by extension 'colcon_meta'
[0.146s] Level 1:colcon.colcon_core.package_identification:_identify(src/dingo_hardware_interfacing) by extensions ['ros']
[0.146s] Level 1:colcon.colcon_core.package_identification:_identify(src/dingo_hardware_interfacing) by extension 'ros'
[0.146s] Level 1:colcon.colcon_core.package_identification:_identify(src/dingo_hardware_interfacing) by extensions ['cmake', 'python']
[0.146s] Level 1:colcon.colcon_core.package_identification:_identify(src/dingo_hardware_interfacing) by extension 'cmake'
[0.146s] Level 1:colcon.colcon_core.package_identification:_identify(src/dingo_hardware_interfacing) by extension 'python'
[0.146s] Level 1:colcon.colcon_core.package_identification:_identify(src/dingo_hardware_interfacing) by extensions ['python_setup_py']
[0.146s] Level 1:colcon.colcon_core.package_identification:_identify(src/dingo_hardware_interfacing) by extension 'python_setup_py'
[0.146s] Level 1:colcon.colcon_core.package_identification:_identify(src/dingo_hardware_interfacing/dingo_input_interfacing) by extensions ['ignore', 'ignore_ament_install']
[0.146s] Level 1:colcon.colcon_core.package_identification:_identify(src/dingo_hardware_interfacing/dingo_input_interfacing) by extension 'ignore'
[0.146s] Level 1:colcon.colcon_core.package_identification:_identify(src/dingo_hardware_interfacing/dingo_input_interfacing) by extension 'ignore_ament_install'
[0.146s] Level 1:colcon.colcon_core.package_identification:_identify(src/dingo_hardware_interfacing/dingo_input_interfacing) by extensions ['colcon_pkg']
[0.146s] Level 1:colcon.colcon_core.package_identification:_identify(src/dingo_hardware_interfacing/dingo_input_interfacing) by extension 'colcon_pkg'
[0.146s] Level 1:colcon.colcon_core.package_identification:_identify(src/dingo_hardware_interfacing/dingo_input_interfacing) by extensions ['colcon_meta']
[0.146s] Level 1:colcon.colcon_core.package_identification:_identify(src/dingo_hardware_interfacing/dingo_input_interfacing) by extension 'colcon_meta'
[0.146s] Level 1:colcon.colcon_core.package_identification:_identify(src/dingo_hardware_interfacing/dingo_input_interfacing) by extensions ['ros']
[0.146s] Level 1:colcon.colcon_core.package_identification:_identify(src/dingo_hardware_interfacing/dingo_input_interfacing) by extension 'ros'
[0.147s] DEBUG:colcon.colcon_core.package_identification:Package 'src/dingo_hardware_interfacing/dingo_input_interfacing' with type 'ros.ament_cmake' and name 'dingo_input_interfacing'
[0.147s] Level 1:colcon.colcon_core.package_identification:_identify(src/dingo_hardware_interfacing/dingo_peripheral_interfacing) by extensions ['ignore', 'ignore_ament_install']
[0.147s] Level 1:colcon.colcon_core.package_identification:_identify(src/dingo_hardware_interfacing/dingo_peripheral_interfacing) by extension 'ignore'
[0.147s] Level 1:colcon.colcon_core.package_identification:_identify(src/dingo_hardware_interfacing/dingo_peripheral_interfacing) by extension 'ignore_ament_install'
[0.147s] Level 1:colcon.colcon_core.package_identification:_identify(src/dingo_hardware_interfacing/dingo_peripheral_interfacing) by extensions ['colcon_pkg']
[0.147s] Level 1:colcon.colcon_core.package_identification:_identify(src/dingo_hardware_interfacing/dingo_peripheral_interfacing) by extension 'colcon_pkg'
[0.147s] Level 1:colcon.colcon_core.package_identification:_identify(src/dingo_hardware_interfacing/dingo_peripheral_interfacing) by extensions ['colcon_meta']
[0.147s] Level 1:colcon.colcon_core.package_identification:_identify(src/dingo_hardware_interfacing/dingo_peripheral_interfacing) by extension 'colcon_meta'
[0.147s] Level 1:colcon.colcon_core.package_identification:_identify(src/dingo_hardware_interfacing/dingo_peripheral_interfacing) by extensions ['ros']
[0.147s] Level 1:colcon.colcon_core.package_identification:_identify(src/dingo_hardware_interfacing/dingo_peripheral_interfacing) by extension 'ros'
[0.148s] DEBUG:colcon.colcon_core.package_identification:Package 'src/dingo_hardware_interfacing/dingo_peripheral_interfacing' with type 'ros.ament_cmake' and name 'dingo_peripheral_interfacing'
[0.148s] Level 1:colcon.colcon_core.package_identification:_identify(src/dingo_hardware_interfacing/dingo_servo_interfacing) by extensions ['ignore', 'ignore_ament_install']
[0.148s] Level 1:colcon.colcon_core.package_identification:_identify(src/dingo_hardware_interfacing/dingo_servo_interfacing) by extension 'ignore'
[0.148s] Level 1:colcon.colcon_core.package_identification:_identify(src/dingo_hardware_interfacing/dingo_servo_interfacing) by extension 'ignore_ament_install'
[0.148s] Level 1:colcon.colcon_core.package_identification:_identify(src/dingo_hardware_interfacing/dingo_servo_interfacing) by extensions ['colcon_pkg']
[0.148s] Level 1:colcon.colcon_core.package_identification:_identify(src/dingo_hardware_interfacing/dingo_servo_interfacing) by extension 'colcon_pkg'
[0.148s] Level 1:colcon.colcon_core.package_identification:_identify(src/dingo_hardware_interfacing/dingo_servo_interfacing) by extensions ['colcon_meta']
[0.148s] Level 1:colcon.colcon_core.package_identification:_identify(src/dingo_hardware_interfacing/dingo_servo_interfacing) by extension 'colcon_meta'
[0.148s] Level 1:colcon.colcon_core.package_identification:_identify(src/dingo_hardware_interfacing/dingo_servo_interfacing) by extensions ['ros']
[0.148s] Level 1:colcon.colcon_core.package_identification:_identify(src/dingo_hardware_interfacing/dingo_servo_interfacing) by extension 'ros'
[0.148s] DEBUG:colcon.colcon_core.package_identification:Package 'src/dingo_hardware_interfacing/dingo_servo_interfacing' with type 'ros.ament_cmake' and name 'dingo_servo_interfacing'
[0.148s] Level 1:colcon.colcon_core.package_identification:_identify(src/dingo_peripheral_msgs) by extensions ['ignore', 'ignore_ament_install']
[0.148s] Level 1:colcon.colcon_core.package_identification:_identify(src/dingo_peripheral_msgs) by extension 'ignore'
[0.149s] Level 1:colcon.colcon_core.package_identification:_identify(src/dingo_peripheral_msgs) by extension 'ignore_ament_install'
[0.149s] Level 1:colcon.colcon_core.package_identification:_identify(src/dingo_peripheral_msgs) by extensions ['colcon_pkg']
[0.149s] Level 1:colcon.colcon_core.package_identification:_identify(src/dingo_peripheral_msgs) by extension 'colcon_pkg'
[0.149s] Level 1:colcon.colcon_core.package_identification:_identify(src/dingo_peripheral_msgs) by extensions ['colcon_meta']
[0.149s] Level 1:colcon.colcon_core.package_identification:_identify(src/dingo_peripheral_msgs) by extension 'colcon_meta'
[0.149s] Level 1:colcon.colcon_core.package_identification:_identify(src/dingo_peripheral_msgs) by extensions ['ros']
[0.149s] Level 1:colcon.colcon_core.package_identification:_identify(src/dingo_peripheral_msgs) by extension 'ros'
[0.149s] DEBUG:colcon.colcon_core.package_identification:Package 'src/dingo_peripheral_msgs' with type 'ros.ament_cmake' and name 'dingo_peripheral_msgs'
[0.149s] Level 1:colcon.colcon_core.package_identification:_identify(src/dingo_utilities) by extensions ['ignore', 'ignore_ament_install']
[0.149s] Level 1:colcon.colcon_core.package_identification:_identify(src/dingo_utilities) by extension 'ignore'
[0.149s] Level 1:colcon.colcon_core.package_identification:_identify(src/dingo_utilities) by extension 'ignore_ament_install'
[0.149s] Level 1:colcon.colcon_core.package_identification:_identify(src/dingo_utilities) by extensions ['colcon_pkg']
[0.149s] Level 1:colcon.colcon_core.package_identification:_identify(src/dingo_utilities) by extension 'colcon_pkg'
[0.149s] Level 1:colcon.colcon_core.package_identification:_identify(src/dingo_utilities) by extensions ['colcon_meta']
[0.149s] Level 1:colcon.colcon_core.package_identification:_identify(src/dingo_utilities) by extension 'colcon_meta'
[0.149s] Level 1:colcon.colcon_core.package_identification:_identify(src/dingo_utilities) by extensions ['ros']
[0.149s] Level 1:colcon.colcon_core.package_identification:_identify(src/dingo_utilities) by extension 'ros'
[0.150s] DEBUG:colcon.colcon_core.package_identification:Package 'src/dingo_utilities' with type 'ros.ament_python' and name 'dingo_utilities'
[0.150s] Level 1:colcon.colcon_core.package_discovery:discover_packages(recursive) using defaults
[0.150s] Level 1:colcon.colcon_core.package_discovery:discover_packages(ignore) discover
[0.150s] Level 1:colcon.colcon_core.package_discovery:discover_packages(ignore) using defaults
[0.150s] Level 1:colcon.colcon_core.package_discovery:discover_packages(path) discover
[0.150s] Level 1:colcon.colcon_core.package_discovery:discover_packages(path) using defaults
[0.165s] INFO:colcon.colcon_core.package_selection:Skipping not selected package 'dingo_control_msgs' in 'src/dingo_control_msgs'
[0.166s] INFO:colcon.colcon_core.package_selection:Skipping not selected package 'dingo_description' in 'src/dingo_description'
[0.166s] INFO:colcon.colcon_core.package_selection:Skipping not selected package 'dingo_peripheral_msgs' in 'src/dingo_peripheral_msgs'
[0.166s] INFO:colcon.colcon_core.package_selection:Skipping not selected package 'dingo_servo_interfacing' in 'src/dingo_hardware_interfacing/dingo_servo_interfacing'
[0.166s] INFO:colcon.colcon_core.package_selection:Skipping not selected package 'dingo_utilities' in 'src/dingo_utilities'
[0.166s] INFO:colcon.colcon_core.package_selection:Skipping not selected package 'dingo_control' in 'src/dingo_control'
[0.166s] INFO:colcon.colcon_core.package_selection:Skipping not selected package 'dingo_gazebo' in 'src/dingo_gazebo'
[0.166s] INFO:colcon.colcon_core.package_selection:Skipping not selected package 'dingo_peripheral_interfacing' in 'src/dingo_hardware_interfacing/dingo_peripheral_interfacing'
[0.166s] INFO:colcon.colcon_core.package_selection:Skipping not selected package 'dingo_input_interfacing' in 'src/dingo_hardware_interfacing/dingo_input_interfacing'
[0.166s] Level 5:colcon.colcon_core.verb:set package 'dingo' build argument 'cmake_args' from command line to 'None'
[0.166s] Level 5:colcon.colcon_core.verb:set package 'dingo' build argument 'cmake_target' from command line to 'None'
[0.166s] Level 5:colcon.colcon_core.verb:set package 'dingo' build argument 'cmake_target_skip_unavailable' from command line to 'False'
[0.166s] Level 5:colcon.colcon_core.verb:set package 'dingo' build argument 'cmake_clean_cache' from command line to 'False'
[0.166s] Level 5:colcon.colcon_core.verb:set package 'dingo' build argument 'cmake_clean_first' from command line to 'False'
[0.166s] Level 5:colcon.colcon_core.verb:set package 'dingo' build argument 'cmake_force_configure' from command line to 'False'
[0.166s] Level 5:colcon.colcon_core.verb:set package 'dingo' build argument 'ament_cmake_args' from command line to 'None'
[0.166s] Level 5:colcon.colcon_core.verb:set package 'dingo' build argument 'catkin_cmake_args' from command line to 'None'
[0.166s] Level 5:colcon.colcon_core.verb:set package 'dingo' build argument 'catkin_skip_building_tests' from command line to 'False'
[0.166s] DEBUG:colcon.colcon_core.verb:Building package 'dingo' with the following arguments: {'ament_cmake_args': None, 'build_base': '/home/tdp378/DingoQuadruped/dingo_ws/build/dingo', 'catkin_cmake_args': None, 'catkin_skip_building_tests': False, 'cmake_args': None, 'cmake_clean_cache': False, 'cmake_clean_first': False, 'cmake_force_configure': False, 'cmake_target': None, 'cmake_target_skip_unavailable': False, 'install_base': '/home/tdp378/DingoQuadruped/dingo_ws/install/dingo', 'merge_install': False, 'path': '/home/tdp378/DingoQuadruped/dingo_ws/src/dingo', 'symlink_install': True, 'test_result_base': None}
[0.166s] INFO:colcon.colcon_core.executor:Executing jobs using 'parallel' executor
[0.167s] DEBUG:colcon.colcon_parallel_executor.executor.parallel:run_until_complete
[0.167s] INFO:colcon.colcon_ros.task.ament_cmake.build:Building ROS package in '/home/tdp378/DingoQuadruped/dingo_ws/src/dingo' with build type 'ament_cmake'
[0.167s] INFO:colcon.colcon_cmake.task.cmake.build:Building CMake package in '/home/tdp378/DingoQuadruped/dingo_ws/src/dingo'
[0.168s] INFO:colcon.colcon_core.plugin_system:Skipping extension 'colcon_core.shell.bat': Not used on non-Windows systems
[0.169s] DEBUG:colcon.colcon_core.shell:Skip shell extension 'dsv' for command environment
[0.186s] DEBUG:colcon.colcon_core.event_handler.log_command:Invoking command in '/home/tdp378/DingoQuadruped/dingo_ws/build/dingo': AMENT_PREFIX_PATH=/home/tdp378/DingoQuadruped/dingo_ws/install/dingo_utilities:/home/tdp378/DingoQuadruped/dingo_ws/install/dingo:/home/tdp378/DingoQuadruped/dingo_ws/install/dingo_input_interfacing:/home/tdp378/DingoQuadruped/dingo_ws/install/dingo_control:/home/tdp378/DingoQuadruped/dingo_ws/install/dingo_servo_interfacing:/home/tdp378/DingoQuadruped/dingo_ws/install/dingo_peripheral_interfacing:/home/tdp378/DingoQuadruped/dingo_ws/install/dingo_peripheral_msgs:/home/tdp378/DingoQuadruped/dingo_ws/install/dingo_gazebo:/home/tdp378/DingoQuadruped/dingo_ws/install/dingo_description:/home/tdp378/DingoQuadruped/dingo_ws/install/dingo_control_msgs:/home/tdp378/jax_champ/install/jax_teleop:/home/tdp378/jax_champ/install/jax_bringup:/home/tdp378/jax_champ/install/jax_locomotion:/home/tdp378/jax_champ/install/jax_hardware:/home/tdp378/jax_champ/install/jax_description:/home/tdp378/jax_champ/install/jax_behavior:/home/tdp378/jax_champ/install/champ_base:/home/tdp378/jax_champ/install/champ_msgs:/home/tdp378/jax_champ/install/champ:/home/tdp378/jax_champ/install/camera_ros:/opt/ros/jazzy CMAKE_PREFIX_PATH=/home/tdp378/DingoQuadruped/dingo_ws/install/dingo_input_interfacing:/home/tdp378/DingoQuadruped/dingo_ws/install/dingo_peripheral_interfacing:/home/tdp378/DingoQuadruped/dingo_ws/install/dingo_gazebo:/home/tdp378/DingoQuadruped/dingo_ws/install/dingo_control:/home/tdp378/DingoQuadruped/dingo_ws/install/dingo_servo_interfacing:/home/tdp378/DingoQuadruped/dingo_ws/install/dingo_peripheral_msgs:/home/tdp378/DingoQuadruped/dingo_ws/install/dingo_description:/home/tdp378/DingoQuadruped/dingo_ws/install/dingo_control_msgs:/home/tdp378/DingoQuadruped/dingo_ws/install/dingo:/home/tdp378/jax_champ/install/jax_teleop:/home/tdp378/jax_champ/install/jax_bringup:/home/tdp378/jax_champ/install/jax_locomotion:/home/tdp378/jax_champ/install/jax_hardware:/home/tdp378/jax_champ/install/jax_description:/home/tdp378/jax_champ/install/jax_behavior:/home/tdp378/jax_champ/install/champ_base:/home/tdp378/jax_champ/install/champ_msgs:/home/tdp378/jax_champ/install/champ:/home/tdp378/jax_champ/install/camera_ros:/opt/ros/jazzy/opt/gz_sim_vendor:/opt/ros/jazzy/opt/gz_sensors_vendor:/opt/ros/jazzy/opt/gz_physics_vendor:/opt/ros/jazzy/opt/sdformat_vendor:/opt/ros/jazzy/opt/gz_gui_vendor:/opt/ros/jazzy/opt/gz_transport_vendor:/opt/ros/jazzy/opt/gz_rendering_vendor:/opt/ros/jazzy/opt/gz_plugin_vendor:/opt/ros/jazzy/opt/gz_fuel_tools_vendor:/opt/ros/jazzy/opt/gz_msgs_vendor:/opt/ros/jazzy/opt/gz_common_vendor:/opt/ros/jazzy/opt/gz_math_vendor:/opt/ros/jazzy/opt/gz_utils_vendor:/opt/ros/jazzy/opt/gz_tools_vendor:/opt/ros/jazzy/opt/gz_ogre_next_vendor:/opt/ros/jazzy/opt/gz_dartsim_vendor:/opt/ros/jazzy/opt/gz_cmake_vendor:/home/tdp378/DingoQuadruped/dingo_ws/install/dingo_utilities:/opt/ros/jazzy DEBUGINFOD_URLS=https://debuginfod.ubuntu.com PYTHONPATH=/home/tdp378/DingoQuadruped/dingo_ws/install/dingo_input_interfacing/lib/python3.12/site-packages:/home/tdp378/DingoQuadruped/dingo_ws/install/dingo_peripheral_interfacing/lib/python3.12/site-packages:/home/tdp378/DingoQuadruped/dingo_ws/install/dingo_control/lib/python3.12/site-packages:/home/tdp378/DingoQuadruped/dingo_ws/build/dingo_utilities/src:/home/tdp378/DingoQuadruped/dingo_ws/install/dingo_utilities/lib/python3.12/site-packages:/home/tdp378/DingoQuadruped/dingo_ws/install/dingo_servo_interfacing/lib/python3.12/site-packages:/home/tdp378/DingoQuadruped/dingo_ws/install/dingo_peripheral_msgs/lib/python3.12/site-packages:/home/tdp378/DingoQuadruped/dingo_ws/install/dingo_control_msgs/lib/python3.12/site-packages:/home/tdp378/DingoQuadruped/dingo_ws/install/dingo/lib/python3.12/site-packages:/home/tdp378/jax_champ/install/champ_msgs/lib/python3.12/site-packages:/opt/ros/jazzy/lib/python3.12/site-packages /usr/bin/cmake --build /home/tdp378/DingoQuadruped/dingo_ws/build/dingo -- -j16 -l16
[1.184s] DEBUG:colcon.colcon_core.event_handler.log_command:Invoked command in '/home/tdp378/DingoQuadruped/dingo_ws/build/dingo' returned '0': AMENT_PREFIX_PATH=/home/tdp378/DingoQuadruped/dingo_ws/install/dingo_utilities:/home/tdp378/DingoQuadruped/dingo_ws/install/dingo:/home/tdp378/DingoQuadruped/dingo_ws/install/dingo_input_interfacing:/home/tdp378/DingoQuadruped/dingo_ws/install/dingo_control:/home/tdp378/DingoQuadruped/dingo_ws/install/dingo_servo_interfacing:/home/tdp378/DingoQuadruped/dingo_ws/install/dingo_peripheral_interfacing:/home/tdp378/DingoQuadruped/dingo_ws/install/dingo_peripheral_msgs:/home/tdp378/DingoQuadruped/dingo_ws/install/dingo_gazebo:/home/tdp378/DingoQuadruped/dingo_ws/install/dingo_description:/home/tdp378/DingoQuadruped/dingo_ws/install/dingo_control_msgs:/home/tdp378/jax_champ/install/jax_teleop:/home/tdp378/jax_champ/install/jax_bringup:/home/tdp378/jax_champ/install/jax_locomotion:/home/tdp378/jax_champ/install/jax_hardware:/home/tdp378/jax_champ/install/jax_description:/home/tdp378/jax_champ/install/jax_behavior:/home/tdp378/jax_champ/install/champ_base:/home/tdp378/jax_champ/install/champ_msgs:/home/tdp378/jax_champ/install/champ:/home/tdp378/jax_champ/install/camera_ros:/opt/ros/jazzy CMAKE_PREFIX_PATH=/home/tdp378/DingoQuadruped/dingo_ws/install/dingo_input_interfacing:/home/tdp378/DingoQuadruped/dingo_ws/install/dingo_peripheral_interfacing:/home/tdp378/DingoQuadruped/dingo_ws/install/dingo_gazebo:/home/tdp378/DingoQuadruped/dingo_ws/install/dingo_control:/home/tdp378/DingoQuadruped/dingo_ws/install/dingo_servo_interfacing:/home/tdp378/DingoQuadruped/dingo_ws/install/dingo_peripheral_msgs:/home/tdp378/DingoQuadruped/dingo_ws/install/dingo_description:/home/tdp378/DingoQuadruped/dingo_ws/install/dingo_control_msgs:/home/tdp378/DingoQuadruped/dingo_ws/install/dingo:/home/tdp378/jax_champ/install/jax_teleop:/home/tdp378/jax_champ/install/jax_bringup:/home/tdp378/jax_champ/install/jax_locomotion:/home/tdp378/jax_champ/install/jax_hardware:/home/tdp378/jax_champ/install/jax_description:/home/tdp378/jax_champ/install/jax_behavior:/home/tdp378/jax_champ/install/champ_base:/home/tdp378/jax_champ/install/champ_msgs:/home/tdp378/jax_champ/install/champ:/home/tdp378/jax_champ/install/camera_ros:/opt/ros/jazzy/opt/gz_sim_vendor:/opt/ros/jazzy/opt/gz_sensors_vendor:/opt/ros/jazzy/opt/gz_physics_vendor:/opt/ros/jazzy/opt/sdformat_vendor:/opt/ros/jazzy/opt/gz_gui_vendor:/opt/ros/jazzy/opt/gz_transport_vendor:/opt/ros/jazzy/opt/gz_rendering_vendor:/opt/ros/jazzy/opt/gz_plugin_vendor:/opt/ros/jazzy/opt/gz_fuel_tools_vendor:/opt/ros/jazzy/opt/gz_msgs_vendor:/opt/ros/jazzy/opt/gz_common_vendor:/opt/ros/jazzy/opt/gz_math_vendor:/opt/ros/jazzy/opt/gz_utils_vendor:/opt/ros/jazzy/opt/gz_tools_vendor:/opt/ros/jazzy/opt/gz_ogre_next_vendor:/opt/ros/jazzy/opt/gz_dartsim_vendor:/opt/ros/jazzy/opt/gz_cmake_vendor:/home/tdp378/DingoQuadruped/dingo_ws/install/dingo_utilities:/opt/ros/jazzy DEBUGINFOD_URLS=https://debuginfod.ubuntu.com PYTHONPATH=/home/tdp378/DingoQuadruped/dingo_ws/install/dingo_input_interfacing/lib/python3.12/site-packages:/home/tdp378/DingoQuadruped/dingo_ws/install/dingo_peripheral_interfacing/lib/python3.12/site-packages:/home/tdp378/DingoQuadruped/dingo_ws/install/dingo_control/lib/python3.12/site-packages:/home/tdp378/DingoQuadruped/dingo_ws/build/dingo_utilities/src:/home/tdp378/DingoQuadruped/dingo_ws/install/dingo_utilities/lib/python3.12/site-packages:/home/tdp378/DingoQuadruped/dingo_ws/install/dingo_servo_interfacing/lib/python3.12/site-packages:/home/tdp378/DingoQuadruped/dingo_ws/install/dingo_peripheral_msgs/lib/python3.12/site-packages:/home/tdp378/DingoQuadruped/dingo_ws/install/dingo_control_msgs/lib/python3.12/site-packages:/home/tdp378/DingoQuadruped/dingo_ws/install/dingo/lib/python3.12/site-packages:/home/tdp378/jax_champ/install/champ_msgs/lib/python3.12/site-packages:/opt/ros/jazzy/lib/python3.12/site-packages /usr/bin/cmake --build /home/tdp378/DingoQuadruped/dingo_ws/build/dingo -- -j16 -l16
[1.191s] DEBUG:colcon.colcon_core.event_handler.log_command:Invoking command in '/home/tdp378/DingoQuadruped/dingo_ws/build/dingo': AMENT_PREFIX_PATH=/home/tdp378/DingoQuadruped/dingo_ws/install/dingo_utilities:/home/tdp378/DingoQuadruped/dingo_ws/install/dingo:/home/tdp378/DingoQuadruped/dingo_ws/install/dingo_input_interfacing:/home/tdp378/DingoQuadruped/dingo_ws/install/dingo_control:/home/tdp378/DingoQuadruped/dingo_ws/install/dingo_servo_interfacing:/home/tdp378/DingoQuadruped/dingo_ws/install/dingo_peripheral_interfacing:/home/tdp378/DingoQuadruped/dingo_ws/install/dingo_peripheral_msgs:/home/tdp378/DingoQuadruped/dingo_ws/install/dingo_gazebo:/home/tdp378/DingoQuadruped/dingo_ws/install/dingo_description:/home/tdp378/DingoQuadruped/dingo_ws/install/dingo_control_msgs:/home/tdp378/jax_champ/install/jax_teleop:/home/tdp378/jax_champ/install/jax_bringup:/home/tdp378/jax_champ/install/jax_locomotion:/home/tdp378/jax_champ/install/jax_hardware:/home/tdp378/jax_champ/install/jax_description:/home/tdp378/jax_champ/install/jax_behavior:/home/tdp378/jax_champ/install/champ_base:/home/tdp378/jax_champ/install/champ_msgs:/home/tdp378/jax_champ/install/champ:/home/tdp378/jax_champ/install/camera_ros:/opt/ros/jazzy CMAKE_PREFIX_PATH=/home/tdp378/DingoQuadruped/dingo_ws/install/dingo_input_interfacing:/home/tdp378/DingoQuadruped/dingo_ws/install/dingo_peripheral_interfacing:/home/tdp378/DingoQuadruped/dingo_ws/install/dingo_gazebo:/home/tdp378/DingoQuadruped/dingo_ws/install/dingo_control:/home/tdp378/DingoQuadruped/dingo_ws/install/dingo_servo_interfacing:/home/tdp378/DingoQuadruped/dingo_ws/install/dingo_peripheral_msgs:/home/tdp378/DingoQuadruped/dingo_ws/install/dingo_description:/home/tdp378/DingoQuadruped/dingo_ws/install/dingo_control_msgs:/home/tdp378/DingoQuadruped/dingo_ws/install/dingo:/home/tdp378/jax_champ/install/jax_teleop:/home/tdp378/jax_champ/install/jax_bringup:/home/tdp378/jax_champ/install/jax_locomotion:/home/tdp378/jax_champ/install/jax_hardware:/home/tdp378/jax_champ/install/jax_description:/home/tdp378/jax_champ/install/jax_behavior:/home/tdp378/jax_champ/install/champ_base:/home/tdp378/jax_champ/install/champ_msgs:/home/tdp378/jax_champ/install/champ:/home/tdp378/jax_champ/install/camera_ros:/opt/ros/jazzy/opt/gz_sim_vendor:/opt/ros/jazzy/opt/gz_sensors_vendor:/opt/ros/jazzy/opt/gz_physics_vendor:/opt/ros/jazzy/opt/sdformat_vendor:/opt/ros/jazzy/opt/gz_gui_vendor:/opt/ros/jazzy/opt/gz_transport_vendor:/opt/ros/jazzy/opt/gz_rendering_vendor:/opt/ros/jazzy/opt/gz_plugin_vendor:/opt/ros/jazzy/opt/gz_fuel_tools_vendor:/opt/ros/jazzy/opt/gz_msgs_vendor:/opt/ros/jazzy/opt/gz_common_vendor:/opt/ros/jazzy/opt/gz_math_vendor:/opt/ros/jazzy/opt/gz_utils_vendor:/opt/ros/jazzy/opt/gz_tools_vendor:/opt/ros/jazzy/opt/gz_ogre_next_vendor:/opt/ros/jazzy/opt/gz_dartsim_vendor:/opt/ros/jazzy/opt/gz_cmake_vendor:/home/tdp378/DingoQuadruped/dingo_ws/install/dingo_utilities:/opt/ros/jazzy DEBUGINFOD_URLS=https://debuginfod.ubuntu.com PYTHONPATH=/home/tdp378/DingoQuadruped/dingo_ws/install/dingo_input_interfacing/lib/python3.12/site-packages:/home/tdp378/DingoQuadruped/dingo_ws/install/dingo_peripheral_interfacing/lib/python3.12/site-packages:/home/tdp378/DingoQuadruped/dingo_ws/install/dingo_control/lib/python3.12/site-packages:/home/tdp378/DingoQuadruped/dingo_ws/build/dingo_utilities/src:/home/tdp378/DingoQuadruped/dingo_ws/install/dingo_utilities/lib/python3.12/site-packages:/home/tdp378/DingoQuadruped/dingo_ws/install/dingo_servo_interfacing/lib/python3.12/site-packages:/home/tdp378/DingoQuadruped/dingo_ws/install/dingo_peripheral_msgs/lib/python3.12/site-packages:/home/tdp378/DingoQuadruped/dingo_ws/install/dingo_control_msgs/lib/python3.12/site-packages:/home/tdp378/DingoQuadruped/dingo_ws/install/dingo/lib/python3.12/site-packages:/home/tdp378/jax_champ/install/champ_msgs/lib/python3.12/site-packages:/opt/ros/jazzy/lib/python3.12/site-packages /usr/bin/cmake --install /home/tdp378/DingoQuadruped/dingo_ws/build/dingo
[1.248s] Level 1:colcon.colcon_core.environment:create_environment_scripts_only(dingo)
[1.248s] DEBUG:colcon.colcon_core.event_handler.log_command:Invoked command in '/home/tdp378/DingoQuadruped/dingo_ws/build/dingo' returned '0': AMENT_PREFIX_PATH=/home/tdp378/DingoQuadruped/dingo_ws/install/dingo_utilities:/home/tdp378/DingoQuadruped/dingo_ws/install/dingo:/home/tdp378/DingoQuadruped/dingo_ws/install/dingo_input_interfacing:/home/tdp378/DingoQuadruped/dingo_ws/install/dingo_control:/home/tdp378/DingoQuadruped/dingo_ws/install/dingo_servo_interfacing:/home/tdp378/DingoQuadruped/dingo_ws/install/dingo_peripheral_interfacing:/home/tdp378/DingoQuadruped/dingo_ws/install/dingo_peripheral_msgs:/home/tdp378/DingoQuadruped/dingo_ws/install/dingo_gazebo:/home/tdp378/DingoQuadruped/dingo_ws/install/dingo_description:/home/tdp378/DingoQuadruped/dingo_ws/install/dingo_control_msgs:/home/tdp378/jax_champ/install/jax_teleop:/home/tdp378/jax_champ/install/jax_bringup:/home/tdp378/jax_champ/install/jax_locomotion:/home/tdp378/jax_champ/install/jax_hardware:/home/tdp378/jax_champ/install/jax_description:/home/tdp378/jax_champ/install/jax_behavior:/home/tdp378/jax_champ/install/champ_base:/home/tdp378/jax_champ/install/champ_msgs:/home/tdp378/jax_champ/install/champ:/home/tdp378/jax_champ/install/camera_ros:/opt/ros/jazzy CMAKE_PREFIX_PATH=/home/tdp378/DingoQuadruped/dingo_ws/install/dingo_input_interfacing:/home/tdp378/DingoQuadruped/dingo_ws/install/dingo_peripheral_interfacing:/home/tdp378/DingoQuadruped/dingo_ws/install/dingo_gazebo:/home/tdp378/DingoQuadruped/dingo_ws/install/dingo_control:/home/tdp378/DingoQuadruped/dingo_ws/install/dingo_servo_interfacing:/home/tdp378/DingoQuadruped/dingo_ws/install/dingo_peripheral_msgs:/home/tdp378/DingoQuadruped/dingo_ws/install/dingo_description:/home/tdp378/DingoQuadruped/dingo_ws/install/dingo_control_msgs:/home/tdp378/DingoQuadruped/dingo_ws/install/dingo:/home/tdp378/jax_champ/install/jax_teleop:/home/tdp378/jax_champ/install/jax_bringup:/home/tdp378/jax_champ/install/jax_locomotion:/home/tdp378/jax_champ/install/jax_hardware:/home/tdp378/jax_champ/install/jax_description:/home/tdp378/jax_champ/install/jax_behavior:/home/tdp378/jax_champ/install/champ_base:/home/tdp378/jax_champ/install/champ_msgs:/home/tdp378/jax_champ/install/champ:/home/tdp378/jax_champ/install/camera_ros:/opt/ros/jazzy/opt/gz_sim_vendor:/opt/ros/jazzy/opt/gz_sensors_vendor:/opt/ros/jazzy/opt/gz_physics_vendor:/opt/ros/jazzy/opt/sdformat_vendor:/opt/ros/jazzy/opt/gz_gui_vendor:/opt/ros/jazzy/opt/gz_transport_vendor:/opt/ros/jazzy/opt/gz_rendering_vendor:/opt/ros/jazzy/opt/gz_plugin_vendor:/opt/ros/jazzy/opt/gz_fuel_tools_vendor:/opt/ros/jazzy/opt/gz_msgs_vendor:/opt/ros/jazzy/opt/gz_common_vendor:/opt/ros/jazzy/opt/gz_math_vendor:/opt/ros/jazzy/opt/gz_utils_vendor:/opt/ros/jazzy/opt/gz_tools_vendor:/opt/ros/jazzy/opt/gz_ogre_next_vendor:/opt/ros/jazzy/opt/gz_dartsim_vendor:/opt/ros/jazzy/opt/gz_cmake_vendor:/home/tdp378/DingoQuadruped/dingo_ws/install/dingo_utilities:/opt/ros/jazzy DEBUGINFOD_URLS=https://debuginfod.ubuntu.com PYTHONPATH=/home/tdp378/DingoQuadruped/dingo_ws/install/dingo_input_interfacing/lib/python3.12/site-packages:/home/tdp378/DingoQuadruped/dingo_ws/install/dingo_peripheral_interfacing/lib/python3.12/site-packages:/home/tdp378/DingoQuadruped/dingo_ws/install/dingo_control/lib/python3.12/site-packages:/home/tdp378/DingoQuadruped/dingo_ws/build/dingo_utilities/src:/home/tdp378/DingoQuadruped/dingo_ws/install/dingo_utilities/lib/python3.12/site-packages:/home/tdp378/DingoQuadruped/dingo_ws/install/dingo_servo_interfacing/lib/python3.12/site-packages:/home/tdp378/DingoQuadruped/dingo_ws/install/dingo_peripheral_msgs/lib/python3.12/site-packages:/home/tdp378/DingoQuadruped/dingo_ws/install/dingo_control_msgs/lib/python3.12/site-packages:/home/tdp378/DingoQuadruped/dingo_ws/install/dingo/lib/python3.12/site-packages:/home/tdp378/jax_champ/install/champ_msgs/lib/python3.12/site-packages:/opt/ros/jazzy/lib/python3.12/site-packages /usr/bin/cmake --install /home/tdp378/DingoQuadruped/dingo_ws/build/dingo
[1.249s] Level 1:colcon.colcon_core.environment:checking '/home/tdp378/DingoQuadruped/dingo_ws/install/dingo' for CMake module files
[1.250s] Level 1:colcon.colcon_core.environment:checking '/home/tdp378/DingoQuadruped/dingo_ws/install/dingo' for CMake config files
[1.250s] Level 1:colcon.colcon_core.shell:create_environment_hook('dingo', 'cmake_prefix_path')
[1.250s] INFO:colcon.colcon_core.shell:Creating environment descriptor '/home/tdp378/DingoQuadruped/dingo_ws/install/dingo/share/dingo/hook/cmake_prefix_path.dsv'
[1.250s] INFO:colcon.colcon_core.shell:Creating environment hook '/home/tdp378/DingoQuadruped/dingo_ws/install/dingo/share/dingo/hook/cmake_prefix_path.sh'
[1.251s] Level 1:colcon.colcon_core.environment:checking '/home/tdp378/DingoQuadruped/dingo_ws/install/dingo/lib'
[1.251s] Level 1:colcon.colcon_core.environment:checking '/home/tdp378/DingoQuadruped/dingo_ws/install/dingo/bin'
[1.251s] Level 1:colcon.colcon_core.environment:checking '/home/tdp378/DingoQuadruped/dingo_ws/install/dingo/lib/pkgconfig/dingo.pc'
[1.252s] Level 1:colcon.colcon_core.environment:checking '/home/tdp378/DingoQuadruped/dingo_ws/install/dingo/lib/python3.12/site-packages'
[1.252s] Level 1:colcon.colcon_core.shell:create_environment_hook('dingo', 'pythonpath')
[1.252s] INFO:colcon.colcon_core.shell:Creating environment descriptor '/home/tdp378/DingoQuadruped/dingo_ws/install/dingo/share/dingo/hook/pythonpath.dsv'
[1.252s] INFO:colcon.colcon_core.shell:Creating environment hook '/home/tdp378/DingoQuadruped/dingo_ws/install/dingo/share/dingo/hook/pythonpath.sh'
[1.253s] Level 1:colcon.colcon_core.environment:checking '/home/tdp378/DingoQuadruped/dingo_ws/install/dingo/bin'
[1.253s] INFO:colcon.colcon_core.shell:Creating package descriptor '/home/tdp378/DingoQuadruped/dingo_ws/install/dingo/share/dingo/package.dsv'
[1.253s] INFO:colcon.colcon_core.shell:Creating package script '/home/tdp378/DingoQuadruped/dingo_ws/install/dingo/share/dingo/package.sh'
[1.254s] INFO:colcon.colcon_core.shell:Creating package script '/home/tdp378/DingoQuadruped/dingo_ws/install/dingo/share/dingo/package.bash'
[1.254s] INFO:colcon.colcon_core.shell:Creating package script '/home/tdp378/DingoQuadruped/dingo_ws/install/dingo/share/dingo/package.zsh'
[1.254s] Level 1:colcon.colcon_core.environment:create_file_with_runtime_dependencies(/home/tdp378/DingoQuadruped/dingo_ws/install/dingo/share/colcon-core/packages/dingo)
[1.255s] Level 1:colcon.colcon_core.environment:create_environment_scripts_only(dingo)
[1.255s] Level 1:colcon.colcon_core.environment:checking '/home/tdp378/DingoQuadruped/dingo_ws/install/dingo' for CMake module files
[1.255s] Level 1:colcon.colcon_core.environment:checking '/home/tdp378/DingoQuadruped/dingo_ws/install/dingo' for CMake config files
[1.255s] Level 1:colcon.colcon_core.shell:create_environment_hook('dingo', 'cmake_prefix_path')
[1.255s] INFO:colcon.colcon_core.shell:Creating environment descriptor '/home/tdp378/DingoQuadruped/dingo_ws/install/dingo/share/dingo/hook/cmake_prefix_path.dsv'
[1.256s] INFO:colcon.colcon_core.shell:Creating environment hook '/home/tdp378/DingoQuadruped/dingo_ws/install/dingo/share/dingo/hook/cmake_prefix_path.sh'
[1.256s] Level 1:colcon.colcon_core.environment:checking '/home/tdp378/DingoQuadruped/dingo_ws/install/dingo/lib'
[1.256s] Level 1:colcon.colcon_core.environment:checking '/home/tdp378/DingoQuadruped/dingo_ws/install/dingo/bin'
[1.256s] Level 1:colcon.colcon_core.environment:checking '/home/tdp378/DingoQuadruped/dingo_ws/install/dingo/lib/pkgconfig/dingo.pc'
[1.256s] Level 1:colcon.colcon_core.environment:checking '/home/tdp378/DingoQuadruped/dingo_ws/install/dingo/lib/python3.12/site-packages'
[1.256s] Level 1:colcon.colcon_core.shell:create_environment_hook('dingo', 'pythonpath')
[1.256s] INFO:colcon.colcon_core.shell:Creating environment descriptor '/home/tdp378/DingoQuadruped/dingo_ws/install/dingo/share/dingo/hook/pythonpath.dsv'
[1.257s] INFO:colcon.colcon_core.shell:Creating environment hook '/home/tdp378/DingoQuadruped/dingo_ws/install/dingo/share/dingo/hook/pythonpath.sh'
[1.257s] Level 1:colcon.colcon_core.environment:checking '/home/tdp378/DingoQuadruped/dingo_ws/install/dingo/bin'
[1.257s] INFO:colcon.colcon_core.shell:Creating package descriptor '/home/tdp378/DingoQuadruped/dingo_ws/install/dingo/share/dingo/package.dsv'
[1.258s] INFO:colcon.colcon_core.shell:Creating package script '/home/tdp378/DingoQuadruped/dingo_ws/install/dingo/share/dingo/package.sh'
[1.258s] INFO:colcon.colcon_core.shell:Creating package script '/home/tdp378/DingoQuadruped/dingo_ws/install/dingo/share/dingo/package.bash'
[1.259s] INFO:colcon.colcon_core.shell:Creating package script '/home/tdp378/DingoQuadruped/dingo_ws/install/dingo/share/dingo/package.zsh'
[1.259s] Level 1:colcon.colcon_core.environment:create_file_with_runtime_dependencies(/home/tdp378/DingoQuadruped/dingo_ws/install/dingo/share/colcon-core/packages/dingo)
[1.260s] DEBUG:colcon.colcon_parallel_executor.executor.parallel:closing loop
[1.260s] DEBUG:colcon.colcon_parallel_executor.executor.parallel:loop closed
[1.260s] DEBUG:colcon.colcon_parallel_executor.executor.parallel:run_until_complete finished with '0'
[1.260s] DEBUG:colcon.colcon_core.event_reactor:joining thread
[1.265s] INFO:colcon.colcon_core.plugin_system:Skipping extension 'colcon_notification.desktop_notification.terminal_notifier': Not used on non-Darwin systems
[1.265s] INFO:colcon.colcon_core.plugin_system:Skipping extension 'colcon_notification.desktop_notification.win32': Not used on non-Windows systems
[1.265s] INFO:colcon.colcon_notification.desktop_notification:Sending desktop notification using 'notify2'
[1.273s] DEBUG:colcon.colcon_core.event_reactor:joined thread
[1.274s] INFO:colcon.colcon_core.shell:Creating prefix script '/home/tdp378/DingoQuadruped/dingo_ws/install/local_setup.sh'
[1.274s] INFO:colcon.colcon_core.shell:Creating prefix util module '/home/tdp378/DingoQuadruped/dingo_ws/install/_local_setup_util_sh.py'
[1.275s] INFO:colcon.colcon_core.shell:Creating prefix chain script '/home/tdp378/DingoQuadruped/dingo_ws/install/setup.sh'
[1.276s] INFO:colcon.colcon_core.shell:Creating prefix script '/home/tdp378/DingoQuadruped/dingo_ws/install/local_setup.bash'
[1.276s] INFO:colcon.colcon_core.shell:Creating prefix chain script '/home/tdp378/DingoQuadruped/dingo_ws/install/setup.bash'
[1.277s] INFO:colcon.colcon_core.shell:Creating prefix script '/home/tdp378/DingoQuadruped/dingo_ws/install/local_setup.zsh'
[1.278s] INFO:colcon.colcon_core.shell:Creating prefix chain script '/home/tdp378/DingoQuadruped/dingo_ws/install/setup.zsh'
