[0.008s] Invoking command in '/home/tdp378/DingoQuadruped/build/dingo_input_interfacing': AMENT_PREFIX_PATH=/home/tdp378/DingoQuadruped/install/dingo_control:/home/tdp378/DingoQuadruped/install/dingo_utilities:/home/tdp378/DingoQuadruped/install/dingo_control_msgs:${AMENT_PREFIX_PATH} CMAKE_PREFIX_PATH=/home/tdp378/DingoQuadruped/install/dingo_control:/home/tdp378/DingoQuadruped/install/dingo_control_msgs:/home/tdp378/jax_champ/install/jax_teleop:/home/tdp378/jax_champ/install/jax_bringup:/home/tdp378/jax_champ/install/jax_locomotion:/home/tdp378/jax_champ/install/jax_hardware:/home/tdp378/jax_champ/install/jax_description:/home/tdp378/jax_champ/install/jax_behavior:/home/tdp378/jax_champ/install/champ_base:/home/tdp378/jax_champ/install/champ_msgs:/home/tdp378/jax_champ/install/champ:/home/tdp378/jax_champ/install/camera_ros:/opt/ros/jazzy/opt/gz_sim_vendor:/opt/ros/jazzy/opt/gz_sensors_vendor:/opt/ros/jazzy/opt/gz_physics_vendor:/opt/ros/jazzy/opt/sdformat_vendor:/opt/ros/jazzy/opt/gz_gui_vendor:/opt/ros/jazzy/opt/gz_transport_vendor:/opt/ros/jazzy/opt/gz_rendering_vendor:/opt/ros/jazzy/opt/gz_plugin_vendor:/opt/ros/jazzy/opt/gz_fuel_tools_vendor:/opt/ros/jazzy/opt/gz_msgs_vendor:/opt/ros/jazzy/opt/gz_common_vendor:/opt/ros/jazzy/opt/gz_math_vendor:/opt/ros/jazzy/opt/gz_utils_vendor:/opt/ros/jazzy/opt/gz_tools_vendor:/opt/ros/jazzy/opt/gz_ogre_next_vendor:/opt/ros/jazzy/opt/gz_dartsim_vendor:/opt/ros/jazzy/opt/gz_cmake_vendor:/opt/ros/jazzy DEBUGINFOD_URLS=https://debuginfod.ubuntu.com LD_LIBRARY_PATH=/home/tdp378/DingoQuadruped/install/dingo_control_msgs/lib:${LD_LIBRARY_PATH} PYTHONPATH=/home/tdp378/DingoQuadruped/install/dingo_control/lib/python3.12/site-packages:/home/tdp378/DingoQuadruped/build/dingo_utilities/src:/home/tdp378/DingoQuadruped/install/dingo_utilities/lib/python3.12/site-packages:/home/tdp378/DingoQuadruped/install/dingo_control_msgs/lib/python3.12/site-packages:${PYTHONPATH} /usr/bin/cmake /home/tdp378/DingoQuadruped/dingo_ws/src/dingo_hardware_interfacing/dingo_input_interfacing -DAMENT_CMAKE_SYMLINK_INSTALL=1 -DCMAKE_INSTALL_PREFIX=/home/tdp378/DingoQuadruped/install/dingo_input_interfacing
[0.042s] -- The C compiler identification is GNU 13.3.0
[0.087s] -- The CXX compiler identification is GNU 13.3.0
[0.097s] -- Detecting C compiler ABI info
[0.165s] -- Detecting C compiler ABI info - done
[0.180s] -- Check for working C compiler: /usr/bin/cc - skipped
[0.180s] -- Detecting C compile features
[0.180s] -- Detecting C compile features - done
[0.186s] -- Detecting CXX compiler ABI info
[0.251s] -- Detecting CXX compiler ABI info - done
[0.257s] -- Check for working CXX compiler: /usr/bin/c++ - skipped
[0.257s] -- Detecting CXX compile features
[0.258s] -- Detecting CXX compile features - done
[0.260s] -- Found ament_cmake: 2.5.5 (/opt/ros/jazzy/share/ament_cmake/cmake)
[0.362s] -- Found Python3: /usr/bin/python3 (found version "3.12.3") found components: Interpreter 
[0.410s] -- Override CMake install command with custom implementation using symlinks instead of copying resources
[0.566s] -- Configuring done (0.6s)
[0.568s] -- Generating done (0.0s)
[0.570s] -- Build files have been written to: /home/tdp378/DingoQuadruped/build/dingo_input_interfacing
[0.573s] Invoked command in '/home/tdp378/DingoQuadruped/build/dingo_input_interfacing' returned '0': AMENT_PREFIX_PATH=/home/tdp378/DingoQuadruped/install/dingo_control:/home/tdp378/DingoQuadruped/install/dingo_utilities:/home/tdp378/DingoQuadruped/install/dingo_control_msgs:${AMENT_PREFIX_PATH} CMAKE_PREFIX_PATH=/home/tdp378/DingoQuadruped/install/dingo_control:/home/tdp378/DingoQuadruped/install/dingo_control_msgs:/home/tdp378/jax_champ/install/jax_teleop:/home/tdp378/jax_champ/install/jax_bringup:/home/tdp378/jax_champ/install/jax_locomotion:/home/tdp378/jax_champ/install/jax_hardware:/home/tdp378/jax_champ/install/jax_description:/home/tdp378/jax_champ/install/jax_behavior:/home/tdp378/jax_champ/install/champ_base:/home/tdp378/jax_champ/install/champ_msgs:/home/tdp378/jax_champ/install/champ:/home/tdp378/jax_champ/install/camera_ros:/opt/ros/jazzy/opt/gz_sim_vendor:/opt/ros/jazzy/opt/gz_sensors_vendor:/opt/ros/jazzy/opt/gz_physics_vendor:/opt/ros/jazzy/opt/sdformat_vendor:/opt/ros/jazzy/opt/gz_gui_vendor:/opt/ros/jazzy/opt/gz_transport_vendor:/opt/ros/jazzy/opt/gz_rendering_vendor:/opt/ros/jazzy/opt/gz_plugin_vendor:/opt/ros/jazzy/opt/gz_fuel_tools_vendor:/opt/ros/jazzy/opt/gz_msgs_vendor:/opt/ros/jazzy/opt/gz_common_vendor:/opt/ros/jazzy/opt/gz_math_vendor:/opt/ros/jazzy/opt/gz_utils_vendor:/opt/ros/jazzy/opt/gz_tools_vendor:/opt/ros/jazzy/opt/gz_ogre_next_vendor:/opt/ros/jazzy/opt/gz_dartsim_vendor:/opt/ros/jazzy/opt/gz_cmake_vendor:/opt/ros/jazzy DEBUGINFOD_URLS=https://debuginfod.ubuntu.com LD_LIBRARY_PATH=/home/tdp378/DingoQuadruped/install/dingo_control_msgs/lib:${LD_LIBRARY_PATH} PYTHONPATH=/home/tdp378/DingoQuadruped/install/dingo_control/lib/python3.12/site-packages:/home/tdp378/DingoQuadruped/build/dingo_utilities/src:/home/tdp378/DingoQuadruped/install/dingo_utilities/lib/python3.12/site-packages:/home/tdp378/DingoQuadruped/install/dingo_control_msgs/lib/python3.12/site-packages:${PYTHONPATH} /usr/bin/cmake /home/tdp378/DingoQuadruped/dingo_ws/src/dingo_hardware_interfacing/dingo_input_interfacing -DAMENT_CMAKE_SYMLINK_INSTALL=1 -DCMAKE_INSTALL_PREFIX=/home/tdp378/DingoQuadruped/install/dingo_input_interfacing
[0.573s] Invoking command in '/home/tdp378/DingoQuadruped/build/dingo_input_interfacing': AMENT_PREFIX_PATH=/home/tdp378/DingoQuadruped/install/dingo_control:/home/tdp378/DingoQuadruped/install/dingo_utilities:/home/tdp378/DingoQuadruped/install/dingo_control_msgs:${AMENT_PREFIX_PATH} CMAKE_PREFIX_PATH=/home/tdp378/DingoQuadruped/install/dingo_control:/home/tdp378/DingoQuadruped/install/dingo_control_msgs:/home/tdp378/jax_champ/install/jax_teleop:/home/tdp378/jax_champ/install/jax_bringup:/home/tdp378/jax_champ/install/jax_locomotion:/home/tdp378/jax_champ/install/jax_hardware:/home/tdp378/jax_champ/install/jax_description:/home/tdp378/jax_champ/install/jax_behavior:/home/tdp378/jax_champ/install/champ_base:/home/tdp378/jax_champ/install/champ_msgs:/home/tdp378/jax_champ/install/champ:/home/tdp378/jax_champ/install/camera_ros:/opt/ros/jazzy/opt/gz_sim_vendor:/opt/ros/jazzy/opt/gz_sensors_vendor:/opt/ros/jazzy/opt/gz_physics_vendor:/opt/ros/jazzy/opt/sdformat_vendor:/opt/ros/jazzy/opt/gz_gui_vendor:/opt/ros/jazzy/opt/gz_transport_vendor:/opt/ros/jazzy/opt/gz_rendering_vendor:/opt/ros/jazzy/opt/gz_plugin_vendor:/opt/ros/jazzy/opt/gz_fuel_tools_vendor:/opt/ros/jazzy/opt/gz_msgs_vendor:/opt/ros/jazzy/opt/gz_common_vendor:/opt/ros/jazzy/opt/gz_math_vendor:/opt/ros/jazzy/opt/gz_utils_vendor:/opt/ros/jazzy/opt/gz_tools_vendor:/opt/ros/jazzy/opt/gz_ogre_next_vendor:/opt/ros/jazzy/opt/gz_dartsim_vendor:/opt/ros/jazzy/opt/gz_cmake_vendor:/opt/ros/jazzy DEBUGINFOD_URLS=https://debuginfod.ubuntu.com LD_LIBRARY_PATH=/home/tdp378/DingoQuadruped/install/dingo_control_msgs/lib:${LD_LIBRARY_PATH} PYTHONPATH=/home/tdp378/DingoQuadruped/install/dingo_control/lib/python3.12/site-packages:/home/tdp378/DingoQuadruped/build/dingo_utilities/src:/home/tdp378/DingoQuadruped/install/dingo_utilities/lib/python3.12/site-packages:/home/tdp378/DingoQuadruped/install/dingo_control_msgs/lib/python3.12/site-packages:${PYTHONPATH} /usr/bin/cmake --build /home/tdp378/DingoQuadruped/build/dingo_input_interfacing -- -j16 -l16
[0.615s] Built target ament_cmake_python_symlink_dingo_input_interfacing
[0.769s] running egg_info
[0.770s] creating dingo_input_interfacing.egg-info
[0.802s] writing dingo_input_interfacing.egg-info/PKG-INFO
[0.803s] writing dependency_links to dingo_input_interfacing.egg-info/dependency_links.txt
[0.803s] writing top-level names to dingo_input_interfacing.egg-info/top_level.txt
[0.803s] writing manifest file 'dingo_input_interfacing.egg-info/SOURCES.txt'
[0.842s] reading manifest file 'dingo_input_interfacing.egg-info/SOURCES.txt'
[0.843s] writing manifest file 'dingo_input_interfacing.egg-info/SOURCES.txt'
[0.859s] Built target ament_cmake_python_build_dingo_input_interfacing_egg
[0.866s] Invoked command in '/home/tdp378/DingoQuadruped/build/dingo_input_interfacing' returned '0': AMENT_PREFIX_PATH=/home/tdp378/DingoQuadruped/install/dingo_control:/home/tdp378/DingoQuadruped/install/dingo_utilities:/home/tdp378/DingoQuadruped/install/dingo_control_msgs:${AMENT_PREFIX_PATH} CMAKE_PREFIX_PATH=/home/tdp378/DingoQuadruped/install/dingo_control:/home/tdp378/DingoQuadruped/install/dingo_control_msgs:/home/tdp378/jax_champ/install/jax_teleop:/home/tdp378/jax_champ/install/jax_bringup:/home/tdp378/jax_champ/install/jax_locomotion:/home/tdp378/jax_champ/install/jax_hardware:/home/tdp378/jax_champ/install/jax_description:/home/tdp378/jax_champ/install/jax_behavior:/home/tdp378/jax_champ/install/champ_base:/home/tdp378/jax_champ/install/champ_msgs:/home/tdp378/jax_champ/install/champ:/home/tdp378/jax_champ/install/camera_ros:/opt/ros/jazzy/opt/gz_sim_vendor:/opt/ros/jazzy/opt/gz_sensors_vendor:/opt/ros/jazzy/opt/gz_physics_vendor:/opt/ros/jazzy/opt/sdformat_vendor:/opt/ros/jazzy/opt/gz_gui_vendor:/opt/ros/jazzy/opt/gz_transport_vendor:/opt/ros/jazzy/opt/gz_rendering_vendor:/opt/ros/jazzy/opt/gz_plugin_vendor:/opt/ros/jazzy/opt/gz_fuel_tools_vendor:/opt/ros/jazzy/opt/gz_msgs_vendor:/opt/ros/jazzy/opt/gz_common_vendor:/opt/ros/jazzy/opt/gz_math_vendor:/opt/ros/jazzy/opt/gz_utils_vendor:/opt/ros/jazzy/opt/gz_tools_vendor:/opt/ros/jazzy/opt/gz_ogre_next_vendor:/opt/ros/jazzy/opt/gz_dartsim_vendor:/opt/ros/jazzy/opt/gz_cmake_vendor:/opt/ros/jazzy DEBUGINFOD_URLS=https://debuginfod.ubuntu.com LD_LIBRARY_PATH=/home/tdp378/DingoQuadruped/install/dingo_control_msgs/lib:${LD_LIBRARY_PATH} PYTHONPATH=/home/tdp378/DingoQuadruped/install/dingo_control/lib/python3.12/site-packages:/home/tdp378/DingoQuadruped/build/dingo_utilities/src:/home/tdp378/DingoQuadruped/install/dingo_utilities/lib/python3.12/site-packages:/home/tdp378/DingoQuadruped/install/dingo_control_msgs/lib/python3.12/site-packages:${PYTHONPATH} /usr/bin/cmake --build /home/tdp378/DingoQuadruped/build/dingo_input_interfacing -- -j16 -l16
[0.867s] Invoking command in '/home/tdp378/DingoQuadruped/build/dingo_input_interfacing': AMENT_PREFIX_PATH=/home/tdp378/DingoQuadruped/install/dingo_control:/home/tdp378/DingoQuadruped/install/dingo_utilities:/home/tdp378/DingoQuadruped/install/dingo_control_msgs:${AMENT_PREFIX_PATH} CMAKE_PREFIX_PATH=/home/tdp378/DingoQuadruped/install/dingo_control:/home/tdp378/DingoQuadruped/install/dingo_control_msgs:/home/tdp378/jax_champ/install/jax_teleop:/home/tdp378/jax_champ/install/jax_bringup:/home/tdp378/jax_champ/install/jax_locomotion:/home/tdp378/jax_champ/install/jax_hardware:/home/tdp378/jax_champ/install/jax_description:/home/tdp378/jax_champ/install/jax_behavior:/home/tdp378/jax_champ/install/champ_base:/home/tdp378/jax_champ/install/champ_msgs:/home/tdp378/jax_champ/install/champ:/home/tdp378/jax_champ/install/camera_ros:/opt/ros/jazzy/opt/gz_sim_vendor:/opt/ros/jazzy/opt/gz_sensors_vendor:/opt/ros/jazzy/opt/gz_physics_vendor:/opt/ros/jazzy/opt/sdformat_vendor:/opt/ros/jazzy/opt/gz_gui_vendor:/opt/ros/jazzy/opt/gz_transport_vendor:/opt/ros/jazzy/opt/gz_rendering_vendor:/opt/ros/jazzy/opt/gz_plugin_vendor:/opt/ros/jazzy/opt/gz_fuel_tools_vendor:/opt/ros/jazzy/opt/gz_msgs_vendor:/opt/ros/jazzy/opt/gz_common_vendor:/opt/ros/jazzy/opt/gz_math_vendor:/opt/ros/jazzy/opt/gz_utils_vendor:/opt/ros/jazzy/opt/gz_tools_vendor:/opt/ros/jazzy/opt/gz_ogre_next_vendor:/opt/ros/jazzy/opt/gz_dartsim_vendor:/opt/ros/jazzy/opt/gz_cmake_vendor:/opt/ros/jazzy DEBUGINFOD_URLS=https://debuginfod.ubuntu.com LD_LIBRARY_PATH=/home/tdp378/DingoQuadruped/install/dingo_control_msgs/lib:${LD_LIBRARY_PATH} PYTHONPATH=/home/tdp378/DingoQuadruped/install/dingo_control/lib/python3.12/site-packages:/home/tdp378/DingoQuadruped/build/dingo_utilities/src:/home/tdp378/DingoQuadruped/install/dingo_utilities/lib/python3.12/site-packages:/home/tdp378/DingoQuadruped/install/dingo_control_msgs/lib/python3.12/site-packages:${PYTHONPATH} /usr/bin/cmake --install /home/tdp378/DingoQuadruped/build/dingo_input_interfacing
[0.872s] -- Install configuration: ""
[0.872s] -- Execute custom install script
[0.872s] -- Symlinking: /home/tdp378/DingoQuadruped/install/dingo_input_interfacing/share/dingo_input_interfacing/environment/pythonpath.sh
[0.878s] -- Symlinking: /home/tdp378/DingoQuadruped/install/dingo_input_interfacing/share/dingo_input_interfacing/environment/pythonpath.dsv
[0.884s] -- Symlinking: /home/tdp378/DingoQuadruped/install/dingo_input_interfacing/lib/python3.12/site-packages/dingo_input_interfacing-0.0.0-py3.12.egg-info/PKG-INFO
[0.890s] -- Symlinking: /home/tdp378/DingoQuadruped/install/dingo_input_interfacing/lib/python3.12/site-packages/dingo_input_interfacing-0.0.0-py3.12.egg-info/SOURCES.txt
[0.897s] -- Symlinking: /home/tdp378/DingoQuadruped/install/dingo_input_interfacing/lib/python3.12/site-packages/dingo_input_interfacing-0.0.0-py3.12.egg-info/dependency_links.txt
[0.903s] -- Symlinking: /home/tdp378/DingoQuadruped/install/dingo_input_interfacing/lib/python3.12/site-packages/dingo_input_interfacing-0.0.0-py3.12.egg-info/top_level.txt
[0.910s] -- Symlinking: /home/tdp378/DingoQuadruped/install/dingo_input_interfacing/lib/python3.12/site-packages/dingo_input_interfacing/HardwareConfig.py
[0.916s] -- Symlinking: /home/tdp378/DingoQuadruped/install/dingo_input_interfacing/lib/python3.12/site-packages/dingo_input_interfacing/InputInterface.py
[0.922s] -- Symlinking: /home/tdp378/DingoQuadruped/install/dingo_input_interfacing/lib/python3.12/site-packages/dingo_input_interfacing/__init__.py
[0.929s] -- Symlinking: /home/tdp378/DingoQuadruped/install/dingo_input_interfacing/lib/dingo_input_interfacing/Keyboard.py
[0.934s] -- Symlinking: /home/tdp378/DingoQuadruped/install/dingo_input_interfacing/share/ament_index/resource_index/package_run_dependencies/dingo_input_interfacing
[0.940s] -- Symlinking: /home/tdp378/DingoQuadruped/install/dingo_input_interfacing/share/ament_index/resource_index/parent_prefix_path/dingo_input_interfacing
[0.946s] -- Symlinking: /home/tdp378/DingoQuadruped/install/dingo_input_interfacing/share/dingo_input_interfacing/environment/ament_prefix_path.sh
[0.952s] -- Symlinking: /home/tdp378/DingoQuadruped/install/dingo_input_interfacing/share/dingo_input_interfacing/environment/ament_prefix_path.dsv
[0.958s] -- Symlinking: /home/tdp378/DingoQuadruped/install/dingo_input_interfacing/share/dingo_input_interfacing/environment/path.sh
[0.963s] -- Symlinking: /home/tdp378/DingoQuadruped/install/dingo_input_interfacing/share/dingo_input_interfacing/environment/path.dsv
[0.969s] -- Symlinking: /home/tdp378/DingoQuadruped/install/dingo_input_interfacing/share/dingo_input_interfacing/local_setup.bash
[0.975s] -- Symlinking: /home/tdp378/DingoQuadruped/install/dingo_input_interfacing/share/dingo_input_interfacing/local_setup.sh
[0.980s] -- Symlinking: /home/tdp378/DingoQuadruped/install/dingo_input_interfacing/share/dingo_input_interfacing/local_setup.zsh
[0.986s] -- Symlinking: /home/tdp378/DingoQuadruped/install/dingo_input_interfacing/share/dingo_input_interfacing/local_setup.dsv
[0.992s] -- Symlinking: /home/tdp378/DingoQuadruped/install/dingo_input_interfacing/share/dingo_input_interfacing/package.dsv
[0.997s] -- Symlinking: /home/tdp378/DingoQuadruped/install/dingo_input_interfacing/share/ament_index/resource_index/packages/dingo_input_interfacing
[1.004s] -- Symlinking: /home/tdp378/DingoQuadruped/install/dingo_input_interfacing/share/dingo_input_interfacing/cmake/dingo_input_interfacingConfig.cmake
[1.010s] -- Symlinking: /home/tdp378/DingoQuadruped/install/dingo_input_interfacing/share/dingo_input_interfacing/cmake/dingo_input_interfacingConfig-version.cmake
[1.016s] -- Symlinking: /home/tdp378/DingoQuadruped/install/dingo_input_interfacing/share/dingo_input_interfacing/package.xml
[1.048s] Listing '/home/tdp378/DingoQuadruped/install/dingo_input_interfacing/lib/python3.12/site-packages/dingo_input_interfacing'...
[1.048s] Compiling '/home/tdp378/DingoQuadruped/install/dingo_input_interfacing/lib/python3.12/site-packages/dingo_input_interfacing/HardwareConfig.py'...
[1.048s] Compiling '/home/tdp378/DingoQuadruped/install/dingo_input_interfacing/lib/python3.12/site-packages/dingo_input_interfacing/InputInterface.py'...
[1.048s] Compiling '/home/tdp378/DingoQuadruped/install/dingo_input_interfacing/lib/python3.12/site-packages/dingo_input_interfacing/__init__.py'...
[1.053s] Invoked command in '/home/tdp378/DingoQuadruped/build/dingo_input_interfacing' returned '0': AMENT_PREFIX_PATH=/home/tdp378/DingoQuadruped/install/dingo_control:/home/tdp378/DingoQuadruped/install/dingo_utilities:/home/tdp378/DingoQuadruped/install/dingo_control_msgs:${AMENT_PREFIX_PATH} CMAKE_PREFIX_PATH=/home/tdp378/DingoQuadruped/install/dingo_control:/home/tdp378/DingoQuadruped/install/dingo_control_msgs:/home/tdp378/jax_champ/install/jax_teleop:/home/tdp378/jax_champ/install/jax_bringup:/home/tdp378/jax_champ/install/jax_locomotion:/home/tdp378/jax_champ/install/jax_hardware:/home/tdp378/jax_champ/install/jax_description:/home/tdp378/jax_champ/install/jax_behavior:/home/tdp378/jax_champ/install/champ_base:/home/tdp378/jax_champ/install/champ_msgs:/home/tdp378/jax_champ/install/champ:/home/tdp378/jax_champ/install/camera_ros:/opt/ros/jazzy/opt/gz_sim_vendor:/opt/ros/jazzy/opt/gz_sensors_vendor:/opt/ros/jazzy/opt/gz_physics_vendor:/opt/ros/jazzy/opt/sdformat_vendor:/opt/ros/jazzy/opt/gz_gui_vendor:/opt/ros/jazzy/opt/gz_transport_vendor:/opt/ros/jazzy/opt/gz_rendering_vendor:/opt/ros/jazzy/opt/gz_plugin_vendor:/opt/ros/jazzy/opt/gz_fuel_tools_vendor:/opt/ros/jazzy/opt/gz_msgs_vendor:/opt/ros/jazzy/opt/gz_common_vendor:/opt/ros/jazzy/opt/gz_math_vendor:/opt/ros/jazzy/opt/gz_utils_vendor:/opt/ros/jazzy/opt/gz_tools_vendor:/opt/ros/jazzy/opt/gz_ogre_next_vendor:/opt/ros/jazzy/opt/gz_dartsim_vendor:/opt/ros/jazzy/opt/gz_cmake_vendor:/opt/ros/jazzy DEBUGINFOD_URLS=https://debuginfod.ubuntu.com LD_LIBRARY_PATH=/home/tdp378/DingoQuadruped/install/dingo_control_msgs/lib:${LD_LIBRARY_PATH} PYTHONPATH=/home/tdp378/DingoQuadruped/install/dingo_control/lib/python3.12/site-packages:/home/tdp378/DingoQuadruped/build/dingo_utilities/src:/home/tdp378/DingoQuadruped/install/dingo_utilities/lib/python3.12/site-packages:/home/tdp378/DingoQuadruped/install/dingo_control_msgs/lib/python3.12/site-packages:${PYTHONPATH} /usr/bin/cmake --install /home/tdp378/DingoQuadruped/build/dingo_input_interfacing
