[0.306s] DEBUG:colcon:Command line arguments: ['/usr/bin/colcon', 'build', '--symlink-install', '--packages-select', 'dingo_behaviors', 'dingo_gazebo', 'dingo']
[0.306s] DEBUG:colcon:Parsed command line arguments: Namespace(log_base=None, log_level=None, verb_name='build', build_base='build', install_base='install', merge_install=False, symlink_install=True, test_result_base=None, continue_on_error=False, executor='parallel', parallel_workers=16, event_handlers=None, ignore_user_meta=False, metas=['./colcon.meta'], base_paths=['.'], packages_ignore=None, packages_ignore_regex=None, paths=None, packages_up_to=None, packages_up_to_regex=None, packages_above=None, packages_above_and_dependencies=None, packages_above_depth=None, packages_select_by_dep=None, packages_skip_by_dep=None, packages_skip_up_to=None, packages_select_build_failed=False, packages_skip_build_finished=False, packages_select_test_failures=False, packages_skip_test_passed=False, packages_select=['dingo_behaviors', 'dingo_gazebo', 'dingo'], packages_skip=None, packages_select_regex=None, packages_skip_regex=None, packages_start=None, packages_end=None, cmake_args=None, cmake_target=None, cmake_target_skip_unavailable=False, cmake_clean_cache=False, cmake_clean_first=False, cmake_force_configure=False, ament_cmake_args=None, catkin_cmake_args=None, catkin_skip_building_tests=False, verb_parser=<colcon_defaults.argument_parser.defaults.DefaultArgumentsDecorator object at 0x7c2dc7702120>, verb_extension=<colcon_core.verb.build.BuildVerb object at 0x7c2dc7701fa0>, main=<bound method BuildVerb.main of <colcon_core.verb.build.BuildVerb object at 0x7c2dc7701fa0>>)
[0.440s] Level 1:colcon.colcon_core.package_discovery:discover_packages(colcon_meta) check parameters
[0.440s] Level 1:colcon.colcon_core.package_discovery:discover_packages(recursive) check parameters
[0.440s] Level 1:colcon.colcon_core.package_discovery:discover_packages(ignore) check parameters
[0.440s] Level 1:colcon.colcon_core.package_discovery:discover_packages(path) check parameters
[0.440s] Level 1:colcon.colcon_core.package_discovery:discover_packages(colcon_meta) discover
[0.440s] Level 1:colcon.colcon_core.package_discovery:discover_packages(recursive) discover
[0.441s] INFO:colcon.colcon_core.package_discovery:Crawling recursively for packages in '/home/tdp378/DingoQuadruped/dingo_ws'
[0.441s] Level 1:colcon.colcon_core.package_identification:_identify(.) by extensions ['ignore', 'ignore_ament_install']
[0.441s] Level 1:colcon.colcon_core.package_identification:_identify(.) by extension 'ignore'
[0.441s] Level 1:colcon.colcon_core.package_identification:_identify(.) by extension 'ignore_ament_install'
[0.441s] Level 1:colcon.colcon_core.package_identification:_identify(.) by extensions ['colcon_pkg']
[0.441s] Level 1:colcon.colcon_core.package_identification:_identify(.) by extension 'colcon_pkg'
[0.441s] Level 1:colcon.colcon_core.package_identification:_identify(.) by extensions ['colcon_meta']
[0.441s] Level 1:colcon.colcon_core.package_identification:_identify(.) by extension 'colcon_meta'
[0.441s] Level 1:colcon.colcon_core.package_identification:_identify(.) by extensions ['ros']
[0.441s] Level 1:colcon.colcon_core.package_identification:_identify(.) by extension 'ros'
[0.488s] Level 1:colcon.colcon_core.package_identification:_identify(.) by extensions ['cmake', 'python']
[0.488s] Level 1:colcon.colcon_core.package_identification:_identify(.) by extension 'cmake'
[0.488s] Level 1:colcon.colcon_core.package_identification:_identify(.) by extension 'python'
[0.488s] Level 1:colcon.colcon_core.package_identification:_identify(.) by extensions ['python_setup_py']
[0.488s] Level 1:colcon.colcon_core.package_identification:_identify(.) by extension 'python_setup_py'
[0.488s] Level 1:colcon.colcon_core.package_identification:_identify(build) by extensions ['ignore', 'ignore_ament_install']
[0.488s] Level 1:colcon.colcon_core.package_identification:_identify(build) by extension 'ignore'
[0.488s] Level 1:colcon.colcon_core.package_identification:_identify(build) ignored
[0.488s] Level 1:colcon.colcon_core.package_identification:_identify(install) by extensions ['ignore', 'ignore_ament_install']
[0.488s] Level 1:colcon.colcon_core.package_identification:_identify(install) by extension 'ignore'
[0.489s] Level 1:colcon.colcon_core.package_identification:_identify(install) ignored
[0.489s] Level 1:colcon.colcon_core.package_identification:_identify(log) by extensions ['ignore', 'ignore_ament_install']
[0.489s] Level 1:colcon.colcon_core.package_identification:_identify(log) by extension 'ignore'
[0.489s] Level 1:colcon.colcon_core.package_identification:_identify(log) ignored
[0.489s] Level 1:colcon.colcon_core.package_identification:_identify(src) by extensions ['ignore', 'ignore_ament_install']
[0.489s] Level 1:colcon.colcon_core.package_identification:_identify(src) by extension 'ignore'
[0.489s] Level 1:colcon.colcon_core.package_identification:_identify(src) by extension 'ignore_ament_install'
[0.489s] Level 1:colcon.colcon_core.package_identification:_identify(src) by extensions ['colcon_pkg']
[0.489s] Level 1:colcon.colcon_core.package_identification:_identify(src) by extension 'colcon_pkg'
[0.489s] Level 1:colcon.colcon_core.package_identification:_identify(src) by extensions ['colcon_meta']
[0.489s] Level 1:colcon.colcon_core.package_identification:_identify(src) by extension 'colcon_meta'
[0.489s] Level 1:colcon.colcon_core.package_identification:_identify(src) by extensions ['ros']
[0.489s] Level 1:colcon.colcon_core.package_identification:_identify(src) by extension 'ros'
[0.489s] Level 1:colcon.colcon_core.package_identification:_identify(src) by extensions ['cmake', 'python']
[0.489s] Level 1:colcon.colcon_core.package_identification:_identify(src) by extension 'cmake'
[0.489s] Level 1:colcon.colcon_core.package_identification:_identify(src) by extension 'python'
[0.489s] Level 1:colcon.colcon_core.package_identification:_identify(src) by extensions ['python_setup_py']
[0.489s] Level 1:colcon.colcon_core.package_identification:_identify(src) by extension 'python_setup_py'
[0.489s] Level 1:colcon.colcon_core.package_identification:_identify(src/dingo) by extensions ['ignore', 'ignore_ament_install']
[0.489s] Level 1:colcon.colcon_core.package_identification:_identify(src/dingo) by extension 'ignore'
[0.489s] Level 1:colcon.colcon_core.package_identification:_identify(src/dingo) by extension 'ignore_ament_install'
[0.489s] Level 1:colcon.colcon_core.package_identification:_identify(src/dingo) by extensions ['colcon_pkg']
[0.489s] Level 1:colcon.colcon_core.package_identification:_identify(src/dingo) by extension 'colcon_pkg'
[0.489s] Level 1:colcon.colcon_core.package_identification:_identify(src/dingo) by extensions ['colcon_meta']
[0.489s] Level 1:colcon.colcon_core.package_identification:_identify(src/dingo) by extension 'colcon_meta'
[0.490s] Level 1:colcon.colcon_core.package_identification:_identify(src/dingo) by extensions ['ros']
[0.490s] Level 1:colcon.colcon_core.package_identification:_identify(src/dingo) by extension 'ros'
[0.494s] DEBUG:colcon.colcon_core.package_identification:Package 'src/dingo' with type 'ros.ament_cmake' and name 'dingo'
[0.495s] Level 1:colcon.colcon_core.package_identification:_identify(src/dingo_behaviors) by extensions ['ignore', 'ignore_ament_install']
[0.495s] Level 1:colcon.colcon_core.package_identification:_identify(src/dingo_behaviors) by extension 'ignore'
[0.495s] Level 1:colcon.colcon_core.package_identification:_identify(src/dingo_behaviors) by extension 'ignore_ament_install'
[0.495s] Level 1:colcon.colcon_core.package_identification:_identify(src/dingo_behaviors) by extensions ['colcon_pkg']
[0.495s] Level 1:colcon.colcon_core.package_identification:_identify(src/dingo_behaviors) by extension 'colcon_pkg'
[0.495s] Level 1:colcon.colcon_core.package_identification:_identify(src/dingo_behaviors) by extensions ['colcon_meta']
[0.495s] Level 1:colcon.colcon_core.package_identification:_identify(src/dingo_behaviors) by extension 'colcon_meta'
[0.495s] Level 1:colcon.colcon_core.package_identification:_identify(src/dingo_behaviors) by extensions ['ros']
[0.495s] Level 1:colcon.colcon_core.package_identification:_identify(src/dingo_behaviors) by extension 'ros'
[0.495s] DEBUG:colcon.colcon_core.package_identification:Package 'src/dingo_behaviors' with type 'ros.ament_cmake' and name 'dingo_behaviors'
[0.495s] Level 1:colcon.colcon_core.package_identification:_identify(src/dingo_control) by extensions ['ignore', 'ignore_ament_install']
[0.495s] Level 1:colcon.colcon_core.package_identification:_identify(src/dingo_control) by extension 'ignore'
[0.495s] Level 1:colcon.colcon_core.package_identification:_identify(src/dingo_control) by extension 'ignore_ament_install'
[0.495s] Level 1:colcon.colcon_core.package_identification:_identify(src/dingo_control) by extensions ['colcon_pkg']
[0.496s] Level 1:colcon.colcon_core.package_identification:_identify(src/dingo_control) by extension 'colcon_pkg'
[0.496s] Level 1:colcon.colcon_core.package_identification:_identify(src/dingo_control) by extensions ['colcon_meta']
[0.496s] Level 1:colcon.colcon_core.package_identification:_identify(src/dingo_control) by extension 'colcon_meta'
[0.496s] Level 1:colcon.colcon_core.package_identification:_identify(src/dingo_control) by extensions ['ros']
[0.496s] Level 1:colcon.colcon_core.package_identification:_identify(src/dingo_control) by extension 'ros'
[0.496s] DEBUG:colcon.colcon_core.package_identification:Package 'src/dingo_control' with type 'ros.ament_cmake' and name 'dingo_control'
[0.496s] Level 1:colcon.colcon_core.package_identification:_identify(src/dingo_control_msgs) by extensions ['ignore', 'ignore_ament_install']
[0.496s] Level 1:colcon.colcon_core.package_identification:_identify(src/dingo_control_msgs) by extension 'ignore'
[0.496s] Level 1:colcon.colcon_core.package_identification:_identify(src/dingo_control_msgs) by extension 'ignore_ament_install'
[0.496s] Level 1:colcon.colcon_core.package_identification:_identify(src/dingo_control_msgs) by extensions ['colcon_pkg']
[0.496s] Level 1:colcon.colcon_core.package_identification:_identify(src/dingo_control_msgs) by extension 'colcon_pkg'
[0.497s] Level 1:colcon.colcon_core.package_identification:_identify(src/dingo_control_msgs) by extensions ['colcon_meta']
[0.497s] Level 1:colcon.colcon_core.package_identification:_identify(src/dingo_control_msgs) by extension 'colcon_meta'
[0.497s] Level 1:colcon.colcon_core.package_identification:_identify(src/dingo_control_msgs) by extensions ['ros']
[0.497s] Level 1:colcon.colcon_core.package_identification:_identify(src/dingo_control_msgs) by extension 'ros'
[0.497s] DEBUG:colcon.colcon_core.package_identification:Package 'src/dingo_control_msgs' with type 'ros.ament_cmake' and name 'dingo_control_msgs'
[0.497s] Level 1:colcon.colcon_core.package_identification:_identify(src/dingo_description) by extensions ['ignore', 'ignore_ament_install']
[0.497s] Level 1:colcon.colcon_core.package_identification:_identify(src/dingo_description) by extension 'ignore'
[0.497s] Level 1:colcon.colcon_core.package_identification:_identify(src/dingo_description) by extension 'ignore_ament_install'
[0.497s] Level 1:colcon.colcon_core.package_identification:_identify(src/dingo_description) by extensions ['colcon_pkg']
[0.497s] Level 1:colcon.colcon_core.package_identification:_identify(src/dingo_description) by extension 'colcon_pkg'
[0.497s] Level 1:colcon.colcon_core.package_identification:_identify(src/dingo_description) by extensions ['colcon_meta']
[0.497s] Level 1:colcon.colcon_core.package_identification:_identify(src/dingo_description) by extension 'colcon_meta'
[0.497s] Level 1:colcon.colcon_core.package_identification:_identify(src/dingo_description) by extensions ['ros']
[0.497s] Level 1:colcon.colcon_core.package_identification:_identify(src/dingo_description) by extension 'ros'
[0.498s] DEBUG:colcon.colcon_core.package_identification:Package 'src/dingo_description' with type 'ros.ament_cmake' and name 'dingo_description'
[0.498s] Level 1:colcon.colcon_core.package_identification:_identify(src/dingo_gazebo) by extensions ['ignore', 'ignore_ament_install']
[0.498s] Level 1:colcon.colcon_core.package_identification:_identify(src/dingo_gazebo) by extension 'ignore'
[0.498s] Level 1:colcon.colcon_core.package_identification:_identify(src/dingo_gazebo) by extension 'ignore_ament_install'
[0.498s] Level 1:colcon.colcon_core.package_identification:_identify(src/dingo_gazebo) by extensions ['colcon_pkg']
[0.498s] Level 1:colcon.colcon_core.package_identification:_identify(src/dingo_gazebo) by extension 'colcon_pkg'
[0.498s] Level 1:colcon.colcon_core.package_identification:_identify(src/dingo_gazebo) by extensions ['colcon_meta']
[0.498s] Level 1:colcon.colcon_core.package_identification:_identify(src/dingo_gazebo) by extension 'colcon_meta'
[0.498s] Level 1:colcon.colcon_core.package_identification:_identify(src/dingo_gazebo) by extensions ['ros']
[0.498s] Level 1:colcon.colcon_core.package_identification:_identify(src/dingo_gazebo) by extension 'ros'
[0.498s] DEBUG:colcon.colcon_core.package_identification:Package 'src/dingo_gazebo' with type 'ros.ament_cmake' and name 'dingo_gazebo'
[0.498s] Level 1:colcon.colcon_core.package_identification:_identify(src/dingo_hardware_interfacing) by extensions ['ignore', 'ignore_ament_install']
[0.498s] Level 1:colcon.colcon_core.package_identification:_identify(src/dingo_hardware_interfacing) by extension 'ignore'
[0.498s] Level 1:colcon.colcon_core.package_identification:_identify(src/dingo_hardware_interfacing) by extension 'ignore_ament_install'
[0.498s] Level 1:colcon.colcon_core.package_identification:_identify(src/dingo_hardware_interfacing) by extensions ['colcon_pkg']
[0.498s] Level 1:colcon.colcon_core.package_identification:_identify(src/dingo_hardware_interfacing) by extension 'colcon_pkg'
[0.498s] Level 1:colcon.colcon_core.package_identification:_identify(src/dingo_hardware_interfacing) by extensions ['colcon_meta']
[0.498s] Level 1:colcon.colcon_core.package_identification:_identify(src/dingo_hardware_interfacing) by extension 'colcon_meta'
[0.498s] Level 1:colcon.colcon_core.package_identification:_identify(src/dingo_hardware_interfacing) by extensions ['ros']
[0.498s] Level 1:colcon.colcon_core.package_identification:_identify(src/dingo_hardware_interfacing) by extension 'ros'
[0.499s] Level 1:colcon.colcon_core.package_identification:_identify(src/dingo_hardware_interfacing) by extensions ['cmake', 'python']
[0.499s] Level 1:colcon.colcon_core.package_identification:_identify(src/dingo_hardware_interfacing) by extension 'cmake'
[0.499s] Level 1:colcon.colcon_core.package_identification:_identify(src/dingo_hardware_interfacing) by extension 'python'
[0.499s] Level 1:colcon.colcon_core.package_identification:_identify(src/dingo_hardware_interfacing) by extensions ['python_setup_py']
[0.499s] Level 1:colcon.colcon_core.package_identification:_identify(src/dingo_hardware_interfacing) by extension 'python_setup_py'
[0.499s] Level 1:colcon.colcon_core.package_identification:_identify(src/dingo_hardware_interfacing/dingo_input_interfacing) by extensions ['ignore', 'ignore_ament_install']
[0.499s] Level 1:colcon.colcon_core.package_identification:_identify(src/dingo_hardware_interfacing/dingo_input_interfacing) by extension 'ignore'
[0.499s] Level 1:colcon.colcon_core.package_identification:_identify(src/dingo_hardware_interfacing/dingo_input_interfacing) by extension 'ignore_ament_install'
[0.499s] Level 1:colcon.colcon_core.package_identification:_identify(src/dingo_hardware_interfacing/dingo_input_interfacing) by extensions ['colcon_pkg']
[0.499s] Level 1:colcon.colcon_core.package_identification:_identify(src/dingo_hardware_interfacing/dingo_input_interfacing) by extension 'colcon_pkg'
[0.499s] Level 1:colcon.colcon_core.package_identification:_identify(src/dingo_hardware_interfacing/dingo_input_interfacing) by extensions ['colcon_meta']
[0.499s] Level 1:colcon.colcon_core.package_identification:_identify(src/dingo_hardware_interfacing/dingo_input_interfacing) by extension 'colcon_meta'
[0.499s] Level 1:colcon.colcon_core.package_identification:_identify(src/dingo_hardware_interfacing/dingo_input_interfacing) by extensions ['ros']
[0.499s] Level 1:colcon.colcon_core.package_identification:_identify(src/dingo_hardware_interfacing/dingo_input_interfacing) by extension 'ros'
[0.499s] DEBUG:colcon.colcon_core.package_identification:Package 'src/dingo_hardware_interfacing/dingo_input_interfacing' with type 'ros.ament_cmake' and name 'dingo_input_interfacing'
[0.500s] Level 1:colcon.colcon_core.package_identification:_identify(src/dingo_hardware_interfacing/dingo_peripheral_interfacing) by extensions ['ignore', 'ignore_ament_install']
[0.500s] Level 1:colcon.colcon_core.package_identification:_identify(src/dingo_hardware_interfacing/dingo_peripheral_interfacing) by extension 'ignore'
[0.500s] Level 1:colcon.colcon_core.package_identification:_identify(src/dingo_hardware_interfacing/dingo_peripheral_interfacing) by extension 'ignore_ament_install'
[0.500s] Level 1:colcon.colcon_core.package_identification:_identify(src/dingo_hardware_interfacing/dingo_peripheral_interfacing) by extensions ['colcon_pkg']
[0.500s] Level 1:colcon.colcon_core.package_identification:_identify(src/dingo_hardware_interfacing/dingo_peripheral_interfacing) by extension 'colcon_pkg'
[0.500s] Level 1:colcon.colcon_core.package_identification:_identify(src/dingo_hardware_interfacing/dingo_peripheral_interfacing) by extensions ['colcon_meta']
[0.500s] Level 1:colcon.colcon_core.package_identification:_identify(src/dingo_hardware_interfacing/dingo_peripheral_interfacing) by extension 'colcon_meta'
[0.500s] Level 1:colcon.colcon_core.package_identification:_identify(src/dingo_hardware_interfacing/dingo_peripheral_interfacing) by extensions ['ros']
[0.500s] Level 1:colcon.colcon_core.package_identification:_identify(src/dingo_hardware_interfacing/dingo_peripheral_interfacing) by extension 'ros'
[0.500s] DEBUG:colcon.colcon_core.package_identification:Package 'src/dingo_hardware_interfacing/dingo_peripheral_interfacing' with type 'ros.ament_cmake' and name 'dingo_peripheral_interfacing'
[0.501s] Level 1:colcon.colcon_core.package_identification:_identify(src/dingo_hardware_interfacing/dingo_servo_interfacing) by extensions ['ignore', 'ignore_ament_install']
[0.501s] Level 1:colcon.colcon_core.package_identification:_identify(src/dingo_hardware_interfacing/dingo_servo_interfacing) by extension 'ignore'
[0.501s] Level 1:colcon.colcon_core.package_identification:_identify(src/dingo_hardware_interfacing/dingo_servo_interfacing) by extension 'ignore_ament_install'
[0.501s] Level 1:colcon.colcon_core.package_identification:_identify(src/dingo_hardware_interfacing/dingo_servo_interfacing) by extensions ['colcon_pkg']
[0.501s] Level 1:colcon.colcon_core.package_identification:_identify(src/dingo_hardware_interfacing/dingo_servo_interfacing) by extension 'colcon_pkg'
[0.501s] Level 1:colcon.colcon_core.package_identification:_identify(src/dingo_hardware_interfacing/dingo_servo_interfacing) by extensions ['colcon_meta']
[0.501s] Level 1:colcon.colcon_core.package_identification:_identify(src/dingo_hardware_interfacing/dingo_servo_interfacing) by extension 'colcon_meta'
[0.501s] Level 1:colcon.colcon_core.package_identification:_identify(src/dingo_hardware_interfacing/dingo_servo_interfacing) by extensions ['ros']
[0.501s] Level 1:colcon.colcon_core.package_identification:_identify(src/dingo_hardware_interfacing/dingo_servo_interfacing) by extension 'ros'
[0.501s] DEBUG:colcon.colcon_core.package_identification:Package 'src/dingo_hardware_interfacing/dingo_servo_interfacing' with type 'ros.ament_cmake' and name 'dingo_servo_interfacing'
[0.501s] Level 1:colcon.colcon_core.package_identification:_identify(src/dingo_peripheral_msgs) by extensions ['ignore', 'ignore_ament_install']
[0.501s] Level 1:colcon.colcon_core.package_identification:_identify(src/dingo_peripheral_msgs) by extension 'ignore'
[0.501s] Level 1:colcon.colcon_core.package_identification:_identify(src/dingo_peripheral_msgs) by extension 'ignore_ament_install'
[0.502s] Level 1:colcon.colcon_core.package_identification:_identify(src/dingo_peripheral_msgs) by extensions ['colcon_pkg']
[0.502s] Level 1:colcon.colcon_core.package_identification:_identify(src/dingo_peripheral_msgs) by extension 'colcon_pkg'
[0.502s] Level 1:colcon.colcon_core.package_identification:_identify(src/dingo_peripheral_msgs) by extensions ['colcon_meta']
[0.502s] Level 1:colcon.colcon_core.package_identification:_identify(src/dingo_peripheral_msgs) by extension 'colcon_meta'
[0.502s] Level 1:colcon.colcon_core.package_identification:_identify(src/dingo_peripheral_msgs) by extensions ['ros']
[0.502s] Level 1:colcon.colcon_core.package_identification:_identify(src/dingo_peripheral_msgs) by extension 'ros'
[0.502s] DEBUG:colcon.colcon_core.package_identification:Package 'src/dingo_peripheral_msgs' with type 'ros.ament_cmake' and name 'dingo_peripheral_msgs'
[0.502s] Level 1:colcon.colcon_core.package_identification:_identify(src/dingo_utilities) by extensions ['ignore', 'ignore_ament_install']
[0.502s] Level 1:colcon.colcon_core.package_identification:_identify(src/dingo_utilities) by extension 'ignore'
[0.502s] Level 1:colcon.colcon_core.package_identification:_identify(src/dingo_utilities) by extension 'ignore_ament_install'
[0.502s] Level 1:colcon.colcon_core.package_identification:_identify(src/dingo_utilities) by extensions ['colcon_pkg']
[0.502s] Level 1:colcon.colcon_core.package_identification:_identify(src/dingo_utilities) by extension 'colcon_pkg'
[0.502s] Level 1:colcon.colcon_core.package_identification:_identify(src/dingo_utilities) by extensions ['colcon_meta']
[0.502s] Level 1:colcon.colcon_core.package_identification:_identify(src/dingo_utilities) by extension 'colcon_meta'
[0.502s] Level 1:colcon.colcon_core.package_identification:_identify(src/dingo_utilities) by extensions ['ros']
[0.502s] Level 1:colcon.colcon_core.package_identification:_identify(src/dingo_utilities) by extension 'ros'
[0.503s] DEBUG:colcon.colcon_core.package_identification:Package 'src/dingo_utilities' with type 'ros.ament_python' and name 'dingo_utilities'
[0.503s] Level 1:colcon.colcon_core.package_discovery:discover_packages(recursive) using defaults
[0.503s] Level 1:colcon.colcon_core.package_discovery:discover_packages(ignore) discover
[0.503s] Level 1:colcon.colcon_core.package_discovery:discover_packages(ignore) using defaults
[0.503s] Level 1:colcon.colcon_core.package_discovery:discover_packages(path) discover
[0.503s] Level 1:colcon.colcon_core.package_discovery:discover_packages(path) using defaults
[0.553s] INFO:colcon.colcon_core.package_selection:Skipping not selected package 'dingo_control_msgs' in 'src/dingo_control_msgs'
[0.553s] INFO:colcon.colcon_core.package_selection:Skipping not selected package 'dingo_description' in 'src/dingo_description'
[0.553s] INFO:colcon.colcon_core.package_selection:Skipping not selected package 'dingo_peripheral_msgs' in 'src/dingo_peripheral_msgs'
[0.553s] INFO:colcon.colcon_core.package_selection:Skipping not selected package 'dingo_servo_interfacing' in 'src/dingo_hardware_interfacing/dingo_servo_interfacing'
[0.553s] INFO:colcon.colcon_core.package_selection:Skipping not selected package 'dingo_utilities' in 'src/dingo_utilities'
[0.553s] INFO:colcon.colcon_core.package_selection:Skipping not selected package 'dingo_control' in 'src/dingo_control'
[0.553s] INFO:colcon.colcon_core.package_selection:Skipping not selected package 'dingo_peripheral_interfacing' in 'src/dingo_hardware_interfacing/dingo_peripheral_interfacing'
[0.553s] INFO:colcon.colcon_core.package_selection:Skipping not selected package 'dingo_input_interfacing' in 'src/dingo_hardware_interfacing/dingo_input_interfacing'
[0.553s] Level 5:colcon.colcon_core.verb:set package 'dingo_behaviors' build argument 'cmake_args' from command line to 'None'
[0.553s] Level 5:colcon.colcon_core.verb:set package 'dingo_behaviors' build argument 'cmake_target' from command line to 'None'
[0.553s] Level 5:colcon.colcon_core.verb:set package 'dingo_behaviors' build argument 'cmake_target_skip_unavailable' from command line to 'False'
[0.553s] Level 5:colcon.colcon_core.verb:set package 'dingo_behaviors' build argument 'cmake_clean_cache' from command line to 'False'
[0.553s] Level 5:colcon.colcon_core.verb:set package 'dingo_behaviors' build argument 'cmake_clean_first' from command line to 'False'
[0.553s] Level 5:colcon.colcon_core.verb:set package 'dingo_behaviors' build argument 'cmake_force_configure' from command line to 'False'
[0.553s] Level 5:colcon.colcon_core.verb:set package 'dingo_behaviors' build argument 'ament_cmake_args' from command line to 'None'
[0.553s] Level 5:colcon.colcon_core.verb:set package 'dingo_behaviors' build argument 'catkin_cmake_args' from command line to 'None'
[0.553s] Level 5:colcon.colcon_core.verb:set package 'dingo_behaviors' build argument 'catkin_skip_building_tests' from command line to 'False'
[0.553s] DEBUG:colcon.colcon_core.verb:Building package 'dingo_behaviors' with the following arguments: {'ament_cmake_args': None, 'build_base': '/home/tdp378/DingoQuadruped/dingo_ws/build/dingo_behaviors', 'catkin_cmake_args': None, 'catkin_skip_building_tests': False, 'cmake_args': None, 'cmake_clean_cache': False, 'cmake_clean_first': False, 'cmake_force_configure': False, 'cmake_target': None, 'cmake_target_skip_unavailable': False, 'install_base': '/home/tdp378/DingoQuadruped/dingo_ws/install/dingo_behaviors', 'merge_install': False, 'path': '/home/tdp378/DingoQuadruped/dingo_ws/src/dingo_behaviors', 'symlink_install': True, 'test_result_base': None}
[0.554s] Level 5:colcon.colcon_core.verb:set package 'dingo_gazebo' build argument 'cmake_args' from command line to 'None'
[0.554s] Level 5:colcon.colcon_core.verb:set package 'dingo_gazebo' build argument 'cmake_target' from command line to 'None'
[0.554s] Level 5:colcon.colcon_core.verb:set package 'dingo_gazebo' build argument 'cmake_target_skip_unavailable' from command line to 'False'
[0.554s] Level 5:colcon.colcon_core.verb:set package 'dingo_gazebo' build argument 'cmake_clean_cache' from command line to 'False'
[0.554s] Level 5:colcon.colcon_core.verb:set package 'dingo_gazebo' build argument 'cmake_clean_first' from command line to 'False'
[0.554s] Level 5:colcon.colcon_core.verb:set package 'dingo_gazebo' build argument 'cmake_force_configure' from command line to 'False'
[0.554s] Level 5:colcon.colcon_core.verb:set package 'dingo_gazebo' build argument 'ament_cmake_args' from command line to 'None'
[0.554s] Level 5:colcon.colcon_core.verb:set package 'dingo_gazebo' build argument 'catkin_cmake_args' from command line to 'None'
[0.554s] Level 5:colcon.colcon_core.verb:set package 'dingo_gazebo' build argument 'catkin_skip_building_tests' from command line to 'False'
[0.554s] DEBUG:colcon.colcon_core.verb:Building package 'dingo_gazebo' with the following arguments: {'ament_cmake_args': None, 'build_base': '/home/tdp378/DingoQuadruped/dingo_ws/build/dingo_gazebo', 'catkin_cmake_args': None, 'catkin_skip_building_tests': False, 'cmake_args': None, 'cmake_clean_cache': False, 'cmake_clean_first': False, 'cmake_force_configure': False, 'cmake_target': None, 'cmake_target_skip_unavailable': False, 'install_base': '/home/tdp378/DingoQuadruped/dingo_ws/install/dingo_gazebo', 'merge_install': False, 'path': '/home/tdp378/DingoQuadruped/dingo_ws/src/dingo_gazebo', 'symlink_install': True, 'test_result_base': None}
[0.554s] Level 5:colcon.colcon_core.verb:set package 'dingo' build argument 'cmake_args' from command line to 'None'
[0.554s] Level 5:colcon.colcon_core.verb:set package 'dingo' build argument 'cmake_target' from command line to 'None'
[0.554s] Level 5:colcon.colcon_core.verb:set package 'dingo' build argument 'cmake_target_skip_unavailable' from command line to 'False'
[0.554s] Level 5:colcon.colcon_core.verb:set package 'dingo' build argument 'cmake_clean_cache' from command line to 'False'
[0.554s] Level 5:colcon.colcon_core.verb:set package 'dingo' build argument 'cmake_clean_first' from command line to 'False'
[0.554s] Level 5:colcon.colcon_core.verb:set package 'dingo' build argument 'cmake_force_configure' from command line to 'False'
[0.554s] Level 5:colcon.colcon_core.verb:set package 'dingo' build argument 'ament_cmake_args' from command line to 'None'
[0.554s] Level 5:colcon.colcon_core.verb:set package 'dingo' build argument 'catkin_cmake_args' from command line to 'None'
[0.554s] Level 5:colcon.colcon_core.verb:set package 'dingo' build argument 'catkin_skip_building_tests' from command line to 'False'
[0.554s] DEBUG:colcon.colcon_core.verb:Building package 'dingo' with the following arguments: {'ament_cmake_args': None, 'build_base': '/home/tdp378/DingoQuadruped/dingo_ws/build/dingo', 'catkin_cmake_args': None, 'catkin_skip_building_tests': False, 'cmake_args': None, 'cmake_clean_cache': False, 'cmake_clean_first': False, 'cmake_force_configure': False, 'cmake_target': None, 'cmake_target_skip_unavailable': False, 'install_base': '/home/tdp378/DingoQuadruped/dingo_ws/install/dingo', 'merge_install': False, 'path': '/home/tdp378/DingoQuadruped/dingo_ws/src/dingo', 'symlink_install': True, 'test_result_base': None}
[0.554s] INFO:colcon.colcon_core.executor:Executing jobs using 'parallel' executor
[0.555s] DEBUG:colcon.colcon_parallel_executor.executor.parallel:run_until_complete
[0.555s] INFO:colcon.colcon_ros.task.ament_cmake.build:Building ROS package in '/home/tdp378/DingoQuadruped/dingo_ws/src/dingo_gazebo' with build type 'ament_cmake'
[0.555s] INFO:colcon.colcon_cmake.task.cmake.build:Building CMake package in '/home/tdp378/DingoQuadruped/dingo_ws/src/dingo_gazebo'
[0.558s] INFO:colcon.colcon_core.plugin_system:Skipping extension 'colcon_core.shell.bat': Not used on non-Windows systems
[0.558s] DEBUG:colcon.colcon_core.shell:Skip shell extension 'dsv' for command environment
[0.564s] INFO:colcon.colcon_ros.task.ament_cmake.build:Building ROS package in '/home/tdp378/DingoQuadruped/dingo_ws/src/dingo_behaviors' with build type 'ament_cmake'
[0.565s] INFO:colcon.colcon_cmake.task.cmake.build:Building CMake package in '/home/tdp378/DingoQuadruped/dingo_ws/src/dingo_behaviors'
[0.565s] DEBUG:colcon.colcon_core.shell:Skip shell extension 'dsv' for command environment
[0.595s] DEBUG:colcon.colcon_core.event_handler.log_command:Invoking command in '/home/tdp378/DingoQuadruped/dingo_ws/build/dingo_behaviors': CMAKE_PREFIX_PATH=${CMAKE_PREFIX_PATH}:/home/tdp378/DingoQuadruped/dingo_ws/install/dingo_utilities:/opt/ros/jazzy DEBUGINFOD_URLS=https://debuginfod.ubuntu.com /usr/bin/cmake --build /home/tdp378/DingoQuadruped/dingo_ws/build/dingo_behaviors -- -j16 -l16
[0.598s] DEBUG:colcon.colcon_core.event_handler.log_command:Invoking command in '/home/tdp378/DingoQuadruped/dingo_ws/build/dingo_gazebo': CMAKE_PREFIX_PATH=/home/tdp378/DingoQuadruped/dingo_ws/install/dingo_description:/home/tdp378/DingoQuadruped/dingo_ws/install/dingo:/home/tdp378/DingoQuadruped/dingo_ws/install/dingo_input_interfacing:/home/tdp378/DingoQuadruped/dingo_ws/install/dingo_control:/home/tdp378/DingoQuadruped/dingo_ws/install/dingo_servo_interfacing:/home/tdp378/DingoQuadruped/dingo_ws/install/dingo_peripheral_interfacing:/home/tdp378/DingoQuadruped/dingo_ws/install/dingo_peripheral_msgs:/home/tdp378/DingoQuadruped/dingo_ws/install/dingo_gazebo:/home/tdp378/DingoQuadruped/dingo_ws/install/dingo_control_msgs:/home/tdp378/DingoQuadruped/dingo_ws/install/dingo_behaviors:/home/tdp378/jax_champ/install/jax_teleop:/home/tdp378/jax_champ/install/jax_bringup:/home/tdp378/jax_champ/install/jax_locomotion:/home/tdp378/jax_champ/install/jax_hardware:/home/tdp378/jax_champ/install/jax_description:/home/tdp378/jax_champ/install/jax_behavior:/home/tdp378/jax_champ/install/champ_base:/home/tdp378/jax_champ/install/champ_msgs:/home/tdp378/jax_champ/install/champ:/home/tdp378/jax_champ/install/camera_ros:/opt/ros/jazzy/opt/gz_sim_vendor:/opt/ros/jazzy/opt/gz_sensors_vendor:/opt/ros/jazzy/opt/gz_physics_vendor:/opt/ros/jazzy/opt/sdformat_vendor:/opt/ros/jazzy/opt/gz_gui_vendor:/opt/ros/jazzy/opt/gz_transport_vendor:/opt/ros/jazzy/opt/gz_rendering_vendor:/opt/ros/jazzy/opt/gz_plugin_vendor:/opt/ros/jazzy/opt/gz_fuel_tools_vendor:/opt/ros/jazzy/opt/gz_msgs_vendor:/opt/ros/jazzy/opt/gz_common_vendor:/opt/ros/jazzy/opt/gz_math_vendor:/opt/ros/jazzy/opt/gz_utils_vendor:/opt/ros/jazzy/opt/gz_tools_vendor:/opt/ros/jazzy/opt/gz_ogre_next_vendor:/opt/ros/jazzy/opt/gz_dartsim_vendor:/opt/ros/jazzy/opt/gz_cmake_vendor:/home/tdp378/DingoQuadruped/dingo_ws/install/dingo_utilities:/opt/ros/jazzy DEBUGINFOD_URLS=https://debuginfod.ubuntu.com /usr/bin/cmake --build /home/tdp378/DingoQuadruped/dingo_ws/build/dingo_gazebo -- -j16 -l16
[0.773s] DEBUG:colcon.colcon_core.event_handler.log_command:Invoked command in '/home/tdp378/DingoQuadruped/dingo_ws/build/dingo_behaviors' returned '0': CMAKE_PREFIX_PATH=${CMAKE_PREFIX_PATH}:/home/tdp378/DingoQuadruped/dingo_ws/install/dingo_utilities:/opt/ros/jazzy DEBUGINFOD_URLS=https://debuginfod.ubuntu.com /usr/bin/cmake --build /home/tdp378/DingoQuadruped/dingo_ws/build/dingo_behaviors -- -j16 -l16
[0.780s] DEBUG:colcon.colcon_core.event_handler.log_command:Invoking command in '/home/tdp378/DingoQuadruped/dingo_ws/build/dingo_behaviors': CMAKE_PREFIX_PATH=${CMAKE_PREFIX_PATH}:/home/tdp378/DingoQuadruped/dingo_ws/install/dingo_utilities:/opt/ros/jazzy DEBUGINFOD_URLS=https://debuginfod.ubuntu.com /usr/bin/cmake --install /home/tdp378/DingoQuadruped/dingo_ws/build/dingo_behaviors
[0.783s] DEBUG:colcon.colcon_core.event_handler.log_command:Invoked command in '/home/tdp378/DingoQuadruped/dingo_ws/build/dingo_gazebo' returned '0': CMAKE_PREFIX_PATH=/home/tdp378/DingoQuadruped/dingo_ws/install/dingo_description:/home/tdp378/DingoQuadruped/dingo_ws/install/dingo:/home/tdp378/DingoQuadruped/dingo_ws/install/dingo_input_interfacing:/home/tdp378/DingoQuadruped/dingo_ws/install/dingo_control:/home/tdp378/DingoQuadruped/dingo_ws/install/dingo_servo_interfacing:/home/tdp378/DingoQuadruped/dingo_ws/install/dingo_peripheral_interfacing:/home/tdp378/DingoQuadruped/dingo_ws/install/dingo_peripheral_msgs:/home/tdp378/DingoQuadruped/dingo_ws/install/dingo_gazebo:/home/tdp378/DingoQuadruped/dingo_ws/install/dingo_control_msgs:/home/tdp378/DingoQuadruped/dingo_ws/install/dingo_behaviors:/home/tdp378/jax_champ/install/jax_teleop:/home/tdp378/jax_champ/install/jax_bringup:/home/tdp378/jax_champ/install/jax_locomotion:/home/tdp378/jax_champ/install/jax_hardware:/home/tdp378/jax_champ/install/jax_description:/home/tdp378/jax_champ/install/jax_behavior:/home/tdp378/jax_champ/install/champ_base:/home/tdp378/jax_champ/install/champ_msgs:/home/tdp378/jax_champ/install/champ:/home/tdp378/jax_champ/install/camera_ros:/opt/ros/jazzy/opt/gz_sim_vendor:/opt/ros/jazzy/opt/gz_sensors_vendor:/opt/ros/jazzy/opt/gz_physics_vendor:/opt/ros/jazzy/opt/sdformat_vendor:/opt/ros/jazzy/opt/gz_gui_vendor:/opt/ros/jazzy/opt/gz_transport_vendor:/opt/ros/jazzy/opt/gz_rendering_vendor:/opt/ros/jazzy/opt/gz_plugin_vendor:/opt/ros/jazzy/opt/gz_fuel_tools_vendor:/opt/ros/jazzy/opt/gz_msgs_vendor:/opt/ros/jazzy/opt/gz_common_vendor:/opt/ros/jazzy/opt/gz_math_vendor:/opt/ros/jazzy/opt/gz_utils_vendor:/opt/ros/jazzy/opt/gz_tools_vendor:/opt/ros/jazzy/opt/gz_ogre_next_vendor:/opt/ros/jazzy/opt/gz_dartsim_vendor:/opt/ros/jazzy/opt/gz_cmake_vendor:/home/tdp378/DingoQuadruped/dingo_ws/install/dingo_utilities:/opt/ros/jazzy DEBUGINFOD_URLS=https://debuginfod.ubuntu.com /usr/bin/cmake --build /home/tdp378/DingoQuadruped/dingo_ws/build/dingo_gazebo -- -j16 -l16
[0.784s] DEBUG:colcon.colcon_core.event_handler.log_command:Invoking command in '/home/tdp378/DingoQuadruped/dingo_ws/build/dingo_gazebo': CMAKE_PREFIX_PATH=/home/tdp378/DingoQuadruped/dingo_ws/install/dingo_description:/home/tdp378/DingoQuadruped/dingo_ws/install/dingo:/home/tdp378/DingoQuadruped/dingo_ws/install/dingo_input_interfacing:/home/tdp378/DingoQuadruped/dingo_ws/install/dingo_control:/home/tdp378/DingoQuadruped/dingo_ws/install/dingo_servo_interfacing:/home/tdp378/DingoQuadruped/dingo_ws/install/dingo_peripheral_interfacing:/home/tdp378/DingoQuadruped/dingo_ws/install/dingo_peripheral_msgs:/home/tdp378/DingoQuadruped/dingo_ws/install/dingo_gazebo:/home/tdp378/DingoQuadruped/dingo_ws/install/dingo_control_msgs:/home/tdp378/DingoQuadruped/dingo_ws/install/dingo_behaviors:/home/tdp378/jax_champ/install/jax_teleop:/home/tdp378/jax_champ/install/jax_bringup:/home/tdp378/jax_champ/install/jax_locomotion:/home/tdp378/jax_champ/install/jax_hardware:/home/tdp378/jax_champ/install/jax_description:/home/tdp378/jax_champ/install/jax_behavior:/home/tdp378/jax_champ/install/champ_base:/home/tdp378/jax_champ/install/champ_msgs:/home/tdp378/jax_champ/install/champ:/home/tdp378/jax_champ/install/camera_ros:/opt/ros/jazzy/opt/gz_sim_vendor:/opt/ros/jazzy/opt/gz_sensors_vendor:/opt/ros/jazzy/opt/gz_physics_vendor:/opt/ros/jazzy/opt/sdformat_vendor:/opt/ros/jazzy/opt/gz_gui_vendor:/opt/ros/jazzy/opt/gz_transport_vendor:/opt/ros/jazzy/opt/gz_rendering_vendor:/opt/ros/jazzy/opt/gz_plugin_vendor:/opt/ros/jazzy/opt/gz_fuel_tools_vendor:/opt/ros/jazzy/opt/gz_msgs_vendor:/opt/ros/jazzy/opt/gz_common_vendor:/opt/ros/jazzy/opt/gz_math_vendor:/opt/ros/jazzy/opt/gz_utils_vendor:/opt/ros/jazzy/opt/gz_tools_vendor:/opt/ros/jazzy/opt/gz_ogre_next_vendor:/opt/ros/jazzy/opt/gz_dartsim_vendor:/opt/ros/jazzy/opt/gz_cmake_vendor:/home/tdp378/DingoQuadruped/dingo_ws/install/dingo_utilities:/opt/ros/jazzy DEBUGINFOD_URLS=https://debuginfod.ubuntu.com /usr/bin/cmake --install /home/tdp378/DingoQuadruped/dingo_ws/build/dingo_gazebo
[0.796s] Level 1:colcon.colcon_core.environment:create_environment_scripts_only(dingo_behaviors)
[0.797s] DEBUG:colcon.colcon_core.event_handler.log_command:Invoked command in '/home/tdp378/DingoQuadruped/dingo_ws/build/dingo_behaviors' returned '0': CMAKE_PREFIX_PATH=${CMAKE_PREFIX_PATH}:/home/tdp378/DingoQuadruped/dingo_ws/install/dingo_utilities:/opt/ros/jazzy DEBUGINFOD_URLS=https://debuginfod.ubuntu.com /usr/bin/cmake --install /home/tdp378/DingoQuadruped/dingo_ws/build/dingo_behaviors
[0.822s] Level 1:colcon.colcon_core.environment:checking '/home/tdp378/DingoQuadruped/dingo_ws/install/dingo_behaviors' for CMake module files
[0.824s] Level 1:colcon.colcon_core.environment:checking '/home/tdp378/DingoQuadruped/dingo_ws/install/dingo_behaviors' for CMake config files
[0.824s] Level 1:colcon.colcon_core.shell:create_environment_hook('dingo_behaviors', 'cmake_prefix_path')
[0.824s] INFO:colcon.colcon_core.shell:Creating environment descriptor '/home/tdp378/DingoQuadruped/dingo_ws/install/dingo_behaviors/share/dingo_behaviors/hook/cmake_prefix_path.dsv'
[0.824s] INFO:colcon.colcon_core.shell:Creating environment hook '/home/tdp378/DingoQuadruped/dingo_ws/install/dingo_behaviors/share/dingo_behaviors/hook/cmake_prefix_path.sh'
[0.825s] Level 1:colcon.colcon_core.environment:checking '/home/tdp378/DingoQuadruped/dingo_ws/install/dingo_behaviors/lib'
[0.825s] Level 1:colcon.colcon_core.environment:checking '/home/tdp378/DingoQuadruped/dingo_ws/install/dingo_behaviors/bin'
[0.825s] Level 1:colcon.colcon_core.environment:checking '/home/tdp378/DingoQuadruped/dingo_ws/install/dingo_behaviors/lib/pkgconfig/dingo_behaviors.pc'
[0.827s] Level 1:colcon.colcon_core.environment:checking '/home/tdp378/DingoQuadruped/dingo_ws/install/dingo_behaviors/lib/python3.12/site-packages'
[0.827s] Level 1:colcon.colcon_core.environment:checking '/home/tdp378/DingoQuadruped/dingo_ws/install/dingo_behaviors/bin'
[0.827s] INFO:colcon.colcon_core.shell:Creating package descriptor '/home/tdp378/DingoQuadruped/dingo_ws/install/dingo_behaviors/share/dingo_behaviors/package.dsv'
[0.827s] INFO:colcon.colcon_core.shell:Creating package script '/home/tdp378/DingoQuadruped/dingo_ws/install/dingo_behaviors/share/dingo_behaviors/package.sh'
[0.828s] INFO:colcon.colcon_core.shell:Creating package script '/home/tdp378/DingoQuadruped/dingo_ws/install/dingo_behaviors/share/dingo_behaviors/package.bash'
[0.828s] INFO:colcon.colcon_core.shell:Creating package script '/home/tdp378/DingoQuadruped/dingo_ws/install/dingo_behaviors/share/dingo_behaviors/package.zsh'
[0.834s] Level 1:colcon.colcon_core.environment:create_file_with_runtime_dependencies(/home/tdp378/DingoQuadruped/dingo_ws/install/dingo_behaviors/share/colcon-core/packages/dingo_behaviors)
[0.835s] Level 1:colcon.colcon_core.environment:create_environment_scripts_only(dingo_behaviors)
[0.835s] Level 1:colcon.colcon_core.environment:checking '/home/tdp378/DingoQuadruped/dingo_ws/install/dingo_behaviors' for CMake module files
[0.835s] Level 1:colcon.colcon_core.environment:checking '/home/tdp378/DingoQuadruped/dingo_ws/install/dingo_behaviors' for CMake config files
[0.835s] Level 1:colcon.colcon_core.shell:create_environment_hook('dingo_behaviors', 'cmake_prefix_path')
[0.835s] INFO:colcon.colcon_core.shell:Creating environment descriptor '/home/tdp378/DingoQuadruped/dingo_ws/install/dingo_behaviors/share/dingo_behaviors/hook/cmake_prefix_path.dsv'
[0.836s] INFO:colcon.colcon_core.shell:Creating environment hook '/home/tdp378/DingoQuadruped/dingo_ws/install/dingo_behaviors/share/dingo_behaviors/hook/cmake_prefix_path.sh'
[0.836s] Level 1:colcon.colcon_core.environment:checking '/home/tdp378/DingoQuadruped/dingo_ws/install/dingo_behaviors/lib'
[0.836s] Level 1:colcon.colcon_core.environment:checking '/home/tdp378/DingoQuadruped/dingo_ws/install/dingo_behaviors/bin'
[0.836s] Level 1:colcon.colcon_core.environment:checking '/home/tdp378/DingoQuadruped/dingo_ws/install/dingo_behaviors/lib/pkgconfig/dingo_behaviors.pc'
[0.836s] Level 1:colcon.colcon_core.environment:checking '/home/tdp378/DingoQuadruped/dingo_ws/install/dingo_behaviors/lib/python3.12/site-packages'
[0.836s] Level 1:colcon.colcon_core.environment:checking '/home/tdp378/DingoQuadruped/dingo_ws/install/dingo_behaviors/bin'
[0.837s] INFO:colcon.colcon_core.shell:Creating package descriptor '/home/tdp378/DingoQuadruped/dingo_ws/install/dingo_behaviors/share/dingo_behaviors/package.dsv'
[0.837s] INFO:colcon.colcon_core.shell:Creating package script '/home/tdp378/DingoQuadruped/dingo_ws/install/dingo_behaviors/share/dingo_behaviors/package.sh'
[0.837s] INFO:colcon.colcon_core.shell:Creating package script '/home/tdp378/DingoQuadruped/dingo_ws/install/dingo_behaviors/share/dingo_behaviors/package.bash'
[0.837s] INFO:colcon.colcon_core.shell:Creating package script '/home/tdp378/DingoQuadruped/dingo_ws/install/dingo_behaviors/share/dingo_behaviors/package.zsh'
[0.838s] Level 1:colcon.colcon_core.environment:create_file_with_runtime_dependencies(/home/tdp378/DingoQuadruped/dingo_ws/install/dingo_behaviors/share/colcon-core/packages/dingo_behaviors)
[0.838s] Level 1:colcon.colcon_core.environment:create_environment_scripts_only(dingo_gazebo)
[0.838s] Level 1:colcon.colcon_core.environment:checking '/home/tdp378/DingoQuadruped/dingo_ws/install/dingo_gazebo' for CMake module files
[0.839s] DEBUG:colcon.colcon_core.event_handler.log_command:Invoked command in '/home/tdp378/DingoQuadruped/dingo_ws/build/dingo_gazebo' returned '0': CMAKE_PREFIX_PATH=/home/tdp378/DingoQuadruped/dingo_ws/install/dingo_description:/home/tdp378/DingoQuadruped/dingo_ws/install/dingo:/home/tdp378/DingoQuadruped/dingo_ws/install/dingo_input_interfacing:/home/tdp378/DingoQuadruped/dingo_ws/install/dingo_control:/home/tdp378/DingoQuadruped/dingo_ws/install/dingo_servo_interfacing:/home/tdp378/DingoQuadruped/dingo_ws/install/dingo_peripheral_interfacing:/home/tdp378/DingoQuadruped/dingo_ws/install/dingo_peripheral_msgs:/home/tdp378/DingoQuadruped/dingo_ws/install/dingo_gazebo:/home/tdp378/DingoQuadruped/dingo_ws/install/dingo_control_msgs:/home/tdp378/DingoQuadruped/dingo_ws/install/dingo_behaviors:/home/tdp378/jax_champ/install/jax_teleop:/home/tdp378/jax_champ/install/jax_bringup:/home/tdp378/jax_champ/install/jax_locomotion:/home/tdp378/jax_champ/install/jax_hardware:/home/tdp378/jax_champ/install/jax_description:/home/tdp378/jax_champ/install/jax_behavior:/home/tdp378/jax_champ/install/champ_base:/home/tdp378/jax_champ/install/champ_msgs:/home/tdp378/jax_champ/install/champ:/home/tdp378/jax_champ/install/camera_ros:/opt/ros/jazzy/opt/gz_sim_vendor:/opt/ros/jazzy/opt/gz_sensors_vendor:/opt/ros/jazzy/opt/gz_physics_vendor:/opt/ros/jazzy/opt/sdformat_vendor:/opt/ros/jazzy/opt/gz_gui_vendor:/opt/ros/jazzy/opt/gz_transport_vendor:/opt/ros/jazzy/opt/gz_rendering_vendor:/opt/ros/jazzy/opt/gz_plugin_vendor:/opt/ros/jazzy/opt/gz_fuel_tools_vendor:/opt/ros/jazzy/opt/gz_msgs_vendor:/opt/ros/jazzy/opt/gz_common_vendor:/opt/ros/jazzy/opt/gz_math_vendor:/opt/ros/jazzy/opt/gz_utils_vendor:/opt/ros/jazzy/opt/gz_tools_vendor:/opt/ros/jazzy/opt/gz_ogre_next_vendor:/opt/ros/jazzy/opt/gz_dartsim_vendor:/opt/ros/jazzy/opt/gz_cmake_vendor:/home/tdp378/DingoQuadruped/dingo_ws/install/dingo_utilities:/opt/ros/jazzy DEBUGINFOD_URLS=https://debuginfod.ubuntu.com /usr/bin/cmake --install /home/tdp378/DingoQuadruped/dingo_ws/build/dingo_gazebo
[0.839s] Level 1:colcon.colcon_core.environment:checking '/home/tdp378/DingoQuadruped/dingo_ws/install/dingo_gazebo' for CMake config files
[0.839s] Level 1:colcon.colcon_core.shell:create_environment_hook('dingo_gazebo', 'cmake_prefix_path')
[0.839s] INFO:colcon.colcon_core.shell:Creating environment descriptor '/home/tdp378/DingoQuadruped/dingo_ws/install/dingo_gazebo/share/dingo_gazebo/hook/cmake_prefix_path.dsv'
[0.839s] INFO:colcon.colcon_core.shell:Creating environment hook '/home/tdp378/DingoQuadruped/dingo_ws/install/dingo_gazebo/share/dingo_gazebo/hook/cmake_prefix_path.sh'
[0.840s] Level 1:colcon.colcon_core.environment:checking '/home/tdp378/DingoQuadruped/dingo_ws/install/dingo_gazebo/lib'
[0.840s] Level 1:colcon.colcon_core.environment:checking '/home/tdp378/DingoQuadruped/dingo_ws/install/dingo_gazebo/bin'
[0.840s] Level 1:colcon.colcon_core.environment:checking '/home/tdp378/DingoQuadruped/dingo_ws/install/dingo_gazebo/lib/pkgconfig/dingo_gazebo.pc'
[0.840s] Level 1:colcon.colcon_core.environment:checking '/home/tdp378/DingoQuadruped/dingo_ws/install/dingo_gazebo/lib/python3.12/site-packages'
[0.840s] Level 1:colcon.colcon_core.environment:checking '/home/tdp378/DingoQuadruped/dingo_ws/install/dingo_gazebo/bin'
[0.840s] INFO:colcon.colcon_core.shell:Creating package descriptor '/home/tdp378/DingoQuadruped/dingo_ws/install/dingo_gazebo/share/dingo_gazebo/package.dsv'
[0.841s] INFO:colcon.colcon_core.shell:Creating package script '/home/tdp378/DingoQuadruped/dingo_ws/install/dingo_gazebo/share/dingo_gazebo/package.sh'
[0.841s] INFO:colcon.colcon_core.shell:Creating package script '/home/tdp378/DingoQuadruped/dingo_ws/install/dingo_gazebo/share/dingo_gazebo/package.bash'
[0.841s] INFO:colcon.colcon_core.shell:Creating package script '/home/tdp378/DingoQuadruped/dingo_ws/install/dingo_gazebo/share/dingo_gazebo/package.zsh'
[0.841s] Level 1:colcon.colcon_core.environment:create_file_with_runtime_dependencies(/home/tdp378/DingoQuadruped/dingo_ws/install/dingo_gazebo/share/colcon-core/packages/dingo_gazebo)
[0.841s] Level 1:colcon.colcon_core.environment:create_environment_scripts_only(dingo_gazebo)
[0.842s] Level 1:colcon.colcon_core.environment:checking '/home/tdp378/DingoQuadruped/dingo_ws/install/dingo_gazebo' for CMake module files
[0.842s] Level 1:colcon.colcon_core.environment:checking '/home/tdp378/DingoQuadruped/dingo_ws/install/dingo_gazebo' for CMake config files
[0.842s] Level 1:colcon.colcon_core.shell:create_environment_hook('dingo_gazebo', 'cmake_prefix_path')
[0.842s] INFO:colcon.colcon_core.shell:Creating environment descriptor '/home/tdp378/DingoQuadruped/dingo_ws/install/dingo_gazebo/share/dingo_gazebo/hook/cmake_prefix_path.dsv'
[0.851s] INFO:colcon.colcon_core.shell:Creating environment hook '/home/tdp378/DingoQuadruped/dingo_ws/install/dingo_gazebo/share/dingo_gazebo/hook/cmake_prefix_path.sh'
[0.851s] Level 1:colcon.colcon_core.environment:checking '/home/tdp378/DingoQuadruped/dingo_ws/install/dingo_gazebo/lib'
[0.851s] Level 1:colcon.colcon_core.environment:checking '/home/tdp378/DingoQuadruped/dingo_ws/install/dingo_gazebo/bin'
[0.851s] Level 1:colcon.colcon_core.environment:checking '/home/tdp378/DingoQuadruped/dingo_ws/install/dingo_gazebo/lib/pkgconfig/dingo_gazebo.pc'
[0.852s] Level 1:colcon.colcon_core.environment:checking '/home/tdp378/DingoQuadruped/dingo_ws/install/dingo_gazebo/lib/python3.12/site-packages'
[0.852s] Level 1:colcon.colcon_core.environment:checking '/home/tdp378/DingoQuadruped/dingo_ws/install/dingo_gazebo/bin'
[0.852s] INFO:colcon.colcon_core.shell:Creating package descriptor '/home/tdp378/DingoQuadruped/dingo_ws/install/dingo_gazebo/share/dingo_gazebo/package.dsv'
[0.852s] INFO:colcon.colcon_core.shell:Creating package script '/home/tdp378/DingoQuadruped/dingo_ws/install/dingo_gazebo/share/dingo_gazebo/package.sh'
[0.853s] INFO:colcon.colcon_core.shell:Creating package script '/home/tdp378/DingoQuadruped/dingo_ws/install/dingo_gazebo/share/dingo_gazebo/package.bash'
[0.853s] INFO:colcon.colcon_core.shell:Creating package script '/home/tdp378/DingoQuadruped/dingo_ws/install/dingo_gazebo/share/dingo_gazebo/package.zsh'
[0.854s] Level 1:colcon.colcon_core.environment:create_file_with_runtime_dependencies(/home/tdp378/DingoQuadruped/dingo_ws/install/dingo_gazebo/share/colcon-core/packages/dingo_gazebo)
[0.854s] INFO:colcon.colcon_ros.task.ament_cmake.build:Building ROS package in '/home/tdp378/DingoQuadruped/dingo_ws/src/dingo' with build type 'ament_cmake'
[0.854s] INFO:colcon.colcon_cmake.task.cmake.build:Building CMake package in '/home/tdp378/DingoQuadruped/dingo_ws/src/dingo'
[0.854s] DEBUG:colcon.colcon_core.shell:Skip shell extension 'dsv' for command environment
[0.871s] DEBUG:colcon.colcon_core.event_handler.log_command:Invoking command in '/home/tdp378/DingoQuadruped/dingo_ws/build/dingo': AMENT_PREFIX_PATH=/home/tdp378/DingoQuadruped/dingo_ws/install/dingo_utilities:/home/tdp378/DingoQuadruped/dingo_ws/install/dingo:/home/tdp378/DingoQuadruped/dingo_ws/install/dingo_input_interfacing:/home/tdp378/DingoQuadruped/dingo_ws/install/dingo_control:/home/tdp378/DingoQuadruped/dingo_ws/install/dingo_servo_interfacing:/home/tdp378/DingoQuadruped/dingo_ws/install/dingo_peripheral_interfacing:/home/tdp378/DingoQuadruped/dingo_ws/install/dingo_peripheral_msgs:/home/tdp378/DingoQuadruped/dingo_ws/install/dingo_gazebo:/home/tdp378/DingoQuadruped/dingo_ws/install/dingo_description:/home/tdp378/DingoQuadruped/dingo_ws/install/dingo_control_msgs:/home/tdp378/DingoQuadruped/dingo_ws/install/dingo_behaviors:/home/tdp378/jax_champ/install/jax_teleop:/home/tdp378/jax_champ/install/jax_bringup:/home/tdp378/jax_champ/install/jax_locomotion:/home/tdp378/jax_champ/install/jax_hardware:/home/tdp378/jax_champ/install/jax_description:/home/tdp378/jax_champ/install/jax_behavior:/home/tdp378/jax_champ/install/champ_base:/home/tdp378/jax_champ/install/champ_msgs:/home/tdp378/jax_champ/install/champ:/home/tdp378/jax_champ/install/camera_ros:/opt/ros/jazzy CMAKE_PREFIX_PATH=/home/tdp378/DingoQuadruped/dingo_ws/install/dingo_input_interfacing:/home/tdp378/DingoQuadruped/dingo_ws/install/dingo_peripheral_interfacing:/home/tdp378/DingoQuadruped/dingo_ws/install/dingo_gazebo:/home/tdp378/DingoQuadruped/dingo_ws/install/dingo_control:/home/tdp378/DingoQuadruped/dingo_ws/install/dingo_servo_interfacing:/home/tdp378/DingoQuadruped/dingo_ws/install/dingo_peripheral_msgs:/home/tdp378/DingoQuadruped/dingo_ws/install/dingo_description:/home/tdp378/DingoQuadruped/dingo_ws/install/dingo_control_msgs:/home/tdp378/DingoQuadruped/dingo_ws/install/dingo:/home/tdp378/DingoQuadruped/dingo_ws/install/dingo_behaviors:/home/tdp378/jax_champ/install/jax_teleop:/home/tdp378/jax_champ/install/jax_bringup:/home/tdp378/jax_champ/install/jax_locomotion:/home/tdp378/jax_champ/install/jax_hardware:/home/tdp378/jax_champ/install/jax_description:/home/tdp378/jax_champ/install/jax_behavior:/home/tdp378/jax_champ/install/champ_base:/home/tdp378/jax_champ/install/champ_msgs:/home/tdp378/jax_champ/install/champ:/home/tdp378/jax_champ/install/camera_ros:/opt/ros/jazzy/opt/gz_sim_vendor:/opt/ros/jazzy/opt/gz_sensors_vendor:/opt/ros/jazzy/opt/gz_physics_vendor:/opt/ros/jazzy/opt/sdformat_vendor:/opt/ros/jazzy/opt/gz_gui_vendor:/opt/ros/jazzy/opt/gz_transport_vendor:/opt/ros/jazzy/opt/gz_rendering_vendor:/opt/ros/jazzy/opt/gz_plugin_vendor:/opt/ros/jazzy/opt/gz_fuel_tools_vendor:/opt/ros/jazzy/opt/gz_msgs_vendor:/opt/ros/jazzy/opt/gz_common_vendor:/opt/ros/jazzy/opt/gz_math_vendor:/opt/ros/jazzy/opt/gz_utils_vendor:/opt/ros/jazzy/opt/gz_tools_vendor:/opt/ros/jazzy/opt/gz_ogre_next_vendor:/opt/ros/jazzy/opt/gz_dartsim_vendor:/opt/ros/jazzy/opt/gz_cmake_vendor:/home/tdp378/DingoQuadruped/dingo_ws/install/dingo_utilities:/opt/ros/jazzy DEBUGINFOD_URLS=https://debuginfod.ubuntu.com PYTHONPATH=/home/tdp378/DingoQuadruped/dingo_ws/install/dingo_input_interfacing/lib/python3.12/site-packages:/home/tdp378/DingoQuadruped/dingo_ws/install/dingo_peripheral_interfacing/lib/python3.12/site-packages:/home/tdp378/DingoQuadruped/dingo_ws/install/dingo_control/lib/python3.12/site-packages:/home/tdp378/DingoQuadruped/dingo_ws/build/dingo_utilities/src:/home/tdp378/DingoQuadruped/dingo_ws/install/dingo_utilities/lib/python3.12/site-packages:/home/tdp378/DingoQuadruped/dingo_ws/install/dingo_servo_interfacing/lib/python3.12/site-packages:/home/tdp378/DingoQuadruped/dingo_ws/install/dingo_peripheral_msgs/lib/python3.12/site-packages:/home/tdp378/DingoQuadruped/dingo_ws/install/dingo_control_msgs/lib/python3.12/site-packages:/home/tdp378/DingoQuadruped/dingo_ws/install/dingo/lib/python3.12/site-packages:/home/tdp378/jax_champ/install/champ_msgs/lib/python3.12/site-packages:/opt/ros/jazzy/lib/python3.12/site-packages /usr/bin/cmake --build /home/tdp378/DingoQuadruped/dingo_ws/build/dingo -- -j16 -l16
[1.186s] DEBUG:colcon.colcon_core.event_handler.log_command:Invoked command in '/home/tdp378/DingoQuadruped/dingo_ws/build/dingo' returned '0': AMENT_PREFIX_PATH=/home/tdp378/DingoQuadruped/dingo_ws/install/dingo_utilities:/home/tdp378/DingoQuadruped/dingo_ws/install/dingo:/home/tdp378/DingoQuadruped/dingo_ws/install/dingo_input_interfacing:/home/tdp378/DingoQuadruped/dingo_ws/install/dingo_control:/home/tdp378/DingoQuadruped/dingo_ws/install/dingo_servo_interfacing:/home/tdp378/DingoQuadruped/dingo_ws/install/dingo_peripheral_interfacing:/home/tdp378/DingoQuadruped/dingo_ws/install/dingo_peripheral_msgs:/home/tdp378/DingoQuadruped/dingo_ws/install/dingo_gazebo:/home/tdp378/DingoQuadruped/dingo_ws/install/dingo_description:/home/tdp378/DingoQuadruped/dingo_ws/install/dingo_control_msgs:/home/tdp378/DingoQuadruped/dingo_ws/install/dingo_behaviors:/home/tdp378/jax_champ/install/jax_teleop:/home/tdp378/jax_champ/install/jax_bringup:/home/tdp378/jax_champ/install/jax_locomotion:/home/tdp378/jax_champ/install/jax_hardware:/home/tdp378/jax_champ/install/jax_description:/home/tdp378/jax_champ/install/jax_behavior:/home/tdp378/jax_champ/install/champ_base:/home/tdp378/jax_champ/install/champ_msgs:/home/tdp378/jax_champ/install/champ:/home/tdp378/jax_champ/install/camera_ros:/opt/ros/jazzy CMAKE_PREFIX_PATH=/home/tdp378/DingoQuadruped/dingo_ws/install/dingo_input_interfacing:/home/tdp378/DingoQuadruped/dingo_ws/install/dingo_peripheral_interfacing:/home/tdp378/DingoQuadruped/dingo_ws/install/dingo_gazebo:/home/tdp378/DingoQuadruped/dingo_ws/install/dingo_control:/home/tdp378/DingoQuadruped/dingo_ws/install/dingo_servo_interfacing:/home/tdp378/DingoQuadruped/dingo_ws/install/dingo_peripheral_msgs:/home/tdp378/DingoQuadruped/dingo_ws/install/dingo_description:/home/tdp378/DingoQuadruped/dingo_ws/install/dingo_control_msgs:/home/tdp378/DingoQuadruped/dingo_ws/install/dingo:/home/tdp378/DingoQuadruped/dingo_ws/install/dingo_behaviors:/home/tdp378/jax_champ/install/jax_teleop:/home/tdp378/jax_champ/install/jax_bringup:/home/tdp378/jax_champ/install/jax_locomotion:/home/tdp378/jax_champ/install/jax_hardware:/home/tdp378/jax_champ/install/jax_description:/home/tdp378/jax_champ/install/jax_behavior:/home/tdp378/jax_champ/install/champ_base:/home/tdp378/jax_champ/install/champ_msgs:/home/tdp378/jax_champ/install/champ:/home/tdp378/jax_champ/install/camera_ros:/opt/ros/jazzy/opt/gz_sim_vendor:/opt/ros/jazzy/opt/gz_sensors_vendor:/opt/ros/jazzy/opt/gz_physics_vendor:/opt/ros/jazzy/opt/sdformat_vendor:/opt/ros/jazzy/opt/gz_gui_vendor:/opt/ros/jazzy/opt/gz_transport_vendor:/opt/ros/jazzy/opt/gz_rendering_vendor:/opt/ros/jazzy/opt/gz_plugin_vendor:/opt/ros/jazzy/opt/gz_fuel_tools_vendor:/opt/ros/jazzy/opt/gz_msgs_vendor:/opt/ros/jazzy/opt/gz_common_vendor:/opt/ros/jazzy/opt/gz_math_vendor:/opt/ros/jazzy/opt/gz_utils_vendor:/opt/ros/jazzy/opt/gz_tools_vendor:/opt/ros/jazzy/opt/gz_ogre_next_vendor:/opt/ros/jazzy/opt/gz_dartsim_vendor:/opt/ros/jazzy/opt/gz_cmake_vendor:/home/tdp378/DingoQuadruped/dingo_ws/install/dingo_utilities:/opt/ros/jazzy DEBUGINFOD_URLS=https://debuginfod.ubuntu.com PYTHONPATH=/home/tdp378/DingoQuadruped/dingo_ws/install/dingo_input_interfacing/lib/python3.12/site-packages:/home/tdp378/DingoQuadruped/dingo_ws/install/dingo_peripheral_interfacing/lib/python3.12/site-packages:/home/tdp378/DingoQuadruped/dingo_ws/install/dingo_control/lib/python3.12/site-packages:/home/tdp378/DingoQuadruped/dingo_ws/build/dingo_utilities/src:/home/tdp378/DingoQuadruped/dingo_ws/install/dingo_utilities/lib/python3.12/site-packages:/home/tdp378/DingoQuadruped/dingo_ws/install/dingo_servo_interfacing/lib/python3.12/site-packages:/home/tdp378/DingoQuadruped/dingo_ws/install/dingo_peripheral_msgs/lib/python3.12/site-packages:/home/tdp378/DingoQuadruped/dingo_ws/install/dingo_control_msgs/lib/python3.12/site-packages:/home/tdp378/DingoQuadruped/dingo_ws/install/dingo/lib/python3.12/site-packages:/home/tdp378/jax_champ/install/champ_msgs/lib/python3.12/site-packages:/opt/ros/jazzy/lib/python3.12/site-packages /usr/bin/cmake --build /home/tdp378/DingoQuadruped/dingo_ws/build/dingo -- -j16 -l16
[1.187s] DEBUG:colcon.colcon_core.event_handler.log_command:Invoking command in '/home/tdp378/DingoQuadruped/dingo_ws/build/dingo': AMENT_PREFIX_PATH=/home/tdp378/DingoQuadruped/dingo_ws/install/dingo_utilities:/home/tdp378/DingoQuadruped/dingo_ws/install/dingo:/home/tdp378/DingoQuadruped/dingo_ws/install/dingo_input_interfacing:/home/tdp378/DingoQuadruped/dingo_ws/install/dingo_control:/home/tdp378/DingoQuadruped/dingo_ws/install/dingo_servo_interfacing:/home/tdp378/DingoQuadruped/dingo_ws/install/dingo_peripheral_interfacing:/home/tdp378/DingoQuadruped/dingo_ws/install/dingo_peripheral_msgs:/home/tdp378/DingoQuadruped/dingo_ws/install/dingo_gazebo:/home/tdp378/DingoQuadruped/dingo_ws/install/dingo_description:/home/tdp378/DingoQuadruped/dingo_ws/install/dingo_control_msgs:/home/tdp378/DingoQuadruped/dingo_ws/install/dingo_behaviors:/home/tdp378/jax_champ/install/jax_teleop:/home/tdp378/jax_champ/install/jax_bringup:/home/tdp378/jax_champ/install/jax_locomotion:/home/tdp378/jax_champ/install/jax_hardware:/home/tdp378/jax_champ/install/jax_description:/home/tdp378/jax_champ/install/jax_behavior:/home/tdp378/jax_champ/install/champ_base:/home/tdp378/jax_champ/install/champ_msgs:/home/tdp378/jax_champ/install/champ:/home/tdp378/jax_champ/install/camera_ros:/opt/ros/jazzy CMAKE_PREFIX_PATH=/home/tdp378/DingoQuadruped/dingo_ws/install/dingo_input_interfacing:/home/tdp378/DingoQuadruped/dingo_ws/install/dingo_peripheral_interfacing:/home/tdp378/DingoQuadruped/dingo_ws/install/dingo_gazebo:/home/tdp378/DingoQuadruped/dingo_ws/install/dingo_control:/home/tdp378/DingoQuadruped/dingo_ws/install/dingo_servo_interfacing:/home/tdp378/DingoQuadruped/dingo_ws/install/dingo_peripheral_msgs:/home/tdp378/DingoQuadruped/dingo_ws/install/dingo_description:/home/tdp378/DingoQuadruped/dingo_ws/install/dingo_control_msgs:/home/tdp378/DingoQuadruped/dingo_ws/install/dingo:/home/tdp378/DingoQuadruped/dingo_ws/install/dingo_behaviors:/home/tdp378/jax_champ/install/jax_teleop:/home/tdp378/jax_champ/install/jax_bringup:/home/tdp378/jax_champ/install/jax_locomotion:/home/tdp378/jax_champ/install/jax_hardware:/home/tdp378/jax_champ/install/jax_description:/home/tdp378/jax_champ/install/jax_behavior:/home/tdp378/jax_champ/install/champ_base:/home/tdp378/jax_champ/install/champ_msgs:/home/tdp378/jax_champ/install/champ:/home/tdp378/jax_champ/install/camera_ros:/opt/ros/jazzy/opt/gz_sim_vendor:/opt/ros/jazzy/opt/gz_sensors_vendor:/opt/ros/jazzy/opt/gz_physics_vendor:/opt/ros/jazzy/opt/sdformat_vendor:/opt/ros/jazzy/opt/gz_gui_vendor:/opt/ros/jazzy/opt/gz_transport_vendor:/opt/ros/jazzy/opt/gz_rendering_vendor:/opt/ros/jazzy/opt/gz_plugin_vendor:/opt/ros/jazzy/opt/gz_fuel_tools_vendor:/opt/ros/jazzy/opt/gz_msgs_vendor:/opt/ros/jazzy/opt/gz_common_vendor:/opt/ros/jazzy/opt/gz_math_vendor:/opt/ros/jazzy/opt/gz_utils_vendor:/opt/ros/jazzy/opt/gz_tools_vendor:/opt/ros/jazzy/opt/gz_ogre_next_vendor:/opt/ros/jazzy/opt/gz_dartsim_vendor:/opt/ros/jazzy/opt/gz_cmake_vendor:/home/tdp378/DingoQuadruped/dingo_ws/install/dingo_utilities:/opt/ros/jazzy DEBUGINFOD_URLS=https://debuginfod.ubuntu.com PYTHONPATH=/home/tdp378/DingoQuadruped/dingo_ws/install/dingo_input_interfacing/lib/python3.12/site-packages:/home/tdp378/DingoQuadruped/dingo_ws/install/dingo_peripheral_interfacing/lib/python3.12/site-packages:/home/tdp378/DingoQuadruped/dingo_ws/install/dingo_control/lib/python3.12/site-packages:/home/tdp378/DingoQuadruped/dingo_ws/build/dingo_utilities/src:/home/tdp378/DingoQuadruped/dingo_ws/install/dingo_utilities/lib/python3.12/site-packages:/home/tdp378/DingoQuadruped/dingo_ws/install/dingo_servo_interfacing/lib/python3.12/site-packages:/home/tdp378/DingoQuadruped/dingo_ws/install/dingo_peripheral_msgs/lib/python3.12/site-packages:/home/tdp378/DingoQuadruped/dingo_ws/install/dingo_control_msgs/lib/python3.12/site-packages:/home/tdp378/DingoQuadruped/dingo_ws/install/dingo/lib/python3.12/site-packages:/home/tdp378/jax_champ/install/champ_msgs/lib/python3.12/site-packages:/opt/ros/jazzy/lib/python3.12/site-packages /usr/bin/cmake --install /home/tdp378/DingoQuadruped/dingo_ws/build/dingo
[1.239s] Level 1:colcon.colcon_core.environment:create_environment_scripts_only(dingo)
[1.239s] Level 1:colcon.colcon_core.environment:checking '/home/tdp378/DingoQuadruped/dingo_ws/install/dingo' for CMake module files
[1.239s] DEBUG:colcon.colcon_core.event_handler.log_command:Invoked command in '/home/tdp378/DingoQuadruped/dingo_ws/build/dingo' returned '0': AMENT_PREFIX_PATH=/home/tdp378/DingoQuadruped/dingo_ws/install/dingo_utilities:/home/tdp378/DingoQuadruped/dingo_ws/install/dingo:/home/tdp378/DingoQuadruped/dingo_ws/install/dingo_input_interfacing:/home/tdp378/DingoQuadruped/dingo_ws/install/dingo_control:/home/tdp378/DingoQuadruped/dingo_ws/install/dingo_servo_interfacing:/home/tdp378/DingoQuadruped/dingo_ws/install/dingo_peripheral_interfacing:/home/tdp378/DingoQuadruped/dingo_ws/install/dingo_peripheral_msgs:/home/tdp378/DingoQuadruped/dingo_ws/install/dingo_gazebo:/home/tdp378/DingoQuadruped/dingo_ws/install/dingo_description:/home/tdp378/DingoQuadruped/dingo_ws/install/dingo_control_msgs:/home/tdp378/DingoQuadruped/dingo_ws/install/dingo_behaviors:/home/tdp378/jax_champ/install/jax_teleop:/home/tdp378/jax_champ/install/jax_bringup:/home/tdp378/jax_champ/install/jax_locomotion:/home/tdp378/jax_champ/install/jax_hardware:/home/tdp378/jax_champ/install/jax_description:/home/tdp378/jax_champ/install/jax_behavior:/home/tdp378/jax_champ/install/champ_base:/home/tdp378/jax_champ/install/champ_msgs:/home/tdp378/jax_champ/install/champ:/home/tdp378/jax_champ/install/camera_ros:/opt/ros/jazzy CMAKE_PREFIX_PATH=/home/tdp378/DingoQuadruped/dingo_ws/install/dingo_input_interfacing:/home/tdp378/DingoQuadruped/dingo_ws/install/dingo_peripheral_interfacing:/home/tdp378/DingoQuadruped/dingo_ws/install/dingo_gazebo:/home/tdp378/DingoQuadruped/dingo_ws/install/dingo_control:/home/tdp378/DingoQuadruped/dingo_ws/install/dingo_servo_interfacing:/home/tdp378/DingoQuadruped/dingo_ws/install/dingo_peripheral_msgs:/home/tdp378/DingoQuadruped/dingo_ws/install/dingo_description:/home/tdp378/DingoQuadruped/dingo_ws/install/dingo_control_msgs:/home/tdp378/DingoQuadruped/dingo_ws/install/dingo:/home/tdp378/DingoQuadruped/dingo_ws/install/dingo_behaviors:/home/tdp378/jax_champ/install/jax_teleop:/home/tdp378/jax_champ/install/jax_bringup:/home/tdp378/jax_champ/install/jax_locomotion:/home/tdp378/jax_champ/install/jax_hardware:/home/tdp378/jax_champ/install/jax_description:/home/tdp378/jax_champ/install/jax_behavior:/home/tdp378/jax_champ/install/champ_base:/home/tdp378/jax_champ/install/champ_msgs:/home/tdp378/jax_champ/install/champ:/home/tdp378/jax_champ/install/camera_ros:/opt/ros/jazzy/opt/gz_sim_vendor:/opt/ros/jazzy/opt/gz_sensors_vendor:/opt/ros/jazzy/opt/gz_physics_vendor:/opt/ros/jazzy/opt/sdformat_vendor:/opt/ros/jazzy/opt/gz_gui_vendor:/opt/ros/jazzy/opt/gz_transport_vendor:/opt/ros/jazzy/opt/gz_rendering_vendor:/opt/ros/jazzy/opt/gz_plugin_vendor:/opt/ros/jazzy/opt/gz_fuel_tools_vendor:/opt/ros/jazzy/opt/gz_msgs_vendor:/opt/ros/jazzy/opt/gz_common_vendor:/opt/ros/jazzy/opt/gz_math_vendor:/opt/ros/jazzy/opt/gz_utils_vendor:/opt/ros/jazzy/opt/gz_tools_vendor:/opt/ros/jazzy/opt/gz_ogre_next_vendor:/opt/ros/jazzy/opt/gz_dartsim_vendor:/opt/ros/jazzy/opt/gz_cmake_vendor:/home/tdp378/DingoQuadruped/dingo_ws/install/dingo_utilities:/opt/ros/jazzy DEBUGINFOD_URLS=https://debuginfod.ubuntu.com PYTHONPATH=/home/tdp378/DingoQuadruped/dingo_ws/install/dingo_input_interfacing/lib/python3.12/site-packages:/home/tdp378/DingoQuadruped/dingo_ws/install/dingo_peripheral_interfacing/lib/python3.12/site-packages:/home/tdp378/DingoQuadruped/dingo_ws/install/dingo_control/lib/python3.12/site-packages:/home/tdp378/DingoQuadruped/dingo_ws/build/dingo_utilities/src:/home/tdp378/DingoQuadruped/dingo_ws/install/dingo_utilities/lib/python3.12/site-packages:/home/tdp378/DingoQuadruped/dingo_ws/install/dingo_servo_interfacing/lib/python3.12/site-packages:/home/tdp378/DingoQuadruped/dingo_ws/install/dingo_peripheral_msgs/lib/python3.12/site-packages:/home/tdp378/DingoQuadruped/dingo_ws/install/dingo_control_msgs/lib/python3.12/site-packages:/home/tdp378/DingoQuadruped/dingo_ws/install/dingo/lib/python3.12/site-packages:/home/tdp378/jax_champ/install/champ_msgs/lib/python3.12/site-packages:/opt/ros/jazzy/lib/python3.12/site-packages /usr/bin/cmake --install /home/tdp378/DingoQuadruped/dingo_ws/build/dingo
[1.240s] Level 1:colcon.colcon_core.environment:checking '/home/tdp378/DingoQuadruped/dingo_ws/install/dingo' for CMake config files
[1.240s] Level 1:colcon.colcon_core.shell:create_environment_hook('dingo', 'cmake_prefix_path')
[1.240s] INFO:colcon.colcon_core.shell:Creating environment descriptor '/home/tdp378/DingoQuadruped/dingo_ws/install/dingo/share/dingo/hook/cmake_prefix_path.dsv'
[1.240s] INFO:colcon.colcon_core.shell:Creating environment hook '/home/tdp378/DingoQuadruped/dingo_ws/install/dingo/share/dingo/hook/cmake_prefix_path.sh'
[1.241s] Level 1:colcon.colcon_core.environment:checking '/home/tdp378/DingoQuadruped/dingo_ws/install/dingo/lib'
[1.241s] Level 1:colcon.colcon_core.environment:checking '/home/tdp378/DingoQuadruped/dingo_ws/install/dingo/bin'
[1.241s] Level 1:colcon.colcon_core.environment:checking '/home/tdp378/DingoQuadruped/dingo_ws/install/dingo/lib/pkgconfig/dingo.pc'
[1.241s] Level 1:colcon.colcon_core.environment:checking '/home/tdp378/DingoQuadruped/dingo_ws/install/dingo/lib/python3.12/site-packages'
[1.241s] Level 1:colcon.colcon_core.shell:create_environment_hook('dingo', 'pythonpath')
[1.241s] INFO:colcon.colcon_core.shell:Creating environment descriptor '/home/tdp378/DingoQuadruped/dingo_ws/install/dingo/share/dingo/hook/pythonpath.dsv'
[1.241s] INFO:colcon.colcon_core.shell:Creating environment hook '/home/tdp378/DingoQuadruped/dingo_ws/install/dingo/share/dingo/hook/pythonpath.sh'
[1.242s] Level 1:colcon.colcon_core.environment:checking '/home/tdp378/DingoQuadruped/dingo_ws/install/dingo/bin'
[1.242s] INFO:colcon.colcon_core.shell:Creating package descriptor '/home/tdp378/DingoQuadruped/dingo_ws/install/dingo/share/dingo/package.dsv'
[1.242s] INFO:colcon.colcon_core.shell:Creating package script '/home/tdp378/DingoQuadruped/dingo_ws/install/dingo/share/dingo/package.sh'
[1.243s] INFO:colcon.colcon_core.shell:Creating package script '/home/tdp378/DingoQuadruped/dingo_ws/install/dingo/share/dingo/package.bash'
[1.243s] INFO:colcon.colcon_core.shell:Creating package script '/home/tdp378/DingoQuadruped/dingo_ws/install/dingo/share/dingo/package.zsh'
[1.243s] Level 1:colcon.colcon_core.environment:create_file_with_runtime_dependencies(/home/tdp378/DingoQuadruped/dingo_ws/install/dingo/share/colcon-core/packages/dingo)
[1.243s] Level 1:colcon.colcon_core.environment:create_environment_scripts_only(dingo)
[1.243s] Level 1:colcon.colcon_core.environment:checking '/home/tdp378/DingoQuadruped/dingo_ws/install/dingo' for CMake module files
[1.244s] Level 1:colcon.colcon_core.environment:checking '/home/tdp378/DingoQuadruped/dingo_ws/install/dingo' for CMake config files
[1.244s] Level 1:colcon.colcon_core.shell:create_environment_hook('dingo', 'cmake_prefix_path')
[1.244s] INFO:colcon.colcon_core.shell:Creating environment descriptor '/home/tdp378/DingoQuadruped/dingo_ws/install/dingo/share/dingo/hook/cmake_prefix_path.dsv'
[1.244s] INFO:colcon.colcon_core.shell:Creating environment hook '/home/tdp378/DingoQuadruped/dingo_ws/install/dingo/share/dingo/hook/cmake_prefix_path.sh'
[1.245s] Level 1:colcon.colcon_core.environment:checking '/home/tdp378/DingoQuadruped/dingo_ws/install/dingo/lib'
[1.245s] Level 1:colcon.colcon_core.environment:checking '/home/tdp378/DingoQuadruped/dingo_ws/install/dingo/bin'
[1.245s] Level 1:colcon.colcon_core.environment:checking '/home/tdp378/DingoQuadruped/dingo_ws/install/dingo/lib/pkgconfig/dingo.pc'
[1.245s] Level 1:colcon.colcon_core.environment:checking '/home/tdp378/DingoQuadruped/dingo_ws/install/dingo/lib/python3.12/site-packages'
[1.245s] Level 1:colcon.colcon_core.shell:create_environment_hook('dingo', 'pythonpath')
[1.245s] INFO:colcon.colcon_core.shell:Creating environment descriptor '/home/tdp378/DingoQuadruped/dingo_ws/install/dingo/share/dingo/hook/pythonpath.dsv'
[1.245s] INFO:colcon.colcon_core.shell:Creating environment hook '/home/tdp378/DingoQuadruped/dingo_ws/install/dingo/share/dingo/hook/pythonpath.sh'
[1.246s] Level 1:colcon.colcon_core.environment:checking '/home/tdp378/DingoQuadruped/dingo_ws/install/dingo/bin'
[1.246s] INFO:colcon.colcon_core.shell:Creating package descriptor '/home/tdp378/DingoQuadruped/dingo_ws/install/dingo/share/dingo/package.dsv'
[1.246s] INFO:colcon.colcon_core.shell:Creating package script '/home/tdp378/DingoQuadruped/dingo_ws/install/dingo/share/dingo/package.sh'
[1.246s] INFO:colcon.colcon_core.shell:Creating package script '/home/tdp378/DingoQuadruped/dingo_ws/install/dingo/share/dingo/package.bash'
[1.247s] INFO:colcon.colcon_core.shell:Creating package script '/home/tdp378/DingoQuadruped/dingo_ws/install/dingo/share/dingo/package.zsh'
[1.247s] Level 1:colcon.colcon_core.environment:create_file_with_runtime_dependencies(/home/tdp378/DingoQuadruped/dingo_ws/install/dingo/share/colcon-core/packages/dingo)
[1.247s] DEBUG:colcon.colcon_parallel_executor.executor.parallel:closing loop
[1.247s] DEBUG:colcon.colcon_parallel_executor.executor.parallel:loop closed
[1.247s] DEBUG:colcon.colcon_parallel_executor.executor.parallel:run_until_complete finished with '0'
[1.247s] DEBUG:colcon.colcon_core.event_reactor:joining thread
[1.291s] INFO:colcon.colcon_core.plugin_system:Skipping extension 'colcon_notification.desktop_notification.terminal_notifier': Not used on non-Darwin systems
[1.291s] INFO:colcon.colcon_core.plugin_system:Skipping extension 'colcon_notification.desktop_notification.win32': Not used on non-Windows systems
[1.291s] INFO:colcon.colcon_notification.desktop_notification:Sending desktop notification using 'notify2'
[1.299s] DEBUG:colcon.colcon_core.event_reactor:joined thread
[1.300s] INFO:colcon.colcon_core.shell:Creating prefix script '/home/tdp378/DingoQuadruped/dingo_ws/install/local_setup.sh'
[1.300s] INFO:colcon.colcon_core.shell:Creating prefix util module '/home/tdp378/DingoQuadruped/dingo_ws/install/_local_setup_util_sh.py'
[1.301s] INFO:colcon.colcon_core.shell:Creating prefix chain script '/home/tdp378/DingoQuadruped/dingo_ws/install/setup.sh'
[1.302s] INFO:colcon.colcon_core.shell:Creating prefix script '/home/tdp378/DingoQuadruped/dingo_ws/install/local_setup.bash'
[1.303s] INFO:colcon.colcon_core.shell:Creating prefix chain script '/home/tdp378/DingoQuadruped/dingo_ws/install/setup.bash'
[1.304s] INFO:colcon.colcon_core.shell:Creating prefix script '/home/tdp378/DingoQuadruped/dingo_ws/install/local_setup.zsh'
[1.304s] INFO:colcon.colcon_core.shell:Creating prefix chain script '/home/tdp378/DingoQuadruped/dingo_ws/install/setup.zsh'
