[0.339s] DEBUG:colcon:Command line arguments: ['/usr/bin/colcon', 'build', '--symlink-install', '--packages-select', 'dingo_peripheral_interfacing']
[0.339s] DEBUG:colcon:Parsed command line arguments: Namespace(log_base=None, log_level=None, verb_name='build', build_base='build', install_base='install', merge_install=False, symlink_install=True, test_result_base=None, continue_on_error=False, executor='parallel', parallel_workers=16, event_handlers=None, ignore_user_meta=False, metas=['./colcon.meta'], base_paths=['.'], packages_ignore=None, packages_ignore_regex=None, paths=None, packages_up_to=None, packages_up_to_regex=None, packages_above=None, packages_above_and_dependencies=None, packages_above_depth=None, packages_select_by_dep=None, packages_skip_by_dep=None, packages_skip_up_to=None, packages_select_build_failed=False, packages_skip_build_finished=False, packages_select_test_failures=False, packages_skip_test_passed=False, packages_select=['dingo_peripheral_interfacing'], packages_skip=None, packages_select_regex=None, packages_skip_regex=None, packages_start=None, packages_end=None, cmake_args=None, cmake_target=None, cmake_target_skip_unavailable=False, cmake_clean_cache=False, cmake_clean_first=False, cmake_force_configure=False, ament_cmake_args=None, catkin_cmake_args=None, catkin_skip_building_tests=False, verb_parser=<colcon_defaults.argument_parser.defaults.DefaultArgumentsDecorator object at 0x7b6f2b00dfd0>, verb_extension=<colcon_core.verb.build.BuildVerb object at 0x7b6f2b00cce0>, main=<bound method BuildVerb.main of <colcon_core.verb.build.BuildVerb object at 0x7b6f2b00cce0>>)
[0.738s] Level 1:colcon.colcon_core.package_discovery:discover_packages(colcon_meta) check parameters
[0.738s] Level 1:colcon.colcon_core.package_discovery:discover_packages(recursive) check parameters
[0.738s] Level 1:colcon.colcon_core.package_discovery:discover_packages(ignore) check parameters
[0.738s] Level 1:colcon.colcon_core.package_discovery:discover_packages(path) check parameters
[0.738s] Level 1:colcon.colcon_core.package_discovery:discover_packages(colcon_meta) discover
[0.738s] Level 1:colcon.colcon_core.package_discovery:discover_packages(recursive) discover
[0.738s] INFO:colcon.colcon_core.package_discovery:Crawling recursively for packages in '/home/tdp378/DingoQuadruped/dingo_ws'
[0.738s] Level 1:colcon.colcon_core.package_identification:_identify(.) by extensions ['ignore', 'ignore_ament_install']
[0.738s] Level 1:colcon.colcon_core.package_identification:_identify(.) by extension 'ignore'
[0.738s] Level 1:colcon.colcon_core.package_identification:_identify(.) by extension 'ignore_ament_install'
[0.739s] Level 1:colcon.colcon_core.package_identification:_identify(.) by extensions ['colcon_pkg']
[0.739s] Level 1:colcon.colcon_core.package_identification:_identify(.) by extension 'colcon_pkg'
[0.739s] Level 1:colcon.colcon_core.package_identification:_identify(.) by extensions ['colcon_meta']
[0.739s] Level 1:colcon.colcon_core.package_identification:_identify(.) by extension 'colcon_meta'
[0.739s] Level 1:colcon.colcon_core.package_identification:_identify(.) by extensions ['ros']
[0.739s] Level 1:colcon.colcon_core.package_identification:_identify(.) by extension 'ros'
[0.755s] Level 1:colcon.colcon_core.package_identification:_identify(.) by extensions ['cmake', 'python']
[0.755s] Level 1:colcon.colcon_core.package_identification:_identify(.) by extension 'cmake'
[0.755s] Level 1:colcon.colcon_core.package_identification:_identify(.) by extension 'python'
[0.755s] Level 1:colcon.colcon_core.package_identification:_identify(.) by extensions ['python_setup_py']
[0.755s] Level 1:colcon.colcon_core.package_identification:_identify(.) by extension 'python_setup_py'
[0.755s] Level 1:colcon.colcon_core.package_identification:_identify(build) by extensions ['ignore', 'ignore_ament_install']
[0.755s] Level 1:colcon.colcon_core.package_identification:_identify(build) by extension 'ignore'
[0.755s] Level 1:colcon.colcon_core.package_identification:_identify(build) ignored
[0.755s] Level 1:colcon.colcon_core.package_identification:_identify(install) by extensions ['ignore', 'ignore_ament_install']
[0.755s] Level 1:colcon.colcon_core.package_identification:_identify(install) by extension 'ignore'
[0.755s] Level 1:colcon.colcon_core.package_identification:_identify(install) ignored
[0.755s] Level 1:colcon.colcon_core.package_identification:_identify(log) by extensions ['ignore', 'ignore_ament_install']
[0.755s] Level 1:colcon.colcon_core.package_identification:_identify(log) by extension 'ignore'
[0.755s] Level 1:colcon.colcon_core.package_identification:_identify(log) ignored
[0.755s] Level 1:colcon.colcon_core.package_identification:_identify(src) by extensions ['ignore', 'ignore_ament_install']
[0.756s] Level 1:colcon.colcon_core.package_identification:_identify(src) by extension 'ignore'
[0.756s] Level 1:colcon.colcon_core.package_identification:_identify(src) by extension 'ignore_ament_install'
[0.756s] Level 1:colcon.colcon_core.package_identification:_identify(src) by extensions ['colcon_pkg']
[0.756s] Level 1:colcon.colcon_core.package_identification:_identify(src) by extension 'colcon_pkg'
[0.756s] Level 1:colcon.colcon_core.package_identification:_identify(src) by extensions ['colcon_meta']
[0.756s] Level 1:colcon.colcon_core.package_identification:_identify(src) by extension 'colcon_meta'
[0.756s] Level 1:colcon.colcon_core.package_identification:_identify(src) by extensions ['ros']
[0.756s] Level 1:colcon.colcon_core.package_identification:_identify(src) by extension 'ros'
[0.756s] Level 1:colcon.colcon_core.package_identification:_identify(src) by extensions ['cmake', 'python']
[0.756s] Level 1:colcon.colcon_core.package_identification:_identify(src) by extension 'cmake'
[0.756s] Level 1:colcon.colcon_core.package_identification:_identify(src) by extension 'python'
[0.756s] Level 1:colcon.colcon_core.package_identification:_identify(src) by extensions ['python_setup_py']
[0.756s] Level 1:colcon.colcon_core.package_identification:_identify(src) by extension 'python_setup_py'
[0.756s] Level 1:colcon.colcon_core.package_identification:_identify(src/dingo) by extensions ['ignore', 'ignore_ament_install']
[0.756s] Level 1:colcon.colcon_core.package_identification:_identify(src/dingo) by extension 'ignore'
[0.756s] Level 1:colcon.colcon_core.package_identification:_identify(src/dingo) by extension 'ignore_ament_install'
[0.756s] Level 1:colcon.colcon_core.package_identification:_identify(src/dingo) by extensions ['colcon_pkg']
[0.756s] Level 1:colcon.colcon_core.package_identification:_identify(src/dingo) by extension 'colcon_pkg'
[0.756s] Level 1:colcon.colcon_core.package_identification:_identify(src/dingo) by extensions ['colcon_meta']
[0.756s] Level 1:colcon.colcon_core.package_identification:_identify(src/dingo) by extension 'colcon_meta'
[0.756s] Level 1:colcon.colcon_core.package_identification:_identify(src/dingo) by extensions ['ros']
[0.756s] Level 1:colcon.colcon_core.package_identification:_identify(src/dingo) by extension 'ros'
[0.759s] DEBUG:colcon.colcon_core.package_identification:Package 'src/dingo' with type 'ros.ament_cmake' and name 'dingo'
[0.759s] Level 1:colcon.colcon_core.package_identification:_identify(src/dingo_behaviors) by extensions ['ignore', 'ignore_ament_install']
[0.759s] Level 1:colcon.colcon_core.package_identification:_identify(src/dingo_behaviors) by extension 'ignore'
[0.759s] Level 1:colcon.colcon_core.package_identification:_identify(src/dingo_behaviors) by extension 'ignore_ament_install'
[0.759s] Level 1:colcon.colcon_core.package_identification:_identify(src/dingo_behaviors) by extensions ['colcon_pkg']
[0.760s] Level 1:colcon.colcon_core.package_identification:_identify(src/dingo_behaviors) by extension 'colcon_pkg'
[0.760s] Level 1:colcon.colcon_core.package_identification:_identify(src/dingo_behaviors) by extensions ['colcon_meta']
[0.760s] Level 1:colcon.colcon_core.package_identification:_identify(src/dingo_behaviors) by extension 'colcon_meta'
[0.760s] Level 1:colcon.colcon_core.package_identification:_identify(src/dingo_behaviors) by extensions ['ros']
[0.760s] Level 1:colcon.colcon_core.package_identification:_identify(src/dingo_behaviors) by extension 'ros'
[0.760s] DEBUG:colcon.colcon_core.package_identification:Package 'src/dingo_behaviors' with type 'ros.ament_cmake' and name 'dingo_behaviors'
[0.760s] Level 1:colcon.colcon_core.package_identification:_identify(src/dingo_control) by extensions ['ignore', 'ignore_ament_install']
[0.760s] Level 1:colcon.colcon_core.package_identification:_identify(src/dingo_control) by extension 'ignore'
[0.760s] Level 1:colcon.colcon_core.package_identification:_identify(src/dingo_control) by extension 'ignore_ament_install'
[0.760s] Level 1:colcon.colcon_core.package_identification:_identify(src/dingo_control) by extensions ['colcon_pkg']
[0.760s] Level 1:colcon.colcon_core.package_identification:_identify(src/dingo_control) by extension 'colcon_pkg'
[0.760s] Level 1:colcon.colcon_core.package_identification:_identify(src/dingo_control) by extensions ['colcon_meta']
[0.760s] Level 1:colcon.colcon_core.package_identification:_identify(src/dingo_control) by extension 'colcon_meta'
[0.760s] Level 1:colcon.colcon_core.package_identification:_identify(src/dingo_control) by extensions ['ros']
[0.760s] Level 1:colcon.colcon_core.package_identification:_identify(src/dingo_control) by extension 'ros'
[0.761s] DEBUG:colcon.colcon_core.package_identification:Package 'src/dingo_control' with type 'ros.ament_cmake' and name 'dingo_control'
[0.761s] Level 1:colcon.colcon_core.package_identification:_identify(src/dingo_control_msgs) by extensions ['ignore', 'ignore_ament_install']
[0.761s] Level 1:colcon.colcon_core.package_identification:_identify(src/dingo_control_msgs) by extension 'ignore'
[0.761s] Level 1:colcon.colcon_core.package_identification:_identify(src/dingo_control_msgs) by extension 'ignore_ament_install'
[0.761s] Level 1:colcon.colcon_core.package_identification:_identify(src/dingo_control_msgs) by extensions ['colcon_pkg']
[0.761s] Level 1:colcon.colcon_core.package_identification:_identify(src/dingo_control_msgs) by extension 'colcon_pkg'
[0.761s] Level 1:colcon.colcon_core.package_identification:_identify(src/dingo_control_msgs) by extensions ['colcon_meta']
[0.761s] Level 1:colcon.colcon_core.package_identification:_identify(src/dingo_control_msgs) by extension 'colcon_meta'
[0.761s] Level 1:colcon.colcon_core.package_identification:_identify(src/dingo_control_msgs) by extensions ['ros']
[0.761s] Level 1:colcon.colcon_core.package_identification:_identify(src/dingo_control_msgs) by extension 'ros'
[0.762s] DEBUG:colcon.colcon_core.package_identification:Package 'src/dingo_control_msgs' with type 'ros.ament_cmake' and name 'dingo_control_msgs'
[0.762s] Level 1:colcon.colcon_core.package_identification:_identify(src/dingo_description) by extensions ['ignore', 'ignore_ament_install']
[0.762s] Level 1:colcon.colcon_core.package_identification:_identify(src/dingo_description) by extension 'ignore'
[0.762s] Level 1:colcon.colcon_core.package_identification:_identify(src/dingo_description) by extension 'ignore_ament_install'
[0.762s] Level 1:colcon.colcon_core.package_identification:_identify(src/dingo_description) by extensions ['colcon_pkg']
[0.762s] Level 1:colcon.colcon_core.package_identification:_identify(src/dingo_description) by extension 'colcon_pkg'
[0.762s] Level 1:colcon.colcon_core.package_identification:_identify(src/dingo_description) by extensions ['colcon_meta']
[0.762s] Level 1:colcon.colcon_core.package_identification:_identify(src/dingo_description) by extension 'colcon_meta'
[0.762s] Level 1:colcon.colcon_core.package_identification:_identify(src/dingo_description) by extensions ['ros']
[0.762s] Level 1:colcon.colcon_core.package_identification:_identify(src/dingo_description) by extension 'ros'
[0.762s] DEBUG:colcon.colcon_core.package_identification:Package 'src/dingo_description' with type 'ros.ament_cmake' and name 'dingo_description'
[0.762s] Level 1:colcon.colcon_core.package_identification:_identify(src/dingo_gazebo) by extensions ['ignore', 'ignore_ament_install']
[0.762s] Level 1:colcon.colcon_core.package_identification:_identify(src/dingo_gazebo) by extension 'ignore'
[0.762s] Level 1:colcon.colcon_core.package_identification:_identify(src/dingo_gazebo) by extension 'ignore_ament_install'
[0.763s] Level 1:colcon.colcon_core.package_identification:_identify(src/dingo_gazebo) by extensions ['colcon_pkg']
[0.763s] Level 1:colcon.colcon_core.package_identification:_identify(src/dingo_gazebo) by extension 'colcon_pkg'
[0.763s] Level 1:colcon.colcon_core.package_identification:_identify(src/dingo_gazebo) by extensions ['colcon_meta']
[0.763s] Level 1:colcon.colcon_core.package_identification:_identify(src/dingo_gazebo) by extension 'colcon_meta'
[0.763s] Level 1:colcon.colcon_core.package_identification:_identify(src/dingo_gazebo) by extensions ['ros']
[0.763s] Level 1:colcon.colcon_core.package_identification:_identify(src/dingo_gazebo) by extension 'ros'
[0.763s] DEBUG:colcon.colcon_core.package_identification:Package 'src/dingo_gazebo' with type 'ros.ament_cmake' and name 'dingo_gazebo'
[0.763s] Level 1:colcon.colcon_core.package_identification:_identify(src/dingo_hardware_interfacing) by extensions ['ignore', 'ignore_ament_install']
[0.763s] Level 1:colcon.colcon_core.package_identification:_identify(src/dingo_hardware_interfacing) by extension 'ignore'
[0.763s] Level 1:colcon.colcon_core.package_identification:_identify(src/dingo_hardware_interfacing) by extension 'ignore_ament_install'
[0.763s] Level 1:colcon.colcon_core.package_identification:_identify(src/dingo_hardware_interfacing) by extensions ['colcon_pkg']
[0.763s] Level 1:colcon.colcon_core.package_identification:_identify(src/dingo_hardware_interfacing) by extension 'colcon_pkg'
[0.763s] Level 1:colcon.colcon_core.package_identification:_identify(src/dingo_hardware_interfacing) by extensions ['colcon_meta']
[0.763s] Level 1:colcon.colcon_core.package_identification:_identify(src/dingo_hardware_interfacing) by extension 'colcon_meta'
[0.763s] Level 1:colcon.colcon_core.package_identification:_identify(src/dingo_hardware_interfacing) by extensions ['ros']
[0.763s] Level 1:colcon.colcon_core.package_identification:_identify(src/dingo_hardware_interfacing) by extension 'ros'
[0.763s] Level 1:colcon.colcon_core.package_identification:_identify(src/dingo_hardware_interfacing) by extensions ['cmake', 'python']
[0.763s] Level 1:colcon.colcon_core.package_identification:_identify(src/dingo_hardware_interfacing) by extension 'cmake'
[0.763s] Level 1:colcon.colcon_core.package_identification:_identify(src/dingo_hardware_interfacing) by extension 'python'
[0.763s] Level 1:colcon.colcon_core.package_identification:_identify(src/dingo_hardware_interfacing) by extensions ['python_setup_py']
[0.763s] Level 1:colcon.colcon_core.package_identification:_identify(src/dingo_hardware_interfacing) by extension 'python_setup_py'
[0.763s] Level 1:colcon.colcon_core.package_identification:_identify(src/dingo_hardware_interfacing/dingo_input_interfacing) by extensions ['ignore', 'ignore_ament_install']
[0.764s] Level 1:colcon.colcon_core.package_identification:_identify(src/dingo_hardware_interfacing/dingo_input_interfacing) by extension 'ignore'
[0.764s] Level 1:colcon.colcon_core.package_identification:_identify(src/dingo_hardware_interfacing/dingo_input_interfacing) by extension 'ignore_ament_install'
[0.764s] Level 1:colcon.colcon_core.package_identification:_identify(src/dingo_hardware_interfacing/dingo_input_interfacing) by extensions ['colcon_pkg']
[0.764s] Level 1:colcon.colcon_core.package_identification:_identify(src/dingo_hardware_interfacing/dingo_input_interfacing) by extension 'colcon_pkg'
[0.764s] Level 1:colcon.colcon_core.package_identification:_identify(src/dingo_hardware_interfacing/dingo_input_interfacing) by extensions ['colcon_meta']
[0.764s] Level 1:colcon.colcon_core.package_identification:_identify(src/dingo_hardware_interfacing/dingo_input_interfacing) by extension 'colcon_meta'
[0.764s] Level 1:colcon.colcon_core.package_identification:_identify(src/dingo_hardware_interfacing/dingo_input_interfacing) by extensions ['ros']
[0.764s] Level 1:colcon.colcon_core.package_identification:_identify(src/dingo_hardware_interfacing/dingo_input_interfacing) by extension 'ros'
[0.764s] DEBUG:colcon.colcon_core.package_identification:Package 'src/dingo_hardware_interfacing/dingo_input_interfacing' with type 'ros.ament_cmake' and name 'dingo_input_interfacing'
[0.764s] Level 1:colcon.colcon_core.package_identification:_identify(src/dingo_hardware_interfacing/dingo_peripheral_interfacing) by extensions ['ignore', 'ignore_ament_install']
[0.764s] Level 1:colcon.colcon_core.package_identification:_identify(src/dingo_hardware_interfacing/dingo_peripheral_interfacing) by extension 'ignore'
[0.764s] Level 1:colcon.colcon_core.package_identification:_identify(src/dingo_hardware_interfacing/dingo_peripheral_interfacing) by extension 'ignore_ament_install'
[0.764s] Level 1:colcon.colcon_core.package_identification:_identify(src/dingo_hardware_interfacing/dingo_peripheral_interfacing) by extensions ['colcon_pkg']
[0.764s] Level 1:colcon.colcon_core.package_identification:_identify(src/dingo_hardware_interfacing/dingo_peripheral_interfacing) by extension 'colcon_pkg'
[0.764s] Level 1:colcon.colcon_core.package_identification:_identify(src/dingo_hardware_interfacing/dingo_peripheral_interfacing) by extensions ['colcon_meta']
[0.764s] Level 1:colcon.colcon_core.package_identification:_identify(src/dingo_hardware_interfacing/dingo_peripheral_interfacing) by extension 'colcon_meta'
[0.764s] Level 1:colcon.colcon_core.package_identification:_identify(src/dingo_hardware_interfacing/dingo_peripheral_interfacing) by extensions ['ros']
[0.764s] Level 1:colcon.colcon_core.package_identification:_identify(src/dingo_hardware_interfacing/dingo_peripheral_interfacing) by extension 'ros'
[0.765s] DEBUG:colcon.colcon_core.package_identification:Package 'src/dingo_hardware_interfacing/dingo_peripheral_interfacing' with type 'ros.ament_cmake' and name 'dingo_peripheral_interfacing'
[0.765s] Level 1:colcon.colcon_core.package_identification:_identify(src/dingo_hardware_interfacing/dingo_servo_interfacing) by extensions ['ignore', 'ignore_ament_install']
[0.765s] Level 1:colcon.colcon_core.package_identification:_identify(src/dingo_hardware_interfacing/dingo_servo_interfacing) by extension 'ignore'
[0.765s] Level 1:colcon.colcon_core.package_identification:_identify(src/dingo_hardware_interfacing/dingo_servo_interfacing) by extension 'ignore_ament_install'
[0.765s] Level 1:colcon.colcon_core.package_identification:_identify(src/dingo_hardware_interfacing/dingo_servo_interfacing) by extensions ['colcon_pkg']
[0.765s] Level 1:colcon.colcon_core.package_identification:_identify(src/dingo_hardware_interfacing/dingo_servo_interfacing) by extension 'colcon_pkg'
[0.765s] Level 1:colcon.colcon_core.package_identification:_identify(src/dingo_hardware_interfacing/dingo_servo_interfacing) by extensions ['colcon_meta']
[0.765s] Level 1:colcon.colcon_core.package_identification:_identify(src/dingo_hardware_interfacing/dingo_servo_interfacing) by extension 'colcon_meta'
[0.765s] Level 1:colcon.colcon_core.package_identification:_identify(src/dingo_hardware_interfacing/dingo_servo_interfacing) by extensions ['ros']
[0.765s] Level 1:colcon.colcon_core.package_identification:_identify(src/dingo_hardware_interfacing/dingo_servo_interfacing) by extension 'ros'
[0.766s] DEBUG:colcon.colcon_core.package_identification:Package 'src/dingo_hardware_interfacing/dingo_servo_interfacing' with type 'ros.ament_cmake' and name 'dingo_servo_interfacing'
[0.766s] Level 1:colcon.colcon_core.package_identification:_identify(src/dingo_peripheral_interfacing) by extensions ['ignore', 'ignore_ament_install']
[0.766s] Level 1:colcon.colcon_core.package_identification:_identify(src/dingo_peripheral_interfacing) by extension 'ignore'
[0.766s] Level 1:colcon.colcon_core.package_identification:_identify(src/dingo_peripheral_interfacing) by extension 'ignore_ament_install'
[0.766s] Level 1:colcon.colcon_core.package_identification:_identify(src/dingo_peripheral_interfacing) by extensions ['colcon_pkg']
[0.766s] Level 1:colcon.colcon_core.package_identification:_identify(src/dingo_peripheral_interfacing) by extension 'colcon_pkg'
[0.766s] Level 1:colcon.colcon_core.package_identification:_identify(src/dingo_peripheral_interfacing) by extensions ['colcon_meta']
[0.766s] Level 1:colcon.colcon_core.package_identification:_identify(src/dingo_peripheral_interfacing) by extension 'colcon_meta'
[0.766s] Level 1:colcon.colcon_core.package_identification:_identify(src/dingo_peripheral_interfacing) by extensions ['ros']
[0.766s] Level 1:colcon.colcon_core.package_identification:_identify(src/dingo_peripheral_interfacing) by extension 'ros'
[0.766s] Level 1:colcon.colcon_core.package_identification:_identify(src/dingo_peripheral_interfacing) by extensions ['cmake', 'python']
[0.766s] Level 1:colcon.colcon_core.package_identification:_identify(src/dingo_peripheral_interfacing) by extension 'cmake'
[0.766s] Level 1:colcon.colcon_core.package_identification:_identify(src/dingo_peripheral_interfacing) by extension 'python'
[0.766s] Level 1:colcon.colcon_core.package_identification:_identify(src/dingo_peripheral_interfacing) by extensions ['python_setup_py']
[0.766s] Level 1:colcon.colcon_core.package_identification:_identify(src/dingo_peripheral_interfacing) by extension 'python_setup_py'
[0.766s] Level 1:colcon.colcon_core.package_identification:_identify(src/dingo_peripheral_interfacing/scripts) by extensions ['ignore', 'ignore_ament_install']
[0.766s] Level 1:colcon.colcon_core.package_identification:_identify(src/dingo_peripheral_interfacing/scripts) by extension 'ignore'
[0.766s] Level 1:colcon.colcon_core.package_identification:_identify(src/dingo_peripheral_interfacing/scripts) by extension 'ignore_ament_install'
[0.766s] Level 1:colcon.colcon_core.package_identification:_identify(src/dingo_peripheral_interfacing/scripts) by extensions ['colcon_pkg']
[0.766s] Level 1:colcon.colcon_core.package_identification:_identify(src/dingo_peripheral_interfacing/scripts) by extension 'colcon_pkg'
[0.766s] Level 1:colcon.colcon_core.package_identification:_identify(src/dingo_peripheral_interfacing/scripts) by extensions ['colcon_meta']
[0.766s] Level 1:colcon.colcon_core.package_identification:_identify(src/dingo_peripheral_interfacing/scripts) by extension 'colcon_meta'
[0.766s] Level 1:colcon.colcon_core.package_identification:_identify(src/dingo_peripheral_interfacing/scripts) by extensions ['ros']
[0.766s] Level 1:colcon.colcon_core.package_identification:_identify(src/dingo_peripheral_interfacing/scripts) by extension 'ros'
[0.766s] Level 1:colcon.colcon_core.package_identification:_identify(src/dingo_peripheral_interfacing/scripts) by extensions ['cmake', 'python']
[0.766s] Level 1:colcon.colcon_core.package_identification:_identify(src/dingo_peripheral_interfacing/scripts) by extension 'cmake'
[0.766s] Level 1:colcon.colcon_core.package_identification:_identify(src/dingo_peripheral_interfacing/scripts) by extension 'python'
[0.767s] Level 1:colcon.colcon_core.package_identification:_identify(src/dingo_peripheral_interfacing/scripts) by extensions ['python_setup_py']
[0.767s] Level 1:colcon.colcon_core.package_identification:_identify(src/dingo_peripheral_interfacing/scripts) by extension 'python_setup_py'
[0.767s] Level 1:colcon.colcon_core.package_identification:_identify(src/dingo_peripheral_msgs) by extensions ['ignore', 'ignore_ament_install']
[0.767s] Level 1:colcon.colcon_core.package_identification:_identify(src/dingo_peripheral_msgs) by extension 'ignore'
[0.767s] Level 1:colcon.colcon_core.package_identification:_identify(src/dingo_peripheral_msgs) by extension 'ignore_ament_install'
[0.767s] Level 1:colcon.colcon_core.package_identification:_identify(src/dingo_peripheral_msgs) by extensions ['colcon_pkg']
[0.767s] Level 1:colcon.colcon_core.package_identification:_identify(src/dingo_peripheral_msgs) by extension 'colcon_pkg'
[0.767s] Level 1:colcon.colcon_core.package_identification:_identify(src/dingo_peripheral_msgs) by extensions ['colcon_meta']
[0.767s] Level 1:colcon.colcon_core.package_identification:_identify(src/dingo_peripheral_msgs) by extension 'colcon_meta'
[0.767s] Level 1:colcon.colcon_core.package_identification:_identify(src/dingo_peripheral_msgs) by extensions ['ros']
[0.767s] Level 1:colcon.colcon_core.package_identification:_identify(src/dingo_peripheral_msgs) by extension 'ros'
[0.767s] DEBUG:colcon.colcon_core.package_identification:Package 'src/dingo_peripheral_msgs' with type 'ros.ament_cmake' and name 'dingo_peripheral_msgs'
[0.767s] Level 1:colcon.colcon_core.package_identification:_identify(src/dingo_utilities) by extensions ['ignore', 'ignore_ament_install']
[0.767s] Level 1:colcon.colcon_core.package_identification:_identify(src/dingo_utilities) by extension 'ignore'
[0.767s] Level 1:colcon.colcon_core.package_identification:_identify(src/dingo_utilities) by extension 'ignore_ament_install'
[0.767s] Level 1:colcon.colcon_core.package_identification:_identify(src/dingo_utilities) by extensions ['colcon_pkg']
[0.767s] Level 1:colcon.colcon_core.package_identification:_identify(src/dingo_utilities) by extension 'colcon_pkg'
[0.767s] Level 1:colcon.colcon_core.package_identification:_identify(src/dingo_utilities) by extensions ['colcon_meta']
[0.767s] Level 1:colcon.colcon_core.package_identification:_identify(src/dingo_utilities) by extension 'colcon_meta'
[0.767s] Level 1:colcon.colcon_core.package_identification:_identify(src/dingo_utilities) by extensions ['ros']
[0.767s] Level 1:colcon.colcon_core.package_identification:_identify(src/dingo_utilities) by extension 'ros'
[0.768s] DEBUG:colcon.colcon_core.package_identification:Package 'src/dingo_utilities' with type 'ros.ament_python' and name 'dingo_utilities'
[0.768s] Level 1:colcon.colcon_core.package_discovery:discover_packages(recursive) using defaults
[0.768s] Level 1:colcon.colcon_core.package_discovery:discover_packages(ignore) discover
[0.768s] Level 1:colcon.colcon_core.package_discovery:discover_packages(ignore) using defaults
[0.768s] Level 1:colcon.colcon_core.package_discovery:discover_packages(path) discover
[0.768s] Level 1:colcon.colcon_core.package_discovery:discover_packages(path) using defaults
[0.832s] INFO:colcon.colcon_core.package_selection:Skipping not selected package 'dingo_behaviors' in 'src/dingo_behaviors'
[0.832s] INFO:colcon.colcon_core.package_selection:Skipping not selected package 'dingo_control_msgs' in 'src/dingo_control_msgs'
[0.832s] INFO:colcon.colcon_core.package_selection:Skipping not selected package 'dingo_description' in 'src/dingo_description'
[0.832s] INFO:colcon.colcon_core.package_selection:Skipping not selected package 'dingo_peripheral_msgs' in 'src/dingo_peripheral_msgs'
[0.832s] INFO:colcon.colcon_core.package_selection:Skipping not selected package 'dingo_servo_interfacing' in 'src/dingo_hardware_interfacing/dingo_servo_interfacing'
[0.832s] INFO:colcon.colcon_core.package_selection:Skipping not selected package 'dingo_utilities' in 'src/dingo_utilities'
[0.832s] INFO:colcon.colcon_core.package_selection:Skipping not selected package 'dingo_control' in 'src/dingo_control'
[0.832s] INFO:colcon.colcon_core.package_selection:Skipping not selected package 'dingo_gazebo' in 'src/dingo_gazebo'
[0.832s] INFO:colcon.colcon_core.package_selection:Skipping not selected package 'dingo_input_interfacing' in 'src/dingo_hardware_interfacing/dingo_input_interfacing'
[0.832s] INFO:colcon.colcon_core.package_selection:Skipping not selected package 'dingo' in 'src/dingo'
[0.832s] Level 5:colcon.colcon_core.verb:set package 'dingo_peripheral_interfacing' build argument 'cmake_args' from command line to 'None'
[0.832s] Level 5:colcon.colcon_core.verb:set package 'dingo_peripheral_interfacing' build argument 'cmake_target' from command line to 'None'
[0.832s] Level 5:colcon.colcon_core.verb:set package 'dingo_peripheral_interfacing' build argument 'cmake_target_skip_unavailable' from command line to 'False'
[0.832s] Level 5:colcon.colcon_core.verb:set package 'dingo_peripheral_interfacing' build argument 'cmake_clean_cache' from command line to 'False'
[0.832s] Level 5:colcon.colcon_core.verb:set package 'dingo_peripheral_interfacing' build argument 'cmake_clean_first' from command line to 'False'
[0.832s] Level 5:colcon.colcon_core.verb:set package 'dingo_peripheral_interfacing' build argument 'cmake_force_configure' from command line to 'False'
[0.832s] Level 5:colcon.colcon_core.verb:set package 'dingo_peripheral_interfacing' build argument 'ament_cmake_args' from command line to 'None'
[0.832s] Level 5:colcon.colcon_core.verb:set package 'dingo_peripheral_interfacing' build argument 'catkin_cmake_args' from command line to 'None'
[0.832s] Level 5:colcon.colcon_core.verb:set package 'dingo_peripheral_interfacing' build argument 'catkin_skip_building_tests' from command line to 'False'
[0.832s] DEBUG:colcon.colcon_core.verb:Building package 'dingo_peripheral_interfacing' with the following arguments: {'ament_cmake_args': None, 'build_base': '/home/tdp378/DingoQuadruped/dingo_ws/build/dingo_peripheral_interfacing', 'catkin_cmake_args': None, 'catkin_skip_building_tests': False, 'cmake_args': None, 'cmake_clean_cache': False, 'cmake_clean_first': False, 'cmake_force_configure': False, 'cmake_target': None, 'cmake_target_skip_unavailable': False, 'install_base': '/home/tdp378/DingoQuadruped/dingo_ws/install/dingo_peripheral_interfacing', 'merge_install': False, 'path': '/home/tdp378/DingoQuadruped/dingo_ws/src/dingo_hardware_interfacing/dingo_peripheral_interfacing', 'symlink_install': True, 'test_result_base': None}
[0.832s] INFO:colcon.colcon_core.executor:Executing jobs using 'parallel' executor
[0.833s] DEBUG:colcon.colcon_parallel_executor.executor.parallel:run_until_complete
[0.833s] INFO:colcon.colcon_ros.task.ament_cmake.build:Building ROS package in '/home/tdp378/DingoQuadruped/dingo_ws/src/dingo_hardware_interfacing/dingo_peripheral_interfacing' with build type 'ament_cmake'
[0.833s] INFO:colcon.colcon_cmake.task.cmake.build:Building CMake package in '/home/tdp378/DingoQuadruped/dingo_ws/src/dingo_hardware_interfacing/dingo_peripheral_interfacing'
[0.835s] INFO:colcon.colcon_core.plugin_system:Skipping extension 'colcon_core.shell.bat': Not used on non-Windows systems
[0.835s] DEBUG:colcon.colcon_core.shell:Skip shell extension 'dsv' for command environment
[1.184s] DEBUG:colcon.colcon_core.event_handler.log_command:Invoking command in '/home/tdp378/DingoQuadruped/dingo_ws/build/dingo_peripheral_interfacing': CMAKE_PREFIX_PATH=/home/tdp378/DingoQuadruped/dingo_ws/install/dingo_peripheral_msgs:/home/tdp378/DingoQuadruped/dingo_ws/install/dingo:/home/tdp378/DingoQuadruped/dingo_ws/install/dingo_input_interfacing:/home/tdp378/DingoQuadruped/dingo_ws/install/dingo_control:/home/tdp378/DingoQuadruped/dingo_ws/install/dingo_servo_interfacing:/home/tdp378/DingoQuadruped/dingo_ws/install/dingo_peripheral_interfacing:/home/tdp378/DingoQuadruped/dingo_ws/install/dingo_gazebo:/home/tdp378/DingoQuadruped/dingo_ws/install/dingo_description:/home/tdp378/DingoQuadruped/dingo_ws/install/dingo_control_msgs:/home/tdp378/DingoQuadruped/dingo_ws/install/dingo_behaviors:/home/tdp378/jax_champ/install/jax_teleop:/home/tdp378/jax_champ/install/jax_bringup:/home/tdp378/jax_champ/install/jax_locomotion:/home/tdp378/jax_champ/install/jax_hardware:/home/tdp378/jax_champ/install/jax_description:/home/tdp378/jax_champ/install/jax_behavior:/home/tdp378/jax_champ/install/champ_base:/home/tdp378/jax_champ/install/champ_msgs:/home/tdp378/jax_champ/install/champ:/home/tdp378/jax_champ/install/camera_ros:/opt/ros/jazzy/opt/gz_sim_vendor:/opt/ros/jazzy/opt/gz_sensors_vendor:/opt/ros/jazzy/opt/gz_physics_vendor:/opt/ros/jazzy/opt/sdformat_vendor:/opt/ros/jazzy/opt/gz_gui_vendor:/opt/ros/jazzy/opt/gz_transport_vendor:/opt/ros/jazzy/opt/gz_rendering_vendor:/opt/ros/jazzy/opt/gz_plugin_vendor:/opt/ros/jazzy/opt/gz_fuel_tools_vendor:/opt/ros/jazzy/opt/gz_msgs_vendor:/opt/ros/jazzy/opt/gz_common_vendor:/opt/ros/jazzy/opt/gz_math_vendor:/opt/ros/jazzy/opt/gz_utils_vendor:/opt/ros/jazzy/opt/gz_tools_vendor:/opt/ros/jazzy/opt/gz_ogre_next_vendor:/opt/ros/jazzy/opt/gz_dartsim_vendor:/opt/ros/jazzy/opt/gz_cmake_vendor:/home/tdp378/DingoQuadruped/dingo_ws/install/dingo_utilities:/opt/ros/jazzy DEBUGINFOD_URLS=https://debuginfod.ubuntu.com PYTHONPATH=/home/tdp378/DingoQuadruped/dingo_ws/install/dingo_peripheral_msgs/lib/python3.12/site-packages:/home/tdp378/DingoQuadruped/dingo_ws/install/dingo/lib/python3.12/site-packages:/home/tdp378/DingoQuadruped/dingo_ws/install/dingo_input_interfacing/lib/python3.12/site-packages:/home/tdp378/DingoQuadruped/dingo_ws/install/dingo_control/lib/python3.12/site-packages:/home/tdp378/DingoQuadruped/dingo_ws/build/dingo_utilities/src:/home/tdp378/DingoQuadruped/dingo_ws/install/dingo_utilities/lib/python3.12/site-packages:/home/tdp378/DingoQuadruped/dingo_ws/install/dingo_servo_interfacing/lib/python3.12/site-packages:/home/tdp378/DingoQuadruped/dingo_ws/install/dingo_peripheral_interfacing/lib/python3.12/site-packages:/home/tdp378/DingoQuadruped/dingo_ws/install/dingo_control_msgs/lib/python3.12/site-packages:/home/tdp378/jax_champ/install/champ_msgs/lib/python3.12/site-packages:/opt/ros/jazzy/lib/python3.12/site-packages /usr/bin/cmake --build /home/tdp378/DingoQuadruped/dingo_ws/build/dingo_peripheral_interfacing -- -j16 -l16
[1.918s] DEBUG:colcon.colcon_core.event_handler.log_command:Invoked command in '/home/tdp378/DingoQuadruped/dingo_ws/build/dingo_peripheral_interfacing' returned '0': CMAKE_PREFIX_PATH=/home/tdp378/DingoQuadruped/dingo_ws/install/dingo_peripheral_msgs:/home/tdp378/DingoQuadruped/dingo_ws/install/dingo:/home/tdp378/DingoQuadruped/dingo_ws/install/dingo_input_interfacing:/home/tdp378/DingoQuadruped/dingo_ws/install/dingo_control:/home/tdp378/DingoQuadruped/dingo_ws/install/dingo_servo_interfacing:/home/tdp378/DingoQuadruped/dingo_ws/install/dingo_peripheral_interfacing:/home/tdp378/DingoQuadruped/dingo_ws/install/dingo_gazebo:/home/tdp378/DingoQuadruped/dingo_ws/install/dingo_description:/home/tdp378/DingoQuadruped/dingo_ws/install/dingo_control_msgs:/home/tdp378/DingoQuadruped/dingo_ws/install/dingo_behaviors:/home/tdp378/jax_champ/install/jax_teleop:/home/tdp378/jax_champ/install/jax_bringup:/home/tdp378/jax_champ/install/jax_locomotion:/home/tdp378/jax_champ/install/jax_hardware:/home/tdp378/jax_champ/install/jax_description:/home/tdp378/jax_champ/install/jax_behavior:/home/tdp378/jax_champ/install/champ_base:/home/tdp378/jax_champ/install/champ_msgs:/home/tdp378/jax_champ/install/champ:/home/tdp378/jax_champ/install/camera_ros:/opt/ros/jazzy/opt/gz_sim_vendor:/opt/ros/jazzy/opt/gz_sensors_vendor:/opt/ros/jazzy/opt/gz_physics_vendor:/opt/ros/jazzy/opt/sdformat_vendor:/opt/ros/jazzy/opt/gz_gui_vendor:/opt/ros/jazzy/opt/gz_transport_vendor:/opt/ros/jazzy/opt/gz_rendering_vendor:/opt/ros/jazzy/opt/gz_plugin_vendor:/opt/ros/jazzy/opt/gz_fuel_tools_vendor:/opt/ros/jazzy/opt/gz_msgs_vendor:/opt/ros/jazzy/opt/gz_common_vendor:/opt/ros/jazzy/opt/gz_math_vendor:/opt/ros/jazzy/opt/gz_utils_vendor:/opt/ros/jazzy/opt/gz_tools_vendor:/opt/ros/jazzy/opt/gz_ogre_next_vendor:/opt/ros/jazzy/opt/gz_dartsim_vendor:/opt/ros/jazzy/opt/gz_cmake_vendor:/home/tdp378/DingoQuadruped/dingo_ws/install/dingo_utilities:/opt/ros/jazzy DEBUGINFOD_URLS=https://debuginfod.ubuntu.com PYTHONPATH=/home/tdp378/DingoQuadruped/dingo_ws/install/dingo_peripheral_msgs/lib/python3.12/site-packages:/home/tdp378/DingoQuadruped/dingo_ws/install/dingo/lib/python3.12/site-packages:/home/tdp378/DingoQuadruped/dingo_ws/install/dingo_input_interfacing/lib/python3.12/site-packages:/home/tdp378/DingoQuadruped/dingo_ws/install/dingo_control/lib/python3.12/site-packages:/home/tdp378/DingoQuadruped/dingo_ws/build/dingo_utilities/src:/home/tdp378/DingoQuadruped/dingo_ws/install/dingo_utilities/lib/python3.12/site-packages:/home/tdp378/DingoQuadruped/dingo_ws/install/dingo_servo_interfacing/lib/python3.12/site-packages:/home/tdp378/DingoQuadruped/dingo_ws/install/dingo_peripheral_interfacing/lib/python3.12/site-packages:/home/tdp378/DingoQuadruped/dingo_ws/install/dingo_control_msgs/lib/python3.12/site-packages:/home/tdp378/jax_champ/install/champ_msgs/lib/python3.12/site-packages:/opt/ros/jazzy/lib/python3.12/site-packages /usr/bin/cmake --build /home/tdp378/DingoQuadruped/dingo_ws/build/dingo_peripheral_interfacing -- -j16 -l16
[1.946s] DEBUG:colcon.colcon_core.event_handler.log_command:Invoking command in '/home/tdp378/DingoQuadruped/dingo_ws/build/dingo_peripheral_interfacing': CMAKE_PREFIX_PATH=/home/tdp378/DingoQuadruped/dingo_ws/install/dingo_peripheral_msgs:/home/tdp378/DingoQuadruped/dingo_ws/install/dingo:/home/tdp378/DingoQuadruped/dingo_ws/install/dingo_input_interfacing:/home/tdp378/DingoQuadruped/dingo_ws/install/dingo_control:/home/tdp378/DingoQuadruped/dingo_ws/install/dingo_servo_interfacing:/home/tdp378/DingoQuadruped/dingo_ws/install/dingo_peripheral_interfacing:/home/tdp378/DingoQuadruped/dingo_ws/install/dingo_gazebo:/home/tdp378/DingoQuadruped/dingo_ws/install/dingo_description:/home/tdp378/DingoQuadruped/dingo_ws/install/dingo_control_msgs:/home/tdp378/DingoQuadruped/dingo_ws/install/dingo_behaviors:/home/tdp378/jax_champ/install/jax_teleop:/home/tdp378/jax_champ/install/jax_bringup:/home/tdp378/jax_champ/install/jax_locomotion:/home/tdp378/jax_champ/install/jax_hardware:/home/tdp378/jax_champ/install/jax_description:/home/tdp378/jax_champ/install/jax_behavior:/home/tdp378/jax_champ/install/champ_base:/home/tdp378/jax_champ/install/champ_msgs:/home/tdp378/jax_champ/install/champ:/home/tdp378/jax_champ/install/camera_ros:/opt/ros/jazzy/opt/gz_sim_vendor:/opt/ros/jazzy/opt/gz_sensors_vendor:/opt/ros/jazzy/opt/gz_physics_vendor:/opt/ros/jazzy/opt/sdformat_vendor:/opt/ros/jazzy/opt/gz_gui_vendor:/opt/ros/jazzy/opt/gz_transport_vendor:/opt/ros/jazzy/opt/gz_rendering_vendor:/opt/ros/jazzy/opt/gz_plugin_vendor:/opt/ros/jazzy/opt/gz_fuel_tools_vendor:/opt/ros/jazzy/opt/gz_msgs_vendor:/opt/ros/jazzy/opt/gz_common_vendor:/opt/ros/jazzy/opt/gz_math_vendor:/opt/ros/jazzy/opt/gz_utils_vendor:/opt/ros/jazzy/opt/gz_tools_vendor:/opt/ros/jazzy/opt/gz_ogre_next_vendor:/opt/ros/jazzy/opt/gz_dartsim_vendor:/opt/ros/jazzy/opt/gz_cmake_vendor:/home/tdp378/DingoQuadruped/dingo_ws/install/dingo_utilities:/opt/ros/jazzy DEBUGINFOD_URLS=https://debuginfod.ubuntu.com PYTHONPATH=/home/tdp378/DingoQuadruped/dingo_ws/install/dingo_peripheral_msgs/lib/python3.12/site-packages:/home/tdp378/DingoQuadruped/dingo_ws/install/dingo/lib/python3.12/site-packages:/home/tdp378/DingoQuadruped/dingo_ws/install/dingo_input_interfacing/lib/python3.12/site-packages:/home/tdp378/DingoQuadruped/dingo_ws/install/dingo_control/lib/python3.12/site-packages:/home/tdp378/DingoQuadruped/dingo_ws/build/dingo_utilities/src:/home/tdp378/DingoQuadruped/dingo_ws/install/dingo_utilities/lib/python3.12/site-packages:/home/tdp378/DingoQuadruped/dingo_ws/install/dingo_servo_interfacing/lib/python3.12/site-packages:/home/tdp378/DingoQuadruped/dingo_ws/install/dingo_peripheral_interfacing/lib/python3.12/site-packages:/home/tdp378/DingoQuadruped/dingo_ws/install/dingo_control_msgs/lib/python3.12/site-packages:/home/tdp378/jax_champ/install/champ_msgs/lib/python3.12/site-packages:/opt/ros/jazzy/lib/python3.12/site-packages /usr/bin/cmake --install /home/tdp378/DingoQuadruped/dingo_ws/build/dingo_peripheral_interfacing
[2.022s] Level 1:colcon.colcon_core.environment:create_environment_scripts_only(dingo_peripheral_interfacing)
[2.023s] DEBUG:colcon.colcon_core.event_handler.log_command:Invoked command in '/home/tdp378/DingoQuadruped/dingo_ws/build/dingo_peripheral_interfacing' returned '0': CMAKE_PREFIX_PATH=/home/tdp378/DingoQuadruped/dingo_ws/install/dingo_peripheral_msgs:/home/tdp378/DingoQuadruped/dingo_ws/install/dingo:/home/tdp378/DingoQuadruped/dingo_ws/install/dingo_input_interfacing:/home/tdp378/DingoQuadruped/dingo_ws/install/dingo_control:/home/tdp378/DingoQuadruped/dingo_ws/install/dingo_servo_interfacing:/home/tdp378/DingoQuadruped/dingo_ws/install/dingo_peripheral_interfacing:/home/tdp378/DingoQuadruped/dingo_ws/install/dingo_gazebo:/home/tdp378/DingoQuadruped/dingo_ws/install/dingo_description:/home/tdp378/DingoQuadruped/dingo_ws/install/dingo_control_msgs:/home/tdp378/DingoQuadruped/dingo_ws/install/dingo_behaviors:/home/tdp378/jax_champ/install/jax_teleop:/home/tdp378/jax_champ/install/jax_bringup:/home/tdp378/jax_champ/install/jax_locomotion:/home/tdp378/jax_champ/install/jax_hardware:/home/tdp378/jax_champ/install/jax_description:/home/tdp378/jax_champ/install/jax_behavior:/home/tdp378/jax_champ/install/champ_base:/home/tdp378/jax_champ/install/champ_msgs:/home/tdp378/jax_champ/install/champ:/home/tdp378/jax_champ/install/camera_ros:/opt/ros/jazzy/opt/gz_sim_vendor:/opt/ros/jazzy/opt/gz_sensors_vendor:/opt/ros/jazzy/opt/gz_physics_vendor:/opt/ros/jazzy/opt/sdformat_vendor:/opt/ros/jazzy/opt/gz_gui_vendor:/opt/ros/jazzy/opt/gz_transport_vendor:/opt/ros/jazzy/opt/gz_rendering_vendor:/opt/ros/jazzy/opt/gz_plugin_vendor:/opt/ros/jazzy/opt/gz_fuel_tools_vendor:/opt/ros/jazzy/opt/gz_msgs_vendor:/opt/ros/jazzy/opt/gz_common_vendor:/opt/ros/jazzy/opt/gz_math_vendor:/opt/ros/jazzy/opt/gz_utils_vendor:/opt/ros/jazzy/opt/gz_tools_vendor:/opt/ros/jazzy/opt/gz_ogre_next_vendor:/opt/ros/jazzy/opt/gz_dartsim_vendor:/opt/ros/jazzy/opt/gz_cmake_vendor:/home/tdp378/DingoQuadruped/dingo_ws/install/dingo_utilities:/opt/ros/jazzy DEBUGINFOD_URLS=https://debuginfod.ubuntu.com PYTHONPATH=/home/tdp378/DingoQuadruped/dingo_ws/install/dingo_peripheral_msgs/lib/python3.12/site-packages:/home/tdp378/DingoQuadruped/dingo_ws/install/dingo/lib/python3.12/site-packages:/home/tdp378/DingoQuadruped/dingo_ws/install/dingo_input_interfacing/lib/python3.12/site-packages:/home/tdp378/DingoQuadruped/dingo_ws/install/dingo_control/lib/python3.12/site-packages:/home/tdp378/DingoQuadruped/dingo_ws/build/dingo_utilities/src:/home/tdp378/DingoQuadruped/dingo_ws/install/dingo_utilities/lib/python3.12/site-packages:/home/tdp378/DingoQuadruped/dingo_ws/install/dingo_servo_interfacing/lib/python3.12/site-packages:/home/tdp378/DingoQuadruped/dingo_ws/install/dingo_peripheral_interfacing/lib/python3.12/site-packages:/home/tdp378/DingoQuadruped/dingo_ws/install/dingo_control_msgs/lib/python3.12/site-packages:/home/tdp378/jax_champ/install/champ_msgs/lib/python3.12/site-packages:/opt/ros/jazzy/lib/python3.12/site-packages /usr/bin/cmake --install /home/tdp378/DingoQuadruped/dingo_ws/build/dingo_peripheral_interfacing
[2.025s] Level 1:colcon.colcon_core.environment:checking '/home/tdp378/DingoQuadruped/dingo_ws/install/dingo_peripheral_interfacing' for CMake module files
[2.026s] Level 1:colcon.colcon_core.environment:checking '/home/tdp378/DingoQuadruped/dingo_ws/install/dingo_peripheral_interfacing' for CMake config files
[2.026s] Level 1:colcon.colcon_core.shell:create_environment_hook('dingo_peripheral_interfacing', 'cmake_prefix_path')
[2.026s] INFO:colcon.colcon_core.shell:Creating environment descriptor '/home/tdp378/DingoQuadruped/dingo_ws/install/dingo_peripheral_interfacing/share/dingo_peripheral_interfacing/hook/cmake_prefix_path.dsv'
[2.026s] INFO:colcon.colcon_core.shell:Creating environment hook '/home/tdp378/DingoQuadruped/dingo_ws/install/dingo_peripheral_interfacing/share/dingo_peripheral_interfacing/hook/cmake_prefix_path.sh'
[2.027s] Level 1:colcon.colcon_core.environment:checking '/home/tdp378/DingoQuadruped/dingo_ws/install/dingo_peripheral_interfacing/lib'
[2.027s] Level 1:colcon.colcon_core.environment:checking '/home/tdp378/DingoQuadruped/dingo_ws/install/dingo_peripheral_interfacing/bin'
[2.027s] Level 1:colcon.colcon_core.environment:checking '/home/tdp378/DingoQuadruped/dingo_ws/install/dingo_peripheral_interfacing/lib/pkgconfig/dingo_peripheral_interfacing.pc'
[2.028s] Level 1:colcon.colcon_core.environment:checking '/home/tdp378/DingoQuadruped/dingo_ws/install/dingo_peripheral_interfacing/lib/python3.12/site-packages'
[2.028s] Level 1:colcon.colcon_core.shell:create_environment_hook('dingo_peripheral_interfacing', 'pythonpath')
[2.028s] INFO:colcon.colcon_core.shell:Creating environment descriptor '/home/tdp378/DingoQuadruped/dingo_ws/install/dingo_peripheral_interfacing/share/dingo_peripheral_interfacing/hook/pythonpath.dsv'
[2.028s] INFO:colcon.colcon_core.shell:Creating environment hook '/home/tdp378/DingoQuadruped/dingo_ws/install/dingo_peripheral_interfacing/share/dingo_peripheral_interfacing/hook/pythonpath.sh'
[2.029s] Level 1:colcon.colcon_core.environment:checking '/home/tdp378/DingoQuadruped/dingo_ws/install/dingo_peripheral_interfacing/bin'
[2.029s] INFO:colcon.colcon_core.shell:Creating package descriptor '/home/tdp378/DingoQuadruped/dingo_ws/install/dingo_peripheral_interfacing/share/dingo_peripheral_interfacing/package.dsv'
[2.029s] INFO:colcon.colcon_core.shell:Creating package script '/home/tdp378/DingoQuadruped/dingo_ws/install/dingo_peripheral_interfacing/share/dingo_peripheral_interfacing/package.sh'
[2.030s] INFO:colcon.colcon_core.shell:Creating package script '/home/tdp378/DingoQuadruped/dingo_ws/install/dingo_peripheral_interfacing/share/dingo_peripheral_interfacing/package.bash'
[2.036s] INFO:colcon.colcon_core.shell:Creating package script '/home/tdp378/DingoQuadruped/dingo_ws/install/dingo_peripheral_interfacing/share/dingo_peripheral_interfacing/package.zsh'
[2.043s] Level 1:colcon.colcon_core.environment:create_file_with_runtime_dependencies(/home/tdp378/DingoQuadruped/dingo_ws/install/dingo_peripheral_interfacing/share/colcon-core/packages/dingo_peripheral_interfacing)
[2.043s] Level 1:colcon.colcon_core.environment:create_environment_scripts_only(dingo_peripheral_interfacing)
[2.043s] Level 1:colcon.colcon_core.environment:checking '/home/tdp378/DingoQuadruped/dingo_ws/install/dingo_peripheral_interfacing' for CMake module files
[2.044s] Level 1:colcon.colcon_core.environment:checking '/home/tdp378/DingoQuadruped/dingo_ws/install/dingo_peripheral_interfacing' for CMake config files
[2.044s] Level 1:colcon.colcon_core.shell:create_environment_hook('dingo_peripheral_interfacing', 'cmake_prefix_path')
[2.044s] INFO:colcon.colcon_core.shell:Creating environment descriptor '/home/tdp378/DingoQuadruped/dingo_ws/install/dingo_peripheral_interfacing/share/dingo_peripheral_interfacing/hook/cmake_prefix_path.dsv'
[2.044s] INFO:colcon.colcon_core.shell:Creating environment hook '/home/tdp378/DingoQuadruped/dingo_ws/install/dingo_peripheral_interfacing/share/dingo_peripheral_interfacing/hook/cmake_prefix_path.sh'
[2.045s] Level 1:colcon.colcon_core.environment:checking '/home/tdp378/DingoQuadruped/dingo_ws/install/dingo_peripheral_interfacing/lib'
[2.045s] Level 1:colcon.colcon_core.environment:checking '/home/tdp378/DingoQuadruped/dingo_ws/install/dingo_peripheral_interfacing/bin'
[2.045s] Level 1:colcon.colcon_core.environment:checking '/home/tdp378/DingoQuadruped/dingo_ws/install/dingo_peripheral_interfacing/lib/pkgconfig/dingo_peripheral_interfacing.pc'
[2.045s] Level 1:colcon.colcon_core.environment:checking '/home/tdp378/DingoQuadruped/dingo_ws/install/dingo_peripheral_interfacing/lib/python3.12/site-packages'
[2.045s] Level 1:colcon.colcon_core.shell:create_environment_hook('dingo_peripheral_interfacing', 'pythonpath')
[2.045s] INFO:colcon.colcon_core.shell:Creating environment descriptor '/home/tdp378/DingoQuadruped/dingo_ws/install/dingo_peripheral_interfacing/share/dingo_peripheral_interfacing/hook/pythonpath.dsv'
[2.046s] INFO:colcon.colcon_core.shell:Creating environment hook '/home/tdp378/DingoQuadruped/dingo_ws/install/dingo_peripheral_interfacing/share/dingo_peripheral_interfacing/hook/pythonpath.sh'
[2.046s] Level 1:colcon.colcon_core.environment:checking '/home/tdp378/DingoQuadruped/dingo_ws/install/dingo_peripheral_interfacing/bin'
[2.046s] INFO:colcon.colcon_core.shell:Creating package descriptor '/home/tdp378/DingoQuadruped/dingo_ws/install/dingo_peripheral_interfacing/share/dingo_peripheral_interfacing/package.dsv'
[2.047s] INFO:colcon.colcon_core.shell:Creating package script '/home/tdp378/DingoQuadruped/dingo_ws/install/dingo_peripheral_interfacing/share/dingo_peripheral_interfacing/package.sh'
[2.047s] INFO:colcon.colcon_core.shell:Creating package script '/home/tdp378/DingoQuadruped/dingo_ws/install/dingo_peripheral_interfacing/share/dingo_peripheral_interfacing/package.bash'
[2.047s] INFO:colcon.colcon_core.shell:Creating package script '/home/tdp378/DingoQuadruped/dingo_ws/install/dingo_peripheral_interfacing/share/dingo_peripheral_interfacing/package.zsh'
[2.047s] Level 1:colcon.colcon_core.environment:create_file_with_runtime_dependencies(/home/tdp378/DingoQuadruped/dingo_ws/install/dingo_peripheral_interfacing/share/colcon-core/packages/dingo_peripheral_interfacing)
[2.048s] DEBUG:colcon.colcon_parallel_executor.executor.parallel:closing loop
[2.048s] DEBUG:colcon.colcon_parallel_executor.executor.parallel:loop closed
[2.048s] DEBUG:colcon.colcon_parallel_executor.executor.parallel:run_until_complete finished with '0'
[2.048s] DEBUG:colcon.colcon_core.event_reactor:joining thread
[2.093s] INFO:colcon.colcon_core.plugin_system:Skipping extension 'colcon_notification.desktop_notification.terminal_notifier': Not used on non-Darwin systems
[2.093s] INFO:colcon.colcon_core.plugin_system:Skipping extension 'colcon_notification.desktop_notification.win32': Not used on non-Windows systems
[2.093s] INFO:colcon.colcon_notification.desktop_notification:Sending desktop notification using 'notify2'
[2.100s] DEBUG:colcon.colcon_core.event_reactor:joined thread
[2.100s] INFO:colcon.colcon_core.shell:Creating prefix script '/home/tdp378/DingoQuadruped/dingo_ws/install/local_setup.sh'
[2.101s] INFO:colcon.colcon_core.shell:Creating prefix util module '/home/tdp378/DingoQuadruped/dingo_ws/install/_local_setup_util_sh.py'
[2.102s] INFO:colcon.colcon_core.shell:Creating prefix chain script '/home/tdp378/DingoQuadruped/dingo_ws/install/setup.sh'
[2.103s] INFO:colcon.colcon_core.shell:Creating prefix script '/home/tdp378/DingoQuadruped/dingo_ws/install/local_setup.bash'
[2.119s] INFO:colcon.colcon_core.shell:Creating prefix chain script '/home/tdp378/DingoQuadruped/dingo_ws/install/setup.bash'
[2.120s] INFO:colcon.colcon_core.shell:Creating prefix script '/home/tdp378/DingoQuadruped/dingo_ws/install/local_setup.zsh'
[2.121s] INFO:colcon.colcon_core.shell:Creating prefix chain script '/home/tdp378/DingoQuadruped/dingo_ws/install/setup.zsh'
