[0.146s] Invoking command in '/home/tdp378/DingoQuadruped/dingo_ws/build/dingo_servo_interfacing': CMAKE_PREFIX_PATH=${CMAKE_PREFIX_PATH}:/opt/ros/jazzy DEBUGINFOD_URLS=https://debuginfod.ubuntu.com /usr/bin/cmake /home/tdp378/DingoQuadruped/dingo_ws/src/dingo_hardware_interfacing/dingo_servo_interfacing -DAMENT_CMAKE_SYMLINK_INSTALL=1 -DCMAKE_INSTALL_PREFIX=/home/tdp378/DingoQuadruped/dingo_ws/install/dingo_servo_interfacing
[0.185s] -- The C compiler identification is GNU 13.3.0
[0.223s] -- The CXX compiler identification is GNU 13.3.0
[0.234s] -- Detecting C compiler ABI info
[0.293s] -- Detecting C compiler ABI info - done
[0.299s] -- Check for working C compiler: /usr/bin/cc - skipped
[0.300s] -- Detecting C compile features
[0.300s] -- Detecting C compile features - done
[0.306s] -- Detecting CXX compiler ABI info
[0.371s] -- Detecting CXX compiler ABI info - done
[0.380s] -- Check for working CXX compiler: /usr/bin/c++ - skipped
[0.380s] -- Detecting CXX compile features
[0.381s] -- Detecting CXX compile features - done
[0.383s] -- Found ament_cmake: 2.5.5 (/opt/ros/jazzy/share/ament_cmake/cmake)
[0.492s] -- Found Python3: /usr/bin/python3 (found version "3.12.3") found components: Interpreter 
[0.548s] -- Override CMake install command with custom implementation using symlinks instead of copying resources
[0.727s] -- Configuring done (0.6s)
[0.729s] -- Generating done (0.0s)
[0.731s] -- Build files have been written to: /home/tdp378/DingoQuadruped/dingo_ws/build/dingo_servo_interfacing
[0.734s] Invoked command in '/home/tdp378/DingoQuadruped/dingo_ws/build/dingo_servo_interfacing' returned '0': CMAKE_PREFIX_PATH=${CMAKE_PREFIX_PATH}:/opt/ros/jazzy DEBUGINFOD_URLS=https://debuginfod.ubuntu.com /usr/bin/cmake /home/tdp378/DingoQuadruped/dingo_ws/src/dingo_hardware_interfacing/dingo_servo_interfacing -DAMENT_CMAKE_SYMLINK_INSTALL=1 -DCMAKE_INSTALL_PREFIX=/home/tdp378/DingoQuadruped/dingo_ws/install/dingo_servo_interfacing
[0.734s] Invoking command in '/home/tdp378/DingoQuadruped/dingo_ws/build/dingo_servo_interfacing': CMAKE_PREFIX_PATH=${CMAKE_PREFIX_PATH}:/opt/ros/jazzy DEBUGINFOD_URLS=https://debuginfod.ubuntu.com /usr/bin/cmake --build /home/tdp378/DingoQuadruped/dingo_ws/build/dingo_servo_interfacing -- -j16 -l16
[0.771s] Built target ament_cmake_python_symlink_dingo_servo_interfacing
[0.918s] running egg_info
[0.919s] creating dingo_servo_interfacing.egg-info
[0.932s] writing dingo_servo_interfacing.egg-info/PKG-INFO
[0.932s] writing dependency_links to dingo_servo_interfacing.egg-info/dependency_links.txt
[0.932s] writing top-level names to dingo_servo_interfacing.egg-info/top_level.txt
[0.932s] writing manifest file 'dingo_servo_interfacing.egg-info/SOURCES.txt'
[0.972s] reading manifest file 'dingo_servo_interfacing.egg-info/SOURCES.txt'
[0.972s] writing manifest file 'dingo_servo_interfacing.egg-info/SOURCES.txt'
[0.994s] Built target ament_cmake_python_build_dingo_servo_interfacing_egg
[1.001s] Invoked command in '/home/tdp378/DingoQuadruped/dingo_ws/build/dingo_servo_interfacing' returned '0': CMAKE_PREFIX_PATH=${CMAKE_PREFIX_PATH}:/opt/ros/jazzy DEBUGINFOD_URLS=https://debuginfod.ubuntu.com /usr/bin/cmake --build /home/tdp378/DingoQuadruped/dingo_ws/build/dingo_servo_interfacing -- -j16 -l16
[1.001s] Invoking command in '/home/tdp378/DingoQuadruped/dingo_ws/build/dingo_servo_interfacing': CMAKE_PREFIX_PATH=${CMAKE_PREFIX_PATH}:/opt/ros/jazzy DEBUGINFOD_URLS=https://debuginfod.ubuntu.com /usr/bin/cmake --install /home/tdp378/DingoQuadruped/dingo_ws/build/dingo_servo_interfacing
[1.007s] -- Install configuration: ""
[1.007s] -- Execute custom install script
[1.007s] -- Symlinking: /home/tdp378/DingoQuadruped/dingo_ws/install/dingo_servo_interfacing/share/dingo_servo_interfacing/environment/pythonpath.sh
[1.013s] -- Symlinking: /home/tdp378/DingoQuadruped/dingo_ws/install/dingo_servo_interfacing/share/dingo_servo_interfacing/environment/pythonpath.dsv
[1.019s] -- Symlinking: /home/tdp378/DingoQuadruped/dingo_ws/install/dingo_servo_interfacing/lib/python3.12/site-packages/dingo_servo_interfacing-0.0.0-py3.12.egg-info/PKG-INFO
[1.025s] -- Symlinking: /home/tdp378/DingoQuadruped/dingo_ws/install/dingo_servo_interfacing/lib/python3.12/site-packages/dingo_servo_interfacing-0.0.0-py3.12.egg-info/SOURCES.txt
[1.031s] -- Symlinking: /home/tdp378/DingoQuadruped/dingo_ws/install/dingo_servo_interfacing/lib/python3.12/site-packages/dingo_servo_interfacing-0.0.0-py3.12.egg-info/dependency_links.txt
[1.037s] -- Symlinking: /home/tdp378/DingoQuadruped/dingo_ws/install/dingo_servo_interfacing/lib/python3.12/site-packages/dingo_servo_interfacing-0.0.0-py3.12.egg-info/top_level.txt
[1.044s] -- Symlinking: /home/tdp378/DingoQuadruped/dingo_ws/install/dingo_servo_interfacing/lib/python3.12/site-packages/dingo_servo_interfacing/CalibrateServos.py
[1.049s] -- Symlinking: /home/tdp378/DingoQuadruped/dingo_ws/install/dingo_servo_interfacing/lib/python3.12/site-packages/dingo_servo_interfacing/HardwareInterface.py
[1.055s] -- Symlinking: /home/tdp378/DingoQuadruped/dingo_ws/install/dingo_servo_interfacing/lib/python3.12/site-packages/dingo_servo_interfacing/ServoCalibrationDefinition.py
[1.061s] -- Symlinking: /home/tdp378/DingoQuadruped/dingo_ws/install/dingo_servo_interfacing/lib/python3.12/site-packages/dingo_servo_interfacing/__init__.py
[1.067s] -- Symlinking: /home/tdp378/DingoQuadruped/dingo_ws/install/dingo_servo_interfacing/share/ament_index/resource_index/package_run_dependencies/dingo_servo_interfacing
[1.074s] -- Symlinking: /home/tdp378/DingoQuadruped/dingo_ws/install/dingo_servo_interfacing/share/ament_index/resource_index/parent_prefix_path/dingo_servo_interfacing
[1.080s] -- Symlinking: /home/tdp378/DingoQuadruped/dingo_ws/install/dingo_servo_interfacing/share/dingo_servo_interfacing/environment/ament_prefix_path.sh
[1.086s] -- Symlinking: /home/tdp378/DingoQuadruped/dingo_ws/install/dingo_servo_interfacing/share/dingo_servo_interfacing/environment/ament_prefix_path.dsv
[1.093s] -- Symlinking: /home/tdp378/DingoQuadruped/dingo_ws/install/dingo_servo_interfacing/share/dingo_servo_interfacing/environment/path.sh
[1.099s] -- Symlinking: /home/tdp378/DingoQuadruped/dingo_ws/install/dingo_servo_interfacing/share/dingo_servo_interfacing/environment/path.dsv
[1.105s] -- Symlinking: /home/tdp378/DingoQuadruped/dingo_ws/install/dingo_servo_interfacing/share/dingo_servo_interfacing/local_setup.bash
[1.111s] -- Symlinking: /home/tdp378/DingoQuadruped/dingo_ws/install/dingo_servo_interfacing/share/dingo_servo_interfacing/local_setup.sh
[1.117s] -- Symlinking: /home/tdp378/DingoQuadruped/dingo_ws/install/dingo_servo_interfacing/share/dingo_servo_interfacing/local_setup.zsh
[1.123s] -- Symlinking: /home/tdp378/DingoQuadruped/dingo_ws/install/dingo_servo_interfacing/share/dingo_servo_interfacing/local_setup.dsv
[1.129s] -- Symlinking: /home/tdp378/DingoQuadruped/dingo_ws/install/dingo_servo_interfacing/share/dingo_servo_interfacing/package.dsv
[1.135s] -- Symlinking: /home/tdp378/DingoQuadruped/dingo_ws/install/dingo_servo_interfacing/share/ament_index/resource_index/packages/dingo_servo_interfacing
[1.141s] -- Symlinking: /home/tdp378/DingoQuadruped/dingo_ws/install/dingo_servo_interfacing/share/dingo_servo_interfacing/cmake/dingo_servo_interfacingConfig.cmake
[1.147s] -- Symlinking: /home/tdp378/DingoQuadruped/dingo_ws/install/dingo_servo_interfacing/share/dingo_servo_interfacing/cmake/dingo_servo_interfacingConfig-version.cmake
[1.153s] -- Symlinking: /home/tdp378/DingoQuadruped/dingo_ws/install/dingo_servo_interfacing/share/dingo_servo_interfacing/package.xml
[1.184s] /home/tdp378/DingoQuadruped/dingo_ws/install/dingo_servo_interfacing/lib/python3.12/site-packages/dingo_servo_interfacing/CalibrateServos.py:12: SyntaxWarning: invalid escape sequence '\-'
[1.184s]   '''    HOW TO CALIBRATE THE MOTORS
[1.186s] Listing '/home/tdp378/DingoQuadruped/dingo_ws/install/dingo_servo_interfacing/lib/python3.12/site-packages/dingo_servo_interfacing'...
[1.186s] Compiling '/home/tdp378/DingoQuadruped/dingo_ws/install/dingo_servo_interfacing/lib/python3.12/site-packages/dingo_servo_interfacing/CalibrateServos.py'...
[1.186s] Compiling '/home/tdp378/DingoQuadruped/dingo_ws/install/dingo_servo_interfacing/lib/python3.12/site-packages/dingo_servo_interfacing/HardwareInterface.py'...
[1.186s] Compiling '/home/tdp378/DingoQuadruped/dingo_ws/install/dingo_servo_interfacing/lib/python3.12/site-packages/dingo_servo_interfacing/ServoCalibrationDefinition.py'...
[1.186s] Compiling '/home/tdp378/DingoQuadruped/dingo_ws/install/dingo_servo_interfacing/lib/python3.12/site-packages/dingo_servo_interfacing/__init__.py'...
[1.191s] Invoked command in '/home/tdp378/DingoQuadruped/dingo_ws/build/dingo_servo_interfacing' returned '0': CMAKE_PREFIX_PATH=${CMAKE_PREFIX_PATH}:/opt/ros/jazzy DEBUGINFOD_URLS=https://debuginfod.ubuntu.com /usr/bin/cmake --install /home/tdp378/DingoQuadruped/dingo_ws/build/dingo_servo_interfacing
