Built target ament_cmake_python_symlink_dingo_control
running egg_info
writing dingo_control.egg-info/PKG-INFO
writing dependency_links to dingo_control.egg-info/dependency_links.txt
writing top-level names to dingo_control.egg-info/top_level.txt
reading manifest file 'dingo_control.egg-info/SOURCES.txt'
writing manifest file 'dingo_control.egg-info/SOURCES.txt'
Built target ament_cmake_python_build_dingo_control_egg
-- Install configuration: ""
-- Execute custom install script
-- Up-to-date symlink: /home/tdp378/DingoQuadruped/dingo_ws/install/dingo_control/share/dingo_control/environment/pythonpath.sh
-- Up-to-date symlink: /home/tdp378/DingoQuadruped/dingo_ws/install/dingo_control/share/dingo_control/environment/pythonpath.dsv
-- Up-to-date symlink: /home/tdp378/DingoQuadruped/dingo_ws/install/dingo_control/lib/python3.12/site-packages/dingo_control-0.0.0-py3.12.egg-info/PKG-INFO
-- Up-to-date symlink: /home/tdp378/DingoQuadruped/dingo_ws/install/dingo_control/lib/python3.12/site-packages/dingo_control-0.0.0-py3.12.egg-info/SOURCES.txt
-- Up-to-date symlink: /home/tdp378/DingoQuadruped/dingo_ws/install/dingo_control/lib/python3.12/site-packages/dingo_control-0.0.0-py3.12.egg-info/dependency_links.txt
-- Up-to-date symlink: /home/tdp378/DingoQuadruped/dingo_ws/install/dingo_control/lib/python3.12/site-packages/dingo_control-0.0.0-py3.12.egg-info/top_level.txt
-- Up-to-date symlink: /home/tdp378/DingoQuadruped/dingo_ws/install/dingo_control/lib/python3.12/site-packages/dingo_control/Command.py
-- Up-to-date symlink: /home/tdp378/DingoQuadruped/dingo_ws/install/dingo_control/lib/python3.12/site-packages/dingo_control/Config.py
-- Up-to-date symlink: /home/tdp378/DingoQuadruped/dingo_ws/install/dingo_control/lib/python3.12/site-packages/dingo_control/Controller.py
-- Up-to-date symlink: /home/tdp378/DingoQuadruped/dingo_ws/install/dingo_control/lib/python3.12/site-packages/dingo_control/Gaits.py
-- Up-to-date symlink: /home/tdp378/DingoQuadruped/dingo_ws/install/dingo_control/lib/python3.12/site-packages/dingo_control/Kinematics.py
-- Up-to-date symlink: /home/tdp378/DingoQuadruped/dingo_ws/install/dingo_control/lib/python3.12/site-packages/dingo_control/StanceController.py
-- Up-to-date symlink: /home/tdp378/DingoQuadruped/dingo_ws/install/dingo_control/lib/python3.12/site-packages/dingo_control/State.py
-- Up-to-date symlink: /home/tdp378/DingoQuadruped/dingo_ws/install/dingo_control/lib/python3.12/site-packages/dingo_control/SwingLegController.py
-- Up-to-date symlink: /home/tdp378/DingoQuadruped/dingo_ws/install/dingo_control/lib/python3.12/site-packages/dingo_control/__init__.py
-- Up-to-date symlink: /home/tdp378/DingoQuadruped/dingo_ws/install/dingo_control/lib/python3.12/site-packages/dingo_control/util.py
-- Up-to-date symlink: /home/tdp378/DingoQuadruped/dingo_ws/install/dingo_control/share/ament_index/resource_index/package_run_dependencies/dingo_control
-- Up-to-date symlink: /home/tdp378/DingoQuadruped/dingo_ws/install/dingo_control/share/ament_index/resource_index/parent_prefix_path/dingo_control
-- Up-to-date symlink: /home/tdp378/DingoQuadruped/dingo_ws/install/dingo_control/share/dingo_control/environment/ament_prefix_path.sh
-- Up-to-date symlink: /home/tdp378/DingoQuadruped/dingo_ws/install/dingo_control/share/dingo_control/environment/ament_prefix_path.dsv
-- Up-to-date symlink: /home/tdp378/DingoQuadruped/dingo_ws/install/dingo_control/share/dingo_control/environment/path.sh
-- Up-to-date symlink: /home/tdp378/DingoQuadruped/dingo_ws/install/dingo_control/share/dingo_control/environment/path.dsv
-- Up-to-date symlink: /home/tdp378/DingoQuadruped/dingo_ws/install/dingo_control/share/dingo_control/local_setup.bash
-- Up-to-date symlink: /home/tdp378/DingoQuadruped/dingo_ws/install/dingo_control/share/dingo_control/local_setup.sh
-- Up-to-date symlink: /home/tdp378/DingoQuadruped/dingo_ws/install/dingo_control/share/dingo_control/local_setup.zsh
-- Up-to-date symlink: /home/tdp378/DingoQuadruped/dingo_ws/install/dingo_control/share/dingo_control/local_setup.dsv
-- Symlinking: /home/tdp378/DingoQuadruped/dingo_ws/install/dingo_control/share/dingo_control/package.dsv
-- Up-to-date symlink: /home/tdp378/DingoQuadruped/dingo_ws/install/dingo_control/share/ament_index/resource_index/packages/dingo_control
-- Up-to-date symlink: /home/tdp378/DingoQuadruped/dingo_ws/install/dingo_control/share/dingo_control/cmake/dingo_controlConfig.cmake
-- Up-to-date symlink: /home/tdp378/DingoQuadruped/dingo_ws/install/dingo_control/share/dingo_control/cmake/dingo_controlConfig-version.cmake
-- Up-to-date symlink: /home/tdp378/DingoQuadruped/dingo_ws/install/dingo_control/share/dingo_control/package.xml
Listing '/home/tdp378/DingoQuadruped/dingo_ws/install/dingo_control/lib/python3.12/site-packages/dingo_control'...
Compiling '/home/tdp378/DingoQuadruped/dingo_ws/install/dingo_control/lib/python3.12/site-packages/dingo_control/Controller.py'...
