Built target ament_cmake_python_symlink_dingo
running egg_info
writing dingo.egg-info/PKG-INFO
writing dependency_links to dingo.egg-info/dependency_links.txt
writing top-level names to dingo.egg-info/top_level.txt
reading manifest file 'dingo.egg-info/SOURCES.txt'
writing manifest file 'dingo.egg-info/SOURCES.txt'
Built target ament_cmake_python_build_dingo_egg
-- Install configuration: ""
-- Execute custom install script
-- Up-to-date symlink: /home/tdp378/DingoQuadruped/dingo_ws/install/dingo/share/dingo/environment/pythonpath.sh
-- Up-to-date symlink: /home/tdp378/DingoQuadruped/dingo_ws/install/dingo/share/dingo/environment/pythonpath.dsv
-- Up-to-date symlink: /home/tdp378/DingoQuadruped/dingo_ws/install/dingo/lib/python3.12/site-packages/dingo-0.0.0-py3.12.egg-info/PKG-INFO
-- Up-to-date symlink: /home/tdp378/DingoQuadruped/dingo_ws/install/dingo/lib/python3.12/site-packages/dingo-0.0.0-py3.12.egg-info/SOURCES.txt
-- Up-to-date symlink: /home/tdp378/DingoQuadruped/dingo_ws/install/dingo/lib/python3.12/site-packages/dingo-0.0.0-py3.12.egg-info/dependency_links.txt
-- Up-to-date symlink: /home/tdp378/DingoQuadruped/dingo_ws/install/dingo/lib/python3.12/site-packages/dingo-0.0.0-py3.12.egg-info/top_level.txt
-- Up-to-date symlink: /home/tdp378/DingoQuadruped/dingo_ws/install/dingo/lib/python3.12/site-packages/dingo/__init__.py
-- Up-to-date symlink: /home/tdp378/DingoQuadruped/dingo_ws/install/dingo/lib/python3.12/site-packages/dingo/status_publisher.py
-- Up-to-date symlink: /home/tdp378/DingoQuadruped/dingo_ws/install/dingo/lib/dingo/dingo_driver.py
-- Up-to-date symlink: /home/tdp378/DingoQuadruped/dingo_ws/install/dingo/lib/dingo/run_robot.py
-- Up-to-date symlink: /home/tdp378/DingoQuadruped/dingo_ws/install/dingo/lib/dingo/cmd_vel_to_joy_bridge.py
-- Up-to-date symlink: /home/tdp378/DingoQuadruped/dingo_ws/install/dingo/share/dingo/launch/dingo.launch.py
-- Up-to-date symlink: /home/tdp378/DingoQuadruped/dingo_ws/install/dingo/share/dingo/launch/dingo_gazebo_sim.launch.py
-- Up-to-date symlink: /home/tdp378/DingoQuadruped/dingo_ws/install/dingo/share/dingo/launch/twist_keyboard_test.launch.py
-- Up-to-date symlink: /home/tdp378/DingoQuadruped/dingo_ws/install/dingo/share/dingo/launch/twist_teleop_dingo_sim.launch.py
-- Up-to-date symlink: /home/tdp378/DingoQuadruped/dingo_ws/install/dingo/share/ament_index/resource_index/package_run_dependencies/dingo
-- Up-to-date symlink: /home/tdp378/DingoQuadruped/dingo_ws/install/dingo/share/ament_index/resource_index/parent_prefix_path/dingo
-- Up-to-date symlink: /home/tdp378/DingoQuadruped/dingo_ws/install/dingo/share/dingo/environment/ament_prefix_path.sh
-- Up-to-date symlink: /home/tdp378/DingoQuadruped/dingo_ws/install/dingo/share/dingo/environment/ament_prefix_path.dsv
-- Up-to-date symlink: /home/tdp378/DingoQuadruped/dingo_ws/install/dingo/share/dingo/environment/path.sh
-- Up-to-date symlink: /home/tdp378/DingoQuadruped/dingo_ws/install/dingo/share/dingo/environment/path.dsv
-- Up-to-date symlink: /home/tdp378/DingoQuadruped/dingo_ws/install/dingo/share/dingo/local_setup.bash
-- Up-to-date symlink: /home/tdp378/DingoQuadruped/dingo_ws/install/dingo/share/dingo/local_setup.sh
-- Up-to-date symlink: /home/tdp378/DingoQuadruped/dingo_ws/install/dingo/share/dingo/local_setup.zsh
-- Up-to-date symlink: /home/tdp378/DingoQuadruped/dingo_ws/install/dingo/share/dingo/local_setup.dsv
-- Symlinking: /home/tdp378/DingoQuadruped/dingo_ws/install/dingo/share/dingo/package.dsv
-- Up-to-date symlink: /home/tdp378/DingoQuadruped/dingo_ws/install/dingo/share/ament_index/resource_index/packages/dingo
-- Up-to-date symlink: /home/tdp378/DingoQuadruped/dingo_ws/install/dingo/share/dingo/cmake/dingoConfig.cmake
-- Up-to-date symlink: /home/tdp378/DingoQuadruped/dingo_ws/install/dingo/share/dingo/cmake/dingoConfig-version.cmake
-- Up-to-date symlink: /home/tdp378/DingoQuadruped/dingo_ws/install/dingo/share/dingo/package.xml
Listing '/home/tdp378/DingoQuadruped/dingo_ws/install/dingo/lib/python3.12/site-packages/dingo'...
