[0.260s] Invoking command in '/home/tdp378/DingoQuadruped/dingo_ws/build/dingo_peripheral_msgs': CMAKE_PREFIX_PATH=${CMAKE_PREFIX_PATH}:/home/tdp378/DingoQuadruped/dingo_ws/install/dingo_utilities:/opt/ros/jazzy DEBUGINFOD_URLS=https://debuginfod.ubuntu.com /usr/bin/cmake --build /home/tdp378/DingoQuadruped/dingo_ws/build/dingo_peripheral_msgs -- -j16 -l16
[0.296s] [  2%] Built target dingo_peripheral_msgs__rosidl_generator_type_description
[0.302s] [  2%] Built target ament_cmake_python_symlink_dingo_peripheral_msgs
[0.309s] [  5%] Built target dingo_peripheral_msgs__cpp
[0.310s] [ 20%] Built target dingo_peripheral_msgs__rosidl_generator_c
[0.329s] [ 38%] Built target dingo_peripheral_msgs__rosidl_typesupport_c
[0.329s] [ 38%] Built target dingo_peripheral_msgs__rosidl_typesupport_introspection_c
[0.340s] [ 47%] Built target dingo_peripheral_msgs__rosidl_typesupport_cpp
[0.350s] [ 73%] Built target dingo_peripheral_msgs__rosidl_typesupport_introspection_cpp
[0.350s] [ 73%] Built target dingo_peripheral_msgs__rosidl_typesupport_fastrtps_c
[0.350s] [ 73%] Built target dingo_peripheral_msgs__rosidl_typesupport_fastrtps_cpp
[0.367s] [ 73%] Built target dingo_peripheral_msgs
[0.392s] [ 76%] Built target dingo_peripheral_msgs__py
[0.409s] [ 82%] Built target dingo_peripheral_msgs__rosidl_generator_py
[0.427s] [ 88%] Built target dingo_peripheral_msgs_s__rosidl_typesupport_fastrtps_c
[0.428s] [ 94%] Built target dingo_peripheral_msgs_s__rosidl_typesupport_c
[0.428s] [100%] Built target dingo_peripheral_msgs_s__rosidl_typesupport_introspection_c
[0.479s] running egg_info
[0.495s] writing dingo_peripheral_msgs.egg-info/PKG-INFO
[0.495s] writing dependency_links to dingo_peripheral_msgs.egg-info/dependency_links.txt
[0.495s] writing top-level names to dingo_peripheral_msgs.egg-info/top_level.txt
[0.537s] reading manifest file 'dingo_peripheral_msgs.egg-info/SOURCES.txt'
[0.538s] writing manifest file 'dingo_peripheral_msgs.egg-info/SOURCES.txt'
[0.558s] [100%] Built target ament_cmake_python_build_dingo_peripheral_msgs_egg
[0.566s] Invoked command in '/home/tdp378/DingoQuadruped/dingo_ws/build/dingo_peripheral_msgs' returned '0': CMAKE_PREFIX_PATH=${CMAKE_PREFIX_PATH}:/home/tdp378/DingoQuadruped/dingo_ws/install/dingo_utilities:/opt/ros/jazzy DEBUGINFOD_URLS=https://debuginfod.ubuntu.com /usr/bin/cmake --build /home/tdp378/DingoQuadruped/dingo_ws/build/dingo_peripheral_msgs -- -j16 -l16
[0.574s] Invoking command in '/home/tdp378/DingoQuadruped/dingo_ws/build/dingo_peripheral_msgs': CMAKE_PREFIX_PATH=${CMAKE_PREFIX_PATH}:/home/tdp378/DingoQuadruped/dingo_ws/install/dingo_utilities:/opt/ros/jazzy DEBUGINFOD_URLS=https://debuginfod.ubuntu.com /usr/bin/cmake --install /home/tdp378/DingoQuadruped/dingo_ws/build/dingo_peripheral_msgs
[0.579s] -- Install configuration: ""
[0.580s] -- Execute custom install script
[0.580s] -- Up-to-date symlink: /home/tdp378/DingoQuadruped/dingo_ws/install/dingo_peripheral_msgs/share/ament_index/resource_index/rosidl_interfaces/dingo_peripheral_msgs
[0.580s] -- Up-to-date symlink: /home/tdp378/DingoQuadruped/dingo_ws/install/dingo_peripheral_msgs/share/dingo_peripheral_msgs/msg/ElectricalMeasurements.json
[0.580s] -- Up-to-date symlink: /home/tdp378/DingoQuadruped/dingo_ws/install/dingo_peripheral_msgs/include/dingo_peripheral_msgs/dingo_peripheral_msgs/msg/detail/electrical_measurements__functions.h
[0.580s] -- Up-to-date symlink: /home/tdp378/DingoQuadruped/dingo_ws/install/dingo_peripheral_msgs/include/dingo_peripheral_msgs/dingo_peripheral_msgs/msg/detail/electrical_measurements__struct.h
[0.580s] -- Up-to-date symlink: /home/tdp378/DingoQuadruped/dingo_ws/install/dingo_peripheral_msgs/include/dingo_peripheral_msgs/dingo_peripheral_msgs/msg/detail/electrical_measurements__type_support.h
[0.580s] -- Up-to-date symlink: /home/tdp378/DingoQuadruped/dingo_ws/install/dingo_peripheral_msgs/include/dingo_peripheral_msgs/dingo_peripheral_msgs/msg/electrical_measurements.h
[0.580s] -- Up-to-date symlink: /home/tdp378/DingoQuadruped/dingo_ws/install/dingo_peripheral_msgs/include/dingo_peripheral_msgs/dingo_peripheral_msgs/msg/rosidl_generator_c__visibility_control.h
[0.581s] -- Up-to-date symlink: /home/tdp378/DingoQuadruped/dingo_ws/install/dingo_peripheral_msgs/share/dingo_peripheral_msgs/environment/library_path.sh
[0.581s] -- Up-to-date symlink: /home/tdp378/DingoQuadruped/dingo_ws/install/dingo_peripheral_msgs/share/dingo_peripheral_msgs/environment/library_path.dsv
[0.581s] -- Up-to-date symlink: /home/tdp378/DingoQuadruped/dingo_ws/install/dingo_peripheral_msgs/include/dingo_peripheral_msgs/dingo_peripheral_msgs/msg/detail/electrical_measurements__rosidl_typesupport_fastrtps_c.h
[0.581s] -- Up-to-date symlink: /home/tdp378/DingoQuadruped/dingo_ws/install/dingo_peripheral_msgs/include/dingo_peripheral_msgs/dingo_peripheral_msgs/msg/rosidl_typesupport_fastrtps_c__visibility_control.h
[0.581s] -- Up-to-date symlink: /home/tdp378/DingoQuadruped/dingo_ws/install/dingo_peripheral_msgs/include/dingo_peripheral_msgs/dingo_peripheral_msgs/msg/detail/electrical_measurements__rosidl_typesupport_introspection_c.h
[0.581s] -- Up-to-date symlink: /home/tdp378/DingoQuadruped/dingo_ws/install/dingo_peripheral_msgs/include/dingo_peripheral_msgs/dingo_peripheral_msgs/msg/rosidl_typesupport_introspection_c__visibility_control.h
[0.581s] -- Up-to-date symlink: /home/tdp378/DingoQuadruped/dingo_ws/install/dingo_peripheral_msgs/include/dingo_peripheral_msgs/dingo_peripheral_msgs/msg/detail/electrical_measurements__builder.hpp
[0.582s] -- Up-to-date symlink: /home/tdp378/DingoQuadruped/dingo_ws/install/dingo_peripheral_msgs/include/dingo_peripheral_msgs/dingo_peripheral_msgs/msg/detail/electrical_measurements__struct.hpp
[0.582s] -- Up-to-date symlink: /home/tdp378/DingoQuadruped/dingo_ws/install/dingo_peripheral_msgs/include/dingo_peripheral_msgs/dingo_peripheral_msgs/msg/detail/electrical_measurements__traits.hpp
[0.582s] -- Up-to-date symlink: /home/tdp378/DingoQuadruped/dingo_ws/install/dingo_peripheral_msgs/include/dingo_peripheral_msgs/dingo_peripheral_msgs/msg/detail/electrical_measurements__type_support.hpp
[0.582s] -- Up-to-date symlink: /home/tdp378/DingoQuadruped/dingo_ws/install/dingo_peripheral_msgs/include/dingo_peripheral_msgs/dingo_peripheral_msgs/msg/electrical_measurements.hpp
[0.583s] -- Up-to-date symlink: /home/tdp378/DingoQuadruped/dingo_ws/install/dingo_peripheral_msgs/include/dingo_peripheral_msgs/dingo_peripheral_msgs/msg/rosidl_generator_cpp__visibility_control.hpp
[0.583s] -- Up-to-date symlink: /home/tdp378/DingoQuadruped/dingo_ws/install/dingo_peripheral_msgs/include/dingo_peripheral_msgs/dingo_peripheral_msgs/msg/detail/electrical_measurements__rosidl_typesupport_fastrtps_cpp.hpp
[0.583s] -- Up-to-date symlink: /home/tdp378/DingoQuadruped/dingo_ws/install/dingo_peripheral_msgs/include/dingo_peripheral_msgs/dingo_peripheral_msgs/msg/rosidl_typesupport_fastrtps_cpp__visibility_control.h
[0.584s] -- Up-to-date symlink: /home/tdp378/DingoQuadruped/dingo_ws/install/dingo_peripheral_msgs/include/dingo_peripheral_msgs/dingo_peripheral_msgs/msg/detail/electrical_measurements__rosidl_typesupport_introspection_cpp.hpp
[0.584s] -- Up-to-date symlink: /home/tdp378/DingoQuadruped/dingo_ws/install/dingo_peripheral_msgs/share/dingo_peripheral_msgs/environment/pythonpath.sh
[0.585s] -- Up-to-date symlink: /home/tdp378/DingoQuadruped/dingo_ws/install/dingo_peripheral_msgs/share/dingo_peripheral_msgs/environment/pythonpath.dsv
[0.585s] -- Up-to-date symlink: /home/tdp378/DingoQuadruped/dingo_ws/install/dingo_peripheral_msgs/lib/python3.12/site-packages/dingo_peripheral_msgs-0.0.0-py3.12.egg-info/PKG-INFO
[0.585s] -- Up-to-date symlink: /home/tdp378/DingoQuadruped/dingo_ws/install/dingo_peripheral_msgs/lib/python3.12/site-packages/dingo_peripheral_msgs-0.0.0-py3.12.egg-info/SOURCES.txt
[0.585s] -- Up-to-date symlink: /home/tdp378/DingoQuadruped/dingo_ws/install/dingo_peripheral_msgs/lib/python3.12/site-packages/dingo_peripheral_msgs-0.0.0-py3.12.egg-info/dependency_links.txt
[0.585s] -- Up-to-date symlink: /home/tdp378/DingoQuadruped/dingo_ws/install/dingo_peripheral_msgs/lib/python3.12/site-packages/dingo_peripheral_msgs-0.0.0-py3.12.egg-info/top_level.txt
[0.586s] -- Up-to-date symlink: /home/tdp378/DingoQuadruped/dingo_ws/install/dingo_peripheral_msgs/lib/python3.12/site-packages/dingo_peripheral_msgs/__init__.py
[0.586s] -- Up-to-date symlink: /home/tdp378/DingoQuadruped/dingo_ws/install/dingo_peripheral_msgs/lib/python3.12/site-packages/dingo_peripheral_msgs/_dingo_peripheral_msgs_s.ep.rosidl_typesupport_c.c
[0.586s] -- Up-to-date symlink: /home/tdp378/DingoQuadruped/dingo_ws/install/dingo_peripheral_msgs/lib/python3.12/site-packages/dingo_peripheral_msgs/_dingo_peripheral_msgs_s.ep.rosidl_typesupport_fastrtps_c.c
[0.586s] -- Up-to-date symlink: /home/tdp378/DingoQuadruped/dingo_ws/install/dingo_peripheral_msgs/lib/python3.12/site-packages/dingo_peripheral_msgs/_dingo_peripheral_msgs_s.ep.rosidl_typesupport_introspection_c.c
[0.586s] -- Up-to-date symlink: /home/tdp378/DingoQuadruped/dingo_ws/install/dingo_peripheral_msgs/lib/python3.12/site-packages/dingo_peripheral_msgs/dingo_peripheral_msgs_s__rosidl_typesupport_c.so
[0.586s] -- Up-to-date symlink: /home/tdp378/DingoQuadruped/dingo_ws/install/dingo_peripheral_msgs/lib/python3.12/site-packages/dingo_peripheral_msgs/dingo_peripheral_msgs_s__rosidl_typesupport_fastrtps_c.so
[0.586s] -- Up-to-date symlink: /home/tdp378/DingoQuadruped/dingo_ws/install/dingo_peripheral_msgs/lib/python3.12/site-packages/dingo_peripheral_msgs/dingo_peripheral_msgs_s__rosidl_typesupport_introspection_c.so
[0.586s] -- Up-to-date symlink: /home/tdp378/DingoQuadruped/dingo_ws/install/dingo_peripheral_msgs/lib/python3.12/site-packages/dingo_peripheral_msgs/msg/__init__.py
[0.586s] -- Up-to-date symlink: /home/tdp378/DingoQuadruped/dingo_ws/install/dingo_peripheral_msgs/lib/python3.12/site-packages/dingo_peripheral_msgs/msg/_electrical_measurements.py
[0.586s] -- Up-to-date symlink: /home/tdp378/DingoQuadruped/dingo_ws/install/dingo_peripheral_msgs/lib/python3.12/site-packages/dingo_peripheral_msgs/msg/_electrical_measurements_s.c
[0.586s] -- Up-to-date symlink: /home/tdp378/DingoQuadruped/dingo_ws/install/dingo_peripheral_msgs/lib/python3.12/site-packages/dingo_peripheral_msgs/dingo_peripheral_msgs_s__rosidl_typesupport_fastrtps_c.so
[0.586s] -- Up-to-date symlink: /home/tdp378/DingoQuadruped/dingo_ws/install/dingo_peripheral_msgs/lib/python3.12/site-packages/dingo_peripheral_msgs/dingo_peripheral_msgs_s__rosidl_typesupport_introspection_c.so
[0.587s] -- Up-to-date symlink: /home/tdp378/DingoQuadruped/dingo_ws/install/dingo_peripheral_msgs/lib/python3.12/site-packages/dingo_peripheral_msgs/dingo_peripheral_msgs_s__rosidl_typesupport_c.so
[0.587s] -- Up-to-date symlink: /home/tdp378/DingoQuadruped/dingo_ws/install/dingo_peripheral_msgs/share/dingo_peripheral_msgs/msg/ElectricalMeasurements.idl
[0.587s] -- Up-to-date symlink: /home/tdp378/DingoQuadruped/dingo_ws/install/dingo_peripheral_msgs/share/dingo_peripheral_msgs/msg/ElectricalMeasurements.msg
[0.587s] -- Up-to-date symlink: /home/tdp378/DingoQuadruped/dingo_ws/install/dingo_peripheral_msgs/share/ament_index/resource_index/package_run_dependencies/dingo_peripheral_msgs
[0.587s] -- Up-to-date symlink: /home/tdp378/DingoQuadruped/dingo_ws/install/dingo_peripheral_msgs/share/ament_index/resource_index/parent_prefix_path/dingo_peripheral_msgs
[0.587s] -- Up-to-date symlink: /home/tdp378/DingoQuadruped/dingo_ws/install/dingo_peripheral_msgs/share/dingo_peripheral_msgs/environment/ament_prefix_path.sh
[0.587s] -- Up-to-date symlink: /home/tdp378/DingoQuadruped/dingo_ws/install/dingo_peripheral_msgs/share/dingo_peripheral_msgs/environment/ament_prefix_path.dsv
[0.587s] -- Up-to-date symlink: /home/tdp378/DingoQuadruped/dingo_ws/install/dingo_peripheral_msgs/share/dingo_peripheral_msgs/environment/path.sh
[0.587s] -- Up-to-date symlink: /home/tdp378/DingoQuadruped/dingo_ws/install/dingo_peripheral_msgs/share/dingo_peripheral_msgs/environment/path.dsv
[0.587s] -- Up-to-date symlink: /home/tdp378/DingoQuadruped/dingo_ws/install/dingo_peripheral_msgs/share/dingo_peripheral_msgs/local_setup.bash
[0.587s] -- Up-to-date symlink: /home/tdp378/DingoQuadruped/dingo_ws/install/dingo_peripheral_msgs/share/dingo_peripheral_msgs/local_setup.sh
[0.587s] -- Up-to-date symlink: /home/tdp378/DingoQuadruped/dingo_ws/install/dingo_peripheral_msgs/share/dingo_peripheral_msgs/local_setup.zsh
[0.587s] -- Up-to-date symlink: /home/tdp378/DingoQuadruped/dingo_ws/install/dingo_peripheral_msgs/share/dingo_peripheral_msgs/local_setup.dsv
[0.587s] -- Symlinking: /home/tdp378/DingoQuadruped/dingo_ws/install/dingo_peripheral_msgs/share/dingo_peripheral_msgs/package.dsv
[0.592s] -- Up-to-date symlink: /home/tdp378/DingoQuadruped/dingo_ws/install/dingo_peripheral_msgs/share/ament_index/resource_index/packages/dingo_peripheral_msgs
[0.592s] -- Up-to-date symlink: /home/tdp378/DingoQuadruped/dingo_ws/install/dingo_peripheral_msgs/share/dingo_peripheral_msgs/cmake/rosidl_cmake-extras.cmake
[0.593s] -- Up-to-date symlink: /home/tdp378/DingoQuadruped/dingo_ws/install/dingo_peripheral_msgs/share/dingo_peripheral_msgs/cmake/ament_cmake_export_include_directories-extras.cmake
[0.593s] -- Up-to-date symlink: /home/tdp378/DingoQuadruped/dingo_ws/install/dingo_peripheral_msgs/share/dingo_peripheral_msgs/cmake/ament_cmake_export_libraries-extras.cmake
[0.593s] -- Up-to-date symlink: /home/tdp378/DingoQuadruped/dingo_ws/install/dingo_peripheral_msgs/share/dingo_peripheral_msgs/cmake/ament_cmake_export_targets-extras.cmake
[0.594s] -- Up-to-date symlink: /home/tdp378/DingoQuadruped/dingo_ws/install/dingo_peripheral_msgs/share/dingo_peripheral_msgs/cmake/rosidl_cmake_export_typesupport_targets-extras.cmake
[0.594s] -- Up-to-date symlink: /home/tdp378/DingoQuadruped/dingo_ws/install/dingo_peripheral_msgs/share/dingo_peripheral_msgs/cmake/ament_cmake_export_dependencies-extras.cmake
[0.594s] -- Up-to-date symlink: /home/tdp378/DingoQuadruped/dingo_ws/install/dingo_peripheral_msgs/share/dingo_peripheral_msgs/cmake/rosidl_cmake_export_typesupport_libraries-extras.cmake
[0.595s] -- Up-to-date symlink: /home/tdp378/DingoQuadruped/dingo_ws/install/dingo_peripheral_msgs/share/dingo_peripheral_msgs/cmake/dingo_peripheral_msgsConfig.cmake
[0.595s] -- Up-to-date symlink: /home/tdp378/DingoQuadruped/dingo_ws/install/dingo_peripheral_msgs/share/dingo_peripheral_msgs/cmake/dingo_peripheral_msgsConfig-version.cmake
[0.595s] -- Up-to-date symlink: /home/tdp378/DingoQuadruped/dingo_ws/install/dingo_peripheral_msgs/share/dingo_peripheral_msgs/package.xml
[0.595s] -- Up-to-date: /home/tdp378/DingoQuadruped/dingo_ws/install/dingo_peripheral_msgs/lib/libdingo_peripheral_msgs__rosidl_generator_c.so
[0.595s] -- Up-to-date: /home/tdp378/DingoQuadruped/dingo_ws/install/dingo_peripheral_msgs/lib/libdingo_peripheral_msgs__rosidl_typesupport_fastrtps_c.so
[0.596s] -- Up-to-date: /home/tdp378/DingoQuadruped/dingo_ws/install/dingo_peripheral_msgs/lib/libdingo_peripheral_msgs__rosidl_typesupport_introspection_c.so
[0.596s] -- Up-to-date: /home/tdp378/DingoQuadruped/dingo_ws/install/dingo_peripheral_msgs/lib/libdingo_peripheral_msgs__rosidl_typesupport_c.so
[0.596s] -- Up-to-date: /home/tdp378/DingoQuadruped/dingo_ws/install/dingo_peripheral_msgs/lib/libdingo_peripheral_msgs__rosidl_typesupport_fastrtps_cpp.so
[0.596s] -- Up-to-date: /home/tdp378/DingoQuadruped/dingo_ws/install/dingo_peripheral_msgs/lib/libdingo_peripheral_msgs__rosidl_typesupport_introspection_cpp.so
[0.596s] -- Up-to-date: /home/tdp378/DingoQuadruped/dingo_ws/install/dingo_peripheral_msgs/lib/libdingo_peripheral_msgs__rosidl_typesupport_cpp.so
[0.623s] Listing '/home/tdp378/DingoQuadruped/dingo_ws/install/dingo_peripheral_msgs/lib/python3.12/site-packages/dingo_peripheral_msgs'...
[0.623s] Listing '/home/tdp378/DingoQuadruped/dingo_ws/install/dingo_peripheral_msgs/lib/python3.12/site-packages/dingo_peripheral_msgs/msg'...
[0.629s] -- Up-to-date: /home/tdp378/DingoQuadruped/dingo_ws/install/dingo_peripheral_msgs/lib/libdingo_peripheral_msgs__rosidl_generator_py.so
[0.629s] -- Up-to-date: /home/tdp378/DingoQuadruped/dingo_ws/install/dingo_peripheral_msgs/share/dingo_peripheral_msgs/cmake/export_dingo_peripheral_msgs__rosidl_generator_cExport.cmake
[0.629s] -- Up-to-date: /home/tdp378/DingoQuadruped/dingo_ws/install/dingo_peripheral_msgs/share/dingo_peripheral_msgs/cmake/export_dingo_peripheral_msgs__rosidl_generator_cExport-noconfig.cmake
[0.630s] -- Up-to-date: /home/tdp378/DingoQuadruped/dingo_ws/install/dingo_peripheral_msgs/share/dingo_peripheral_msgs/cmake/export_dingo_peripheral_msgs__rosidl_typesupport_fastrtps_cExport.cmake
[0.630s] -- Up-to-date: /home/tdp378/DingoQuadruped/dingo_ws/install/dingo_peripheral_msgs/share/dingo_peripheral_msgs/cmake/export_dingo_peripheral_msgs__rosidl_typesupport_fastrtps_cExport-noconfig.cmake
[0.630s] -- Up-to-date: /home/tdp378/DingoQuadruped/dingo_ws/install/dingo_peripheral_msgs/share/dingo_peripheral_msgs/cmake/dingo_peripheral_msgs__rosidl_typesupport_introspection_cExport.cmake
[0.630s] -- Up-to-date: /home/tdp378/DingoQuadruped/dingo_ws/install/dingo_peripheral_msgs/share/dingo_peripheral_msgs/cmake/dingo_peripheral_msgs__rosidl_typesupport_introspection_cExport-noconfig.cmake
[0.630s] -- Up-to-date: /home/tdp378/DingoQuadruped/dingo_ws/install/dingo_peripheral_msgs/share/dingo_peripheral_msgs/cmake/dingo_peripheral_msgs__rosidl_typesupport_cExport.cmake
[0.630s] -- Up-to-date: /home/tdp378/DingoQuadruped/dingo_ws/install/dingo_peripheral_msgs/share/dingo_peripheral_msgs/cmake/dingo_peripheral_msgs__rosidl_typesupport_cExport-noconfig.cmake
[0.630s] -- Up-to-date: /home/tdp378/DingoQuadruped/dingo_ws/install/dingo_peripheral_msgs/share/dingo_peripheral_msgs/cmake/export_dingo_peripheral_msgs__rosidl_generator_cppExport.cmake
[0.630s] -- Up-to-date: /home/tdp378/DingoQuadruped/dingo_ws/install/dingo_peripheral_msgs/share/dingo_peripheral_msgs/cmake/export_dingo_peripheral_msgs__rosidl_typesupport_fastrtps_cppExport.cmake
[0.630s] -- Up-to-date: /home/tdp378/DingoQuadruped/dingo_ws/install/dingo_peripheral_msgs/share/dingo_peripheral_msgs/cmake/export_dingo_peripheral_msgs__rosidl_typesupport_fastrtps_cppExport-noconfig.cmake
[0.634s] -- Up-to-date: /home/tdp378/DingoQuadruped/dingo_ws/install/dingo_peripheral_msgs/share/dingo_peripheral_msgs/cmake/dingo_peripheral_msgs__rosidl_typesupport_introspection_cppExport.cmake
[0.634s] -- Up-to-date: /home/tdp378/DingoQuadruped/dingo_ws/install/dingo_peripheral_msgs/share/dingo_peripheral_msgs/cmake/dingo_peripheral_msgs__rosidl_typesupport_introspection_cppExport-noconfig.cmake
[0.634s] -- Up-to-date: /home/tdp378/DingoQuadruped/dingo_ws/install/dingo_peripheral_msgs/share/dingo_peripheral_msgs/cmake/dingo_peripheral_msgs__rosidl_typesupport_cppExport.cmake
[0.634s] -- Up-to-date: /home/tdp378/DingoQuadruped/dingo_ws/install/dingo_peripheral_msgs/share/dingo_peripheral_msgs/cmake/dingo_peripheral_msgs__rosidl_typesupport_cppExport-noconfig.cmake
[0.634s] -- Up-to-date: /home/tdp378/DingoQuadruped/dingo_ws/install/dingo_peripheral_msgs/share/dingo_peripheral_msgs/cmake/export_dingo_peripheral_msgs__rosidl_generator_pyExport.cmake
[0.634s] -- Up-to-date: /home/tdp378/DingoQuadruped/dingo_ws/install/dingo_peripheral_msgs/share/dingo_peripheral_msgs/cmake/export_dingo_peripheral_msgs__rosidl_generator_pyExport-noconfig.cmake
[0.648s] Invoked command in '/home/tdp378/DingoQuadruped/dingo_ws/build/dingo_peripheral_msgs' returned '0': CMAKE_PREFIX_PATH=${CMAKE_PREFIX_PATH}:/home/tdp378/DingoQuadruped/dingo_ws/install/dingo_utilities:/opt/ros/jazzy DEBUGINFOD_URLS=https://debuginfod.ubuntu.com /usr/bin/cmake --install /home/tdp378/DingoQuadruped/dingo_ws/build/dingo_peripheral_msgs
