[0.022s] Invoking command in '/home/tdp378/DingoQuadruped/build/dingo_control_msgs': CMAKE_PREFIX_PATH=${CMAKE_PREFIX_PATH}:/home/tdp378/DingoQuadruped/install/dingo_utilities:/opt/ros/jazzy DEBUGINFOD_URLS=https://debuginfod.ubuntu.com /usr/bin/cmake --build /home/tdp378/DingoQuadruped/build/dingo_control_msgs -- -j16 -l16
[0.199s] [  1%] Built target dingo_control_msgs__rosidl_generator_type_description
[0.199s] [  1%] Built target ament_cmake_python_symlink_dingo_control_msgs
[0.199s] [  3%] Built target dingo_control_msgs__cpp
[0.200s] [ 24%] Built target dingo_control_msgs__rosidl_generator_c
[0.200s] [ 51%] Built target dingo_control_msgs__rosidl_typesupport_introspection_cpp
[0.200s] [ 51%] Built target dingo_control_msgs__rosidl_typesupport_fastrtps_c
[0.200s] [ 51%] Built target dingo_control_msgs__rosidl_typesupport_cpp
[0.200s] [ 61%] Built target dingo_control_msgs__rosidl_typesupport_introspection_c
[0.200s] [ 70%] Built target dingo_control_msgs__rosidl_typesupport_c
[0.200s] [ 79%] Built target dingo_control_msgs__rosidl_typesupport_fastrtps_cpp
[0.200s] [ 79%] Built target dingo_control_msgs
[0.200s] [ 81%] Built target dingo_control_msgs__py
[0.201s] [ 88%] Built target dingo_control_msgs__rosidl_generator_py
[0.216s] [ 92%] Built target dingo_control_msgs_s__rosidl_typesupport_fastrtps_c
[0.217s] [ 96%] Built target dingo_control_msgs_s__rosidl_typesupport_introspection_c
[0.218s] [100%] Built target dingo_control_msgs_s__rosidl_typesupport_c
[0.298s] running egg_info
[0.317s] writing dingo_control_msgs.egg-info/PKG-INFO
[0.317s] writing dependency_links to dingo_control_msgs.egg-info/dependency_links.txt
[0.317s] writing top-level names to dingo_control_msgs.egg-info/top_level.txt
[0.378s] reading manifest file 'dingo_control_msgs.egg-info/SOURCES.txt'
[0.378s] writing manifest file 'dingo_control_msgs.egg-info/SOURCES.txt'
[0.404s] [100%] Built target ament_cmake_python_build_dingo_control_msgs_egg
[0.528s] Invoked command in '/home/tdp378/DingoQuadruped/build/dingo_control_msgs' returned '0': CMAKE_PREFIX_PATH=${CMAKE_PREFIX_PATH}:/home/tdp378/DingoQuadruped/install/dingo_utilities:/opt/ros/jazzy DEBUGINFOD_URLS=https://debuginfod.ubuntu.com /usr/bin/cmake --build /home/tdp378/DingoQuadruped/build/dingo_control_msgs -- -j16 -l16
[0.529s] Invoking command in '/home/tdp378/DingoQuadruped/build/dingo_control_msgs': CMAKE_PREFIX_PATH=${CMAKE_PREFIX_PATH}:/home/tdp378/DingoQuadruped/install/dingo_utilities:/opt/ros/jazzy DEBUGINFOD_URLS=https://debuginfod.ubuntu.com /usr/bin/cmake --install /home/tdp378/DingoQuadruped/build/dingo_control_msgs
[0.536s] -- Install configuration: ""
[0.536s] -- Execute custom install script
[0.536s] -- Up-to-date symlink: /home/tdp378/DingoQuadruped/install/dingo_control_msgs/share/ament_index/resource_index/rosidl_interfaces/dingo_control_msgs
[0.536s] -- Up-to-date symlink: /home/tdp378/DingoQuadruped/install/dingo_control_msgs/share/dingo_control_msgs/msg/Angle.json
[0.536s] -- Up-to-date symlink: /home/tdp378/DingoQuadruped/install/dingo_control_msgs/share/dingo_control_msgs/msg/JointSpace.json
[0.537s] -- Up-to-date symlink: /home/tdp378/DingoQuadruped/install/dingo_control_msgs/share/dingo_control_msgs/msg/TaskSpace.json
[0.537s] -- Up-to-date symlink: /home/tdp378/DingoQuadruped/install/dingo_control_msgs/include/dingo_control_msgs/dingo_control_msgs/msg/angle.h
[0.537s] -- Up-to-date symlink: /home/tdp378/DingoQuadruped/install/dingo_control_msgs/include/dingo_control_msgs/dingo_control_msgs/msg/detail/angle__functions.h
[0.537s] -- Up-to-date symlink: /home/tdp378/DingoQuadruped/install/dingo_control_msgs/include/dingo_control_msgs/dingo_control_msgs/msg/detail/angle__struct.h
[0.537s] -- Up-to-date symlink: /home/tdp378/DingoQuadruped/install/dingo_control_msgs/include/dingo_control_msgs/dingo_control_msgs/msg/detail/angle__type_support.h
[0.537s] -- Up-to-date symlink: /home/tdp378/DingoQuadruped/install/dingo_control_msgs/include/dingo_control_msgs/dingo_control_msgs/msg/detail/joint_space__functions.h
[0.537s] -- Up-to-date symlink: /home/tdp378/DingoQuadruped/install/dingo_control_msgs/include/dingo_control_msgs/dingo_control_msgs/msg/detail/joint_space__struct.h
[0.537s] -- Up-to-date symlink: /home/tdp378/DingoQuadruped/install/dingo_control_msgs/include/dingo_control_msgs/dingo_control_msgs/msg/detail/joint_space__type_support.h
[0.538s] -- Up-to-date symlink: /home/tdp378/DingoQuadruped/install/dingo_control_msgs/include/dingo_control_msgs/dingo_control_msgs/msg/detail/task_space__functions.h
[0.538s] -- Up-to-date symlink: /home/tdp378/DingoQuadruped/install/dingo_control_msgs/include/dingo_control_msgs/dingo_control_msgs/msg/detail/task_space__struct.h
[0.538s] -- Up-to-date symlink: /home/tdp378/DingoQuadruped/install/dingo_control_msgs/include/dingo_control_msgs/dingo_control_msgs/msg/detail/task_space__type_support.h
[0.538s] -- Up-to-date symlink: /home/tdp378/DingoQuadruped/install/dingo_control_msgs/include/dingo_control_msgs/dingo_control_msgs/msg/joint_space.h
[0.538s] -- Up-to-date symlink: /home/tdp378/DingoQuadruped/install/dingo_control_msgs/include/dingo_control_msgs/dingo_control_msgs/msg/rosidl_generator_c__visibility_control.h
[0.538s] -- Up-to-date symlink: /home/tdp378/DingoQuadruped/install/dingo_control_msgs/include/dingo_control_msgs/dingo_control_msgs/msg/task_space.h
[0.538s] -- Up-to-date symlink: /home/tdp378/DingoQuadruped/install/dingo_control_msgs/share/dingo_control_msgs/environment/library_path.sh
[0.538s] -- Up-to-date symlink: /home/tdp378/DingoQuadruped/install/dingo_control_msgs/share/dingo_control_msgs/environment/library_path.dsv
[0.538s] -- Up-to-date symlink: /home/tdp378/DingoQuadruped/install/dingo_control_msgs/include/dingo_control_msgs/dingo_control_msgs/msg/detail/angle__rosidl_typesupport_fastrtps_c.h
[0.538s] -- Up-to-date symlink: /home/tdp378/DingoQuadruped/install/dingo_control_msgs/include/dingo_control_msgs/dingo_control_msgs/msg/detail/joint_space__rosidl_typesupport_fastrtps_c.h
[0.538s] -- Up-to-date symlink: /home/tdp378/DingoQuadruped/install/dingo_control_msgs/include/dingo_control_msgs/dingo_control_msgs/msg/detail/task_space__rosidl_typesupport_fastrtps_c.h
[0.538s] -- Up-to-date symlink: /home/tdp378/DingoQuadruped/install/dingo_control_msgs/include/dingo_control_msgs/dingo_control_msgs/msg/rosidl_typesupport_fastrtps_c__visibility_control.h
[0.539s] -- Up-to-date symlink: /home/tdp378/DingoQuadruped/install/dingo_control_msgs/include/dingo_control_msgs/dingo_control_msgs/msg/angle.hpp
[0.539s] -- Up-to-date symlink: /home/tdp378/DingoQuadruped/install/dingo_control_msgs/include/dingo_control_msgs/dingo_control_msgs/msg/detail/angle__builder.hpp
[0.539s] -- Up-to-date symlink: /home/tdp378/DingoQuadruped/install/dingo_control_msgs/include/dingo_control_msgs/dingo_control_msgs/msg/detail/angle__struct.hpp
[0.539s] -- Up-to-date symlink: /home/tdp378/DingoQuadruped/install/dingo_control_msgs/include/dingo_control_msgs/dingo_control_msgs/msg/detail/angle__traits.hpp
[0.539s] -- Up-to-date symlink: /home/tdp378/DingoQuadruped/install/dingo_control_msgs/include/dingo_control_msgs/dingo_control_msgs/msg/detail/angle__type_support.hpp
[0.539s] -- Up-to-date symlink: /home/tdp378/DingoQuadruped/install/dingo_control_msgs/include/dingo_control_msgs/dingo_control_msgs/msg/detail/joint_space__builder.hpp
[0.540s] -- Up-to-date symlink: /home/tdp378/DingoQuadruped/install/dingo_control_msgs/include/dingo_control_msgs/dingo_control_msgs/msg/detail/joint_space__struct.hpp
[0.540s] -- Up-to-date symlink: /home/tdp378/DingoQuadruped/install/dingo_control_msgs/include/dingo_control_msgs/dingo_control_msgs/msg/detail/joint_space__traits.hpp
[0.540s] -- Up-to-date symlink: /home/tdp378/DingoQuadruped/install/dingo_control_msgs/include/dingo_control_msgs/dingo_control_msgs/msg/detail/joint_space__type_support.hpp
[0.540s] -- Up-to-date symlink: /home/tdp378/DingoQuadruped/install/dingo_control_msgs/include/dingo_control_msgs/dingo_control_msgs/msg/detail/task_space__builder.hpp
[0.540s] -- Up-to-date symlink: /home/tdp378/DingoQuadruped/install/dingo_control_msgs/include/dingo_control_msgs/dingo_control_msgs/msg/detail/task_space__struct.hpp
[0.540s] -- Up-to-date symlink: /home/tdp378/DingoQuadruped/install/dingo_control_msgs/include/dingo_control_msgs/dingo_control_msgs/msg/detail/task_space__traits.hpp
[0.540s] -- Up-to-date symlink: /home/tdp378/DingoQuadruped/install/dingo_control_msgs/include/dingo_control_msgs/dingo_control_msgs/msg/detail/task_space__type_support.hpp
[0.540s] -- Up-to-date symlink: /home/tdp378/DingoQuadruped/install/dingo_control_msgs/include/dingo_control_msgs/dingo_control_msgs/msg/joint_space.hpp
[0.540s] -- Up-to-date symlink: /home/tdp378/DingoQuadruped/install/dingo_control_msgs/include/dingo_control_msgs/dingo_control_msgs/msg/rosidl_generator_cpp__visibility_control.hpp
[0.540s] -- Up-to-date symlink: /home/tdp378/DingoQuadruped/install/dingo_control_msgs/include/dingo_control_msgs/dingo_control_msgs/msg/task_space.hpp
[0.541s] -- Up-to-date symlink: /home/tdp378/DingoQuadruped/install/dingo_control_msgs/include/dingo_control_msgs/dingo_control_msgs/msg/detail/angle__rosidl_typesupport_fastrtps_cpp.hpp
[0.541s] -- Up-to-date symlink: /home/tdp378/DingoQuadruped/install/dingo_control_msgs/include/dingo_control_msgs/dingo_control_msgs/msg/detail/joint_space__rosidl_typesupport_fastrtps_cpp.hpp
[0.541s] -- Up-to-date symlink: /home/tdp378/DingoQuadruped/install/dingo_control_msgs/include/dingo_control_msgs/dingo_control_msgs/msg/detail/task_space__rosidl_typesupport_fastrtps_cpp.hpp
[0.541s] -- Up-to-date symlink: /home/tdp378/DingoQuadruped/install/dingo_control_msgs/include/dingo_control_msgs/dingo_control_msgs/msg/rosidl_typesupport_fastrtps_cpp__visibility_control.h
[0.541s] -- Up-to-date symlink: /home/tdp378/DingoQuadruped/install/dingo_control_msgs/include/dingo_control_msgs/dingo_control_msgs/msg/detail/angle__rosidl_typesupport_introspection_c.h
[0.541s] -- Up-to-date symlink: /home/tdp378/DingoQuadruped/install/dingo_control_msgs/include/dingo_control_msgs/dingo_control_msgs/msg/detail/joint_space__rosidl_typesupport_introspection_c.h
[0.541s] -- Up-to-date symlink: /home/tdp378/DingoQuadruped/install/dingo_control_msgs/include/dingo_control_msgs/dingo_control_msgs/msg/detail/task_space__rosidl_typesupport_introspection_c.h
[0.541s] -- Up-to-date symlink: /home/tdp378/DingoQuadruped/install/dingo_control_msgs/include/dingo_control_msgs/dingo_control_msgs/msg/rosidl_typesupport_introspection_c__visibility_control.h
[0.541s] -- Up-to-date symlink: /home/tdp378/DingoQuadruped/install/dingo_control_msgs/include/dingo_control_msgs/dingo_control_msgs/msg/detail/angle__rosidl_typesupport_introspection_cpp.hpp
[0.541s] -- Up-to-date symlink: /home/tdp378/DingoQuadruped/install/dingo_control_msgs/include/dingo_control_msgs/dingo_control_msgs/msg/detail/joint_space__rosidl_typesupport_introspection_cpp.hpp
[0.541s] -- Up-to-date symlink: /home/tdp378/DingoQuadruped/install/dingo_control_msgs/include/dingo_control_msgs/dingo_control_msgs/msg/detail/task_space__rosidl_typesupport_introspection_cpp.hpp
[0.542s] -- Up-to-date symlink: /home/tdp378/DingoQuadruped/install/dingo_control_msgs/share/dingo_control_msgs/environment/pythonpath.sh
[0.542s] -- Up-to-date symlink: /home/tdp378/DingoQuadruped/install/dingo_control_msgs/share/dingo_control_msgs/environment/pythonpath.dsv
[0.542s] -- Up-to-date symlink: /home/tdp378/DingoQuadruped/install/dingo_control_msgs/lib/python3.12/site-packages/dingo_control_msgs-0.0.0-py3.12.egg-info/PKG-INFO
[0.542s] -- Up-to-date symlink: /home/tdp378/DingoQuadruped/install/dingo_control_msgs/lib/python3.12/site-packages/dingo_control_msgs-0.0.0-py3.12.egg-info/SOURCES.txt
[0.542s] -- Up-to-date symlink: /home/tdp378/DingoQuadruped/install/dingo_control_msgs/lib/python3.12/site-packages/dingo_control_msgs-0.0.0-py3.12.egg-info/dependency_links.txt
[0.542s] -- Up-to-date symlink: /home/tdp378/DingoQuadruped/install/dingo_control_msgs/lib/python3.12/site-packages/dingo_control_msgs-0.0.0-py3.12.egg-info/top_level.txt
[0.542s] -- Up-to-date symlink: /home/tdp378/DingoQuadruped/install/dingo_control_msgs/lib/python3.12/site-packages/dingo_control_msgs/__init__.py
[0.543s] -- Up-to-date symlink: /home/tdp378/DingoQuadruped/install/dingo_control_msgs/lib/python3.12/site-packages/dingo_control_msgs/_dingo_control_msgs_s.ep.rosidl_typesupport_c.c
[0.543s] -- Up-to-date symlink: /home/tdp378/DingoQuadruped/install/dingo_control_msgs/lib/python3.12/site-packages/dingo_control_msgs/_dingo_control_msgs_s.ep.rosidl_typesupport_fastrtps_c.c
[0.543s] -- Up-to-date symlink: /home/tdp378/DingoQuadruped/install/dingo_control_msgs/lib/python3.12/site-packages/dingo_control_msgs/_dingo_control_msgs_s.ep.rosidl_typesupport_introspection_c.c
[0.544s] -- Up-to-date symlink: /home/tdp378/DingoQuadruped/install/dingo_control_msgs/lib/python3.12/site-packages/dingo_control_msgs/dingo_control_msgs_s__rosidl_typesupport_c.so
[0.544s] -- Up-to-date symlink: /home/tdp378/DingoQuadruped/install/dingo_control_msgs/lib/python3.12/site-packages/dingo_control_msgs/dingo_control_msgs_s__rosidl_typesupport_fastrtps_c.so
[0.544s] -- Up-to-date symlink: /home/tdp378/DingoQuadruped/install/dingo_control_msgs/lib/python3.12/site-packages/dingo_control_msgs/dingo_control_msgs_s__rosidl_typesupport_introspection_c.so
[0.544s] -- Up-to-date symlink: /home/tdp378/DingoQuadruped/install/dingo_control_msgs/lib/python3.12/site-packages/dingo_control_msgs/msg/__init__.py
[0.544s] -- Up-to-date symlink: /home/tdp378/DingoQuadruped/install/dingo_control_msgs/lib/python3.12/site-packages/dingo_control_msgs/msg/_angle.py
[0.544s] -- Up-to-date symlink: /home/tdp378/DingoQuadruped/install/dingo_control_msgs/lib/python3.12/site-packages/dingo_control_msgs/msg/_angle_s.c
[0.544s] -- Up-to-date symlink: /home/tdp378/DingoQuadruped/install/dingo_control_msgs/lib/python3.12/site-packages/dingo_control_msgs/msg/_joint_space.py
[0.544s] -- Up-to-date symlink: /home/tdp378/DingoQuadruped/install/dingo_control_msgs/lib/python3.12/site-packages/dingo_control_msgs/msg/_joint_space_s.c
[0.544s] -- Up-to-date symlink: /home/tdp378/DingoQuadruped/install/dingo_control_msgs/lib/python3.12/site-packages/dingo_control_msgs/msg/_task_space.py
[0.545s] -- Up-to-date symlink: /home/tdp378/DingoQuadruped/install/dingo_control_msgs/lib/python3.12/site-packages/dingo_control_msgs/msg/_task_space_s.c
[0.545s] -- Up-to-date symlink: /home/tdp378/DingoQuadruped/install/dingo_control_msgs/lib/python3.12/site-packages/dingo_control_msgs/dingo_control_msgs_s__rosidl_typesupport_fastrtps_c.so
[0.545s] -- Up-to-date symlink: /home/tdp378/DingoQuadruped/install/dingo_control_msgs/lib/python3.12/site-packages/dingo_control_msgs/dingo_control_msgs_s__rosidl_typesupport_introspection_c.so
[0.545s] -- Up-to-date symlink: /home/tdp378/DingoQuadruped/install/dingo_control_msgs/lib/python3.12/site-packages/dingo_control_msgs/dingo_control_msgs_s__rosidl_typesupport_c.so
[0.545s] -- Up-to-date symlink: /home/tdp378/DingoQuadruped/install/dingo_control_msgs/share/dingo_control_msgs/msg/Angle.idl
[0.546s] -- Up-to-date symlink: /home/tdp378/DingoQuadruped/install/dingo_control_msgs/share/dingo_control_msgs/msg/JointSpace.idl
[0.546s] -- Up-to-date symlink: /home/tdp378/DingoQuadruped/install/dingo_control_msgs/share/dingo_control_msgs/msg/TaskSpace.idl
[0.546s] -- Up-to-date symlink: /home/tdp378/DingoQuadruped/install/dingo_control_msgs/share/dingo_control_msgs/msg/Angle.msg
[0.546s] -- Up-to-date symlink: /home/tdp378/DingoQuadruped/install/dingo_control_msgs/share/dingo_control_msgs/msg/JointSpace.msg
[0.546s] -- Up-to-date symlink: /home/tdp378/DingoQuadruped/install/dingo_control_msgs/share/dingo_control_msgs/msg/TaskSpace.msg
[0.546s] -- Up-to-date symlink: /home/tdp378/DingoQuadruped/install/dingo_control_msgs/share/ament_index/resource_index/package_run_dependencies/dingo_control_msgs
[0.546s] -- Up-to-date symlink: /home/tdp378/DingoQuadruped/install/dingo_control_msgs/share/ament_index/resource_index/parent_prefix_path/dingo_control_msgs
[0.546s] -- Up-to-date symlink: /home/tdp378/DingoQuadruped/install/dingo_control_msgs/share/dingo_control_msgs/environment/ament_prefix_path.sh
[0.546s] -- Up-to-date symlink: /home/tdp378/DingoQuadruped/install/dingo_control_msgs/share/dingo_control_msgs/environment/ament_prefix_path.dsv
[0.546s] -- Up-to-date symlink: /home/tdp378/DingoQuadruped/install/dingo_control_msgs/share/dingo_control_msgs/environment/path.sh
[0.547s] -- Up-to-date symlink: /home/tdp378/DingoQuadruped/install/dingo_control_msgs/share/dingo_control_msgs/environment/path.dsv
[0.547s] -- Up-to-date symlink: /home/tdp378/DingoQuadruped/install/dingo_control_msgs/share/dingo_control_msgs/local_setup.bash
[0.547s] -- Up-to-date symlink: /home/tdp378/DingoQuadruped/install/dingo_control_msgs/share/dingo_control_msgs/local_setup.sh
[0.547s] -- Up-to-date symlink: /home/tdp378/DingoQuadruped/install/dingo_control_msgs/share/dingo_control_msgs/local_setup.zsh
[0.547s] -- Up-to-date symlink: /home/tdp378/DingoQuadruped/install/dingo_control_msgs/share/dingo_control_msgs/local_setup.dsv
[0.547s] -- Symlinking: /home/tdp378/DingoQuadruped/install/dingo_control_msgs/share/dingo_control_msgs/package.dsv
[0.552s] -- Up-to-date symlink: /home/tdp378/DingoQuadruped/install/dingo_control_msgs/share/ament_index/resource_index/packages/dingo_control_msgs
[0.552s] -- Up-to-date symlink: /home/tdp378/DingoQuadruped/install/dingo_control_msgs/share/dingo_control_msgs/cmake/rosidl_cmake-extras.cmake
[0.553s] -- Up-to-date symlink: /home/tdp378/DingoQuadruped/install/dingo_control_msgs/share/dingo_control_msgs/cmake/ament_cmake_export_dependencies-extras.cmake
[0.553s] -- Up-to-date symlink: /home/tdp378/DingoQuadruped/install/dingo_control_msgs/share/dingo_control_msgs/cmake/ament_cmake_export_include_directories-extras.cmake
[0.553s] -- Up-to-date symlink: /home/tdp378/DingoQuadruped/install/dingo_control_msgs/share/dingo_control_msgs/cmake/ament_cmake_export_libraries-extras.cmake
[0.553s] -- Up-to-date symlink: /home/tdp378/DingoQuadruped/install/dingo_control_msgs/share/dingo_control_msgs/cmake/ament_cmake_export_targets-extras.cmake
[0.553s] -- Up-to-date symlink: /home/tdp378/DingoQuadruped/install/dingo_control_msgs/share/dingo_control_msgs/cmake/rosidl_cmake_export_typesupport_targets-extras.cmake
[0.553s] -- Up-to-date symlink: /home/tdp378/DingoQuadruped/install/dingo_control_msgs/share/dingo_control_msgs/cmake/rosidl_cmake_export_typesupport_libraries-extras.cmake
[0.553s] -- Up-to-date symlink: /home/tdp378/DingoQuadruped/install/dingo_control_msgs/share/dingo_control_msgs/cmake/dingo_control_msgsConfig.cmake
[0.553s] -- Up-to-date symlink: /home/tdp378/DingoQuadruped/install/dingo_control_msgs/share/dingo_control_msgs/cmake/dingo_control_msgsConfig-version.cmake
[0.554s] -- Up-to-date symlink: /home/tdp378/DingoQuadruped/install/dingo_control_msgs/share/dingo_control_msgs/package.xml
[0.554s] -- Up-to-date: /home/tdp378/DingoQuadruped/install/dingo_control_msgs/lib/libdingo_control_msgs__rosidl_generator_c.so
[0.554s] -- Up-to-date: /home/tdp378/DingoQuadruped/install/dingo_control_msgs/lib/libdingo_control_msgs__rosidl_typesupport_fastrtps_c.so
[0.554s] -- Up-to-date: /home/tdp378/DingoQuadruped/install/dingo_control_msgs/lib/libdingo_control_msgs__rosidl_typesupport_fastrtps_cpp.so
[0.554s] -- Up-to-date: /home/tdp378/DingoQuadruped/install/dingo_control_msgs/lib/libdingo_control_msgs__rosidl_typesupport_introspection_c.so
[0.554s] -- Up-to-date: /home/tdp378/DingoQuadruped/install/dingo_control_msgs/lib/libdingo_control_msgs__rosidl_typesupport_c.so
[0.555s] -- Up-to-date: /home/tdp378/DingoQuadruped/install/dingo_control_msgs/lib/libdingo_control_msgs__rosidl_typesupport_introspection_cpp.so
[0.555s] -- Up-to-date: /home/tdp378/DingoQuadruped/install/dingo_control_msgs/lib/libdingo_control_msgs__rosidl_typesupport_cpp.so
[0.584s] Listing '/home/tdp378/DingoQuadruped/install/dingo_control_msgs/lib/python3.12/site-packages/dingo_control_msgs'...
[0.584s] Listing '/home/tdp378/DingoQuadruped/install/dingo_control_msgs/lib/python3.12/site-packages/dingo_control_msgs/msg'...
[0.588s] -- Up-to-date: /home/tdp378/DingoQuadruped/install/dingo_control_msgs/lib/libdingo_control_msgs__rosidl_generator_py.so
[0.588s] -- Up-to-date: /home/tdp378/DingoQuadruped/install/dingo_control_msgs/share/dingo_control_msgs/cmake/export_dingo_control_msgs__rosidl_generator_cExport.cmake
[0.588s] -- Up-to-date: /home/tdp378/DingoQuadruped/install/dingo_control_msgs/share/dingo_control_msgs/cmake/export_dingo_control_msgs__rosidl_generator_cExport-noconfig.cmake
[0.589s] -- Up-to-date: /home/tdp378/DingoQuadruped/install/dingo_control_msgs/share/dingo_control_msgs/cmake/export_dingo_control_msgs__rosidl_typesupport_fastrtps_cExport.cmake
[0.589s] -- Up-to-date: /home/tdp378/DingoQuadruped/install/dingo_control_msgs/share/dingo_control_msgs/cmake/export_dingo_control_msgs__rosidl_typesupport_fastrtps_cExport-noconfig.cmake
[0.589s] -- Up-to-date: /home/tdp378/DingoQuadruped/install/dingo_control_msgs/share/dingo_control_msgs/cmake/export_dingo_control_msgs__rosidl_generator_cppExport.cmake
[0.589s] -- Up-to-date: /home/tdp378/DingoQuadruped/install/dingo_control_msgs/share/dingo_control_msgs/cmake/export_dingo_control_msgs__rosidl_typesupport_fastrtps_cppExport.cmake
[0.589s] -- Up-to-date: /home/tdp378/DingoQuadruped/install/dingo_control_msgs/share/dingo_control_msgs/cmake/export_dingo_control_msgs__rosidl_typesupport_fastrtps_cppExport-noconfig.cmake
[0.589s] -- Up-to-date: /home/tdp378/DingoQuadruped/install/dingo_control_msgs/share/dingo_control_msgs/cmake/dingo_control_msgs__rosidl_typesupport_introspection_cExport.cmake
[0.589s] -- Up-to-date: /home/tdp378/DingoQuadruped/install/dingo_control_msgs/share/dingo_control_msgs/cmake/dingo_control_msgs__rosidl_typesupport_introspection_cExport-noconfig.cmake
[0.589s] -- Up-to-date: /home/tdp378/DingoQuadruped/install/dingo_control_msgs/share/dingo_control_msgs/cmake/dingo_control_msgs__rosidl_typesupport_cExport.cmake
[0.589s] -- Up-to-date: /home/tdp378/DingoQuadruped/install/dingo_control_msgs/share/dingo_control_msgs/cmake/dingo_control_msgs__rosidl_typesupport_cExport-noconfig.cmake
[0.589s] -- Up-to-date: /home/tdp378/DingoQuadruped/install/dingo_control_msgs/share/dingo_control_msgs/cmake/dingo_control_msgs__rosidl_typesupport_introspection_cppExport.cmake
[0.589s] -- Up-to-date: /home/tdp378/DingoQuadruped/install/dingo_control_msgs/share/dingo_control_msgs/cmake/dingo_control_msgs__rosidl_typesupport_introspection_cppExport-noconfig.cmake
[0.590s] -- Up-to-date: /home/tdp378/DingoQuadruped/install/dingo_control_msgs/share/dingo_control_msgs/cmake/dingo_control_msgs__rosidl_typesupport_cppExport.cmake
[0.590s] -- Up-to-date: /home/tdp378/DingoQuadruped/install/dingo_control_msgs/share/dingo_control_msgs/cmake/dingo_control_msgs__rosidl_typesupport_cppExport-noconfig.cmake
[0.590s] -- Up-to-date: /home/tdp378/DingoQuadruped/install/dingo_control_msgs/share/dingo_control_msgs/cmake/export_dingo_control_msgs__rosidl_generator_pyExport.cmake
[0.590s] -- Up-to-date: /home/tdp378/DingoQuadruped/install/dingo_control_msgs/share/dingo_control_msgs/cmake/export_dingo_control_msgs__rosidl_generator_pyExport-noconfig.cmake
[0.700s] Invoked command in '/home/tdp378/DingoQuadruped/build/dingo_control_msgs' returned '0': CMAKE_PREFIX_PATH=${CMAKE_PREFIX_PATH}:/home/tdp378/DingoQuadruped/install/dingo_utilities:/opt/ros/jazzy DEBUGINFOD_URLS=https://debuginfod.ubuntu.com /usr/bin/cmake --install /home/tdp378/DingoQuadruped/build/dingo_control_msgs
