[6.649s] Invoking command in '/home/tdp378/DingoQuadruped/build/dingo_utilities': DEBUGINFOD_URLS=https://debuginfod.ubuntu.com PYTHONPATH=/home/tdp378/DingoQuadruped/build/dingo_utilities/prefix_override:/usr/lib/python3/dist-packages/colcon_core/task/python/colcon_distutils_commands:/home/tdp378/DingoQuadruped/install/dingo_utilities/lib/python3.12/site-packages:${PYTHONPATH} /usr/bin/python3 -W ignore:setup.py install is deprecated -W ignore:easy_install command is deprecated setup.py develop --editable --build-directory /home/tdp378/DingoQuadruped/build/dingo_utilities/build --no-deps symlink_data
[6.860s] running develop
[6.989s] running egg_info
[6.990s] creating src/dingo_utilities.egg-info
[7.002s] writing src/dingo_utilities.egg-info/PKG-INFO
[7.002s] writing dependency_links to src/dingo_utilities.egg-info/dependency_links.txt
[7.002s] writing requirements to src/dingo_utilities.egg-info/requires.txt
[7.002s] writing top-level names to src/dingo_utilities.egg-info/top_level.txt
[7.002s] writing manifest file 'src/dingo_utilities.egg-info/SOURCES.txt'
[7.028s] reading manifest file 'src/dingo_utilities.egg-info/SOURCES.txt'
[7.028s] writing manifest file 'src/dingo_utilities.egg-info/SOURCES.txt'
[7.042s] running build_ext
[7.042s] Creating /home/tdp378/DingoQuadruped/install/dingo_utilities/lib/python3.12/site-packages/dingo-utilities.egg-link (link to src)
[7.042s] 
[7.042s] Installed /home/tdp378/DingoQuadruped/build/dingo_utilities/src
[7.042s] running symlink_data
[7.042s] creating /home/tdp378/DingoQuadruped/install/dingo_utilities/share/ament_index
[7.042s] creating /home/tdp378/DingoQuadruped/install/dingo_utilities/share/ament_index/resource_index
[7.042s] creating /home/tdp378/DingoQuadruped/install/dingo_utilities/share/ament_index/resource_index/packages
[7.042s] symbolically linking /home/tdp378/DingoQuadruped/build/dingo_utilities/resource/dingo_utilities -> /home/tdp378/DingoQuadruped/install/dingo_utilities/share/ament_index/resource_index/packages
[7.043s] symbolically linking /home/tdp378/DingoQuadruped/build/dingo_utilities/package.xml -> /home/tdp378/DingoQuadruped/install/dingo_utilities/share/dingo_utilities
[7.062s] Invoked command in '/home/tdp378/DingoQuadruped/build/dingo_utilities' returned '0': DEBUGINFOD_URLS=https://debuginfod.ubuntu.com PYTHONPATH=/home/tdp378/DingoQuadruped/build/dingo_utilities/prefix_override:/usr/lib/python3/dist-packages/colcon_core/task/python/colcon_distutils_commands:/home/tdp378/DingoQuadruped/install/dingo_utilities/lib/python3.12/site-packages:${PYTHONPATH} /usr/bin/python3 -W ignore:setup.py install is deprecated -W ignore:easy_install command is deprecated setup.py develop --editable --build-directory /home/tdp378/DingoQuadruped/build/dingo_utilities/build --no-deps symlink_data
