[0.149s] Invoking command in '/home/tdp378/DingoQuadruped/dingo_ws/build/dingo_servo_interfacing': CMAKE_PREFIX_PATH=${CMAKE_PREFIX_PATH}:/opt/ros/jazzy DEBUGINFOD_URLS=https://debuginfod.ubuntu.com /usr/bin/cmake --build /home/tdp378/DingoQuadruped/dingo_ws/build/dingo_servo_interfacing -- -j16 -l16
[0.185s] Built target ament_cmake_python_symlink_dingo_servo_interfacing
[0.333s] running egg_info
[0.346s] writing dingo_servo_interfacing.egg-info/PKG-INFO
[0.346s] writing dependency_links to dingo_servo_interfacing.egg-info/dependency_links.txt
[0.346s] writing top-level names to dingo_servo_interfacing.egg-info/top_level.txt
[0.381s] reading manifest file 'dingo_servo_interfacing.egg-info/SOURCES.txt'
[0.381s] writing manifest file 'dingo_servo_interfacing.egg-info/SOURCES.txt'
[0.400s] Built target ament_cmake_python_build_dingo_servo_interfacing_egg
[0.407s] Invoked command in '/home/tdp378/DingoQuadruped/dingo_ws/build/dingo_servo_interfacing' returned '0': CMAKE_PREFIX_PATH=${CMAKE_PREFIX_PATH}:/opt/ros/jazzy DEBUGINFOD_URLS=https://debuginfod.ubuntu.com /usr/bin/cmake --build /home/tdp378/DingoQuadruped/dingo_ws/build/dingo_servo_interfacing -- -j16 -l16
[0.407s] Invoking command in '/home/tdp378/DingoQuadruped/dingo_ws/build/dingo_servo_interfacing': CMAKE_PREFIX_PATH=${CMAKE_PREFIX_PATH}:/opt/ros/jazzy DEBUGINFOD_URLS=https://debuginfod.ubuntu.com /usr/bin/cmake --install /home/tdp378/DingoQuadruped/dingo_ws/build/dingo_servo_interfacing
[0.412s] -- Install configuration: ""
[0.413s] -- Execute custom install script
[0.413s] -- Up-to-date symlink: /home/tdp378/DingoQuadruped/dingo_ws/install/dingo_servo_interfacing/share/dingo_servo_interfacing/environment/pythonpath.sh
[0.413s] -- Up-to-date symlink: /home/tdp378/DingoQuadruped/dingo_ws/install/dingo_servo_interfacing/share/dingo_servo_interfacing/environment/pythonpath.dsv
[0.413s] -- Up-to-date symlink: /home/tdp378/DingoQuadruped/dingo_ws/install/dingo_servo_interfacing/lib/python3.12/site-packages/dingo_servo_interfacing-0.0.0-py3.12.egg-info/PKG-INFO
[0.413s] -- Up-to-date symlink: /home/tdp378/DingoQuadruped/dingo_ws/install/dingo_servo_interfacing/lib/python3.12/site-packages/dingo_servo_interfacing-0.0.0-py3.12.egg-info/SOURCES.txt
[0.413s] -- Up-to-date symlink: /home/tdp378/DingoQuadruped/dingo_ws/install/dingo_servo_interfacing/lib/python3.12/site-packages/dingo_servo_interfacing-0.0.0-py3.12.egg-info/dependency_links.txt
[0.413s] -- Up-to-date symlink: /home/tdp378/DingoQuadruped/dingo_ws/install/dingo_servo_interfacing/lib/python3.12/site-packages/dingo_servo_interfacing-0.0.0-py3.12.egg-info/top_level.txt
[0.414s] -- Up-to-date symlink: /home/tdp378/DingoQuadruped/dingo_ws/install/dingo_servo_interfacing/lib/python3.12/site-packages/dingo_servo_interfacing/CalibrateServos.py
[0.414s] -- Up-to-date symlink: /home/tdp378/DingoQuadruped/dingo_ws/install/dingo_servo_interfacing/lib/python3.12/site-packages/dingo_servo_interfacing/HardwareInterface.py
[0.414s] -- Up-to-date symlink: /home/tdp378/DingoQuadruped/dingo_ws/install/dingo_servo_interfacing/lib/python3.12/site-packages/dingo_servo_interfacing/ServoCalibrationDefinition.py
[0.414s] -- Up-to-date symlink: /home/tdp378/DingoQuadruped/dingo_ws/install/dingo_servo_interfacing/lib/python3.12/site-packages/dingo_servo_interfacing/__init__.py
[0.414s] -- Up-to-date symlink: /home/tdp378/DingoQuadruped/dingo_ws/install/dingo_servo_interfacing/share/ament_index/resource_index/package_run_dependencies/dingo_servo_interfacing
[0.414s] -- Up-to-date symlink: /home/tdp378/DingoQuadruped/dingo_ws/install/dingo_servo_interfacing/share/ament_index/resource_index/parent_prefix_path/dingo_servo_interfacing
[0.414s] -- Up-to-date symlink: /home/tdp378/DingoQuadruped/dingo_ws/install/dingo_servo_interfacing/share/dingo_servo_interfacing/environment/ament_prefix_path.sh
[0.414s] -- Up-to-date symlink: /home/tdp378/DingoQuadruped/dingo_ws/install/dingo_servo_interfacing/share/dingo_servo_interfacing/environment/ament_prefix_path.dsv
[0.414s] -- Up-to-date symlink: /home/tdp378/DingoQuadruped/dingo_ws/install/dingo_servo_interfacing/share/dingo_servo_interfacing/environment/path.sh
[0.414s] -- Up-to-date symlink: /home/tdp378/DingoQuadruped/dingo_ws/install/dingo_servo_interfacing/share/dingo_servo_interfacing/environment/path.dsv
[0.415s] -- Up-to-date symlink: /home/tdp378/DingoQuadruped/dingo_ws/install/dingo_servo_interfacing/share/dingo_servo_interfacing/local_setup.bash
[0.415s] -- Up-to-date symlink: /home/tdp378/DingoQuadruped/dingo_ws/install/dingo_servo_interfacing/share/dingo_servo_interfacing/local_setup.sh
[0.415s] -- Up-to-date symlink: /home/tdp378/DingoQuadruped/dingo_ws/install/dingo_servo_interfacing/share/dingo_servo_interfacing/local_setup.zsh
[0.415s] -- Up-to-date symlink: /home/tdp378/DingoQuadruped/dingo_ws/install/dingo_servo_interfacing/share/dingo_servo_interfacing/local_setup.dsv
[0.415s] -- Symlinking: /home/tdp378/DingoQuadruped/dingo_ws/install/dingo_servo_interfacing/share/dingo_servo_interfacing/package.dsv
[0.420s] -- Up-to-date symlink: /home/tdp378/DingoQuadruped/dingo_ws/install/dingo_servo_interfacing/share/ament_index/resource_index/packages/dingo_servo_interfacing
[0.420s] -- Up-to-date symlink: /home/tdp378/DingoQuadruped/dingo_ws/install/dingo_servo_interfacing/share/dingo_servo_interfacing/cmake/dingo_servo_interfacingConfig.cmake
[0.421s] -- Up-to-date symlink: /home/tdp378/DingoQuadruped/dingo_ws/install/dingo_servo_interfacing/share/dingo_servo_interfacing/cmake/dingo_servo_interfacingConfig-version.cmake
[0.421s] -- Up-to-date symlink: /home/tdp378/DingoQuadruped/dingo_ws/install/dingo_servo_interfacing/share/dingo_servo_interfacing/package.xml
[0.444s] Listing '/home/tdp378/DingoQuadruped/dingo_ws/install/dingo_servo_interfacing/lib/python3.12/site-packages/dingo_servo_interfacing'...
[0.448s] Invoked command in '/home/tdp378/DingoQuadruped/dingo_ws/build/dingo_servo_interfacing' returned '0': CMAKE_PREFIX_PATH=${CMAKE_PREFIX_PATH}:/opt/ros/jazzy DEBUGINFOD_URLS=https://debuginfod.ubuntu.com /usr/bin/cmake --install /home/tdp378/DingoQuadruped/dingo_ws/build/dingo_servo_interfacing
