[0.157s] Invoking command in '/home/tdp378/DingoQuadruped/dingo_ws/build/dingo_servo_interfacing': CMAKE_PREFIX_PATH=${CMAKE_PREFIX_PATH}:/home/tdp378/DingoQuadruped/dingo_ws/install/dingo_utilities:/opt/ros/jazzy DEBUGINFOD_URLS=https://debuginfod.ubuntu.com /usr/bin/cmake /home/tdp378/DingoQuadruped/dingo_ws/src/dingo_hardware_interfacing/dingo_servo_interfacing -DAMENT_CMAKE_SYMLINK_INSTALL=1 -DCMAKE_INSTALL_PREFIX=/home/tdp378/DingoQuadruped/dingo_ws/install/dingo_servo_interfacing
[0.193s] -- The C compiler identification is GNU 13.3.0
[0.234s] -- The CXX compiler identification is GNU 13.3.0
[0.245s] -- Detecting C compiler ABI info
[0.372s] -- Detecting C compiler ABI info - done
[0.379s] -- Check for working C compiler: /usr/bin/cc - skipped
[0.379s] -- Detecting C compile features
[0.380s] -- Detecting C compile features - done
[0.386s] -- Detecting CXX compiler ABI info
[0.462s] -- Detecting CXX compiler ABI info - done
[0.474s] -- Check for working CXX compiler: /usr/bin/c++ - skipped
[0.475s] -- Detecting CXX compile features
[0.475s] -- Detecting CXX compile features - done
[0.479s] -- Found ament_cmake: 2.5.5 (/opt/ros/jazzy/share/ament_cmake/cmake)
[0.605s] -- Found Python3: /usr/bin/python3 (found version "3.12.3") found components: Interpreter 
[0.663s] -- Override CMake install command with custom implementation using symlinks instead of copying resources
[0.839s] -- Configuring done (0.7s)
[0.842s] -- Generating done (0.0s)
[0.843s] -- Build files have been written to: /home/tdp378/DingoQuadruped/dingo_ws/build/dingo_servo_interfacing
[0.846s] Invoked command in '/home/tdp378/DingoQuadruped/dingo_ws/build/dingo_servo_interfacing' returned '0': CMAKE_PREFIX_PATH=${CMAKE_PREFIX_PATH}:/home/tdp378/DingoQuadruped/dingo_ws/install/dingo_utilities:/opt/ros/jazzy DEBUGINFOD_URLS=https://debuginfod.ubuntu.com /usr/bin/cmake /home/tdp378/DingoQuadruped/dingo_ws/src/dingo_hardware_interfacing/dingo_servo_interfacing -DAMENT_CMAKE_SYMLINK_INSTALL=1 -DCMAKE_INSTALL_PREFIX=/home/tdp378/DingoQuadruped/dingo_ws/install/dingo_servo_interfacing
[0.847s] Invoking command in '/home/tdp378/DingoQuadruped/dingo_ws/build/dingo_servo_interfacing': CMAKE_PREFIX_PATH=${CMAKE_PREFIX_PATH}:/home/tdp378/DingoQuadruped/dingo_ws/install/dingo_utilities:/opt/ros/jazzy DEBUGINFOD_URLS=https://debuginfod.ubuntu.com /usr/bin/cmake --build /home/tdp378/DingoQuadruped/dingo_ws/build/dingo_servo_interfacing -- -j16 -l16
[0.883s] Built target ament_cmake_python_symlink_dingo_servo_interfacing
[1.034s] running egg_info
[1.034s] creating dingo_servo_interfacing.egg-info
[1.048s] writing dingo_servo_interfacing.egg-info/PKG-INFO
[1.048s] writing dependency_links to dingo_servo_interfacing.egg-info/dependency_links.txt
[1.048s] writing top-level names to dingo_servo_interfacing.egg-info/top_level.txt
[1.048s] writing manifest file 'dingo_servo_interfacing.egg-info/SOURCES.txt'
[1.087s] reading manifest file 'dingo_servo_interfacing.egg-info/SOURCES.txt'
[1.087s] writing manifest file 'dingo_servo_interfacing.egg-info/SOURCES.txt'
[1.106s] Built target ament_cmake_python_build_dingo_servo_interfacing_egg
[1.114s] Invoked command in '/home/tdp378/DingoQuadruped/dingo_ws/build/dingo_servo_interfacing' returned '0': CMAKE_PREFIX_PATH=${CMAKE_PREFIX_PATH}:/home/tdp378/DingoQuadruped/dingo_ws/install/dingo_utilities:/opt/ros/jazzy DEBUGINFOD_URLS=https://debuginfod.ubuntu.com /usr/bin/cmake --build /home/tdp378/DingoQuadruped/dingo_ws/build/dingo_servo_interfacing -- -j16 -l16
[1.114s] Invoking command in '/home/tdp378/DingoQuadruped/dingo_ws/build/dingo_servo_interfacing': CMAKE_PREFIX_PATH=${CMAKE_PREFIX_PATH}:/home/tdp378/DingoQuadruped/dingo_ws/install/dingo_utilities:/opt/ros/jazzy DEBUGINFOD_URLS=https://debuginfod.ubuntu.com /usr/bin/cmake --install /home/tdp378/DingoQuadruped/dingo_ws/build/dingo_servo_interfacing
[1.120s] -- Install configuration: ""
[1.120s] -- Execute custom install script
[1.120s] -- Symlinking: /home/tdp378/DingoQuadruped/dingo_ws/install/dingo_servo_interfacing/share/dingo_servo_interfacing/environment/pythonpath.sh
[1.127s] -- Symlinking: /home/tdp378/DingoQuadruped/dingo_ws/install/dingo_servo_interfacing/share/dingo_servo_interfacing/environment/pythonpath.dsv
[1.132s] -- Symlinking: /home/tdp378/DingoQuadruped/dingo_ws/install/dingo_servo_interfacing/lib/python3.12/site-packages/dingo_servo_interfacing-0.0.0-py3.12.egg-info/PKG-INFO
[1.138s] -- Symlinking: /home/tdp378/DingoQuadruped/dingo_ws/install/dingo_servo_interfacing/lib/python3.12/site-packages/dingo_servo_interfacing-0.0.0-py3.12.egg-info/SOURCES.txt
[1.144s] -- Symlinking: /home/tdp378/DingoQuadruped/dingo_ws/install/dingo_servo_interfacing/lib/python3.12/site-packages/dingo_servo_interfacing-0.0.0-py3.12.egg-info/dependency_links.txt
[1.149s] -- Symlinking: /home/tdp378/DingoQuadruped/dingo_ws/install/dingo_servo_interfacing/lib/python3.12/site-packages/dingo_servo_interfacing-0.0.0-py3.12.egg-info/top_level.txt
[1.156s] -- Symlinking: /home/tdp378/DingoQuadruped/dingo_ws/install/dingo_servo_interfacing/lib/python3.12/site-packages/dingo_servo_interfacing/CalibrateServos.py
[1.161s] -- Symlinking: /home/tdp378/DingoQuadruped/dingo_ws/install/dingo_servo_interfacing/lib/python3.12/site-packages/dingo_servo_interfacing/HardwareInterface.py
[1.167s] -- Symlinking: /home/tdp378/DingoQuadruped/dingo_ws/install/dingo_servo_interfacing/lib/python3.12/site-packages/dingo_servo_interfacing/ServoCalibrationDefinition.py
[1.173s] -- Symlinking: /home/tdp378/DingoQuadruped/dingo_ws/install/dingo_servo_interfacing/lib/python3.12/site-packages/dingo_servo_interfacing/__init__.py
[1.179s] -- Symlinking: /home/tdp378/DingoQuadruped/dingo_ws/install/dingo_servo_interfacing/share/ament_index/resource_index/package_run_dependencies/dingo_servo_interfacing
[1.185s] -- Symlinking: /home/tdp378/DingoQuadruped/dingo_ws/install/dingo_servo_interfacing/share/ament_index/resource_index/parent_prefix_path/dingo_servo_interfacing
[1.191s] -- Symlinking: /home/tdp378/DingoQuadruped/dingo_ws/install/dingo_servo_interfacing/share/dingo_servo_interfacing/environment/ament_prefix_path.sh
[1.197s] -- Symlinking: /home/tdp378/DingoQuadruped/dingo_ws/install/dingo_servo_interfacing/share/dingo_servo_interfacing/environment/ament_prefix_path.dsv
[1.203s] -- Symlinking: /home/tdp378/DingoQuadruped/dingo_ws/install/dingo_servo_interfacing/share/dingo_servo_interfacing/environment/path.sh
[1.209s] -- Symlinking: /home/tdp378/DingoQuadruped/dingo_ws/install/dingo_servo_interfacing/share/dingo_servo_interfacing/environment/path.dsv
[1.215s] -- Symlinking: /home/tdp378/DingoQuadruped/dingo_ws/install/dingo_servo_interfacing/share/dingo_servo_interfacing/local_setup.bash
[1.221s] -- Symlinking: /home/tdp378/DingoQuadruped/dingo_ws/install/dingo_servo_interfacing/share/dingo_servo_interfacing/local_setup.sh
[1.227s] -- Symlinking: /home/tdp378/DingoQuadruped/dingo_ws/install/dingo_servo_interfacing/share/dingo_servo_interfacing/local_setup.zsh
[1.233s] -- Symlinking: /home/tdp378/DingoQuadruped/dingo_ws/install/dingo_servo_interfacing/share/dingo_servo_interfacing/local_setup.dsv
[1.239s] -- Symlinking: /home/tdp378/DingoQuadruped/dingo_ws/install/dingo_servo_interfacing/share/dingo_servo_interfacing/package.dsv
[1.245s] -- Symlinking: /home/tdp378/DingoQuadruped/dingo_ws/install/dingo_servo_interfacing/share/ament_index/resource_index/packages/dingo_servo_interfacing
[1.252s] -- Symlinking: /home/tdp378/DingoQuadruped/dingo_ws/install/dingo_servo_interfacing/share/dingo_servo_interfacing/cmake/dingo_servo_interfacingConfig.cmake
[1.258s] -- Symlinking: /home/tdp378/DingoQuadruped/dingo_ws/install/dingo_servo_interfacing/share/dingo_servo_interfacing/cmake/dingo_servo_interfacingConfig-version.cmake
[1.264s] -- Symlinking: /home/tdp378/DingoQuadruped/dingo_ws/install/dingo_servo_interfacing/share/dingo_servo_interfacing/package.xml
[1.311s] /home/tdp378/DingoQuadruped/dingo_ws/install/dingo_servo_interfacing/lib/python3.12/site-packages/dingo_servo_interfacing/CalibrateServos.py:12: SyntaxWarning: invalid escape sequence '\-'
[1.311s]   '''    HOW TO CALIBRATE THE MOTORS
[1.314s] Listing '/home/tdp378/DingoQuadruped/dingo_ws/install/dingo_servo_interfacing/lib/python3.12/site-packages/dingo_servo_interfacing'...
[1.314s] Compiling '/home/tdp378/DingoQuadruped/dingo_ws/install/dingo_servo_interfacing/lib/python3.12/site-packages/dingo_servo_interfacing/CalibrateServos.py'...
[1.314s] Compiling '/home/tdp378/DingoQuadruped/dingo_ws/install/dingo_servo_interfacing/lib/python3.12/site-packages/dingo_servo_interfacing/HardwareInterface.py'...
[1.314s] Compiling '/home/tdp378/DingoQuadruped/dingo_ws/install/dingo_servo_interfacing/lib/python3.12/site-packages/dingo_servo_interfacing/ServoCalibrationDefinition.py'...
[1.314s] Compiling '/home/tdp378/DingoQuadruped/dingo_ws/install/dingo_servo_interfacing/lib/python3.12/site-packages/dingo_servo_interfacing/__init__.py'...
[1.319s] Invoked command in '/home/tdp378/DingoQuadruped/dingo_ws/build/dingo_servo_interfacing' returned '0': CMAKE_PREFIX_PATH=${CMAKE_PREFIX_PATH}:/home/tdp378/DingoQuadruped/dingo_ws/install/dingo_utilities:/opt/ros/jazzy DEBUGINFOD_URLS=https://debuginfod.ubuntu.com /usr/bin/cmake --install /home/tdp378/DingoQuadruped/dingo_ws/build/dingo_servo_interfacing
